   Input file: /Users/marc/Documents/Research/2017-2019_NPMP/Git/ExoCcycleGeo/ExoCcycleGeo/PHREEQC-3.1.2/io/InputFile.pqi
  Output file: /Users/marc/Documents/Research/2017-2019_NPMP/Git/ExoCcycleGeo/ExoCcycleGeo/PHREEQC-3.1.2/io/InputFile.pqi.out
Database file: /Users/marc/Documents/Research/2017-2019_NPMP/Git/ExoCcycleGeo/ExoCcycleGeo/PHREEQC-3.1.2/core10.dat

------------------
Reading data base.
------------------

	LLNL_AQUEOUS_MODEL_PARAMETERS
	SOLUTION_MASTER_SPECIES
	SOLUTION_SPECIES
	PHASES
------------------------------------
Reading input data for simulation 1.
------------------------------------

	RATES
	Calcite1
	  start
	1   REM   PARM(1) = specific surface area of calcite, cm^2/mol 
	2   REM   PARM(2) = exponent for M/M0
	10  si_cc = SI("Calcite")
	20  DOS = 10^(si_cc)
	30  S = (DOS)^0.5
	40  IF (M <= 0  and si_cc < 0) THEN GOTO 200
	50  raq = ACT("Ca+2")/ACT("CO3-2")
	60  IF M0 > 0 THEN area = PARM(1)*M0*(M/M0)^PARM(2)* 10^(-4) ELSE area = PARM(1)*M
	110 rate = (MU^(-0.004)) * ((-la("H+"))^(-10.71)) * (raq^(-0.35)) * ((S-1)^2)     #rate in m/s
	120 rate1 = rate * 2.71 * 10^4 #rate in mol/m2/s
	130 rate2 = rate1 * area
	140 moles = rate2 * time # convert from mmol to mol
	200 SAVE moles
	   end
	END
------------------
End of simulation.
------------------

------------------------------------
Reading input data for simulation 2.
------------------------------------

	SOLUTION 1
	Na 100
	Cl 100
	temp 25
	ph 8 
	Ca 0.001
	C 1 CO2(g) -3.48
	KINETICS 1
	Calcite1
	formula CaCO3
	    m        10
	    m0       10
	    parms    3700 0.67
	    tol      1e-008
	steps        10 s in 10 steps
	step_divide 1
	runge_kutta 3
	bad_step_max 500
	INCREMENTAL_REACTIONS true
	USER_GRAPH 1
	    -headings               time CaCO3
	    -axis_titles            "time(s)" "CaCO3(mol/l)" 
	    -chart_title            "Calcite Dissolution_CS"
	    -initial_solutions      true
	    -connect_simulations    true
	    -plot_concentration_vs  x
	  -start
	10 graph_x Total_time
	20 graph_y KIN_DELTA("CaCO3")/KIN_TIME
	  -end
	    -active                 true
	USER_GRAPH 2
	    -headings               time Ca
	    -axis_titles            "time(s)" "Ca" "pH"
	    -chart_title            "Calcite Dissolution_CS"
	    -initial_solutions      true
	    -connect_simulations    true
	    -plot_concentration_vs  x
	  -start
	10 graph_x Total_time
	20 graph_y tot("Ca")
	30 graph_sy -la("H+")
	  -end
	END    
-------------------------------------------
Beginning of initial solution calculations.
-------------------------------------------

Initial solution 1.	

-----------------------------Solution composition------------------------------

	Elements           Molality       Moles

	C                 7.014e-04   7.014e-04  Equilibrium with CO2(g)
	Ca                1.000e-06   1.000e-06
	Cl                1.000e-01   1.000e-01
	Na                1.000e-01   1.000e-01

----------------------------Description of solution----------------------------

                                       pH  =   8.000    
                                       pe  =   4.000    
                          Density (g/cm³)  =   1.00117
                               Volume (L)  =   1.00471
                        Activity of water  =   0.997
                           Ionic strength  =   9.929e-02
                       Mass of water (kg)  =   1.000e+00
                 Total alkalinity (eq/kg)  =   6.975e-04
                       Total CO2 (mol/kg)  =   7.014e-04
                         Temperature (°C)  =  25.00
                  Electrical balance (eq)  =  -6.955e-04
 Percent error, 100*(Cat-|An|)/(Cat+|An|)  =  -0.35
                               Iterations  =   4
                                  Total H  = 1.110513e+02
                                  Total O  = 5.552742e+01

----------------------------Distribution of species----------------------------

                                               Log       Log       Log    mole V
   Species          Molality    Activity  Molality  Activity     Gamma   cm³/mol

   OH-             1.249e-06   9.602e-07    -5.903    -6.018    -0.114     -3.73
   H+              1.200e-08   1.000e-08    -7.921    -8.000    -0.079      0.00
   H2O             5.553e+01   9.966e-01     1.744    -0.001     0.000     18.07
C(-2)         0.000e+00
   C2H4            0.000e+00   0.000e+00  -138.316  -138.316     0.000     45.52
C(-3)         0.000e+00
   C2H6            0.000e+00   0.000e+00  -143.854  -143.854     0.000     51.20
C(-4)         0.000e+00
   CH4             0.000e+00   0.000e+00   -79.407   -79.407     0.000     37.32
C(2)          1.039e-34
   CO              1.039e-34   1.039e-34   -33.983   -33.983     0.000     33.62
C(4)          7.014e-04
   HCO3-           6.306e-04   4.896e-04    -3.200    -3.310    -0.110     24.83
   NaHCO3          5.380e-05   5.380e-05    -4.269    -4.269     0.000      1.80
   CO2             1.113e-05   1.140e-05    -4.954    -4.943     0.010     33.24
   CO3-2           5.922e-06   2.172e-06    -5.228    -5.663    -0.436     -4.01
   CaCO3           2.013e-09   2.013e-09    -8.696    -8.696     0.000    -15.66
   HCOO-           1.004e-27   7.715e-28   -26.998   -27.113    -0.114     26.39
   HCOOH           5.032e-32   5.032e-32   -31.298   -31.298     0.000     34.67
   CH2O            0.000e+00   0.000e+00   -59.889   -59.889     0.000     26.92
   CH3OH           0.000e+00   0.000e+00   -72.119   -72.119     0.000     38.18
   CH3COO-         0.000e+00   0.000e+00   -85.106   -85.212    -0.106     40.73
   NaCH3COO        0.000e+00   0.000e+00   -86.405   -86.405     0.000     48.21
   CH3COOH         0.000e+00   0.000e+00   -88.440   -88.440     0.000     52.02
   CaCH3COO+       0.000e+00   0.000e+00   -90.543   -90.652    -0.110     29.60
   CH3CH2OH        0.000e+00   0.000e+00  -132.711  -132.711     0.000     55.09
   Na(CH3COO)2-    0.000e+00   0.000e+00  -171.865  -171.975    -0.110    103.40
   Ca(CH3COO)2     0.000e+00   0.000e+00  -174.636  -174.636     0.000     82.12
   C3H8            0.000e+00   0.000e+00  -206.542  -206.542     0.000     65.51
Ca            1.000e-06
   Ca+2            9.892e-07   3.998e-07    -6.005    -6.398    -0.393    -17.44
   CaCl+           8.216e-09   6.380e-09    -8.085    -8.195    -0.110      6.01
   CaCO3           2.013e-09   2.013e-09    -8.696    -8.696     0.000    -15.66
   CaCl2           5.649e-10   5.649e-10    -9.248    -9.248     0.000     32.64
   CaCH3COO+       0.000e+00   0.000e+00   -90.543   -90.652    -0.110     29.60
   Ca(CH3COO)2     0.000e+00   0.000e+00  -174.636  -174.636     0.000     82.12
Cl(-1)        1.000e-01
   Cl-             9.898e-02   7.528e-02    -1.004    -1.123    -0.119     18.34
   NaCl            1.016e-03   1.016e-03    -2.993    -2.993     0.000     24.00
   CaCl+           8.216e-09   6.380e-09    -8.085    -8.195    -0.110      6.01
   CaCl2           5.649e-10   5.649e-10    -9.248    -9.248     0.000     32.64
   HCl             1.691e-10   1.691e-10    -9.772    -9.772     0.000     -1.96
Cl(1)         7.526e-36
   ClO-            7.526e-36   5.844e-36   -35.123   -35.233    -0.110      0.92
Cl(3)         0.000e+00
   ClO2-           0.000e+00   0.000e+00   -62.128   -62.238    -0.110     22.33
Cl(5)         0.000e+00
   ClO3-           0.000e+00   0.000e+00   -75.276   -75.390    -0.114     37.14
Cl(7)         0.000e+00
   ClO4-           0.000e+00   0.000e+00   -92.730   -92.844    -0.114     44.45
H(0)          1.550e-27
   H2              7.748e-28   7.935e-28   -27.111   -27.100     0.010     25.21
Na            1.000e-01
   Na+             9.893e-02   7.682e-02    -1.005    -1.115    -0.110     -1.09
   NaCl            1.016e-03   1.016e-03    -2.993    -2.993     0.000     24.00
   NaHCO3          5.380e-05   5.380e-05    -4.269    -4.269     0.000      1.80
   NaOH            1.273e-08   1.273e-08    -7.895    -7.895     0.000      3.50
   NaCH3COO        0.000e+00   0.000e+00   -86.405   -86.405     0.000     48.21
   Na(CH3COO)2-    0.000e+00   0.000e+00  -171.865  -171.975    -0.110    103.40
O(0)         -1.004e-27
   HCOO-           1.004e-27   7.715e-28   -26.998   -27.113    -0.114     26.39
   HCOOH           5.032e-32   5.032e-32   -31.298   -31.298     0.000     34.67
   O2              9.809e-39   1.005e-38   -38.008   -37.998     0.010     30.40
   CH2O            0.000e+00   0.000e+00   -59.889   -59.889     0.000     26.92
   CH3OH           0.000e+00   0.000e+00   -72.119   -72.119     0.000     38.18
   CH3COO-         0.000e+00   0.000e+00   -85.106   -85.212    -0.106     40.73
   NaCH3COO        0.000e+00   0.000e+00   -86.405   -86.405     0.000     48.21
   CH3COOH         0.000e+00   0.000e+00   -88.440   -88.440     0.000     52.02
   CaCH3COO+       0.000e+00   0.000e+00   -90.543   -90.652    -0.110     29.60
   CH3CH2OH        0.000e+00   0.000e+00  -132.711  -132.711     0.000     55.09
   Na(CH3COO)2-    0.000e+00   0.000e+00  -171.865  -171.975    -0.110    103.40
   Ca(CH3COO)2     0.000e+00   0.000e+00  -174.636  -174.636     0.000     82.12
   C3H8            0.000e+00   0.000e+00  -206.542  -206.542     0.000     65.51

------------------------------Saturation indices-------------------------------

  Phase               SI** log IAP   log K(298 K,   1 atm)

  [(aro)-O-(aro)]   1.61    -19.00  -20.61  O
  Aragonite        -3.68     -1.71    1.97  CaCO3
  C               -37.46     26.69   64.15  C
  C2H4(g)        -136.01   -138.32   -2.31  C2H4
  C2H6(g)        -140.93   -143.85   -2.92  C2H6
  C3H8(g)        -203.67   -206.54   -2.87  C3H8
  Ca             -111.23     28.60  139.83  Ca
  Calcite          -3.53     -1.71    1.82  CaCO3
  CH4(g)          -76.56    -79.41   -2.84  CH4
  CO(g)           -30.99    -33.98   -3.00  CO
  CO2(g)           -3.48    -11.31   -7.83  CO2	 Pressure   0.0 atm, phi 1.000
  H2(g)           -24.00    -27.10   -3.10  H2
  H2O(g)           -1.59     -0.00    1.59  H2O
  Halite           -3.80     -2.24    1.56  NaCl
  Hydrophilite    -20.39     -8.64   11.75  CaCl2
  Ice              -0.14     -0.00    0.14  H2O
  KerogenC128    -5989.51   4743.9310733.44  C128H68O7
  KerogenC292    -14658.94  12159.6526818.59  C292H288O12
  KerogenC515    -26782.40  21316.5448098.95  C515H596O72
  Lime            -22.97      9.60   32.57  CaO
  Monohydrocalcite  -4.39     -1.71    2.68  CaCO3:H2O
  Na              -50.99     16.38   67.37  Na
  Na2CO3           -8.70      2.46   11.16  Na2CO3
  Na2CO3:7H2O      -7.49      2.45    9.94  Na2CO3:7H2O
  Na2O            -53.65     13.77   67.42  Na2O
  Nahcolite        -4.28     -4.42   -0.14  NaHCO3
  Natron           -7.14      2.45    9.59  Na2CO3:10H2O
  O2(g)           -35.11    -38.00   -2.89  O2
  Portlandite     -12.95      9.60   22.55  Ca(OH)2
  Thermonatrite    -8.48      2.46   10.94  Na2CO3:H2O

**For a gas, SI = log10(fugacity). Fugacity = pressure * phi / 1 atm.
  For ideal gases, phi = 1.

-----------------------------------------
Beginning of batch-reaction calculations.
-----------------------------------------

Reaction step 1.

Using solution 1.	
Using kinetics 1.	

Kinetics 1.	

	Time step: 1 seconds  (Incremented time: 1 seconds)

	Rate name       Delta Moles Total Moles   Reactant        Coefficient

	Calcite1         -1.504e-05   1.000e+01   CaCO3                     1

-----------------------------Solution composition------------------------------

	Elements           Molality       Moles

	C                 7.164e-04   7.164e-04
	Ca                1.604e-05   1.604e-05
	Cl                1.000e-01   1.000e-01
	Na                1.000e-01   1.000e-01

----------------------------Description of solution----------------------------

                                       pH  =   8.345      Charge balance
                                       pe  =   9.813      Adjusted to redox equilibrium
                          Density (g/cm³)  =   1.00117
                               Volume (L)  =   1.00471
                        Activity of water  =   0.997
                           Ionic strength  =   9.934e-02
                       Mass of water (kg)  =   1.000e+00
                 Total alkalinity (eq/kg)  =   7.275e-04
                       Total CO2 (mol/kg)  =   7.164e-04
                         Temperature (°C)  =  25.00
                  Electrical balance (eq)  =  -6.955e-04
 Percent error, 100*(Cat-|An|)/(Cat+|An|)  =  -0.35
                               Iterations  = 244
                                  Total H  = 1.110513e+02
                                  Total O  = 5.552746e+01

----------------------------Distribution of species----------------------------

                                               Log       Log       Log    mole V
   Species          Molality    Activity  Molality  Activity     Gamma   cm³/mol

   OH-             2.762e-06   2.123e-06    -5.559    -5.673    -0.114     -3.73
   H+              5.428e-09   4.522e-09    -8.265    -8.345    -0.079      0.00
   H2O             5.553e+01   9.966e-01     1.744    -0.001     0.000     18.07
C(-2)         0.000e+00
   C2H4            0.000e+00   0.000e+00  -212.882  -212.882     0.000     45.52
C(-3)         0.000e+00
   C2H6            0.000e+00   0.000e+00  -230.736  -230.736     0.000     51.20
C(-4)         0.000e+00
   CH4             0.000e+00   0.000e+00  -129.006  -129.006     0.000     37.32
C(2)          0.000e+00
   CO              0.000e+00   0.000e+00   -46.635   -46.635     0.000     33.62
C(4)          7.164e-04
   HCO3-           6.430e-04   4.993e-04    -3.192    -3.302    -0.110     24.83
   NaHCO3          5.486e-05   5.486e-05    -4.261    -4.261     0.000      1.80
   CO3-2           1.336e-05   4.899e-06    -4.874    -5.310    -0.436     -4.01
   CO2             5.131e-06   5.255e-06    -5.290    -5.279     0.010     33.24
   CaCO3           7.260e-08   7.260e-08    -7.139    -7.139     0.000    -15.66
   HCOO-           4.948e-40   3.804e-40   -39.306   -39.420    -0.114     26.39
   HCOOH           0.000e+00   0.000e+00   -43.950   -43.950     0.000     34.67
   CH2O            0.000e+00   0.000e+00   -84.856   -84.856     0.000     26.92
   CH3OH           0.000e+00   0.000e+00  -109.402  -109.402     0.000     38.18
   CH3COO-         0.000e+00   0.000e+00  -134.696  -134.802    -0.106     40.73
   NaCH3COO        0.000e+00   0.000e+00  -135.995  -135.995     0.000     48.21
   CH3COOH         0.000e+00   0.000e+00  -138.375  -138.375     0.000     52.02
   CaCH3COO+       0.000e+00   0.000e+00  -138.929  -139.039    -0.110     29.60
   CH3CH2OH        0.000e+00   0.000e+00  -207.277  -207.277     0.000     55.09
   Na(CH3COO)2-    0.000e+00   0.000e+00  -271.046  -271.156    -0.110    103.40
   Ca(CH3COO)2     0.000e+00   0.000e+00  -272.612  -272.612     0.000     82.12
   C3H8            0.000e+00   0.000e+00  -330.707  -330.707     0.000     65.51
Ca            1.604e-05
   Ca+2            1.582e-05   6.395e-06    -4.801    -5.194    -0.393    -17.44
   CaCl+           1.314e-07   1.020e-07    -6.881    -6.991    -0.110      6.01
   CaCO3           7.260e-08   7.260e-08    -7.139    -7.139     0.000    -15.66
   CaCl2           9.035e-09   9.035e-09    -8.044    -8.044     0.000     32.64
   CaCH3COO+       0.000e+00   0.000e+00  -138.929  -139.039    -0.110     29.60
   Ca(CH3COO)2     0.000e+00   0.000e+00  -272.612  -272.612     0.000     82.12
Cl(-1)        1.000e-01
   Cl-             9.898e-02   7.528e-02    -1.004    -1.123    -0.119     18.34
   NaCl            1.016e-03   1.016e-03    -2.993    -2.993     0.000     24.00
   CaCl+           1.314e-07   1.020e-07    -6.881    -6.991    -0.110      6.01
   CaCl2           9.035e-09   9.035e-09    -8.044    -8.044     0.000     32.64
   HCl             7.646e-11   7.646e-11   -10.117   -10.117     0.000     -1.96
Cl(1)         1.557e-23
   ClO-            1.557e-23   1.209e-23   -22.808   -22.918    -0.110      0.92
Cl(3)         3.186e-38
   ClO2-           3.186e-38   2.474e-38   -37.497   -37.607    -0.110     22.33
Cl(5)         4.687e-39
   ClO3-           4.687e-39   3.603e-39   -38.329   -38.443    -0.114     37.14
Cl(7)         0.000e+00
   ClO4-           0.000e+00   0.000e+00   -43.468   -43.582    -0.114     44.45
H(0)          7.492e-40
   H2              3.746e-40   3.836e-40   -39.426   -39.416     0.010     25.21
Na            1.000e-01
   Na+             9.893e-02   7.682e-02    -1.005    -1.115    -0.110     -1.09
   NaCl            1.016e-03   1.016e-03    -2.993    -2.993     0.000     24.00
   NaHCO3          5.486e-05   5.486e-05    -4.261    -4.261     0.000      1.80
   NaOH            2.814e-08   2.814e-08    -7.551    -7.551     0.000      3.50
   NaCH3COO        0.000e+00   0.000e+00  -135.995  -135.995     0.000     48.21
   Na(CH3COO)2-    0.000e+00   0.000e+00  -271.046  -271.156    -0.110    103.40
O(0)          8.393e-14
   O2              4.197e-14   4.298e-14   -13.377   -13.367     0.010     30.40
   HCOO-           4.948e-40   3.804e-40   -39.306   -39.420    -0.114     26.39
   HCOOH           0.000e+00   0.000e+00   -43.950   -43.950     0.000     34.67
   CH2O            0.000e+00   0.000e+00   -84.856   -84.856     0.000     26.92
   CH3OH           0.000e+00   0.000e+00  -109.402  -109.402     0.000     38.18
   CH3COO-         0.000e+00   0.000e+00  -134.696  -134.802    -0.106     40.73
   NaCH3COO        0.000e+00   0.000e+00  -135.995  -135.995     0.000     48.21
   CH3COOH         0.000e+00   0.000e+00  -138.375  -138.375     0.000     52.02
   CaCH3COO+       0.000e+00   0.000e+00  -138.929  -139.039    -0.110     29.60
   CH3CH2OH        0.000e+00   0.000e+00  -207.277  -207.277     0.000     55.09
   Na(CH3COO)2-    0.000e+00   0.000e+00  -271.046  -271.156    -0.110    103.40
   Ca(CH3COO)2     0.000e+00   0.000e+00  -272.612  -272.612     0.000     82.12
   C3H8            0.000e+00   0.000e+00  -330.707  -330.707     0.000     65.51

------------------------------Saturation indices-------------------------------

  Phase               SI** log IAP   log K(298 K,   1 atm)

  [(aro)-O-(aro)]  13.92     -6.68  -20.61  O
  Aragonite        -2.12     -0.15    1.97  CaCO3
  C               -62.42      1.72   64.15  C
  C2H4(g)        -210.58   -212.88   -2.31  C2H4
  C2H6(g)        -227.82   -230.74   -2.92  C2H6
  C3H8(g)        -327.83   -330.71   -2.87  C3H8
  Ca             -121.65     18.18  139.83  Ca
  Calcite          -1.98     -0.15    1.82  CaCO3
  CH4(g)         -126.16   -129.01   -2.84  CH4
  CO(g)           -43.64    -46.64   -3.00  CO
  CO2(g)           -3.82    -11.64   -7.83  CO2
  H2(g)           -36.32    -39.42   -3.10  H2
  H2O(g)           -1.59     -0.00    1.59  H2O
  Halite           -3.80     -2.24    1.56  NaCl
  Hydrophilite    -19.19     -7.44   11.75  CaCl2
  Ice              -0.14     -0.00    0.14  H2O
  KerogenC128    -9517.87   1215.5710733.44  C128H68O7
  KerogenC292    -23575.11   3243.4826818.59  C292H288O12
  KerogenC515    -42423.99   5674.9648098.95  C515H596O72
  Lime            -21.08     11.49   32.57  CaO
  Monohydrocalcite  -2.83     -0.15    2.68  CaCO3:H2O
  Na              -56.80     10.57   67.37  Na
  Na2CO3           -8.35      2.81   11.16  Na2CO3
  Na2CO3:7H2O      -7.14      2.80    9.94  Na2CO3:7H2O
  Na2O            -52.96     14.46   67.42  Na2O
  Nahcolite        -4.27     -4.42   -0.14  NaHCO3
  Natron           -6.79      2.80    9.59  Na2CO3:10H2O
  O2(g)           -10.47    -13.37   -2.89  O2
  Portlandite     -11.05     11.49   22.55  Ca(OH)2
  Thermonatrite    -8.12      2.81   10.94  Na2CO3:H2O

**For a gas, SI = log10(fugacity). Fugacity = pressure * phi / 1 atm.
  For ideal gases, phi = 1.

Reaction step 2.

Using solution 1.	
Using kinetics 1.	

Kinetics 1.	

	Time step: 1 seconds  (Incremented time: 2 seconds)

	Rate name       Delta Moles Total Moles   Reactant        Coefficient

	Calcite1         -8.443e-06   1.000e+01   CaCO3                     1

-----------------------------Solution composition------------------------------

	Elements           Molality       Moles

	C                 7.249e-04   7.249e-04
	Ca                2.448e-05   2.448e-05
	Cl                1.000e-01   1.000e-01
	Na                1.000e-01   1.000e-01

----------------------------Description of solution----------------------------

                                       pH  =   8.496      Charge balance
                                       pe  =   9.668      Adjusted to redox equilibrium
                          Density (g/cm³)  =   1.00117
                               Volume (L)  =   1.00471
                        Activity of water  =   0.997
                           Ionic strength  =   9.937e-02
                       Mass of water (kg)  =   1.000e+00
                 Total alkalinity (eq/kg)  =   7.444e-04
                       Total CO2 (mol/kg)  =   7.249e-04
                         Temperature (°C)  =  25.00
                  Electrical balance (eq)  =  -6.955e-04
 Percent error, 100*(Cat-|An|)/(Cat+|An|)  =  -0.35
                               Iterations  =  22
                                  Total H  = 1.110513e+02
                                  Total O  = 5.552749e+01

----------------------------Distribution of species----------------------------

                                               Log       Log       Log    mole V
   Species          Molality    Activity  Molality  Activity     Gamma   cm³/mol

   OH-             3.917e-06   3.011e-06    -5.407    -5.521    -0.114     -3.73
   H+              3.828e-09   3.189e-09    -8.417    -8.496    -0.079      0.00
   H2O             5.553e+01   9.966e-01     1.744    -0.001     0.000     18.07
C(-2)         0.000e+00
   C2H4            0.000e+00   0.000e+00  -213.257  -213.257     0.000     45.52
C(-3)         0.000e+00
   C2H6            0.000e+00   0.000e+00  -231.124  -231.124     0.000     51.20
C(-4)         0.000e+00
   CH4             0.000e+00   0.000e+00  -129.206  -129.206     0.000     37.32
C(2)          0.000e+00
   CO              0.000e+00   0.000e+00   -46.797   -46.797     0.000     33.62
C(4)          7.249e-04
   HCO3-           6.469e-04   5.022e-04    -3.189    -3.299    -0.110     24.83
   NaHCO3          5.518e-05   5.518e-05    -4.258    -4.258     0.000      1.80
   CO3-2           1.905e-05   6.988e-06    -4.720    -5.156    -0.436     -4.01
   CO2             3.639e-06   3.727e-06    -5.439    -5.429     0.010     33.24
   CaCO3           1.578e-07   1.578e-07    -6.802    -6.802     0.000    -15.66
   HCOO-           4.832e-40   3.715e-40   -39.316   -39.430    -0.114     26.39
   HCOOH           0.000e+00   0.000e+00   -44.112   -44.112     0.000     34.67
   CH2O            0.000e+00   0.000e+00   -85.031   -85.031     0.000     26.92
   CH3OH           0.000e+00   0.000e+00  -109.590  -109.590     0.000     38.18
   CH3COO-         0.000e+00   0.000e+00  -134.894  -135.000    -0.106     40.73
   NaCH3COO        0.000e+00   0.000e+00  -136.193  -136.193     0.000     48.21
   CH3COOH         0.000e+00   0.000e+00  -138.724  -138.724     0.000     52.02
   CaCH3COO+       0.000e+00   0.000e+00  -138.944  -139.054    -0.110     29.60
   CH3CH2OH        0.000e+00   0.000e+00  -207.652  -207.652     0.000     55.09
   Na(CH3COO)2-    0.000e+00   0.000e+00  -271.441  -271.551    -0.110    103.40
   Ca(CH3COO)2     0.000e+00   0.000e+00  -272.825  -272.825     0.000     82.12
   C3H8            0.000e+00   0.000e+00  -331.283  -331.283     0.000     65.51
Ca            2.448e-05
   Ca+2            2.411e-05   9.742e-06    -4.618    -5.011    -0.394    -17.44
   CaCl+           2.002e-07   1.554e-07    -6.699    -6.808    -0.110      6.01
   CaCO3           1.578e-07   1.578e-07    -6.802    -6.802     0.000    -15.66
   CaCl2           1.376e-08   1.376e-08    -7.861    -7.861     0.000     32.64
   CaCH3COO+       0.000e+00   0.000e+00  -138.944  -139.054    -0.110     29.60
   Ca(CH3COO)2     0.000e+00   0.000e+00  -272.825  -272.825     0.000     82.12
Cl(-1)        1.000e-01
   Cl-             9.898e-02   7.528e-02    -1.004    -1.123    -0.119     18.34
   NaCl            1.016e-03   1.016e-03    -2.993    -2.993     0.000     24.00
   CaCl+           2.002e-07   1.554e-07    -6.699    -6.808    -0.110      6.01
   CaCl2           1.376e-08   1.376e-08    -7.861    -7.861     0.000     32.64
   HCl             5.391e-11   5.391e-11   -10.268   -10.268     0.000     -1.96
Cl(1)         1.603e-23
   ClO-            1.603e-23   1.245e-23   -22.795   -22.905    -0.110      0.92
Cl(3)         3.380e-38
   ClO2-           3.380e-38   2.624e-38   -37.471   -37.581    -0.110     22.33
Cl(5)         5.121e-39
   ClO3-           5.121e-39   3.937e-39   -38.291   -38.405    -0.114     37.14
Cl(7)         0.000e+00
   ClO4-           0.000e+00   0.000e+00   -43.416   -43.530    -0.114     44.45
H(0)          7.274e-40
   H2              3.637e-40   3.725e-40   -39.439   -39.429     0.010     25.21
Na            1.000e-01
   Na+             9.893e-02   7.681e-02    -1.005    -1.115    -0.110     -1.09
   NaCl            1.016e-03   1.016e-03    -2.993    -2.993     0.000     24.00
   NaHCO3          5.518e-05   5.518e-05    -4.258    -4.258     0.000      1.80
   NaOH            3.991e-08   3.991e-08    -7.399    -7.399     0.000      3.50
   NaCH3COO        0.000e+00   0.000e+00  -136.193  -136.193     0.000     48.21
   Na(CH3COO)2-    0.000e+00   0.000e+00  -271.441  -271.551    -0.110    103.40
O(0)          8.903e-14
   O2              4.452e-14   4.559e-14   -13.351   -13.341     0.010     30.40
   HCOO-           4.832e-40   3.715e-40   -39.316   -39.430    -0.114     26.39
   HCOOH           0.000e+00   0.000e+00   -44.112   -44.112     0.000     34.67
   CH2O            0.000e+00   0.000e+00   -85.031   -85.031     0.000     26.92
   CH3OH           0.000e+00   0.000e+00  -109.590  -109.590     0.000     38.18
   CH3COO-         0.000e+00   0.000e+00  -134.894  -135.000    -0.106     40.73
   NaCH3COO        0.000e+00   0.000e+00  -136.193  -136.193     0.000     48.21
   CH3COOH         0.000e+00   0.000e+00  -138.724  -138.724     0.000     52.02
   CaCH3COO+       0.000e+00   0.000e+00  -138.944  -139.054    -0.110     29.60
   CH3CH2OH        0.000e+00   0.000e+00  -207.652  -207.652     0.000     55.09
   Na(CH3COO)2-    0.000e+00   0.000e+00  -271.441  -271.551    -0.110    103.40
   Ca(CH3COO)2     0.000e+00   0.000e+00  -272.825  -272.825     0.000     82.12
   C3H8            0.000e+00   0.000e+00  -331.283  -331.283     0.000     65.51

------------------------------Saturation indices-------------------------------

  Phase               SI** log IAP   log K(298 K,   1 atm)

  [(aro)-O-(aro)]  13.94     -6.67  -20.61  O
  Aragonite        -1.78      0.19    1.97  CaCO3
  C               -62.60      1.55   64.15  C
  C2H4(g)        -210.95   -213.26   -2.31  C2H4
  C2H6(g)        -228.20   -231.12   -2.92  C2H6
  C3H8(g)        -328.41   -331.28   -2.87  C3H8
  Ca             -121.18     18.65  139.83  Ca
  Calcite          -1.64      0.19    1.82  CaCO3
  CH4(g)         -126.36   -129.21   -2.84  CH4
  CO(g)           -43.80    -46.80   -3.00  CO
  CO2(g)           -3.97    -11.79   -7.83  CO2
  H2(g)           -36.33    -39.43   -3.10  H2
  H2O(g)           -1.59     -0.00    1.59  H2O
  Halite           -3.80     -2.24    1.56  NaCl
  Hydrophilite    -19.00     -7.26   11.75  CaCl2
  Ice              -0.14     -0.00    0.14  H2O
  KerogenC128    -9540.59   1192.8610733.44  C128H68O7
  KerogenC292    -23627.83   3190.7626818.59  C292H288O12
  KerogenC515    -42516.89   5582.0548098.95  C515H596O72
  Lime            -20.59     11.98   32.57  CaO
  Monohydrocalcite  -2.49      0.18    2.68  CaCO3:H2O
  Na              -56.65     10.72   67.37  Na
  Na2CO3           -8.19      2.97   11.16  Na2CO3
  Na2CO3:7H2O      -6.98      2.96    9.94  Na2CO3:7H2O
  Na2O            -52.66     14.76   67.42  Na2O
  Nahcolite        -4.27     -4.41   -0.14  NaHCO3
  Natron           -6.64      2.95    9.59  Na2CO3:10H2O
  O2(g)           -10.45    -13.34   -2.89  O2
  Portlandite     -10.57     11.98   22.55  Ca(OH)2
  Thermonatrite    -7.97      2.97   10.94  Na2CO3:H2O

**For a gas, SI = log10(fugacity). Fugacity = pressure * phi / 1 atm.
  For ideal gases, phi = 1.

Reaction step 3.

Using solution 1.	
Using kinetics 1.	

Kinetics 1.	

	Time step: 1 seconds  (Incremented time: 3 seconds)

	Rate name       Delta Moles Total Moles   Reactant        Coefficient

	Calcite1         -6.475e-06   1.000e+01   CaCO3                     1

-----------------------------Solution composition------------------------------

	Elements           Molality       Moles

	C                 7.314e-04   7.314e-04
	Ca                3.096e-05   3.096e-05
	Cl                1.000e-01   1.000e-01
	Na                1.000e-01   1.000e-01

----------------------------Description of solution----------------------------

                                       pH  =   8.591      Charge balance
                                       pe  =   9.571      Adjusted to redox equilibrium
                          Density (g/cm³)  =   1.00117
                               Volume (L)  =   1.00471
                        Activity of water  =   0.997
                           Ionic strength  =   9.939e-02
                       Mass of water (kg)  =   1.000e+00
                 Total alkalinity (eq/kg)  =   7.574e-04
                       Total CO2 (mol/kg)  =   7.314e-04
                         Temperature (°C)  =  25.00
                  Electrical balance (eq)  =  -6.955e-04
 Percent error, 100*(Cat-|An|)/(Cat+|An|)  =  -0.35
                               Iterations  =  21
                                  Total H  = 1.110513e+02
                                  Total O  = 5.552751e+01

----------------------------Distribution of species----------------------------

                                               Log       Log       Log    mole V
   Species          Molality    Activity  Molality  Activity     Gamma   cm³/mol

   OH-             4.871e-06   3.744e-06    -5.312    -5.427    -0.114     -3.73
   H+              3.079e-09   2.565e-09    -8.512    -8.591    -0.079      0.00
   H2O             5.553e+01   9.966e-01     1.744    -0.001     0.000     18.07
C(-2)         0.000e+00
   C2H4            0.000e+00   0.000e+00  -213.411  -213.411     0.000     45.52
C(-3)         0.000e+00
   C2H6            0.000e+00   0.000e+00  -231.272  -231.272     0.000     51.20
C(-4)         0.000e+00
   CH4             0.000e+00   0.000e+00  -129.277  -129.277     0.000     37.32
C(2)          0.000e+00
   CO              0.000e+00   0.000e+00   -46.885   -46.885     0.000     33.62
C(4)          7.314e-04
   HCO3-           6.490e-04   5.039e-04    -3.188    -3.298    -0.110     24.83
   NaHCO3          5.537e-05   5.537e-05    -4.257    -4.257     0.000      1.80
   CO3-2           2.377e-05   8.718e-06    -4.624    -5.060    -0.436     -4.01
   CO2             2.937e-06   3.008e-06    -5.532    -5.522     0.010     33.24
   CaCO3           2.485e-07   2.485e-07    -6.605    -6.605     0.000    -15.66
   HCOO-           4.910e-40   3.775e-40   -39.309   -39.423    -0.114     26.39
   HCOOH           0.000e+00   0.000e+00   -44.200   -44.200     0.000     34.67
   CH2O            0.000e+00   0.000e+00   -85.113   -85.113     0.000     26.92
   CH3OH           0.000e+00   0.000e+00  -109.666  -109.666     0.000     38.18
   CH3COO-         0.000e+00   0.000e+00  -134.964  -135.070    -0.106     40.73
   NaCH3COO        0.000e+00   0.000e+00  -136.263  -136.263     0.000     48.21
   CH3COOH         0.000e+00   0.000e+00  -138.888  -138.888     0.000     52.02
   CaCH3COO+       0.000e+00   0.000e+00  -138.913  -139.022    -0.110     29.60
   CH3CH2OH        0.000e+00   0.000e+00  -207.806  -207.806     0.000     55.09
   Na(CH3COO)2-    0.000e+00   0.000e+00  -271.581  -271.691    -0.110    103.40
   Ca(CH3COO)2     0.000e+00   0.000e+00  -272.864  -272.864     0.000     82.12
   C3H8            0.000e+00   0.000e+00  -331.508  -331.508     0.000     65.51
Ca            3.096e-05
   Ca+2            3.044e-05   1.230e-05    -4.517    -4.910    -0.394    -17.44
   CaCl+           2.527e-07   1.962e-07    -6.597    -6.707    -0.110      6.01
   CaCO3           2.485e-07   2.485e-07    -6.605    -6.605     0.000    -15.66
   CaCl2           1.737e-08   1.737e-08    -7.760    -7.760     0.000     32.64
   CaCH3COO+       0.000e+00   0.000e+00  -138.913  -139.022    -0.110     29.60
   Ca(CH3COO)2     0.000e+00   0.000e+00  -272.864  -272.864     0.000     82.12
Cl(-1)        1.000e-01
   Cl-             9.898e-02   7.528e-02    -1.004    -1.123    -0.119     18.34
   NaCl            1.016e-03   1.016e-03    -2.993    -2.993     0.000     24.00
   CaCl+           2.527e-07   1.962e-07    -6.597    -6.707    -0.110      6.01
   CaCl2           1.737e-08   1.737e-08    -7.760    -7.760     0.000     32.64
   HCl             4.336e-11   4.336e-11   -10.363   -10.363     0.000     -1.96
Cl(1)         1.583e-23
   ClO-            1.583e-23   1.229e-23   -22.800   -22.910    -0.110      0.92
Cl(3)         3.296e-38
   ClO2-           3.296e-38   2.559e-38   -37.482   -37.592    -0.110     22.33
Cl(5)         4.932e-39
   ClO3-           4.932e-39   3.791e-39   -38.307   -38.421    -0.114     37.14
Cl(7)         0.000e+00
   ClO4-           0.000e+00   0.000e+00   -43.438   -43.552    -0.114     44.45
H(0)          7.366e-40
   H2              3.683e-40   3.772e-40   -39.434   -39.423     0.010     25.21
Na            1.000e-01
   Na+             9.893e-02   7.681e-02    -1.005    -1.115    -0.110     -1.09
   NaCl            1.016e-03   1.016e-03    -2.993    -2.993     0.000     24.00
   NaHCO3          5.537e-05   5.537e-05    -4.257    -4.257     0.000      1.80
   NaOH            4.962e-08   4.962e-08    -7.304    -7.304     0.000      3.50
   NaCH3COO        0.000e+00   0.000e+00  -136.263  -136.263     0.000     48.21
   Na(CH3COO)2-    0.000e+00   0.000e+00  -271.581  -271.691    -0.110    103.40
O(0)          8.682e-14
   O2              4.341e-14   4.446e-14   -13.362   -13.352     0.010     30.40
   HCOO-           4.910e-40   3.775e-40   -39.309   -39.423    -0.114     26.39
   HCOOH           0.000e+00   0.000e+00   -44.200   -44.200     0.000     34.67
   CH2O            0.000e+00   0.000e+00   -85.113   -85.113     0.000     26.92
   CH3OH           0.000e+00   0.000e+00  -109.666  -109.666     0.000     38.18
   CH3COO-         0.000e+00   0.000e+00  -134.964  -135.070    -0.106     40.73
   NaCH3COO        0.000e+00   0.000e+00  -136.263  -136.263     0.000     48.21
   CH3COOH         0.000e+00   0.000e+00  -138.888  -138.888     0.000     52.02
   CaCH3COO+       0.000e+00   0.000e+00  -138.913  -139.022    -0.110     29.60
   CH3CH2OH        0.000e+00   0.000e+00  -207.806  -207.806     0.000     55.09
   Na(CH3COO)2-    0.000e+00   0.000e+00  -271.581  -271.691    -0.110    103.40
   Ca(CH3COO)2     0.000e+00   0.000e+00  -272.864  -272.864     0.000     82.12
   C3H8            0.000e+00   0.000e+00  -331.508  -331.508     0.000     65.51

------------------------------Saturation indices-------------------------------

  Phase               SI** log IAP   log K(298 K,   1 atm)

  [(aro)-O-(aro)]  13.93     -6.68  -20.61  O
  Aragonite        -1.59      0.38    1.97  CaCO3
  C               -62.68      1.46   64.15  C
  C2H4(g)        -211.11   -213.41   -2.31  C2H4
  C2H6(g)        -228.35   -231.27   -2.92  C2H6
  C3H8(g)        -328.63   -331.51   -2.87  C3H8
  Ca             -120.89     18.95  139.83  Ca
  Calcite          -1.44      0.38    1.82  CaCO3
  CH4(g)         -126.43   -129.28   -2.84  CH4
  CO(g)           -43.89    -46.88   -3.00  CO
  CO2(g)           -4.06    -11.89   -7.83  CO2
  H2(g)           -36.32    -39.42   -3.10  H2
  H2O(g)           -1.59     -0.00    1.59  H2O
  Halite           -3.80     -2.24    1.56  NaCl
  Hydrophilite    -18.90     -7.16   11.75  CaCl2
  Ice              -0.14     -0.00    0.14  H2O
  KerogenC128    -9550.96   1182.4810733.44  C128H68O7
  KerogenC292    -23651.11   3167.4726818.59  C292H288O12
  KerogenC515    -42557.99   5540.9548098.95  C515H596O72
  Lime            -20.30     12.27   32.57  CaO
  Monohydrocalcite  -2.30      0.38    2.68  CaCO3:H2O
  Na              -56.56     10.81   67.37  Na
  Na2CO3           -8.10      3.06   11.16  Na2CO3
  Na2CO3:7H2O      -6.88      3.05    9.94  Na2CO3:7H2O
  Na2O            -52.47     14.95   67.42  Na2O
  Nahcolite        -4.27     -4.41   -0.14  NaHCO3
  Natron           -6.54      3.05    9.59  Na2CO3:10H2O
  O2(g)           -10.46    -13.35   -2.89  O2
  Portlandite     -10.28     12.27   22.55  Ca(OH)2
  Thermonatrite    -7.87      3.06   10.94  Na2CO3:H2O

**For a gas, SI = log10(fugacity). Fugacity = pressure * phi / 1 atm.
  For ideal gases, phi = 1.

Reaction step 4.

Using solution 1.	
Using kinetics 1.	

Kinetics 1.	

	Time step: 1 seconds  (Incremented time: 4 seconds)

	Rate name       Delta Moles Total Moles   Reactant        Coefficient

	Calcite1         -5.361e-06   1.000e+01   CaCO3                     1

-----------------------------Solution composition------------------------------

	Elements           Molality       Moles

	C                 7.367e-04   7.367e-04
	Ca                3.632e-05   3.632e-05
	Cl                1.000e-01   1.000e-01
	Na                1.000e-01   1.000e-01

----------------------------Description of solution----------------------------

                                       pH  =   8.658      Charge balance
                                       pe  =   9.479      Adjusted to redox equilibrium
                          Density (g/cm³)  =   1.00117
                               Volume (L)  =   1.00471
                        Activity of water  =   0.997
                           Ionic strength  =   9.941e-02
                       Mass of water (kg)  =   1.000e+00
                 Total alkalinity (eq/kg)  =   7.681e-04
                       Total CO2 (mol/kg)  =   7.367e-04
                         Temperature (°C)  =  25.00
                  Electrical balance (eq)  =  -6.955e-04
 Percent error, 100*(Cat-|An|)/(Cat+|An|)  =  -0.35
                               Iterations  =  18
                                  Total H  = 1.110513e+02
                                  Total O  = 5.552753e+01

----------------------------Distribution of species----------------------------

                                               Log       Log       Log    mole V
   Species          Molality    Activity  Molality  Activity     Gamma   cm³/mol

   OH-             5.683e-06   4.369e-06    -5.245    -5.360    -0.114     -3.73
   H+              2.638e-09   2.198e-09    -8.579    -8.658    -0.079      0.00
   H2O             5.553e+01   9.966e-01     1.744    -0.001     0.000     18.07
C(-2)         0.000e+00
   C2H4            0.000e+00   0.000e+00  -213.252  -213.252     0.000     45.52
C(-3)         0.000e+00
   C2H6            0.000e+00   0.000e+00  -231.065  -231.065     0.000     51.20
C(-4)         0.000e+00
   CH4             0.000e+00   0.000e+00  -129.150  -129.150     0.000     37.32
C(2)          0.000e+00
   CO              0.000e+00   0.000e+00   -46.902   -46.902     0.000     33.62
C(4)          7.367e-04
   HCO3-           6.506e-04   5.051e-04    -3.187    -3.297    -0.110     24.83
   NaHCO3          5.549e-05   5.549e-05    -4.256    -4.256     0.000      1.80
   CO3-2           2.781e-05   1.020e-05    -4.556    -4.992    -0.436     -4.01
   CO2             2.523e-06   2.584e-06    -5.598    -5.588     0.010     33.24
   CaCO3           3.405e-07   3.405e-07    -6.468    -6.468     0.000    -15.66
   HCOO-           5.503e-40   4.230e-40   -39.259   -39.374    -0.114     26.39
   HCOOH           0.000e+00   0.000e+00   -44.217   -44.217     0.000     34.67
   CH2O            0.000e+00   0.000e+00   -85.082   -85.082     0.000     26.92
   CH3OH           0.000e+00   0.000e+00  -109.587  -109.587     0.000     38.18
   CH3COO-         0.000e+00   0.000e+00  -134.835  -134.941    -0.106     40.73
   NaCH3COO        0.000e+00   0.000e+00  -136.134  -136.134     0.000     48.21
   CaCH3COO+       0.000e+00   0.000e+00  -138.715  -138.825    -0.110     29.60
   CH3COOH         0.000e+00   0.000e+00  -138.827  -138.827     0.000     52.02
   CH3CH2OH        0.000e+00   0.000e+00  -207.647  -207.647     0.000     55.09
   Na(CH3COO)2-    0.000e+00   0.000e+00  -271.323  -271.433    -0.110    103.40
   Ca(CH3COO)2     0.000e+00   0.000e+00  -272.537  -272.537     0.000     82.12
   C3H8            0.000e+00   0.000e+00  -331.221  -331.221     0.000     65.51
Ca            3.632e-05
   Ca+2            3.566e-05   1.441e-05    -4.448    -4.841    -0.394    -17.44
   CaCO3           3.405e-07   3.405e-07    -6.468    -6.468     0.000    -15.66
   CaCl+           2.961e-07   2.299e-07    -6.529    -6.638    -0.110      6.01
   CaCl2           2.035e-08   2.035e-08    -7.691    -7.691     0.000     32.64
   CaCH3COO+       0.000e+00   0.000e+00  -138.715  -138.825    -0.110     29.60
   Ca(CH3COO)2     0.000e+00   0.000e+00  -272.537  -272.537     0.000     82.12
Cl(-1)        1.000e-01
   Cl-             9.898e-02   7.527e-02    -1.004    -1.123    -0.119     18.34
   NaCl            1.016e-03   1.016e-03    -2.993    -2.993     0.000     24.00
   CaCl+           2.961e-07   2.299e-07    -6.529    -6.638    -0.110      6.01
   CaCl2           2.035e-08   2.035e-08    -7.691    -7.691     0.000     32.64
   HCl             3.716e-11   3.716e-11   -10.430   -10.430     0.000     -1.96
Cl(1)         1.416e-23
   ClO-            1.416e-23   1.100e-23   -22.849   -22.959    -0.110      0.92
Cl(3)         2.637e-38
   ClO2-           2.637e-38   2.047e-38   -37.579   -37.689    -0.110     22.33
Cl(5)         3.528e-39
   ClO3-           3.528e-39   2.712e-39   -38.452   -38.567    -0.114     37.14
Cl(7)         0.000e+00
   ClO4-           0.000e+00   0.000e+00   -43.632   -43.746    -0.114     44.45
H(0)          8.236e-40
   H2              4.118e-40   4.217e-40   -39.385   -39.375     0.010     25.21
Na            1.000e-01
   Na+             9.893e-02   7.681e-02    -1.005    -1.115    -0.110     -1.09
   NaCl            1.016e-03   1.016e-03    -2.993    -2.993     0.000     24.00
   NaHCO3          5.549e-05   5.549e-05    -4.256    -4.256     0.000      1.80
   NaOH            5.789e-08   5.789e-08    -7.237    -7.237     0.000      3.50
   NaCH3COO        0.000e+00   0.000e+00  -136.134  -136.134     0.000     48.21
   Na(CH3COO)2-    0.000e+00   0.000e+00  -271.323  -271.433    -0.110    103.40
O(0)          6.945e-14
   O2              3.472e-14   3.556e-14   -13.459   -13.449     0.010     30.40
   HCOO-           5.503e-40   4.230e-40   -39.259   -39.374    -0.114     26.39
   HCOOH           0.000e+00   0.000e+00   -44.217   -44.217     0.000     34.67
   CH2O            0.000e+00   0.000e+00   -85.082   -85.082     0.000     26.92
   CH3OH           0.000e+00   0.000e+00  -109.587  -109.587     0.000     38.18
   CH3COO-         0.000e+00   0.000e+00  -134.835  -134.941    -0.106     40.73
   NaCH3COO        0.000e+00   0.000e+00  -136.134  -136.134     0.000     48.21
   CaCH3COO+       0.000e+00   0.000e+00  -138.715  -138.825    -0.110     29.60
   CH3COOH         0.000e+00   0.000e+00  -138.827  -138.827     0.000     52.02
   CH3CH2OH        0.000e+00   0.000e+00  -207.647  -207.647     0.000     55.09
   Na(CH3COO)2-    0.000e+00   0.000e+00  -271.323  -271.433    -0.110    103.40
   Ca(CH3COO)2     0.000e+00   0.000e+00  -272.537  -272.537     0.000     82.12
   C3H8            0.000e+00   0.000e+00  -331.221  -331.221     0.000     65.51

------------------------------Saturation indices-------------------------------

  Phase               SI** log IAP   log K(298 K,   1 atm)

  [(aro)-O-(aro)]  13.88     -6.72  -20.61  O
  Aragonite        -1.45      0.52    1.97  CaCO3
  C               -62.65      1.50   64.15  C
  C2H4(g)        -210.95   -213.25   -2.31  C2H4
  C2H6(g)        -228.15   -231.06   -2.92  C2H6
  C3H8(g)        -328.35   -331.22   -2.87  C3H8
  Ca             -120.63     19.20  139.83  Ca
  Calcite          -1.30      0.52    1.82  CaCO3
  CH4(g)         -126.31   -129.15   -2.84  CH4
  CO(g)           -43.91    -46.90   -3.00  CO
  CO2(g)           -4.12    -11.95   -7.83  CO2
  H2(g)           -36.27    -39.37   -3.10  H2
  H2O(g)           -1.59     -0.00    1.59  H2O
  Halite           -3.80     -2.24    1.56  NaCl
  Hydrophilite    -18.83     -7.09   11.75  CaCl2
  Ice              -0.14     -0.00    0.14  H2O
  KerogenC128    -9545.69   1187.7510733.44  C128H68O7
  KerogenC292    -23635.68   3182.9126818.59  C292H288O12
  KerogenC515    -42531.10   5567.8448098.95  C515H596O72
  Lime            -20.10     12.47   32.57  CaO
  Monohydrocalcite  -2.16      0.52    2.68  CaCO3:H2O
  Na              -56.47     10.90   67.37  Na
  Na2CO3           -8.03      3.13   11.16  Na2CO3
  Na2CO3:7H2O      -6.82      3.12    9.94  Na2CO3:7H2O
  Na2O            -52.33     15.09   67.42  Na2O
  Nahcolite        -4.27     -4.41   -0.14  NaHCO3
  Natron           -6.47      3.12    9.59  Na2CO3:10H2O
  O2(g)           -10.56    -13.45   -2.89  O2
  Portlandite     -10.08     12.47   22.55  Ca(OH)2
  Thermonatrite    -7.81      3.13   10.94  Na2CO3:H2O

**For a gas, SI = log10(fugacity). Fugacity = pressure * phi / 1 atm.
  For ideal gases, phi = 1.

Reaction step 5.

Using solution 1.	
Using kinetics 1.	

Kinetics 1.	

	Time step: 1 seconds  (Incremented time: 5 seconds)

	Rate name       Delta Moles Total Moles   Reactant        Coefficient

	Calcite1         -4.613e-06   1.000e+01   CaCO3                     1

-----------------------------Solution composition------------------------------

	Elements           Molality       Moles

	C                 7.413e-04   7.413e-04
	Ca                4.093e-05   4.093e-05
	Cl                1.000e-01   1.000e-01
	Na                1.000e-01   1.000e-01

----------------------------Description of solution----------------------------

                                       pH  =   8.709      Charge balance
                                       pe  =   9.439      Adjusted to redox equilibrium
                          Density (g/cm³)  =   1.00117
                               Volume (L)  =   1.00471
                        Activity of water  =   0.997
                           Ionic strength  =   9.943e-02
                       Mass of water (kg)  =   1.000e+00
                 Total alkalinity (eq/kg)  =   7.773e-04
                       Total CO2 (mol/kg)  =   7.413e-04
                         Temperature (°C)  =  25.00
                  Electrical balance (eq)  =  -6.955e-04
 Percent error, 100*(Cat-|An|)/(Cat+|An|)  =  -0.35
                               Iterations  =  18
                                  Total H  = 1.110513e+02
                                  Total O  = 5.552754e+01

----------------------------Distribution of species----------------------------

                                               Log       Log       Log    mole V
   Species          Molality    Activity  Molality  Activity     Gamma   cm³/mol

   OH-             6.393e-06   4.914e-06    -5.194    -5.309    -0.114     -3.73
   H+              2.346e-09   1.954e-09    -8.630    -8.709    -0.079      0.00
   H2O             5.553e+01   9.966e-01     1.744    -0.001     0.000     18.07
C(-2)         0.000e+00
   C2H4            0.000e+00   0.000e+00  -213.483  -213.483     0.000     45.52
C(-3)         0.000e+00
   C2H6            0.000e+00   0.000e+00  -231.317  -231.317     0.000     51.20
C(-4)         0.000e+00
   CH4             0.000e+00   0.000e+00  -129.287  -129.287     0.000     37.32
C(2)          0.000e+00
   CO              0.000e+00   0.000e+00   -46.974   -46.974     0.000     33.62
C(4)          7.413e-04
   HCO3-           6.517e-04   5.060e-04    -3.186    -3.296    -0.110     24.83
   NaHCO3          5.559e-05   5.559e-05    -4.255    -4.255     0.000      1.80
   CO3-2           3.133e-05   1.149e-05    -4.504    -4.940    -0.436     -4.01
   CO2             2.247e-06   2.301e-06    -5.648    -5.638     0.010     33.24
   CaCO3           4.318e-07   4.318e-07    -6.365    -6.365     0.000    -15.66
   HCOO-           5.244e-40   4.031e-40   -39.280   -39.395    -0.114     26.39
   HCOOH           0.000e+00   0.000e+00   -44.289   -44.289     0.000     34.67
   CH2O            0.000e+00   0.000e+00   -85.176   -85.176     0.000     26.92
   CH3OH           0.000e+00   0.000e+00  -109.702  -109.702     0.000     38.18
   CH3COO-         0.000e+00   0.000e+00  -134.971  -135.077    -0.106     40.73
   NaCH3COO        0.000e+00   0.000e+00  -136.270  -136.270     0.000     48.21
   CaCH3COO+       0.000e+00   0.000e+00  -138.800  -138.910    -0.110     29.60
   CH3COOH         0.000e+00   0.000e+00  -139.014  -139.014     0.000     52.02
   CH3CH2OH        0.000e+00   0.000e+00  -207.878  -207.878     0.000     55.09
   Na(CH3COO)2-    0.000e+00   0.000e+00  -271.596  -271.706    -0.110    103.40
   Ca(CH3COO)2     0.000e+00   0.000e+00  -272.758  -272.758     0.000     82.12
   C3H8            0.000e+00   0.000e+00  -331.589  -331.589     0.000     65.51
Ca            4.093e-05
   Ca+2            4.014e-05   1.622e-05    -4.396    -4.790    -0.394    -17.44
   CaCO3           4.318e-07   4.318e-07    -6.365    -6.365     0.000    -15.66
   CaCl+           3.333e-07   2.588e-07    -6.477    -6.587    -0.110      6.01
   CaCl2           2.291e-08   2.291e-08    -7.640    -7.640     0.000     32.64
   CaCH3COO+       0.000e+00   0.000e+00  -138.800  -138.910    -0.110     29.60
   Ca(CH3COO)2     0.000e+00   0.000e+00  -272.758  -272.758     0.000     82.12
Cl(-1)        1.000e-01
   Cl-             9.898e-02   7.527e-02    -1.004    -1.123    -0.119     18.34
   NaCl            1.016e-03   1.016e-03    -2.993    -2.993     0.000     24.00
   CaCl+           3.333e-07   2.588e-07    -6.477    -6.587    -0.110      6.01
   CaCl2           2.291e-08   2.291e-08    -7.640    -7.640     0.000     32.64
   HCl             3.303e-11   3.303e-11   -10.481   -10.481     0.000     -1.96
Cl(1)         1.489e-23
   ClO-            1.489e-23   1.156e-23   -22.827   -22.937    -0.110      0.92
Cl(3)         2.914e-38
   ClO2-           2.914e-38   2.262e-38   -37.536   -37.645    -0.110     22.33
Cl(5)         4.099e-39
   ClO3-           4.099e-39   3.151e-39   -38.387   -38.502    -0.114     37.14
Cl(7)         0.000e+00
   ClO4-           0.000e+00   0.000e+00   -43.545   -43.660    -0.114     44.45
H(0)          7.834e-40
   H2              3.917e-40   4.012e-40   -39.407   -39.397     0.010     25.21
Na            1.000e-01
   Na+             9.893e-02   7.681e-02    -1.005    -1.115    -0.110     -1.09
   NaCl            1.016e-03   1.016e-03    -2.993    -2.993     0.000     24.00
   NaHCO3          5.559e-05   5.559e-05    -4.255    -4.255     0.000      1.80
   NaOH            6.512e-08   6.512e-08    -7.186    -7.186     0.000      3.50
   NaCH3COO        0.000e+00   0.000e+00  -136.270  -136.270     0.000     48.21
   Na(CH3COO)2-    0.000e+00   0.000e+00  -271.596  -271.706    -0.110    103.40
O(0)          7.674e-14
   O2              3.837e-14   3.930e-14   -13.416   -13.406     0.010     30.40
   HCOO-           5.244e-40   4.031e-40   -39.280   -39.395    -0.114     26.39
   HCOOH           0.000e+00   0.000e+00   -44.289   -44.289     0.000     34.67
   CH2O            0.000e+00   0.000e+00   -85.176   -85.176     0.000     26.92
   CH3OH           0.000e+00   0.000e+00  -109.702  -109.702     0.000     38.18
   CH3COO-         0.000e+00   0.000e+00  -134.971  -135.077    -0.106     40.73
   NaCH3COO        0.000e+00   0.000e+00  -136.270  -136.270     0.000     48.21
   CaCH3COO+       0.000e+00   0.000e+00  -138.800  -138.910    -0.110     29.60
   CH3COOH         0.000e+00   0.000e+00  -139.014  -139.014     0.000     52.02
   CH3CH2OH        0.000e+00   0.000e+00  -207.878  -207.878     0.000     55.09
   Na(CH3COO)2-    0.000e+00   0.000e+00  -271.596  -271.706    -0.110    103.40
   Ca(CH3COO)2     0.000e+00   0.000e+00  -272.758  -272.758     0.000     82.12
   C3H8            0.000e+00   0.000e+00  -331.589  -331.589     0.000     65.51

------------------------------Saturation indices-------------------------------

  Phase               SI** log IAP   log K(298 K,   1 atm)

  [(aro)-O-(aro)]  13.91     -6.70  -20.61  O
  Aragonite        -1.35      0.62    1.97  CaCO3
  C               -62.74      1.40   64.15  C
  C2H4(g)        -211.18   -213.48   -2.31  C2H4
  C2H6(g)        -228.40   -231.32   -2.92  C2H6
  C3H8(g)        -328.72   -331.59   -2.87  C3H8
  Ca             -120.50     19.33  139.83  Ca
  Calcite          -1.20      0.62    1.82  CaCO3
  CH4(g)         -126.44   -129.29   -2.84  CH4
  CO(g)           -43.98    -46.97   -3.00  CO
  CO2(g)           -4.17    -12.00   -7.83  CO2
  H2(g)           -36.30    -39.40   -3.10  H2
  H2O(g)           -1.59     -0.00    1.59  H2O
  Halite           -3.80     -2.24    1.56  NaCl
  Hydrophilite    -18.78     -7.04   11.75  CaCl2
  Ice              -0.14     -0.00    0.14  H2O
  KerogenC128    -9558.27   1175.1710733.44  C128H68O7
  KerogenC292    -23665.90   3152.6926818.59  C292H288O12
  KerogenC515    -42584.26   5514.6948098.95  C515H596O72
  Lime            -19.94     12.63   32.57  CaO
  Monohydrocalcite  -2.06      0.62    2.68  CaCO3:H2O
  Na              -56.43     10.95   67.37  Na
  Na2CO3           -7.98      3.18   11.16  Na2CO3
  Na2CO3:7H2O      -6.76      3.17    9.94  Na2CO3:7H2O
  Na2O            -52.23     15.19   67.42  Na2O
  Nahcolite        -4.27     -4.41   -0.14  NaHCO3
  Natron           -6.42      3.17    9.59  Na2CO3:10H2O
  O2(g)           -10.51    -13.41   -2.89  O2
  Portlandite      -9.92     12.63   22.55  Ca(OH)2
  Thermonatrite    -7.75      3.18   10.94  Na2CO3:H2O

**For a gas, SI = log10(fugacity). Fugacity = pressure * phi / 1 atm.
  For ideal gases, phi = 1.

Reaction step 6.

Using solution 1.	
Using kinetics 1.	

Kinetics 1.	

	Time step: 1 seconds  (Incremented time: 6 seconds)

	Rate name       Delta Moles Total Moles   Reactant        Coefficient

	Calcite1         -4.066e-06   1.000e+01   CaCO3                     1

-----------------------------Solution composition------------------------------

	Elements           Molality       Moles

	C                 7.454e-04   7.454e-04
	Ca                4.500e-05   4.500e-05
	Cl                1.000e-01   1.000e-01
	Na                1.000e-01   1.000e-01

----------------------------Description of solution----------------------------

                                       pH  =   8.750      Charge balance
                                       pe  =   9.402      Adjusted to redox equilibrium
                          Density (g/cm³)  =   1.00117
                               Volume (L)  =   1.00471
                        Activity of water  =   0.997
                           Ionic strength  =   9.944e-02
                       Mass of water (kg)  =   1.000e+00
                 Total alkalinity (eq/kg)  =   7.854e-04
                       Total CO2 (mol/kg)  =   7.454e-04
                         Temperature (°C)  =  25.00
                  Electrical balance (eq)  =  -6.955e-04
 Percent error, 100*(Cat-|An|)/(Cat+|An|)  =  -0.35
                               Iterations  =  18
                                  Total H  = 1.110513e+02
                                  Total O  = 5.552755e+01

----------------------------Distribution of species----------------------------

                                               Log       Log       Log    mole V
   Species          Molality    Activity  Molality  Activity     Gamma   cm³/mol

   OH-             7.023e-06   5.399e-06    -5.153    -5.268    -0.114     -3.73
   H+              2.135e-09   1.779e-09    -8.671    -8.750    -0.079      0.00
   H2O             5.553e+01   9.966e-01     1.744    -0.001     0.000     18.07
C(-2)         0.000e+00
   C2H4            0.000e+00   0.000e+00  -213.606  -213.606     0.000     45.52
C(-3)         0.000e+00
   C2H6            0.000e+00   0.000e+00  -231.448  -231.448     0.000     51.20
C(-4)         0.000e+00
   CH4             0.000e+00   0.000e+00  -129.356  -129.356     0.000     37.32
C(2)          0.000e+00
   CO              0.000e+00   0.000e+00   -47.022   -47.022     0.000     33.62
C(4)          7.454e-04
   HCO3-           6.527e-04   5.067e-04    -3.185    -3.295    -0.110     24.83
   NaHCO3          5.567e-05   5.567e-05    -4.254    -4.254     0.000      1.80
   CO3-2           3.448e-05   1.264e-05    -4.462    -4.898    -0.436     -4.01
   CO2             2.048e-06   2.098e-06    -5.689    -5.678     0.010     33.24
   CaCO3           5.217e-07   5.217e-07    -6.283    -6.283     0.000    -15.66
   HCOO-           5.166e-40   3.971e-40   -39.287   -39.401    -0.114     26.39
   HCOOH           0.000e+00   0.000e+00   -44.337   -44.337     0.000     34.67
   CH2O            0.000e+00   0.000e+00   -85.231   -85.231     0.000     26.92
   CH3OH           0.000e+00   0.000e+00  -109.764  -109.764     0.000     38.18
   CH3COO-         0.000e+00   0.000e+00  -135.040  -135.145    -0.106     40.73
   NaCH3COO        0.000e+00   0.000e+00  -136.338  -136.338     0.000     48.21
   CaCH3COO+       0.000e+00   0.000e+00  -138.827  -138.937    -0.110     29.60
   CH3COOH         0.000e+00   0.000e+00  -139.123  -139.123     0.000     52.02
   CH3CH2OH        0.000e+00   0.000e+00  -208.001  -208.001     0.000     55.09
   Na(CH3COO)2-    0.000e+00   0.000e+00  -271.732  -271.842    -0.110    103.40
   Ca(CH3COO)2     0.000e+00   0.000e+00  -272.854  -272.854     0.000     82.12
   C3H8            0.000e+00   0.000e+00  -331.781  -331.781     0.000     65.51
Ca            4.500e-05
   Ca+2            4.408e-05   1.781e-05    -4.356    -4.749    -0.394    -17.44
   CaCO3           5.217e-07   5.217e-07    -6.283    -6.283     0.000    -15.66
   CaCl+           3.660e-07   2.841e-07    -6.437    -6.546    -0.110      6.01
   CaCl2           2.516e-08   2.516e-08    -7.599    -7.599     0.000     32.64
   CaCH3COO+       0.000e+00   0.000e+00  -138.827  -138.937    -0.110     29.60
   Ca(CH3COO)2     0.000e+00   0.000e+00  -272.854  -272.854     0.000     82.12
Cl(-1)        1.000e-01
   Cl-             9.898e-02   7.527e-02    -1.004    -1.123    -0.119     18.34
   NaCl            1.016e-03   1.016e-03    -2.993    -2.993     0.000     24.00
   CaCl+           3.660e-07   2.841e-07    -6.437    -6.546    -0.110      6.01
   CaCl2           2.516e-08   2.516e-08    -7.599    -7.599     0.000     32.64
   HCl             3.007e-11   3.007e-11   -10.522   -10.522     0.000     -1.96
Cl(1)         1.513e-23
   ClO-            1.513e-23   1.175e-23   -22.820   -22.930    -0.110      0.92
Cl(3)         3.011e-38
   ClO2-           3.011e-38   2.338e-38   -37.521   -37.631    -0.110     22.33
Cl(5)         4.307e-39
   ClO3-           4.307e-39   3.311e-39   -38.366   -38.480    -0.114     37.14
Cl(7)         0.000e+00
   ClO4-           0.000e+00   0.000e+00   -43.517   -43.631    -0.114     44.45
H(0)          7.706e-40
   H2              3.853e-40   3.946e-40   -39.414   -39.404     0.010     25.21
Na            1.000e-01
   Na+             9.893e-02   7.681e-02    -1.005    -1.115    -0.110     -1.09
   NaCl            1.016e-03   1.016e-03    -2.993    -2.993     0.000     24.00
   NaHCO3          5.567e-05   5.567e-05    -4.254    -4.254     0.000      1.80
   NaOH            7.154e-08   7.154e-08    -7.145    -7.145     0.000      3.50
   NaCH3COO        0.000e+00   0.000e+00  -136.338  -136.338     0.000     48.21
   Na(CH3COO)2-    0.000e+00   0.000e+00  -271.732  -271.842    -0.110    103.40
O(0)          7.932e-14
   O2              3.966e-14   4.062e-14   -13.402   -13.391     0.010     30.40
   HCOO-           5.166e-40   3.971e-40   -39.287   -39.401    -0.114     26.39
   HCOOH           0.000e+00   0.000e+00   -44.337   -44.337     0.000     34.67
   CH2O            0.000e+00   0.000e+00   -85.231   -85.231     0.000     26.92
   CH3OH           0.000e+00   0.000e+00  -109.764  -109.764     0.000     38.18
   CH3COO-         0.000e+00   0.000e+00  -135.040  -135.145    -0.106     40.73
   NaCH3COO        0.000e+00   0.000e+00  -136.338  -136.338     0.000     48.21
   CaCH3COO+       0.000e+00   0.000e+00  -138.827  -138.937    -0.110     29.60
   CH3COOH         0.000e+00   0.000e+00  -139.123  -139.123     0.000     52.02
   CH3CH2OH        0.000e+00   0.000e+00  -208.001  -208.001     0.000     55.09
   Na(CH3COO)2-    0.000e+00   0.000e+00  -271.732  -271.842    -0.110    103.40
   Ca(CH3COO)2     0.000e+00   0.000e+00  -272.854  -272.854     0.000     82.12
   C3H8            0.000e+00   0.000e+00  -331.781  -331.781     0.000     65.51

------------------------------Saturation indices-------------------------------

  Phase               SI** log IAP   log K(298 K,   1 atm)

  [(aro)-O-(aro)]  13.91     -6.70  -20.61  O
  Aragonite        -1.26      0.71    1.97  CaCO3
  C               -62.80      1.35   64.15  C
  C2H4(g)        -211.30   -213.61   -2.31  C2H4
  C2H6(g)        -228.53   -231.45   -2.92  C2H6
  C3H8(g)        -328.91   -331.78   -2.87  C3H8
  Ca             -120.39     19.44  139.83  Ca
  Calcite          -1.12      0.71    1.82  CaCO3
  CH4(g)         -126.51   -129.36   -2.84  CH4
  CO(g)           -44.02    -47.02   -3.00  CO
  CO2(g)           -4.21    -12.04   -7.83  CO2
  H2(g)           -36.30    -39.40   -3.10  H2
  H2O(g)           -1.59     -0.00    1.59  H2O
  Halite           -3.80     -2.24    1.56  NaCl
  Hydrophilite    -18.74     -7.00   11.75  CaCl2
  Ice              -0.14     -0.00    0.14  H2O
  KerogenC128    -9565.45   1168.0010733.44  C128H68O7
  KerogenC292    -23682.78   3135.8126818.59  C292H288O12
  KerogenC515    -42613.97   5484.9748098.95  C515H596O72
  Lime            -19.82     12.75   32.57  CaO
  Monohydrocalcite  -1.97      0.70    2.68  CaCO3:H2O
  Na              -56.39     10.98   67.37  Na
  Na2CO3           -7.94      3.23   11.16  Na2CO3
  Na2CO3:7H2O      -6.72      3.22    9.94  Na2CO3:7H2O
  Na2O            -52.15     15.27   67.42  Na2O
  Nahcolite        -4.27     -4.41   -0.14  NaHCO3
  Natron           -6.38      3.21    9.59  Na2CO3:10H2O
  O2(g)           -10.50    -13.39   -2.89  O2
  Portlandite      -9.80     12.75   22.55  Ca(OH)2
  Thermonatrite    -7.71      3.22   10.94  Na2CO3:H2O

**For a gas, SI = log10(fugacity). Fugacity = pressure * phi / 1 atm.
  For ideal gases, phi = 1.

Reaction step 7.

Using solution 1.	
Using kinetics 1.	

Kinetics 1.	

	Time step: 1 seconds  (Incremented time: 7 seconds)

	Rate name       Delta Moles Total Moles   Reactant        Coefficient

	Calcite1         -3.643e-06   1.000e+01   CaCO3                     1

-----------------------------Solution composition------------------------------

	Elements           Molality       Moles

	C                 7.490e-04   7.490e-04
	Ca                4.864e-05   4.864e-05
	Cl                1.000e-01   1.000e-01
	Na                1.000e-01   1.000e-01

----------------------------Description of solution----------------------------

                                       pH  =   8.784      Charge balance
                                       pe  =   9.354      Adjusted to redox equilibrium
                          Density (g/cm³)  =   1.00117
                               Volume (L)  =   1.00471
                        Activity of water  =   0.997
                           Ionic strength  =   9.946e-02
                       Mass of water (kg)  =   1.000e+00
                 Total alkalinity (eq/kg)  =   7.927e-04
                       Total CO2 (mol/kg)  =   7.490e-04
                         Temperature (°C)  =  25.00
                  Electrical balance (eq)  =  -6.955e-04
 Percent error, 100*(Cat-|An|)/(Cat+|An|)  =  -0.35
                               Iterations  =  18
                                  Total H  = 1.110513e+02
                                  Total O  = 5.552756e+01

----------------------------Distribution of species----------------------------

                                               Log       Log       Log    mole V
   Species          Molality    Activity  Molality  Activity     Gamma   cm³/mol

   OH-             7.590e-06   5.834e-06    -5.120    -5.234    -0.114     -3.73
   H+              1.976e-09   1.646e-09    -8.704    -8.784    -0.079      0.00
   H2O             5.553e+01   9.966e-01     1.744    -0.001     0.000     18.07
C(-2)         0.000e+00
   C2H4            0.000e+00   0.000e+00  -213.498  -213.498     0.000     45.52
C(-3)         0.000e+00
   C2H6            0.000e+00   0.000e+00  -231.311  -231.311     0.000     51.20
C(-4)         0.000e+00
   CH4             0.000e+00   0.000e+00  -129.272  -129.272     0.000     37.32
C(2)          0.000e+00
   CO              0.000e+00   0.000e+00   -47.026   -47.026     0.000     33.62
C(4)          7.490e-04
   HCO3-           6.535e-04   5.074e-04    -3.185    -3.295    -0.110     24.83
   NaHCO3          5.574e-05   5.574e-05    -4.254    -4.254     0.000      1.80
   CO3-2           3.731e-05   1.368e-05    -4.428    -4.864    -0.436     -4.01
   CO2             1.898e-06   1.943e-06    -5.722    -5.711     0.010     33.24
   CaCO3           6.097e-07   6.097e-07    -6.215    -6.215     0.000    -15.66
   HCOO-           5.530e-40   4.251e-40   -39.257   -39.372    -0.114     26.39
   HCOOH           0.000e+00   0.000e+00   -44.341   -44.341     0.000     34.67
   CH2O            0.000e+00   0.000e+00   -85.206   -85.206     0.000     26.92
   CH3OH           0.000e+00   0.000e+00  -109.710  -109.710     0.000     38.18
   CH3COO-         0.000e+00   0.000e+00  -134.956  -135.062    -0.106     40.73
   NaCH3COO        0.000e+00   0.000e+00  -136.255  -136.255     0.000     48.21
   CaCH3COO+       0.000e+00   0.000e+00  -138.710  -138.820    -0.110     29.60
   CH3COOH         0.000e+00   0.000e+00  -139.073  -139.073     0.000     52.02
   CH3CH2OH        0.000e+00   0.000e+00  -207.893  -207.893     0.000     55.09
   Na(CH3COO)2-    0.000e+00   0.000e+00  -271.565  -271.675    -0.110    103.40
   Ca(CH3COO)2     0.000e+00   0.000e+00  -272.654  -272.654     0.000     82.12
   C3H8            0.000e+00   0.000e+00  -331.590  -331.590     0.000     65.51
Ca            4.864e-05
   Ca+2            4.761e-05   1.923e-05    -4.322    -4.716    -0.394    -17.44
   CaCO3           6.097e-07   6.097e-07    -6.215    -6.215     0.000    -15.66
   CaCl+           3.952e-07   3.068e-07    -6.403    -6.513    -0.110      6.01
   CaCl2           2.717e-08   2.717e-08    -7.566    -7.566     0.000     32.64
   CaCH3COO+       0.000e+00   0.000e+00  -138.710  -138.820    -0.110     29.60
   Ca(CH3COO)2     0.000e+00   0.000e+00  -272.654  -272.654     0.000     82.12
Cl(-1)        1.000e-01
   Cl-             9.898e-02   7.527e-02    -1.004    -1.123    -0.119     18.34
   NaCl            1.016e-03   1.016e-03    -2.993    -2.993     0.000     24.00
   CaCl+           3.952e-07   3.068e-07    -6.403    -6.513    -0.110      6.01
   CaCl2           2.717e-08   2.717e-08    -7.566    -7.566     0.000     32.64
   HCl             2.782e-11   2.782e-11   -10.556   -10.556     0.000     -1.96
Cl(1)         1.415e-23
   ClO-            1.415e-23   1.099e-23   -22.849   -22.959    -0.110      0.92
Cl(3)         2.634e-38
   ClO2-           2.634e-38   2.045e-38   -37.579   -37.689    -0.110     22.33
Cl(5)         3.523e-39
   ClO3-           3.523e-39   2.708e-39   -38.453   -38.567    -0.114     37.14
Cl(7)         0.000e+00
   ClO4-           0.000e+00   0.000e+00   -43.633   -43.747    -0.114     44.45
H(0)          8.239e-40
   H2              4.120e-40   4.219e-40   -39.385   -39.375     0.010     25.21
Na            1.000e-01
   Na+             9.893e-02   7.681e-02    -1.005    -1.115    -0.110     -1.09
   NaCl            1.016e-03   1.016e-03    -2.993    -2.993     0.000     24.00
   NaHCO3          5.574e-05   5.574e-05    -4.254    -4.254     0.000      1.80
   NaOH            7.731e-08   7.731e-08    -7.112    -7.112     0.000      3.50
   NaCH3COO        0.000e+00   0.000e+00  -136.255  -136.255     0.000     48.21
   Na(CH3COO)2-    0.000e+00   0.000e+00  -271.565  -271.675    -0.110    103.40
O(0)          6.938e-14
   O2              3.469e-14   3.553e-14   -13.460   -13.449     0.010     30.40
   HCOO-           5.530e-40   4.251e-40   -39.257   -39.372    -0.114     26.39
   HCOOH           0.000e+00   0.000e+00   -44.341   -44.341     0.000     34.67
   CH2O            0.000e+00   0.000e+00   -85.206   -85.206     0.000     26.92
   CH3OH           0.000e+00   0.000e+00  -109.710  -109.710     0.000     38.18
   CH3COO-         0.000e+00   0.000e+00  -134.956  -135.062    -0.106     40.73
   NaCH3COO        0.000e+00   0.000e+00  -136.255  -136.255     0.000     48.21
   CaCH3COO+       0.000e+00   0.000e+00  -138.710  -138.820    -0.110     29.60
   CH3COOH         0.000e+00   0.000e+00  -139.073  -139.073     0.000     52.02
   CH3CH2OH        0.000e+00   0.000e+00  -207.893  -207.893     0.000     55.09
   Na(CH3COO)2-    0.000e+00   0.000e+00  -271.565  -271.675    -0.110    103.40
   Ca(CH3COO)2     0.000e+00   0.000e+00  -272.654  -272.654     0.000     82.12
   C3H8            0.000e+00   0.000e+00  -331.590  -331.590     0.000     65.51

------------------------------Saturation indices-------------------------------

  Phase               SI** log IAP   log K(298 K,   1 atm)

  [(aro)-O-(aro)]  13.88     -6.72  -20.61  O
  Aragonite        -1.20      0.77    1.97  CaCO3
  C               -62.77      1.37   64.15  C
  C2H4(g)        -211.19   -213.50   -2.31  C2H4
  C2H6(g)        -228.39   -231.31   -2.92  C2H6
  C3H8(g)        -328.72   -331.59   -2.87  C3H8
  Ca             -120.26     19.57  139.83  Ca
  Calcite          -1.05      0.77    1.82  CaCO3
  CH4(g)         -126.43   -129.27   -2.84  CH4
  CO(g)           -44.03    -47.03   -3.00  CO
  CO2(g)           -4.25    -12.08   -7.83  CO2
  H2(g)           -36.27    -39.37   -3.10  H2
  H2O(g)           -1.59     -0.00    1.59  H2O
  Halite           -3.80     -2.24    1.56  NaCl
  Hydrophilite    -18.71     -6.96   11.75  CaCl2
  Ice              -0.14     -0.00    0.14  H2O
  KerogenC128    -9561.47   1171.9710733.44  C128H68O7
  KerogenC292    -23671.66   3146.9326818.59  C292H288O12
  KerogenC515    -42594.56   5504.3948098.95  C515H596O72
  Lime            -19.72     12.85   32.57  CaO
  Monohydrocalcite  -1.91      0.77    2.68  CaCO3:H2O
  Na              -56.34     11.03   67.37  Na
  Na2CO3           -7.90      3.26   11.16  Na2CO3
  Na2CO3:7H2O      -6.69      3.25    9.94  Na2CO3:7H2O
  Na2O            -52.08     15.34   67.42  Na2O
  Nahcolite        -4.27     -4.41   -0.14  NaHCO3
  Natron           -6.34      3.24    9.59  Na2CO3:10H2O
  O2(g)           -10.56    -13.45   -2.89  O2
  Portlandite      -9.70     12.85   22.55  Ca(OH)2
  Thermonatrite    -7.68      3.26   10.94  Na2CO3:H2O

**For a gas, SI = log10(fugacity). Fugacity = pressure * phi / 1 atm.
  For ideal gases, phi = 1.

Reaction step 8.

Using solution 1.	
Using kinetics 1.	

Kinetics 1.	

	Time step: 1 seconds  (Incremented time: 8 seconds)

	Rate name       Delta Moles Total Moles   Reactant        Coefficient

	Calcite1         -3.304e-06   1.000e+01   CaCO3                     1

-----------------------------Solution composition------------------------------

	Elements           Molality       Moles

	C                 7.523e-04   7.523e-04
	Ca                5.194e-05   5.194e-05
	Cl                1.000e-01   1.000e-01
	Na                1.000e-01   1.000e-01

----------------------------Description of solution----------------------------

                                       pH  =   8.812      Charge balance
                                       pe  =   9.332      Adjusted to redox equilibrium
                          Density (g/cm³)  =   1.00117
                               Volume (L)  =   1.00471
                        Activity of water  =   0.997
                           Ionic strength  =   9.947e-02
                       Mass of water (kg)  =   1.000e+00
                 Total alkalinity (eq/kg)  =   7.993e-04
                       Total CO2 (mol/kg)  =   7.523e-04
                         Temperature (°C)  =  25.00
                  Electrical balance (eq)  =  -6.955e-04
 Percent error, 100*(Cat-|An|)/(Cat+|An|)  =  -0.35
                               Iterations  =  17
                                  Total H  = 1.110513e+02
                                  Total O  = 5.552757e+01

----------------------------Distribution of species----------------------------

                                               Log       Log       Log    mole V
   Species          Molality    Activity  Molality  Activity     Gamma   cm³/mol

   OH-             8.106e-06   6.231e-06    -5.091    -5.205    -0.114     -3.73
   H+              1.850e-09   1.541e-09    -8.733    -8.812    -0.079      0.00
   H2O             5.553e+01   9.966e-01     1.744    -0.001     0.000     18.07
C(-2)         0.000e+00
   C2H4            0.000e+00   0.000e+00  -213.634  -213.634     0.000     45.52
C(-3)         0.000e+00
   C2H6            0.000e+00   0.000e+00  -231.460  -231.460     0.000     51.20
C(-4)         0.000e+00
   CH4             0.000e+00   0.000e+00  -129.354  -129.354     0.000     37.32
C(2)          0.000e+00
   CO              0.000e+00   0.000e+00   -47.067   -47.067     0.000     33.62
C(4)          7.523e-04
   HCO3-           6.542e-04   5.079e-04    -3.184    -3.294    -0.110     24.83
   NaHCO3          5.580e-05   5.580e-05    -4.253    -4.253     0.000      1.80
   CO3-2           3.989e-05   1.462e-05    -4.399    -4.835    -0.436     -4.01
   CO2             1.779e-06   1.822e-06    -5.750    -5.740     0.010     33.24
   CaCO3           6.954e-07   6.954e-07    -6.158    -6.158     0.000    -15.66
   HCOO-           5.369e-40   4.127e-40   -39.270   -39.384    -0.114     26.39
   HCOOH           0.000e+00   0.000e+00   -44.382   -44.382     0.000     34.67
   CH2O            0.000e+00   0.000e+00   -85.260   -85.260     0.000     26.92
   CH3OH           0.000e+00   0.000e+00  -109.778  -109.778     0.000     38.18
   CH3COO-         0.000e+00   0.000e+00  -135.037  -135.143    -0.106     40.73
   NaCH3COO        0.000e+00   0.000e+00  -136.336  -136.336     0.000     48.21
   CaCH3COO+       0.000e+00   0.000e+00  -138.763  -138.873    -0.110     29.60
   CH3COOH         0.000e+00   0.000e+00  -139.183  -139.183     0.000     52.02
   CH3CH2OH        0.000e+00   0.000e+00  -208.029  -208.029     0.000     55.09
   Na(CH3COO)2-    0.000e+00   0.000e+00  -271.727  -271.837    -0.110    103.40
   Ca(CH3COO)2     0.000e+00   0.000e+00  -272.788  -272.788     0.000     82.12
   C3H8            0.000e+00   0.000e+00  -331.808  -331.808     0.000     65.51
Ca            5.194e-05
   Ca+2            5.080e-05   2.052e-05    -4.294    -4.688    -0.394    -17.44
   CaCO3           6.954e-07   6.954e-07    -6.158    -6.158     0.000    -15.66
   CaCl+           4.217e-07   3.274e-07    -6.375    -6.485    -0.110      6.01
   CaCl2           2.898e-08   2.898e-08    -7.538    -7.538     0.000     32.64
   CaCH3COO+       0.000e+00   0.000e+00  -138.763  -138.873    -0.110     29.60
   Ca(CH3COO)2     0.000e+00   0.000e+00  -272.788  -272.788     0.000     82.12
Cl(-1)        1.000e-01
   Cl-             9.898e-02   7.527e-02    -1.004    -1.123    -0.119     18.34
   NaCl            1.016e-03   1.016e-03    -2.993    -2.993     0.000     24.00
   CaCl+           4.217e-07   3.274e-07    -6.375    -6.485    -0.110      6.01
   CaCl2           2.898e-08   2.898e-08    -7.538    -7.538     0.000     32.64
   HCl             2.605e-11   2.605e-11   -10.584   -10.584     0.000     -1.96
Cl(1)         1.460e-23
   ClO-            1.460e-23   1.133e-23   -22.836   -22.946    -0.110      0.92
Cl(3)         2.801e-38
   ClO2-           2.801e-38   2.175e-38   -37.553   -37.663    -0.110     22.33
Cl(5)         3.864e-39
   ClO3-           3.864e-39   2.970e-39   -38.413   -38.527    -0.114     37.14
Cl(7)         0.000e+00
   ClO4-           0.000e+00   0.000e+00   -43.579   -43.694    -0.114     44.45
H(0)          7.990e-40
   H2              3.995e-40   4.091e-40   -39.398   -39.388     0.010     25.21
Na            1.000e-01
   Na+             9.893e-02   7.681e-02    -1.005    -1.115    -0.110     -1.09
   NaCl            1.016e-03   1.016e-03    -2.993    -2.993     0.000     24.00
   NaHCO3          5.580e-05   5.580e-05    -4.253    -4.253     0.000      1.80
   NaOH            8.256e-08   8.256e-08    -7.083    -7.083     0.000      3.50
   NaCH3COO        0.000e+00   0.000e+00  -136.336  -136.336     0.000     48.21
   Na(CH3COO)2-    0.000e+00   0.000e+00  -271.727  -271.837    -0.110    103.40
O(0)          7.378e-14
   O2              3.689e-14   3.778e-14   -13.433   -13.423     0.010     30.40
   HCOO-           5.369e-40   4.127e-40   -39.270   -39.384    -0.114     26.39
   HCOOH           0.000e+00   0.000e+00   -44.382   -44.382     0.000     34.67
   CH2O            0.000e+00   0.000e+00   -85.260   -85.260     0.000     26.92
   CH3OH           0.000e+00   0.000e+00  -109.778  -109.778     0.000     38.18
   CH3COO-         0.000e+00   0.000e+00  -135.037  -135.143    -0.106     40.73
   NaCH3COO        0.000e+00   0.000e+00  -136.336  -136.336     0.000     48.21
   CaCH3COO+       0.000e+00   0.000e+00  -138.763  -138.873    -0.110     29.60
   CH3COOH         0.000e+00   0.000e+00  -139.183  -139.183     0.000     52.02
   CH3CH2OH        0.000e+00   0.000e+00  -208.029  -208.029     0.000     55.09
   Na(CH3COO)2-    0.000e+00   0.000e+00  -271.727  -271.837    -0.110    103.40
   Ca(CH3COO)2     0.000e+00   0.000e+00  -272.788  -272.788     0.000     82.12
   C3H8            0.000e+00   0.000e+00  -331.808  -331.808     0.000     65.51

------------------------------Saturation indices-------------------------------

  Phase               SI** log IAP   log K(298 K,   1 atm)

  [(aro)-O-(aro)]  13.90     -6.71  -20.61  O
  Aragonite        -1.14      0.83    1.97  CaCO3
  C               -62.83      1.32   64.15  C
  C2H4(g)        -211.33   -213.63   -2.31  C2H4
  C2H6(g)        -228.54   -231.46   -2.92  C2H6
  C3H8(g)        -328.93   -331.81   -2.87  C3H8
  Ca             -120.19     19.65  139.83  Ca
  Calcite          -0.99      0.83    1.82  CaCO3
  CH4(g)         -126.51   -129.35   -2.84  CH4
  CO(g)           -44.07    -47.07   -3.00  CO
  CO2(g)           -4.28    -12.10   -7.83  CO2
  H2(g)           -36.29    -39.39   -3.10  H2
  H2O(g)           -1.59     -0.00    1.59  H2O
  Halite           -3.80     -2.24    1.56  NaCl
  Hydrophilite    -18.68     -6.93   11.75  CaCl2
  Ice              -0.14     -0.00    0.14  H2O
  KerogenC128    -9568.84   1164.6010733.44  C128H68O7
  KerogenC292    -23689.42   3129.1726818.59  C292H288O12
  KerogenC515    -42625.79   5473.1648098.95  C515H596O72
  Lime            -19.63     12.94   32.57  CaO
  Monohydrocalcite  -1.85      0.83    2.68  CaCO3:H2O
  Na              -56.32     11.05   67.37  Na
  Na2CO3           -7.87      3.29   11.16  Na2CO3
  Na2CO3:7H2O      -6.66      3.28    9.94  Na2CO3:7H2O
  Na2O            -52.02     15.39   67.42  Na2O
  Nahcolite        -4.27     -4.41   -0.14  NaHCO3
  Natron           -6.31      3.27    9.59  Na2CO3:10H2O
  O2(g)           -10.53    -13.42   -2.89  O2
  Portlandite      -9.61     12.93   22.55  Ca(OH)2
  Thermonatrite    -7.65      3.29   10.94  Na2CO3:H2O

**For a gas, SI = log10(fugacity). Fugacity = pressure * phi / 1 atm.
  For ideal gases, phi = 1.

Reaction step 9.

Using solution 1.	
Using kinetics 1.	

Kinetics 1.	

	Time step: 1 seconds  (Incremented time: 9 seconds)

	Rate name       Delta Moles Total Moles   Reactant        Coefficient

	Calcite1         -3.024e-06   1.000e+01   CaCO3                     1

-----------------------------Solution composition------------------------------

	Elements           Molality       Moles

	C                 7.554e-04   7.554e-04
	Ca                5.497e-05   5.497e-05
	Cl                1.000e-01   1.000e-01
	Na                1.000e-01   1.000e-01

----------------------------Description of solution----------------------------

                                       pH  =   8.837      Charge balance
                                       pe  =   9.304      Adjusted to redox equilibrium
                          Density (g/cm³)  =   1.00117
                               Volume (L)  =   1.00471
                        Activity of water  =   0.997
                           Ionic strength  =   9.948e-02
                       Mass of water (kg)  =   1.000e+00
                 Total alkalinity (eq/kg)  =   8.054e-04
                       Total CO2 (mol/kg)  =   7.554e-04
                         Temperature (°C)  =  25.00
                  Electrical balance (eq)  =  -6.955e-04
 Percent error, 100*(Cat-|An|)/(Cat+|An|)  =  -0.35
                               Iterations  =  17
                                  Total H  = 1.110513e+02
                                  Total O  = 5.552758e+01

----------------------------Distribution of species----------------------------

                                               Log       Log       Log    mole V
   Species          Molality    Activity  Molality  Activity     Gamma   cm³/mol

   OH-             8.579e-06   6.594e-06    -5.067    -5.181    -0.114     -3.73
   H+              1.748e-09   1.456e-09    -8.757    -8.837    -0.079      0.00
   H2O             5.553e+01   9.966e-01     1.744    -0.001     0.000     18.07
C(-2)         0.000e+00
   C2H4            0.000e+00   0.000e+00  -213.642  -213.642     0.000     45.52
C(-3)         0.000e+00
   C2H6            0.000e+00   0.000e+00  -231.461  -231.461     0.000     51.20
C(-4)         0.000e+00
   CH4             0.000e+00   0.000e+00  -129.351  -129.351     0.000     37.32
C(2)          0.000e+00
   CO              0.000e+00   0.000e+00   -47.085   -47.085     0.000     33.62
C(4)          7.554e-04
   HCO3-           6.548e-04   5.084e-04    -3.184    -3.294    -0.110     24.83
   NaHCO3          5.585e-05   5.585e-05    -4.253    -4.253     0.000      1.80
   CO3-2           4.225e-05   1.549e-05    -4.374    -4.810    -0.436     -4.01
   CO2             1.682e-06   1.723e-06    -5.774    -5.764     0.010     33.24
   CaCO3           7.789e-07   7.789e-07    -6.109    -6.109     0.000    -15.66
   HCOO-           5.459e-40   4.196e-40   -39.263   -39.377    -0.114     26.39
   HCOOH           0.000e+00   0.000e+00   -44.400   -44.400     0.000     34.67
   CH2O            0.000e+00   0.000e+00   -85.271   -85.271     0.000     26.92
   CH3OH           0.000e+00   0.000e+00  -109.782  -109.782     0.000     38.18
   CH3COO-         0.000e+00   0.000e+00  -135.033  -135.139    -0.106     40.73
   NaCH3COO        0.000e+00   0.000e+00  -136.332  -136.332     0.000     48.21
   CaCH3COO+       0.000e+00   0.000e+00  -138.736  -138.846    -0.110     29.60
   CH3COOH         0.000e+00   0.000e+00  -139.204  -139.204     0.000     52.02
   CH3CH2OH        0.000e+00   0.000e+00  -208.037  -208.037     0.000     55.09
   Na(CH3COO)2-    0.000e+00   0.000e+00  -271.720  -271.830    -0.110    103.40
   Ca(CH3COO)2     0.000e+00   0.000e+00  -272.757  -272.757     0.000     82.12
   C3H8            0.000e+00   0.000e+00  -331.812  -331.812     0.000     65.51
Ca            5.497e-05
   Ca+2            5.371e-05   2.170e-05    -4.270    -4.664    -0.394    -17.44
   CaCO3           7.789e-07   7.789e-07    -6.109    -6.109     0.000    -15.66
   CaCl+           4.459e-07   3.462e-07    -6.351    -6.461    -0.110      6.01
   CaCl2           3.065e-08   3.065e-08    -7.514    -7.514     0.000     32.64
   CaCH3COO+       0.000e+00   0.000e+00  -138.736  -138.846    -0.110     29.60
   Ca(CH3COO)2     0.000e+00   0.000e+00  -272.757  -272.757     0.000     82.12
Cl(-1)        1.000e-01
   Cl-             9.898e-02   7.527e-02    -1.004    -1.123    -0.119     18.34
   NaCl            1.016e-03   1.016e-03    -2.993    -2.993     0.000     24.00
   CaCl+           4.459e-07   3.462e-07    -6.351    -6.461    -0.110      6.01
   CaCl2           3.065e-08   3.065e-08    -7.514    -7.514     0.000     32.64
   HCl             2.462e-11   2.462e-11   -10.609   -10.609     0.000     -1.96
Cl(1)         1.437e-23
   ClO-            1.437e-23   1.116e-23   -22.843   -22.952    -0.110      0.92
Cl(3)         2.715e-38
   ClO2-           2.715e-38   2.108e-38   -37.566   -37.676    -0.110     22.33
Cl(5)         3.686e-39
   ClO3-           3.686e-39   2.834e-39   -38.433   -38.548    -0.114     37.14
Cl(7)         0.000e+00
   ClO4-           0.000e+00   0.000e+00   -43.607   -43.721    -0.114     44.45
H(0)          8.116e-40
   H2              4.058e-40   4.156e-40   -39.392   -39.381     0.010     25.21
Na            1.000e-01
   Na+             9.893e-02   7.681e-02    -1.005    -1.115    -0.110     -1.09
   NaCl            1.016e-03   1.016e-03    -2.993    -2.993     0.000     24.00
   NaHCO3          5.585e-05   5.585e-05    -4.253    -4.253     0.000      1.80
   NaOH            8.738e-08   8.738e-08    -7.059    -7.059     0.000      3.50
   NaCH3COO        0.000e+00   0.000e+00  -136.332  -136.332     0.000     48.21
   Na(CH3COO)2-    0.000e+00   0.000e+00  -271.720  -271.830    -0.110    103.40
O(0)          7.151e-14
   O2              3.575e-14   3.662e-14   -13.447   -13.436     0.010     30.40
   HCOO-           5.459e-40   4.196e-40   -39.263   -39.377    -0.114     26.39
   HCOOH           0.000e+00   0.000e+00   -44.400   -44.400     0.000     34.67
   CH2O            0.000e+00   0.000e+00   -85.271   -85.271     0.000     26.92
   CH3OH           0.000e+00   0.000e+00  -109.782  -109.782     0.000     38.18
   CH3COO-         0.000e+00   0.000e+00  -135.033  -135.139    -0.106     40.73
   NaCH3COO        0.000e+00   0.000e+00  -136.332  -136.332     0.000     48.21
   CaCH3COO+       0.000e+00   0.000e+00  -138.736  -138.846    -0.110     29.60
   CH3COOH         0.000e+00   0.000e+00  -139.204  -139.204     0.000     52.02
   CH3CH2OH        0.000e+00   0.000e+00  -208.037  -208.037     0.000     55.09
   Na(CH3COO)2-    0.000e+00   0.000e+00  -271.720  -271.830    -0.110    103.40
   Ca(CH3COO)2     0.000e+00   0.000e+00  -272.757  -272.757     0.000     82.12
   C3H8            0.000e+00   0.000e+00  -331.812  -331.812     0.000     65.51

------------------------------Saturation indices-------------------------------

  Phase               SI** log IAP   log K(298 K,   1 atm)

  [(aro)-O-(aro)]  13.89     -6.72  -20.61  O
  Aragonite        -1.09      0.88    1.97  CaCO3
  C               -62.84      1.31   64.15  C
  C2H4(g)        -211.34   -213.64   -2.31  C2H4
  C2H6(g)        -228.54   -231.46   -2.92  C2H6
  C3H8(g)        -328.94   -331.81   -2.87  C3H8
  Ca             -120.11     19.73  139.83  Ca
  Calcite          -0.95      0.88    1.82  CaCO3
  CH4(g)         -126.51   -129.35   -2.84  CH4
  CO(g)           -44.09    -47.08   -3.00  CO
  CO2(g)           -4.30    -12.13   -7.83  CO2
  H2(g)           -36.28    -39.38   -3.10  H2
  H2O(g)           -1.59     -0.00    1.59  H2O
  Halite           -3.80     -2.24    1.56  NaCl
  Hydrophilite    -18.66     -6.91   11.75  CaCl2
  Ice              -0.14     -0.00    0.14  H2O
  KerogenC128    -9570.01   1163.4310733.44  C128H68O7
  KerogenC292    -23691.61   3126.9826818.59  C292H288O12
  KerogenC515    -42629.71   5469.2448098.95  C515H596O72
  Lime            -19.56     13.01   32.57  CaO
  Monohydrocalcite  -1.80      0.88    2.68  CaCO3:H2O
  Na              -56.29     11.08   67.37  Na
  Na2CO3           -7.85      3.31   11.16  Na2CO3
  Na2CO3:7H2O      -6.64      3.30    9.94  Na2CO3:7H2O
  Na2O            -51.97     15.44   67.42  Na2O
  Nahcolite        -4.27     -4.41   -0.14  NaHCO3
  Natron           -6.29      3.30    9.59  Na2CO3:10H2O
  O2(g)           -10.54    -13.44   -2.89  O2
  Portlandite      -9.54     13.01   22.55  Ca(OH)2
  Thermonatrite    -7.62      3.31   10.94  Na2CO3:H2O

**For a gas, SI = log10(fugacity). Fugacity = pressure * phi / 1 atm.
  For ideal gases, phi = 1.

Reaction step 10.

Using solution 1.	
Using kinetics 1.	

Kinetics 1.	

	Time step: 1 seconds  (Incremented time: 10 seconds)

	Rate name       Delta Moles Total Moles   Reactant        Coefficient

	Calcite1         -2.789e-06   1.000e+01   CaCO3                     1

-----------------------------Solution composition------------------------------

	Elements           Molality       Moles

	C                 7.582e-04   7.582e-04
	Ca                5.776e-05   5.776e-05
	Cl                1.000e-01   1.000e-01
	Na                1.000e-01   1.000e-01

----------------------------Description of solution----------------------------

                                       pH  =   8.858      Charge balance
                                       pe  =   9.268      Adjusted to redox equilibrium
                          Density (g/cm³)  =   1.00117
                               Volume (L)  =   1.00471
                        Activity of water  =   0.997
                           Ionic strength  =   9.949e-02
                       Mass of water (kg)  =   1.000e+00
                 Total alkalinity (eq/kg)  =   8.110e-04
                       Total CO2 (mol/kg)  =   7.582e-04
                         Temperature (°C)  =  25.00
                  Electrical balance (eq)  =  -6.955e-04
 Percent error, 100*(Cat-|An|)/(Cat+|An|)  =  -0.35
                               Iterations  =  16
                                  Total H  = 1.110513e+02
                                  Total O  = 5.552759e+01

----------------------------Distribution of species----------------------------

                                               Log       Log       Log    mole V
   Species          Molality    Activity  Molality  Activity     Gamma   cm³/mol

   OH-             9.015e-06   6.929e-06    -5.045    -5.159    -0.114     -3.73
   H+              1.663e-09   1.386e-09    -8.779    -8.858    -0.079      0.00
   H2O             5.553e+01   9.966e-01     1.744    -0.001     0.000     18.07
C(-2)         0.000e+00
   C2H4            0.000e+00   0.000e+00  -213.514  -213.514     0.000     45.52
C(-3)         0.000e+00
   C2H6            0.000e+00   0.000e+00  -231.304  -231.304     0.000     51.20
C(-4)         0.000e+00
   CH4             0.000e+00   0.000e+00  -129.258  -129.258     0.000     37.32
C(2)          0.000e+00
   CO              0.000e+00   0.000e+00   -47.077   -47.077     0.000     33.62
C(4)          7.582e-04
   HCO3-           6.554e-04   5.088e-04    -3.184    -3.293    -0.110     24.83
   NaHCO3          5.590e-05   5.590e-05    -4.253    -4.253     0.000      1.80
   CO3-2           4.444e-05   1.629e-05    -4.352    -4.788    -0.436     -4.01
   CO2             1.602e-06   1.641e-06    -5.795    -5.785     0.010     33.24
   CaCO3           8.601e-07   8.601e-07    -6.065    -6.065     0.000    -15.66
   HCOO-           5.833e-40   4.484e-40   -39.234   -39.348    -0.114     26.39
   HCOOH           0.000e+00   0.000e+00   -44.392   -44.392     0.000     34.67
   CH2O            0.000e+00   0.000e+00   -85.235   -85.235     0.000     26.92
   CH3OH           0.000e+00   0.000e+00  -109.718  -109.718     0.000     38.18
   CH3COO-         0.000e+00   0.000e+00  -134.940  -135.046    -0.106     40.73
   NaCH3COO        0.000e+00   0.000e+00  -136.240  -136.240     0.000     48.21
   CaCH3COO+       0.000e+00   0.000e+00  -138.621  -138.731    -0.110     29.60
   CH3COOH         0.000e+00   0.000e+00  -139.133  -139.133     0.000     52.02
   CH3CH2OH        0.000e+00   0.000e+00  -207.908  -207.908     0.000     55.09
   Na(CH3COO)2-    0.000e+00   0.000e+00  -271.534  -271.644    -0.110    103.40
   Ca(CH3COO)2     0.000e+00   0.000e+00  -272.549  -272.549     0.000     82.12
   C3H8            0.000e+00   0.000e+00  -331.592  -331.592     0.000     65.51
Ca            5.776e-05
   Ca+2            5.640e-05   2.278e-05    -4.249    -4.642    -0.394    -17.44
   CaCO3           8.601e-07   8.601e-07    -6.065    -6.065     0.000    -15.66
   CaCl+           4.681e-07   3.634e-07    -6.330    -6.440    -0.110      6.01
   CaCl2           3.218e-08   3.218e-08    -7.492    -7.492     0.000     32.64
   CaCH3COO+       0.000e+00   0.000e+00  -138.621  -138.731    -0.110     29.60
   Ca(CH3COO)2     0.000e+00   0.000e+00  -272.549  -272.549     0.000     82.12
Cl(-1)        1.000e-01
   Cl-             9.898e-02   7.527e-02    -1.004    -1.123    -0.119     18.34
   NaCl            1.016e-03   1.016e-03    -2.993    -2.993     0.000     24.00
   CaCl+           4.681e-07   3.634e-07    -6.330    -6.440    -0.110      6.01
   CaCl2           3.218e-08   3.218e-08    -7.492    -7.492     0.000     32.64
   HCl             2.343e-11   2.343e-11   -10.630   -10.630     0.000     -1.96
Cl(1)         1.346e-23
   ClO-            1.346e-23   1.045e-23   -22.871   -22.981    -0.110      0.92
Cl(3)         2.381e-38
   ClO2-           2.381e-38   1.849e-38   -37.623   -37.733    -0.110     22.33
Cl(5)         3.029e-39
   ClO3-           3.029e-39   2.328e-39   -38.519   -38.633    -0.114     37.14
Cl(7)         0.000e+00
   ClO4-           0.000e+00   0.000e+00   -43.720   -43.835    -0.114     44.45
H(0)          8.665e-40
   H2              4.333e-40   4.437e-40   -39.363   -39.353     0.010     25.21
Na            1.000e-01
   Na+             9.893e-02   7.680e-02    -1.005    -1.115    -0.110     -1.09
   NaCl            1.016e-03   1.016e-03    -2.993    -2.993     0.000     24.00
   NaHCO3          5.590e-05   5.590e-05    -4.253    -4.253     0.000      1.80
   NaOH            9.182e-08   9.182e-08    -7.037    -7.037     0.000      3.50
   NaCH3COO        0.000e+00   0.000e+00  -136.240  -136.240     0.000     48.21
   Na(CH3COO)2-    0.000e+00   0.000e+00  -271.534  -271.644    -0.110    103.40
O(0)          6.273e-14
   O2              3.136e-14   3.212e-14   -13.504   -13.493     0.010     30.40
   HCOO-           5.833e-40   4.484e-40   -39.234   -39.348    -0.114     26.39
   HCOOH           0.000e+00   0.000e+00   -44.392   -44.392     0.000     34.67
   CH2O            0.000e+00   0.000e+00   -85.235   -85.235     0.000     26.92
   CH3OH           0.000e+00   0.000e+00  -109.718  -109.718     0.000     38.18
   CH3COO-         0.000e+00   0.000e+00  -134.940  -135.046    -0.106     40.73
   NaCH3COO        0.000e+00   0.000e+00  -136.240  -136.240     0.000     48.21
   CaCH3COO+       0.000e+00   0.000e+00  -138.621  -138.731    -0.110     29.60
   CH3COOH         0.000e+00   0.000e+00  -139.133  -139.133     0.000     52.02
   CH3CH2OH        0.000e+00   0.000e+00  -207.908  -207.908     0.000     55.09
   Na(CH3COO)2-    0.000e+00   0.000e+00  -271.534  -271.644    -0.110    103.40
   Ca(CH3COO)2     0.000e+00   0.000e+00  -272.549  -272.549     0.000     82.12
   C3H8            0.000e+00   0.000e+00  -331.592  -331.592     0.000     65.51

------------------------------Saturation indices-------------------------------

  Phase               SI** log IAP   log K(298 K,   1 atm)

  [(aro)-O-(aro)]  13.86     -6.75  -20.61  O
  Aragonite        -1.05      0.92    1.97  CaCO3
  C               -62.80      1.34   64.15  C
  C2H4(g)        -211.21   -213.51   -2.31  C2H4
  C2H6(g)        -228.39   -231.30   -2.92  C2H6
  C3H8(g)        -328.72   -331.59   -2.87  C3H8
  Ca             -120.01     19.82  139.83  Ca
  Calcite          -0.90      0.92    1.82  CaCO3
  CH4(g)         -126.42   -129.26   -2.84  CH4
  CO(g)           -44.08    -47.08   -3.00  CO
  CO2(g)           -4.32    -12.15   -7.83  CO2
  H2(g)           -36.25    -39.35   -3.10  H2
  H2O(g)           -1.59     -0.00    1.59  H2O
  Halite           -3.80     -2.24    1.56  NaCl
  Hydrophilite    -18.63     -6.89   11.75  CaCl2
  Ice              -0.14     -0.00    0.14  H2O
  KerogenC128    -9564.67   1168.7710733.44  C128H68O7
  KerogenC292    -23677.43   3141.1626818.59  C292H288O12
  KerogenC515    -42604.88   5494.0748098.95  C515H596O72
  Lime            -19.50     13.07   32.57  CaO
  Monohydrocalcite  -1.76      0.92    2.68  CaCO3:H2O
  Na              -56.25     11.12   67.37  Na
  Na2CO3           -7.83      3.34   11.16  Na2CO3
  Na2CO3:7H2O      -6.61      3.33    9.94  Na2CO3:7H2O
  Na2O            -51.93     15.49   67.42  Na2O
  Nahcolite        -4.27     -4.41   -0.14  NaHCO3
  Natron           -6.27      3.32    9.59  Na2CO3:10H2O
  O2(g)           -10.60    -13.49   -2.89  O2
  Portlandite      -9.48     13.07   22.55  Ca(OH)2
  Thermonatrite    -7.60      3.33   10.94  Na2CO3:H2O

**For a gas, SI = log10(fugacity). Fugacity = pressure * phi / 1 atm.
  For ideal gases, phi = 1.

------------------
End of simulation.
------------------

------------------------------------
Reading input data for simulation 3.
------------------------------------

	SELECTED_OUTPUT 1
	    file                 selected_output_CDK_1.sel
	    time                 true
	    totals               Ca
	    molalities           CaCO3
	    activities           Ca+2  CO3-2
	    kinetic_reactants    Calcite
	    inverse_modeling     false
	    active               true
	    user_punch           true
	USER_PUNCH 1
	    headings Calcite_Dissolution
	    start
	10 PUNCH KIN_DELTA("CaCO3")/KIN_TIME
	20 PUNCH TOTAL_TIME
	30 PUNCH MU
	40 PUNCH -LA("H+")
	50 PUNCH SI("Calcite")
	    end
------------------
End of simulation.
------------------

------------------------------------
Reading input data for simulation 4.
------------------------------------

----------------------------------
End of Run after 0.035808 Seconds.
----------------------------------

