   Input file: /Users/marc/Documents/Research/2017-2019_NPMP/Git/ExoCcycleGeo/ExoCcycleGeo/PHREEQC-3.1.2/io/InputFile_mod3.pqi
  Output file: /Users/marc/Documents/Research/2017-2019_NPMP/Git/ExoCcycleGeo/ExoCcycleGeo/PHREEQC-3.1.2/io/InputFile_mod3.pqi.out
Database file: /Users/marc/Documents/Research/2017-2019_NPMP/Git/ExoCcycleGeo/ExoCcycleGeo/PHREEQC-3.1.2/core10.dat

------------------
Reading data base.
------------------

	LLNL_AQUEOUS_MODEL_PARAMETERS
	SOLUTION_MASTER_SPECIES
	SOLUTION_SPECIES
	PHASES
------------------------------------
Reading input data for simulation 1.
------------------------------------

	TITLE Kinetic quartz dissolution
	RATESQuartz-start
	1 REM dQu/dt = -k * (1 - Î©Quartz). k = 10^-13.7 mol/m2/s (25 C)
	2 REM parm(1) = A (m2), parm(2) = V (dm3) recalculate to mol/dm3/s10 moles = parm(1) / parm(2) * (m/m0)^0.67 * 10^-13.7 * (1 - SR("Quartz"))20 SAVE moles * TIME     # integrate. save and time must be in rate definition. moles count positive when added to solution-end
	END
-----
TITLE
-----

 Kinetic quartz dissolution

------------------
End of simulation.
------------------

------------------------------------
Reading input data for simulation 2.
------------------------------------

	KINETICS
	Quartz
	formula SiO2
	    m0       102.7
	    parms    22.7 0.162
	    tol      1e-8
	    steps        1.58e8 in 10 steps
	INCREMENTAL_REACTIONS true
	SOLUTION 1 Pure water
	pH 7
	Si 0.001
-------------------------------------------
Beginning of initial solution calculations.
-------------------------------------------

Initial solution 1.	Pure water

-----------------------------Solution composition------------------------------

	Elements           Molality       Moles

	Si                1.000e-06   1.000e-06

----------------------------Description of solution----------------------------

                                       pH  =   7.000    
                                       pe  =   4.000    
                          Density (g/cm³)  =   0.99704
                               Volume (L)  =   1.00297
                        Activity of water  =   1.000
                           Ionic strength  =   9.878e-08
                       Mass of water (kg)  =   1.000e+00
                 Total alkalinity (eq/kg)  =  -2.512e-09
                    Total carbon (mol/kg)  =   0.000e+00
                       Total CO2 (mol/kg)  =   0.000e+00
                         Temperature (°C)  =  25.00
                  Electrical balance (eq)  =   2.512e-09
 Percent error, 100*(Cat-|An|)/(Cat+|An|)  =   1.27
                               Iterations  =   2
                                  Total H  = 1.110507e+02
                                  Total O  = 5.552533e+01

----------------------------Distribution of species----------------------------

                                               Log       Log       Log    mole V
   Species          Molality    Activity  Molality  Activity     Gamma   cm³/mol

   H+              1.000e-07   1.000e-07    -7.000    -7.000    -0.000      0.00
   OH-             9.638e-08   9.635e-08    -7.016    -7.016    -0.000     -4.14
   H2O             5.553e+01   1.000e+00     1.744    -0.000     0.000     18.07
H(0)          1.587e-25
   H2              7.935e-26   7.935e-26   -25.100   -25.100     0.000     25.21
O(0)          0.000e+00
   O2              0.000e+00   0.000e+00   -41.995   -41.995     0.000     30.40
Si            1.000e-06
   SiO2            9.989e-07   9.989e-07    -6.000    -6.000     0.000     16.10
   HSiO3-          1.141e-09   1.141e-09    -8.943    -8.943    -0.000      4.92

------------------------------Saturation indices-------------------------------

  Phase               SI** log IAP   log K(298 K,   1 atm)

  [(aro)-O-(aro)]  -0.39    -21.00  -20.61  O
  Chalcedony       -2.24     -6.00   -3.76  SiO2
  Coesite          -2.78     -6.00   -3.22  SiO2
  Cristobalite(alpha)  -2.52     -6.00   -3.48  SiO2
  Cristobalite(beta)  -2.97     -6.00   -3.03  SiO2
  H2(g)           -22.00    -25.10   -3.10  H2
  H2O(g)           -1.59     -0.00    1.59  H2O
  Ice              -0.14     -0.00    0.14  H2O
  O2(g)           -39.10    -42.00   -2.89  O2
  Quartz           -1.97     -6.00   -4.03  SiO2
  Si             -112.87     35.99  148.86  Si
  SiO2(am)         -3.26     -6.00   -2.74  SiO2
  Tridymite        -2.16     -6.00   -3.84  SiO2

**For a gas, SI = log10(fugacity). Fugacity = pressure * phi / 1 atm.
  For ideal gases, phi = 1.

-----------------------------------------
Beginning of batch-reaction calculations.
-----------------------------------------

Reaction step 1.

ERROR: Rate not found for Quartz
Stopping.
