   Input file: /Users/marc/Documents/Research/2017-2019_NPMP/Git/ExoCcycleGeo/ExoCcycleGeo/PHREEQC-3.1.2/io/InputFile_mod2.pqi
  Output file: /Users/marc/Documents/Research/2017-2019_NPMP/Git/ExoCcycleGeo/ExoCcycleGeo/PHREEQC-3.1.2/io/InputFile_mod2.pqi.out
Database file: /Users/marc/Documents/Research/2017-2019_NPMP/Git/ExoCcycleGeo/ExoCcycleGeo/PHREEQC-3.1.2/core10.dat

------------------
Reading data base.
------------------

	LLNL_AQUEOUS_MODEL_PARAMETERS
	SOLUTION_MASTER_SPECIES
	SOLUTION_SPECIES
	PHASES
------------------------------------
Reading input data for simulation 1.
------------------------------------

	TITLE Kinetic quartz dissolution
	RATES
	Quartz
	start
	1 REM dQu/dt = -k * (1 - Î©Quartz). k = 10^-13.7 mol/m2/s (25 C)
	2 REM parm(1) = A (m2), parm(2) = V (dm3) recalculate to mol/dm3/s
	10 moles = parm(1) / parm(2) * (m/m0)^0.67 * 10^-13.7 * (1 - SR("Quartz"))
	20 SAVE moles * TIME     # integrate. save and time must be in rate definition. moles count positive when added to solution
	end
	END
-----
TITLE
-----

 Kinetic quartz dissolution

------------------
End of simulation.
------------------

------------------------------------
Reading input data for simulation 2.
------------------------------------

	KINETICS
	Quartz
	formula SiO2
	    m0       102.7
	    parms    22.7 0.162
	    tol      1e-8
	    steps        1.58e8 in 10 steps
	INCREMENTAL_REACTIONS true
	SOLUTION 1 Pure water
	pH 7
	Si 0.001
-------------------------------------------
Beginning of initial solution calculations.
-------------------------------------------

Initial solution 1.	Pure water

-----------------------------Solution composition------------------------------

	Elements           Molality       Moles

	Si                1.000e-06   1.000e-06

----------------------------Description of solution----------------------------

                                       pH  =   7.000    
                                       pe  =   4.000    
                          Density (g/cm³)  =   0.99704
                               Volume (L)  =   1.00297
                        Activity of water  =   1.000
                           Ionic strength  =   9.878e-08
                       Mass of water (kg)  =   1.000e+00
                 Total alkalinity (eq/kg)  =  -2.512e-09
                    Total carbon (mol/kg)  =   0.000e+00
                       Total CO2 (mol/kg)  =   0.000e+00
                         Temperature (°C)  =  25.00
                  Electrical balance (eq)  =   2.512e-09
 Percent error, 100*(Cat-|An|)/(Cat+|An|)  =   1.27
                               Iterations  =   2
                                  Total H  = 1.110507e+02
                                  Total O  = 5.552533e+01

----------------------------Distribution of species----------------------------

                                               Log       Log       Log    mole V
   Species          Molality    Activity  Molality  Activity     Gamma   cm³/mol

   H+              1.000e-07   1.000e-07    -7.000    -7.000    -0.000      0.00
   OH-             9.638e-08   9.635e-08    -7.016    -7.016    -0.000     -4.14
   H2O             5.553e+01   1.000e+00     1.744    -0.000     0.000     18.07
H(0)          1.587e-25
   H2              7.935e-26   7.935e-26   -25.100   -25.100     0.000     25.21
O(0)          0.000e+00
   O2              0.000e+00   0.000e+00   -41.995   -41.995     0.000     30.40
Si            1.000e-06
   SiO2            9.989e-07   9.989e-07    -6.000    -6.000     0.000     16.10
   HSiO3-          1.141e-09   1.141e-09    -8.943    -8.943    -0.000      4.92

------------------------------Saturation indices-------------------------------

  Phase               SI** log IAP   log K(298 K,   1 atm)

  [(aro)-O-(aro)]  -0.39    -21.00  -20.61  O
  Chalcedony       -2.24     -6.00   -3.76  SiO2
  Coesite          -2.78     -6.00   -3.22  SiO2
  Cristobalite(alpha)  -2.52     -6.00   -3.48  SiO2
  Cristobalite(beta)  -2.97     -6.00   -3.03  SiO2
  H2(g)           -22.00    -25.10   -3.10  H2
  H2O(g)           -1.59     -0.00    1.59  H2O
  Ice              -0.14     -0.00    0.14  H2O
  O2(g)           -39.10    -42.00   -2.89  O2
  Quartz           -1.97     -6.00   -4.03  SiO2
  Si             -112.87     35.99  148.86  Si
  SiO2(am)         -3.26     -6.00   -2.74  SiO2
  Tridymite        -2.16     -6.00   -3.84  SiO2

**For a gas, SI = log10(fugacity). Fugacity = pressure * phi / 1 atm.
  For ideal gases, phi = 1.

-----------------------------------------
Beginning of batch-reaction calculations.
-----------------------------------------

Reaction step 1.

Using solution 1.	Pure water
Using kinetics 1.	

Kinetics 1.	

	Time step: 1.58e+07 seconds  (Incremented time: 1.58e+07 seconds)

	Rate name       Delta Moles Total Moles   Reactant        Coefficient

	Quartz           -3.486e-05   1.027e+02   SiO2                      1

-----------------------------Solution composition------------------------------

	Elements           Molality       Moles

	Si                3.586e-05   3.586e-05

----------------------------Description of solution----------------------------

                                       pH  =   6.927      Charge balance
                                       pe  =  10.832      Adjusted to redox equilibrium
                          Density (g/cm³)  =   0.99704
                               Volume (L)  =   1.00297
                        Activity of water  =   1.000
                           Ionic strength  =   1.172e-07
                       Mass of water (kg)  =   1.000e+00
                 Total alkalinity (eq/kg)  =  -2.512e-09
                    Total carbon (mol/kg)  =   0.000e+00
                       Total CO2 (mol/kg)  =   0.000e+00
                         Temperature (°C)  =  25.00
                  Electrical balance (eq)  =   2.512e-09
 Percent error, 100*(Cat-|An|)/(Cat+|An|)  =   1.07
                               Iterations  =  68
                                  Total H  = 1.110507e+02
                                  Total O  = 5.552540e+01

----------------------------Distribution of species----------------------------

                                               Log       Log       Log    mole V
   Species          Molality    Activity  Molality  Activity     Gamma   cm³/mol

   H+              1.185e-07   1.184e-07    -6.926    -6.927    -0.000      0.00
   OH-             8.139e-08   8.136e-08    -7.089    -7.090    -0.000     -4.14
   H2O             5.553e+01   1.000e+00     1.744    -0.000     0.000     18.07
H(0)          4.835e-39
   H2              2.417e-39   2.417e-39   -38.617   -38.617     0.000     25.21
O(0)          2.180e-15
   O2              1.090e-15   1.090e-15   -14.963   -14.963     0.000     30.40
Si            3.586e-05
   SiO2            3.583e-05   3.583e-05    -4.446    -4.446     0.000     16.10
   HSiO3-          3.457e-08   3.456e-08    -7.461    -7.461    -0.000      4.92

------------------------------Saturation indices-------------------------------

  Phase               SI** log IAP   log K(298 K,   1 atm)

  [(aro)-O-(aro)]  13.13     -7.48  -20.61  O
  Chalcedony       -0.69     -4.45   -3.76  SiO2
  Coesite          -1.23     -4.45   -3.22  SiO2
  Cristobalite(alpha)  -0.97     -4.45   -3.48  SiO2
  Cristobalite(beta)  -1.41     -4.45   -3.03  SiO2
  H2(g)           -35.52    -38.62   -3.10  H2
  H2O(g)           -1.59     -0.00    1.59  H2O
  Ice              -0.14     -0.00    0.14  H2O
  O2(g)           -12.07    -14.96   -2.89  O2
  Quartz           -0.42     -4.45   -4.03  SiO2
  Si             -138.34     10.52  148.86  Si
  SiO2(am)         -1.70     -4.45   -2.74  SiO2
  Tridymite        -0.60     -4.45   -3.84  SiO2

**For a gas, SI = log10(fugacity). Fugacity = pressure * phi / 1 atm.
  For ideal gases, phi = 1.

Reaction step 2.

Using solution 1.	Pure water
Using kinetics 1.	

Kinetics 1.	

	Time step: 1.58e+07 seconds  (Incremented time: 3.16e+07 seconds)

	Rate name       Delta Moles Total Moles   Reactant        Coefficient

	Quartz           -2.178e-05   1.027e+02   SiO2                      1

-----------------------------Solution composition------------------------------

	Elements           Molality       Moles

	Si                5.764e-05   5.764e-05

----------------------------Description of solution----------------------------

                                       pH  =   6.891      Charge balance
                                       pe  =  11.035      Adjusted to redox equilibrium
                          Density (g/cm³)  =   0.99705
                               Volume (L)  =   1.00297
                        Activity of water  =   1.000
                           Ionic strength  =   1.274e-07
                       Mass of water (kg)  =   1.000e+00
                 Total alkalinity (eq/kg)  =  -2.512e-09
                    Total carbon (mol/kg)  =   0.000e+00
                       Total CO2 (mol/kg)  =   0.000e+00
                         Temperature (°C)  =  25.00
                  Electrical balance (eq)  =   2.512e-09
 Percent error, 100*(Cat-|An|)/(Cat+|An|)  =   0.99
                               Iterations  =  23
                                  Total H  = 1.110507e+02
                                  Total O  = 5.552544e+01

----------------------------Distribution of species----------------------------

                                               Log       Log       Log    mole V
   Species          Molality    Activity  Molality  Activity     Gamma   cm³/mol

   H+              1.286e-07   1.286e-07    -6.891    -6.891    -0.000      0.00
   OH-             7.496e-08   7.493e-08    -7.125    -7.125    -0.000     -4.14
   H2O             5.553e+01   1.000e+00     1.744    -0.000     0.000     18.07
H(0)          2.237e-39
   H2              1.118e-39   1.118e-39   -38.951   -38.951     0.000     25.21
O(0)          1.018e-14
   O2              5.092e-15   5.092e-15   -14.293   -14.293     0.000     30.40
Si            5.764e-05
   SiO2            5.759e-05   5.759e-05    -4.240    -4.240     0.000     16.10
   HSiO3-          5.117e-08   5.115e-08    -7.291    -7.291    -0.000      4.92

------------------------------Saturation indices-------------------------------

  Phase               SI** log IAP   log K(298 K,   1 atm)

  [(aro)-O-(aro)]  13.46     -7.15  -20.61  O
  Chalcedony       -0.48     -4.24   -3.76  SiO2
  Coesite          -1.02     -4.24   -3.22  SiO2
  Cristobalite(alpha)  -0.76     -4.24   -3.48  SiO2
  Cristobalite(beta)  -1.21     -4.24   -3.03  SiO2
  H2(g)           -35.85    -38.95   -3.10  H2
  H2O(g)           -1.59     -0.00    1.59  H2O
  Ice              -0.14     -0.00    0.14  H2O
  O2(g)           -11.40    -14.29   -2.89  O2
  Quartz           -0.21     -4.24   -4.03  SiO2
  Si             -138.81     10.05  148.86  Si
  SiO2(am)         -1.50     -4.24   -2.74  SiO2
  Tridymite        -0.40     -4.24   -3.84  SiO2

**For a gas, SI = log10(fugacity). Fugacity = pressure * phi / 1 atm.
  For ideal gases, phi = 1.

Reaction step 3.

Using solution 1.	Pure water
Using kinetics 1.	

Kinetics 1.	

	Time step: 1.58e+07 seconds  (Incremented time: 4.74e+07 seconds)

	Rate name       Delta Moles Total Moles   Reactant        Coefficient

	Quartz           -1.360e-05   1.027e+02   SiO2                      1

-----------------------------Solution composition------------------------------

	Elements           Molality       Moles

	Si                7.124e-05   7.124e-05

----------------------------Description of solution----------------------------

                                       pH  =   6.871      Charge balance
                                       pe  =  10.907      Adjusted to redox equilibrium
                          Density (g/cm³)  =   0.99705
                               Volume (L)  =   1.00297
                        Activity of water  =   1.000
                           Ionic strength  =   1.333e-07
                       Mass of water (kg)  =   1.000e+00
                 Total alkalinity (eq/kg)  =  -2.512e-09
                    Total carbon (mol/kg)  =   0.000e+00
                       Total CO2 (mol/kg)  =   0.000e+00
                         Temperature (°C)  =  25.00
                  Electrical balance (eq)  =   2.512e-09
 Percent error, 100*(Cat-|An|)/(Cat+|An|)  =   0.94
                               Iterations  =  32
                                  Total H  = 1.110507e+02
                                  Total O  = 5.552547e+01

----------------------------Distribution of species----------------------------

                                               Log       Log       Log    mole V
   Species          Molality    Activity  Molality  Activity     Gamma   cm³/mol

   H+              1.346e-07   1.345e-07    -6.871    -6.871    -0.000      0.00
   OH-             7.164e-08   7.161e-08    -7.145    -7.145    -0.000     -4.14
   H2O             5.553e+01   1.000e+00     1.744    -0.000     0.000     18.07
H(0)          4.407e-39
   H2              2.203e-39   2.203e-39   -38.657   -38.657     0.000     25.21
O(0)          2.623e-15
   O2              1.312e-15   1.312e-15   -14.882   -14.882     0.000     30.40
Si            7.124e-05
   SiO2            7.118e-05   7.118e-05    -4.148    -4.148     0.000     16.10
   HSiO3-          6.045e-08   6.043e-08    -7.219    -7.219    -0.000      4.92

------------------------------Saturation indices-------------------------------

  Phase               SI** log IAP   log K(298 K,   1 atm)

  [(aro)-O-(aro)]  13.17     -7.44  -20.61  O
  Chalcedony       -0.39     -4.15   -3.76  SiO2
  Coesite          -0.93     -4.15   -3.22  SiO2
  Cristobalite(alpha)  -0.67     -4.15   -3.48  SiO2
  Cristobalite(beta)  -1.11     -4.15   -3.03  SiO2
  H2(g)           -35.56    -38.66   -3.10  H2
  H2O(g)           -1.59     -0.00    1.59  H2O
  Ice              -0.14     -0.00    0.14  H2O
  O2(g)           -11.99    -14.88   -2.89  O2
  Quartz           -0.12     -4.15   -4.03  SiO2
  Si             -138.13     10.73  148.86  Si
  SiO2(am)         -1.40     -4.15   -2.74  SiO2
  Tridymite        -0.31     -4.15   -3.84  SiO2

**For a gas, SI = log10(fugacity). Fugacity = pressure * phi / 1 atm.
  For ideal gases, phi = 1.

Reaction step 4.

Using solution 1.	Pure water
Using kinetics 1.	

Kinetics 1.	

	Time step: 1.58e+07 seconds  (Incremented time: 6.32e+07 seconds)

	Rate name       Delta Moles Total Moles   Reactant        Coefficient

	Quartz           -8.494e-06   1.027e+02   SiO2                      1

-----------------------------Solution composition------------------------------

	Elements           Molality       Moles

	Si                7.973e-05   7.973e-05

----------------------------Description of solution----------------------------

                                       pH  =   6.860      Charge balance
                                       pe  =  10.953      Adjusted to redox equilibrium
                          Density (g/cm³)  =   0.99705
                               Volume (L)  =   1.00297
                        Activity of water  =   1.000
                           Ionic strength  =   1.369e-07
                       Mass of water (kg)  =   1.000e+00
                 Total alkalinity (eq/kg)  =  -2.512e-09
                    Total carbon (mol/kg)  =   0.000e+00
                       Total CO2 (mol/kg)  =   0.000e+00
                         Temperature (°C)  =  25.00
                  Electrical balance (eq)  =   2.512e-09
 Percent error, 100*(Cat-|An|)/(Cat+|An|)  =   0.92
                               Iterations  =  18
                                  Total H  = 1.110507e+02
                                  Total O  = 5.552548e+01

----------------------------Distribution of species----------------------------

                                               Log       Log       Log    mole V
   Species          Molality    Activity  Molality  Activity     Gamma   cm³/mol

   H+              1.382e-07   1.381e-07    -6.860    -6.860    -0.000      0.00
   OH-             6.978e-08   6.975e-08    -7.156    -7.156    -0.000     -4.14
   H2O             5.553e+01   1.000e+00     1.744    -0.000     0.000     18.07
H(0)          3.766e-39
   H2              1.883e-39   1.883e-39   -38.725   -38.725     0.000     25.21
O(0)          3.592e-15
   O2              1.796e-15   1.796e-15   -14.746   -14.746     0.000     30.40
Si            7.973e-05
   SiO2            7.967e-05   7.967e-05    -4.099    -4.099     0.000     16.10
   HSiO3-          6.590e-08   6.587e-08    -7.181    -7.181    -0.000      4.92

------------------------------Saturation indices-------------------------------

  Phase               SI** log IAP   log K(298 K,   1 atm)

  [(aro)-O-(aro)]  13.24     -7.37  -20.61  O
  Chalcedony       -0.34     -4.10   -3.76  SiO2
  Coesite          -0.88     -4.10   -3.22  SiO2
  Cristobalite(alpha)  -0.62     -4.10   -3.48  SiO2
  Cristobalite(beta)  -1.07     -4.10   -3.03  SiO2
  H2(g)           -35.62    -38.73   -3.10  H2
  H2O(g)           -1.59     -0.00    1.59  H2O
  Ice              -0.14     -0.00    0.14  H2O
  O2(g)           -11.85    -14.75   -2.89  O2
  Quartz           -0.07     -4.10   -4.03  SiO2
  Si             -138.21     10.65  148.86  Si
  SiO2(am)         -1.36     -4.10   -2.74  SiO2
  Tridymite        -0.26     -4.10   -3.84  SiO2

**For a gas, SI = log10(fugacity). Fugacity = pressure * phi / 1 atm.
  For ideal gases, phi = 1.

Reaction step 5.

Using solution 1.	Pure water
Using kinetics 1.	

Kinetics 1.	

	Time step: 1.58e+07 seconds  (Incremented time: 7.9e+07 seconds)

	Rate name       Delta Moles Total Moles   Reactant        Coefficient

	Quartz           -5.305e-06   1.027e+02   SiO2                      1

-----------------------------Solution composition------------------------------

	Elements           Molality       Moles

	Si                8.504e-05   8.504e-05

----------------------------Description of solution----------------------------

                                       pH  =   6.853      Charge balance
                                       pe  =  11.056      Adjusted to redox equilibrium
                          Density (g/cm³)  =   0.99705
                               Volume (L)  =   1.00297
                        Activity of water  =   1.000
                           Ionic strength  =   1.391e-07
                       Mass of water (kg)  =   1.000e+00
                 Total alkalinity (eq/kg)  =  -2.512e-09
                    Total carbon (mol/kg)  =   0.000e+00
                       Total CO2 (mol/kg)  =   0.000e+00
                         Temperature (°C)  =  25.00
                  Electrical balance (eq)  =   2.512e-09
 Percent error, 100*(Cat-|An|)/(Cat+|An|)  =   0.90
                               Iterations  =  17
                                  Total H  = 1.110507e+02
                                  Total O  = 5.552550e+01

----------------------------Distribution of species----------------------------

                                               Log       Log       Log    mole V
   Species          Molality    Activity  Molality  Activity     Gamma   cm³/mol

   H+              1.404e-07   1.403e-07    -6.853    -6.853    -0.000      0.00
   OH-             6.869e-08   6.866e-08    -7.163    -7.163    -0.000     -4.14
   H2O             5.553e+01   1.000e+00     1.744    -0.000     0.000     18.07
H(0)          2.416e-39
   H2              1.208e-39   1.208e-39   -38.918   -38.918     0.000     25.21
O(0)          8.728e-15
   O2              4.364e-15   4.364e-15   -14.360   -14.360     0.000     30.40
Si            8.504e-05
   SiO2            8.497e-05   8.497e-05    -4.071    -4.071     0.000     16.10
   HSiO3-          6.919e-08   6.916e-08    -7.160    -7.160    -0.000      4.92

------------------------------Saturation indices-------------------------------

  Phase               SI** log IAP   log K(298 K,   1 atm)

  [(aro)-O-(aro)]  13.43     -7.18  -20.61  O
  Chalcedony       -0.31     -4.07   -3.76  SiO2
  Coesite          -0.85     -4.07   -3.22  SiO2
  Cristobalite(alpha)  -0.59     -4.07   -3.48  SiO2
  Cristobalite(beta)  -1.04     -4.07   -3.03  SiO2
  H2(g)           -35.82    -38.92   -3.10  H2
  H2O(g)           -1.59     -0.00    1.59  H2O
  Ice              -0.14     -0.00    0.14  H2O
  O2(g)           -11.47    -14.36   -2.89  O2
  Quartz           -0.04     -4.07   -4.03  SiO2
  Si             -138.57     10.29  148.86  Si
  SiO2(am)         -1.33     -4.07   -2.74  SiO2
  Tridymite        -0.23     -4.07   -3.84  SiO2

**For a gas, SI = log10(fugacity). Fugacity = pressure * phi / 1 atm.
  For ideal gases, phi = 1.

Reaction step 6.

Using solution 1.	Pure water
Using kinetics 1.	

Kinetics 1.	

	Time step: 1.58e+07 seconds  (Incremented time: 9.48e+07 seconds)

	Rate name       Delta Moles Total Moles   Reactant        Coefficient

	Quartz           -3.313e-06   1.027e+02   SiO2                      1

-----------------------------Solution composition------------------------------

	Elements           Molality       Moles

	Si                8.835e-05   8.835e-05

----------------------------Description of solution----------------------------

                                       pH  =   6.849      Charge balance
                                       pe  =  10.406      Adjusted to redox equilibrium
                          Density (g/cm³)  =   0.99705
                               Volume (L)  =   1.00297
                        Activity of water  =   1.000
                           Ionic strength  =   1.405e-07
                       Mass of water (kg)  =   1.000e+00
                 Total alkalinity (eq/kg)  =  -2.512e-09
                    Total carbon (mol/kg)  =   0.000e+00
                       Total CO2 (mol/kg)  =   0.000e+00
                         Temperature (°C)  =  25.00
                  Electrical balance (eq)  =   2.512e-09
 Percent error, 100*(Cat-|An|)/(Cat+|An|)  =   0.89
                               Iterations  =  16
                                  Total H  = 1.110507e+02
                                  Total O  = 5.552550e+01

----------------------------Distribution of species----------------------------

                                               Log       Log       Log    mole V
   Species          Molality    Activity  Molality  Activity     Gamma   cm³/mol

   H+              1.417e-07   1.417e-07    -6.848    -6.849    -0.000      0.00
   OH-             6.803e-08   6.800e-08    -7.167    -7.167    -0.000     -4.14
   H2O             5.553e+01   1.000e+00     1.744    -0.000     0.000     18.07
H(0)          4.917e-38
   H2              2.458e-38   2.458e-38   -37.609   -37.609     0.000     25.21
O(0)          2.107e-17
   O2              1.054e-17   1.054e-17   -16.977   -16.977     0.000     30.40
Si            8.835e-05
   SiO2            8.828e-05   8.828e-05    -4.054    -4.054     0.000     16.10
   HSiO3-          7.120e-08   7.117e-08    -7.148    -7.148    -0.000      4.92

------------------------------Saturation indices-------------------------------

  Phase               SI** log IAP   log K(298 K,   1 atm)

  [(aro)-O-(aro)]  12.12     -8.49  -20.61  O
  Chalcedony       -0.30     -4.05   -3.76  SiO2
  Coesite          -0.84     -4.05   -3.22  SiO2
  Cristobalite(alpha)  -0.58     -4.05   -3.48  SiO2
  Cristobalite(beta)  -1.02     -4.05   -3.03  SiO2
  H2(g)           -34.51    -37.61   -3.10  H2
  H2O(g)           -1.59     -0.00    1.59  H2O
  Ice              -0.14     -0.00    0.14  H2O
  O2(g)           -14.08    -16.98   -2.89  O2
  Quartz           -0.03     -4.05   -4.03  SiO2
  Si             -135.94     12.92  148.86  Si
  SiO2(am)         -1.31     -4.05   -2.74  SiO2
  Tridymite        -0.21     -4.05   -3.84  SiO2

**For a gas, SI = log10(fugacity). Fugacity = pressure * phi / 1 atm.
  For ideal gases, phi = 1.

Reaction step 7.

Using solution 1.	Pure water
Using kinetics 1.	

Kinetics 1.	

	Time step: 1.58e+07 seconds  (Incremented time: 1.106e+08 seconds)

	Rate name       Delta Moles Total Moles   Reactant        Coefficient

	Quartz           -2.069e-06   1.027e+02   SiO2                      1

-----------------------------Solution composition------------------------------

	Elements           Molality       Moles

	Si                9.042e-05   9.042e-05

----------------------------Description of solution----------------------------

                                       pH  =   6.846      Charge balance
                                       pe  =  -1.415      Adjusted to redox equilibrium
                          Density (g/cm³)  =   0.99705
                               Volume (L)  =   1.00297
                        Activity of water  =   1.000
                           Ionic strength  =   1.413e-07
                       Mass of water (kg)  =   1.000e+00
                 Total alkalinity (eq/kg)  =  -2.512e-09
                    Total carbon (mol/kg)  =   0.000e+00
                       Total CO2 (mol/kg)  =   0.000e+00
                         Temperature (°C)  =  25.00
                  Electrical balance (eq)  =   2.512e-09
 Percent error, 100*(Cat-|An|)/(Cat+|An|)  =   0.89
                               Iterations  =  86
                                  Total H  = 1.110507e+02
                                  Total O  = 5.552551e+01

----------------------------Distribution of species----------------------------

                                               Log       Log       Log    mole V
   Species          Molality    Activity  Molality  Activity     Gamma   cm³/mol

   H+              1.426e-07   1.425e-07    -6.846    -6.846    -0.000      0.00
   OH-             6.763e-08   6.760e-08    -7.170    -7.170    -0.000     -4.14
   H2O             5.553e+01   1.000e+00     1.744    -0.000     0.000     18.07
H(0)          2.178e-14
   H2              1.089e-14   1.089e-14   -13.963   -13.963     0.000     25.21
O(0)          0.000e+00
   O2              0.000e+00   0.000e+00   -64.270   -64.270     0.000     30.40
Si            9.042e-05
   SiO2            9.035e-05   9.035e-05    -4.044    -4.044     0.000     16.10
   HSiO3-          7.244e-08   7.241e-08    -7.140    -7.140    -0.000      4.92

------------------------------Saturation indices-------------------------------

  Phase               SI** log IAP   log K(298 K,   1 atm)

  [(aro)-O-(aro)] -11.53    -32.14  -20.61  O
  Chalcedony       -0.29     -4.04   -3.76  SiO2
  Coesite          -0.83     -4.04   -3.22  SiO2
  Cristobalite(alpha)  -0.57     -4.04   -3.48  SiO2
  Cristobalite(beta)  -1.01     -4.04   -3.03  SiO2
  H2(g)           -10.86    -13.96   -3.10  H2
  H2O(g)           -1.59     -0.00    1.59  H2O
  Ice              -0.14     -0.00    0.14  H2O
  O2(g)           -61.38    -64.27   -2.89  O2
  Quartz           -0.02     -4.04   -4.03  SiO2
  Si              -88.63     60.23  148.86  Si
  SiO2(am)         -1.30     -4.04   -2.74  SiO2
  Tridymite        -0.20     -4.04   -3.84  SiO2

**For a gas, SI = log10(fugacity). Fugacity = pressure * phi / 1 atm.
  For ideal gases, phi = 1.

Reaction step 8.

Using solution 1.	Pure water
Using kinetics 1.	

Kinetics 1.	

	Time step: 1.58e+07 seconds  (Incremented time: 1.264e+08 seconds)

	Rate name       Delta Moles Total Moles   Reactant        Coefficient

	Quartz           -1.292e-06   1.027e+02   SiO2                      1

-----------------------------Solution composition------------------------------

	Elements           Molality       Moles

	Si                9.171e-05   9.171e-05

----------------------------Description of solution----------------------------

                                       pH  =   6.845      Charge balance
                                       pe  =  -1.503      Adjusted to redox equilibrium
                          Density (g/cm³)  =   0.99705
                               Volume (L)  =   1.00297
                        Activity of water  =   1.000
                           Ionic strength  =   1.418e-07
                       Mass of water (kg)  =   1.000e+00
                 Total alkalinity (eq/kg)  =  -2.512e-09
                    Total carbon (mol/kg)  =   0.000e+00
                       Total CO2 (mol/kg)  =   0.000e+00
                         Temperature (°C)  =  25.00
                  Electrical balance (eq)  =   2.512e-09
 Percent error, 100*(Cat-|An|)/(Cat+|An|)  =   0.89
                               Iterations  =  12
                                  Total H  = 1.110507e+02
                                  Total O  = 5.552551e+01

----------------------------Distribution of species----------------------------

                                               Log       Log       Log    mole V
   Species          Molality    Activity  Molality  Activity     Gamma   cm³/mol

   H+              1.431e-07   1.430e-07    -6.844    -6.845    -0.000      0.00
   OH-             6.739e-08   6.736e-08    -7.171    -7.172    -0.000     -4.14
   H2O             5.553e+01   1.000e+00     1.744    -0.000     0.000     18.07
H(0)          3.298e-14
   H2              1.649e-14   1.649e-14   -13.783   -13.783     0.000     25.21
O(0)          0.000e+00
   O2              0.000e+00   0.000e+00   -64.631   -64.631     0.000     30.40
Si            9.171e-05
   SiO2            9.164e-05   9.164e-05    -4.038    -4.038     0.000     16.10
   HSiO3-          7.321e-08   7.318e-08    -7.135    -7.136    -0.000      4.92

------------------------------Saturation indices-------------------------------

  Phase               SI** log IAP   log K(298 K,   1 atm)

  [(aro)-O-(aro)] -11.71    -32.32  -20.61  O
  Chalcedony       -0.28     -4.04   -3.76  SiO2
  Coesite          -0.82     -4.04   -3.22  SiO2
  Cristobalite(alpha)  -0.56     -4.04   -3.48  SiO2
  Cristobalite(beta)  -1.00     -4.04   -3.03  SiO2
  H2(g)           -10.68    -13.78   -3.10  H2
  H2O(g)           -1.59     -0.00    1.59  H2O
  Ice              -0.14     -0.00    0.14  H2O
  O2(g)           -61.74    -64.63   -2.89  O2
  Quartz           -0.01     -4.04   -4.03  SiO2
  Si              -88.27     60.59  148.86  Si
  SiO2(am)         -1.30     -4.04   -2.74  SiO2
  Tridymite        -0.20     -4.04   -3.84  SiO2

**For a gas, SI = log10(fugacity). Fugacity = pressure * phi / 1 atm.
  For ideal gases, phi = 1.

Reaction step 9.

Using solution 1.	Pure water
Using kinetics 1.	

Kinetics 1.	

	Time step: 1.58e+07 seconds  (Incremented time: 1.422e+08 seconds)

	Rate name       Delta Moles Total Moles   Reactant        Coefficient

	Quartz           -8.072e-07   1.027e+02   SiO2                      1

-----------------------------Solution composition------------------------------

	Elements           Molality       Moles

	Si                9.252e-05   9.252e-05

----------------------------Description of solution----------------------------

                                       pH  =   6.844      Charge balance
                                       pe  =  -1.450      Adjusted to redox equilibrium
                          Density (g/cm³)  =   0.99705
                               Volume (L)  =   1.00297
                        Activity of water  =   1.000
                           Ionic strength  =   1.422e-07
                       Mass of water (kg)  =   1.000e+00
                 Total alkalinity (eq/kg)  =  -2.512e-09
                    Total carbon (mol/kg)  =   0.000e+00
                       Total CO2 (mol/kg)  =   0.000e+00
                         Temperature (°C)  =  25.00
                  Electrical balance (eq)  =   2.512e-09
 Percent error, 100*(Cat-|An|)/(Cat+|An|)  =   0.88
                               Iterations  =  12
                                  Total H  = 1.110507e+02
                                  Total O  = 5.552551e+01

----------------------------Distribution of species----------------------------

                                               Log       Log       Log    mole V
   Species          Molality    Activity  Molality  Activity     Gamma   cm³/mol

   H+              1.434e-07   1.434e-07    -6.843    -6.844    -0.000      0.00
   OH-             6.723e-08   6.720e-08    -7.172    -7.173    -0.000     -4.14
   H2O             5.553e+01   1.000e+00     1.744    -0.000     0.000     18.07
H(0)          2.594e-14
   H2              1.297e-14   1.297e-14   -13.887   -13.887     0.000     25.21
O(0)          0.000e+00
   O2              0.000e+00   0.000e+00   -64.422   -64.422     0.000     30.40
Si            9.252e-05
   SiO2            9.245e-05   9.245e-05    -4.034    -4.034     0.000     16.10
   HSiO3-          7.369e-08   7.365e-08    -7.133    -7.133    -0.000      4.92

------------------------------Saturation indices-------------------------------

  Phase               SI** log IAP   log K(298 K,   1 atm)

  [(aro)-O-(aro)] -11.60    -32.21  -20.61  O
  Chalcedony       -0.28     -4.03   -3.76  SiO2
  Coesite          -0.82     -4.03   -3.22  SiO2
  Cristobalite(alpha)  -0.56     -4.03   -3.48  SiO2
  Cristobalite(beta)  -1.00     -4.03   -3.03  SiO2
  H2(g)           -10.79    -13.89   -3.10  H2
  H2O(g)           -1.59     -0.00    1.59  H2O
  Ice              -0.14     -0.00    0.14  H2O
  O2(g)           -61.53    -64.42   -2.89  O2
  Quartz           -0.01     -4.03   -4.03  SiO2
  Si              -88.47     60.39  148.86  Si
  SiO2(am)         -1.29     -4.03   -2.74  SiO2
  Tridymite        -0.19     -4.03   -3.84  SiO2

**For a gas, SI = log10(fugacity). Fugacity = pressure * phi / 1 atm.
  For ideal gases, phi = 1.

Reaction step 10.

Using solution 1.	Pure water
Using kinetics 1.	

Kinetics 1.	

	Time step: 1.58e+07 seconds  (Incremented time: 1.58e+08 seconds)

	Rate name       Delta Moles Total Moles   Reactant        Coefficient

	Quartz           -5.041e-07   1.027e+02   SiO2                      1

-----------------------------Solution composition------------------------------

	Elements           Molality       Moles

	Si                9.302e-05   9.302e-05

----------------------------Description of solution----------------------------

                                       pH  =   6.843      Charge balance
                                       pe  =  -1.168      Adjusted to redox equilibrium
                          Density (g/cm³)  =   0.99705
                               Volume (L)  =   1.00297
                        Activity of water  =   1.000
                           Ionic strength  =   1.424e-07
                       Mass of water (kg)  =   1.000e+00
                 Total alkalinity (eq/kg)  =  -2.512e-09
                    Total carbon (mol/kg)  =   0.000e+00
                       Total CO2 (mol/kg)  =   0.000e+00
                         Temperature (°C)  =  25.00
                  Electrical balance (eq)  =   2.512e-09
 Percent error, 100*(Cat-|An|)/(Cat+|An|)  =   0.88
                               Iterations  =  12
                                  Total H  = 1.110507e+02
                                  Total O  = 5.552551e+01

----------------------------Distribution of species----------------------------

                                               Log       Log       Log    mole V
   Species          Molality    Activity  Molality  Activity     Gamma   cm³/mol

   H+              1.436e-07   1.436e-07    -6.843    -6.843    -0.000      0.00
   OH-             6.714e-08   6.711e-08    -7.173    -7.173    -0.000     -4.14
   H2O             5.553e+01   1.000e+00     1.744    -0.000     0.000     18.07
H(0)          7.094e-15
   H2              3.547e-15   3.547e-15   -14.450   -14.450     0.000     25.21
O(0)          0.000e+00
   O2              0.000e+00   0.000e+00   -63.296   -63.296     0.000     30.40
Si            9.302e-05
   SiO2            9.295e-05   9.295e-05    -4.032    -4.032     0.000     16.10
   HSiO3-          7.398e-08   7.395e-08    -7.131    -7.131    -0.000      4.92

------------------------------Saturation indices-------------------------------

  Phase               SI** log IAP   log K(298 K,   1 atm)

  [(aro)-O-(aro)] -11.04    -31.65  -20.61  O
  Chalcedony       -0.27     -4.03   -3.76  SiO2
  Coesite          -0.81     -4.03   -3.22  SiO2
  Cristobalite(alpha)  -0.55     -4.03   -3.48  SiO2
  Cristobalite(beta)  -1.00     -4.03   -3.03  SiO2
  H2(g)           -11.35    -14.45   -3.10  H2
  H2O(g)           -1.59     -0.00    1.59  H2O
  Ice              -0.14     -0.00    0.14  H2O
  O2(g)           -60.40    -63.30   -2.89  O2
  Quartz           -0.00     -4.03   -4.03  SiO2
  Si              -89.60     59.26  148.86  Si
  SiO2(am)         -1.29     -4.03   -2.74  SiO2
  Tridymite        -0.19     -4.03   -3.84  SiO2

**For a gas, SI = log10(fugacity). Fugacity = pressure * phi / 1 atm.
  For ideal gases, phi = 1.

------------------
End of simulation.
------------------

------------------------------------
Reading input data for simulation 3.
------------------------------------

----------------------------------
End of Run after 0.024434 Seconds.
----------------------------------

