SOLUTION_RAW                 5 Solution after simulation 3.
  -temp                      25.3192
  -pressure                  252.963
  -potential                 0
  -total_h                   2563718.6902358
  -total_o                   1281871.7009619
  -cb                        -3.7437481933966e-11
  -density                   1.0000202807451
  -totals
    C(-4)                    1.4507671106237e-23
    C(2)                     5.8791133958996e-17
    C(4)                     5.0243377510738
    Ca                       0.032757365784709
    Cl(-1)                   0.0026643113127886
    Fe(2)                    0.016300631633939
    Fe(3)                    2.5742404920464e-12
    H(0)                     3.2962952613176e-10
    K                        4.1409511283648
    Mg                       0.0059956374338322
    Na                       0.069795835180605
    Ntg                      0.12108088098925
    S(-2)                    9.6956766852755e-21
    S(4)                     1.2555125256511e-17
    S(6)                     0.0026675699770041
    Si                       0.070035403731942
  -pH                        7.1359266160569
  -pe                        -1.6096987389449
  -mu                        0.00018984913081239
  -ah2o                      0.99999301072232
  -mass_water                23085.991615801
  -soln_vol                  23085.991615801
  -total_alkalinity          4.3128547820236
  -activities
    C(-2)                    -30
    C(-3)                    -30
    C(-4)                    -30
    C(2)                     -30
    C(4)                     -3.7362248129134
    Ca                       -5.8756015222109
    Cl(-1)                   -6.9447151868914
    Cl(1)                    -30.006917468508
    Cl(3)                    -30.006917468508
    Cl(5)                    -30.006932913173
    Cl(7)                    -30.006932913173
    E                        1.6096987389449
    Fe(2)                    -6.1804277089312
    Fe(3)                    -30.060962789686
    H(0)                     -29.999979945625
    K                        -3.7531972370925
    Mg                       -6.6127823909273
    Na                       -5.5265481501612
    Ntg                      -5.2802539764461
    O(0)                     -29.999979945625
    S(-2)                    -30.006932913173
    S(2)                     -30.027693240021
    S(3)                     -30.02757050388
    S(4)                     -30.027631735695
    S(5)                     -30.027693240021
    S(6)                     -6.9656254772381
    S(7)                     -30.027693240021
    S(8)                     -30.006917468508
    Si                       -5.5187272124593
  -gammas
USE mix none
USE reaction none
USE reaction_temperature none
USE reaction_pressure none
