SOLUTION_RAW                 5 Solution after simulation 3.
  -temp                      14.518
  -pressure                  253.093
  -potential                 0
  -total_h                   12152553.923699
  -total_o                   6078163.9358387
  -cb                        -5.6063555575747e-08
  -density                   1.0006202452074
  -totals
    C(2)                     5.6063818084647e-18
    C(4)                     776.22112036005
    Ca                       6.1194871319245
    Cl(-1)                   4.1026740191093
    Fe(2)                    26.257191335581
    Fe(3)                    6.1388464119702e-08
    H(0)                     5.7411151939257e-13
    K                        496.19467917911
    Mg                       2.7321451716123
    Na                       4.1043730298015
    Ntg                      44.512180378893
    S(4)                     9.9564725515255e-18
    S(6)                     4.104373030447
    Si                       19.505808190511
  -pH                        6.8064492343832
  -pe                        0.32426413864083
  -mu                        0.0055698585321258
  -ah2o                      0.99978503599204
  -mass_water                109427.50899705
  -soln_vol                  109427.50899705
  -total_alkalinity          558.20527952459
  -activities
    C(-2)                    -30
    C(-3)                    -30
    C(-4)                    -30
    C(2)                     -30
    C(4)                     -2.3266844808585
    Ca                       -4.3851829677262
    Cl(-1)                   -4.4610008898115
    Cl(1)                    -30.034050007261
    Cl(3)                    -30.034050007261
    Cl(5)                    -30.034435630561
    Cl(7)                    -30.034435630561
    E                        -0.32426413864083
    Fe(2)                    -3.751218276864
    Fe(3)                    -30.277326275499
    H(0)                     -29.999409404708
    K                        -2.3783936386723
    Mg                       -4.7303462955064
    Na                       -4.4632295573323
    Ntg                      -3.3900906589928
    O(0)                     -29.999409404708
    S(-2)                    -30.034435630561
    S(2)                     -30.136859889984
    S(3)                     -30.1338756444
    S(4)                     -30.135351346602
    S(5)                     -30.136859889984
    S(6)                     -4.5765330882749
    S(7)                     -30.136859889984
    S(8)                     -30.034050007261
    Si                       -3.7492016234979
  -gammas
USE mix none
USE reaction none
USE reaction_temperature none
USE reaction_pressure none
