SOLUTION_RAW                 5 Solution after simulation 3.
  -temp                      17.5586
  -pressure                  252.966
  -potential                 0
  -total_h                   4262749.7268308
  -total_o                   2131380.4539417
  -cb                        1.7097538228955e-11
  -density                   1.0000064979187
  -totals
    C(-4)                    3.6315844382392e-24
    C(2)                     2.1568188874344e-19
    C(4)                     2.0497596091863
    Ca                       0.014684197696707
    Cl(-1)                   0.0010613903589905
    Fe(2)                    0.0063462739071982
    Fe(3)                    2.084006810075e-13
    H(0)                     9.5214646770371e-10
    K                        2.7730380088056
    Mg                       0.000992005210654
    Na                       0.027543989689314
    Ntg                      0.086198919139803
    S(-2)                    1.2617146464157e-21
    S(4)                     4.3087716333443e-18
    S(6)                     0.001061990572793
    Si                       0.033019151927749
  -pH                        9.443760115848
  -pe                        -4.1180906652565
  -mu                        7.9836966807282e-05
  -ah2o                      0.99999753019122
  -mass_water                38385.6130582
  -soln_vol                  38385.6130582
  -total_alkalinity          2.8414415806026
  -activities
    C(-2)                    -30
    C(-3)                    -30
    C(-4)                    -30
    C(2)                     -30
    C(4)                     -4.3222882502054
    Ca                       -6.4391626452482
    Cl(-1)                   -7.5627746509006
    Cl(1)                    -30.00446731937
    Cl(3)                    -30.00446731937
    Cl(5)                    -30.004473799041
    Cl(7)                    -30.004473799041
    E                        4.1180906652565
    Fe(2)                    -6.9705524221356
    Fe(3)                    -30.039657357735
    H(0)                     -29.999991549536
    K                        -4.1456930467981
    Mg                       -7.6073261133171
    Na                       -6.1486477617213
    Ntg                      -5.6486586772564
    O(0)                     -29.999991549536
    S(-2)                    -30.004473799041
    S(2)                     -30.017878840673
    S(3)                     -30.017827227731
    S(4)                     -30.017852996906
    S(5)                     -30.017878840673
    S(6)                     -7.5761849836978
    S(7)                     -30.017878840673
    S(8)                     -30.00446731937
    Si                       -6.1615904127126
  -gammas
USE mix none
USE reaction none
USE reaction_temperature none
USE reaction_pressure none
