SOLUTION_RAW                 5 Solution after simulation 3.
  -temp                      4.93228
  -pressure                  252.979
  -potential                 0
  -total_h                   17783493.566273
  -total_o                   8897014.1102308
  -cb                        -1.6443773809272e-07
  -density                   1.0013301321502
  -totals
    C(-4)                    4.7856318144764e-19
    C(2)                     1.1284008328684e-17
    C(4)                     1840.1364274166
    Ca                       1.9705133463078
    Cl(-1)                   18.521656179438
    Fe(2)                    0.95327510187327
    Fe(3)                    1.8776320836163e-12
    H(0)                     1.2388921707455e-08
    K                        1634.9590367026
    Mg                       0.045598352906345
    Na                       1492.4133908439
    Ntg                      59.835366965243
    S(-2)                    1.9574744907316e-15
    S(2)                     2.3235770618762e-25
    S(4)                     8.1523515347466e-14
    S(6)                     6.0727230700474
    Si                       5.7206489414118
  -pH                        10.676188904402
  -pe                        -5.7333187348207
  -mu                        0.027258504138472
  -ah2o                      0.9994622627604
  -mass_water                160132.98664361
  -soln_vol                  160132.98664361
  -total_alkalinity          3102.6440989937
  -activities
    C(-2)                    -30
    C(-3)                    -30
    C(-4)                    -30
    C(2)                     -30
    C(4)                     -2.499505745004
    Ca                       -5.798455810813
    Cl(-1)                   -4.0069718099267
    Cl(1)                    -30.066527828525
    Cl(3)                    -30.066527828525
    Cl(5)                    -30.068057870427
    Cl(7)                    -30.068057870427
    E                        5.7333187348207
    Fe(2)                    -5.9478829861965
    Fe(3)                    -30.496817936472
    H(0)                     -29.997073736753
    K                        -2.0606967871187
    Mg                       -7.2444434478943
    Na                       -2.1000683446907
    Ntg                      -3.4247969944809
    O(0)                     -29.997073736753
    S(-2)                    -30.068057870427
    S(2)                     -30.269227704622
    S(3)                     -30.257766016953
    S(4)                     -30.263372709014
    S(5)                     -30.269227704622
    S(6)                     -4.7077437696248
    S(7)                     -30.269227704622
    S(8)                     -30.066527828525
    Si                       -5.1962064564856
  -gammas
USE mix none
USE reaction none
USE reaction_temperature none
USE reaction_pressure none
