SOLUTION_RAW                 5 Solution after simulation 3.
  -temp                      27.8969
  -pressure                  252.96
  -potential                 0
  -total_h                   2180335.6799346
  -total_o                   1090183.6064315
  -cb                        -6.6823569247476e-12
  -density                   1.0000289779819
  -totals
    C(-4)                    6.4599548612447e-22
    C(2)                     3.6307980570148e-16
    C(4)                     6.5684526540022
    Ca                       0.046684842544769
    Cl(-1)                   0.0035394927782278
    Fe(2)                    0.021658951036287
    Fe(3)                    2.8697234254812e-12
    H(0)                     7.1427807637222e-10
    K                        4.6518566791069
    Mg                       0.010320931088872
    Na                       0.095706188318828
    Ntg                      0.13450467535522
    S(-2)                    7.1792739646826e-19
    S(4)                     6.8003269353125e-17
    S(6)                     0.0035450189408841
    Si                       0.084123719415456
  -pH                        6.8079814522953
  -pe                        -1.4583992127995
  -mu                        0.00025423633945046
  -ah2o                      0.99998993438655
  -mass_water                19633.66066407
  -soln_vol                  19633.66066407
  -total_alkalinity          4.8942627861151
  -activities
    C(-2)                    -30
    C(-3)                    -30
    C(-4)                    -30
    C(2)                     -30
    C(4)                     -3.6114868436541
    Ca                       -5.6556988184604
    Cl(-1)                   -6.7521276993817
    Cl(1)                    -30.008021327907
    Cl(3)                    -30.008021327907
    Cl(5)                    -30.008042032158
    Cl(7)                    -30.008042032158
    E                        1.4583992127995
    Fe(2)                    -5.9901899414509
    Fe(3)                    -30.070463809856
    H(0)                     -29.999973133568
    K                        -3.6334383953638
    Mg                       -6.3108039235937
    Na                       -5.3202240120964
    Ntg                      -5.164238476426
    O(0)                     -29.999973133568
    S(-2)                    -30.008042032158
    S(2)                     -30.032116759456
    S(3)                     -30.031952396524
    S(4)                     -30.032034367231
    S(5)                     -30.032116759456
    S(6)                     -6.7764776225484
    S(7)                     -30.032116759456
    S(8)                     -30.008021327907
    Si                       -5.3684409294061
  -gammas
USE mix none
USE reaction none
USE reaction_temperature none
USE reaction_pressure none
