SOLUTION_RAW                 5 Solution after simulation 3.
  -temp                      30.9093
  -pressure                  252.921
  -potential                 0
  -total_h                   981635.95707499
  -total_o                   490850.86187505
  -cb                        -1.1674862465672e-11
  -density                   1.0001228227191
  -totals
    C(-4)                    9.0010971169014e-17
    C(2)                     2.4446165708137e-14
    C(4)                     14.201477551159
    Ca                       0.058110347410273
    Cl(-1)                   0.0129622237078
    Fe(2)                    0.05208815370205
    Fe(3)                    2.3050941273552e-12
    H(0)                     5.6369495982477e-09
    K                        7.3689916066579
    Mg                       0.041855421445534
    Na                       0.38999941823493
    Ntg                      0.24353838581878
    S(-2)                    3.6509556067495e-13
    S(2)                     5.501144325188e-21
    S(4)                     8.2849526579754e-15
    S(6)                     0.012987813049596
    Si                       0.20817534951496
  -pH                        6.4347551995543
  -pe                        -1.6763822842868
  -mu                        0.00093125957043714
  -ah2o                      0.99995654856823
  -mass_water                8839.461334559
  -soln_vol                  8839.461334559
  -total_alkalinity          8.0241610202155
  -activities
    C(-2)                    -30
    C(-3)                    -30
    C(-4)                    -30
    C(2)                     -30
    C(4)                     -3.0571644977964
    Ca                       -5.2418780386141
    Cl(-1)                   -5.8490516613144
    Cl(1)                    -30.015137474159
    Cl(3)                    -30.015137474159
    Cl(5)                    -30.015211239925
    Cl(7)                    -30.015211239925
    E                        1.6763822842868
    Fe(2)                    -5.2897216984671
    Fe(3)                    -30.130244272401
    H(0)                     -29.999901490756
    K                        -3.0943080588948
    Mg                       -5.3832801501039
    Na                       -4.3709708299126
    Ntg                      -4.5597652513225
    O(0)                     -29.999901490756
    S(-2)                    -30.015211239925
    S(2)                     -30.060665762307
    S(3)                     -30.060084117706
    S(4)                     -30.060373540029
    S(5)                     -30.060665762307
    S(6)                     -5.8969937396904
    S(7)                     -30.060665762307
    S(8)                     -30.015137474159
    Si                       -4.6281672318205
  -gammas
USE mix none
USE reaction none
USE reaction_temperature none
USE reaction_pressure none
