SOLUTION_RAW                 5 Solution after simulation 3.
  -temp                      59.3364
  -pressure                  253.029
  -potential                 0
  -total_h                   2274482.1951326
  -total_o                   1160611.6008822
  -cb                        -1.3785241392839e-08
  -density                   1.0270550224321
  -totals
    C(-4)                    2.7936886135929e-11
    C(2)                     1.4999782636463e-09
    C(4)                     11074.893563619
    Ca                       22.464561919053
    Cl(-1)                   23.960631499755
    Fe(2)                    52.315182274951
    Fe(3)                    8.2596027941253e-09
    H(0)                     3.5465780913326e-07
    K                        175.41458977449
    Mg                       590.24851769197
    Na                       24.347570690761
    Ntg                      38.837579869117
    S(-2)                    9.8148448724741e-07
    S(2)                     5.7163304634766e-12
    S(4)                     7.2191377935013e-10
    S(6)                     24.347569741937
    Si                       197.37223197918
  -pH                        5.3305099993808
  -pe                        -1.0160607314395
  -mu                        0.10488287764821
  -ah2o                      0.98986289715531
  -mass_water                20468.368523739
  -soln_vol                  20468.368523738
  -total_alkalinity          1457.1629132742
  -activities
    C(-2)                    -30
    C(-3)                    -30
    C(-4)                    -30
    C(2)                     -30
    C(4)                     -1.2667691109981
    Ca                       -3.3876803755996
    Cl(-1)                   -3.0654981413434
    Cl(1)                    -30.118743231673
    Cl(3)                    -30.118743231673
    Cl(5)                    -30.123586852998
    Cl(7)                    -30.123586852998
    E                        1.0160607314395
    Fe(2)                    -3.016731958547
    Fe(3)                    -30.800979014755
    H(0)                     -29.988830334305
    K                        -2.1963128338182
    Mg                       -1.9276011545937
    Na                       -3.0571116192254
    Ntg                      -2.7113427804954
    O(0)                     -29.988830334305
    S(-2)                    -30.123586852998
    S(2)                     -30.48873783275
    S(3)                     -30.454073050664
    S(4)                     -30.470774316229
    S(5)                     -30.48873783275
    S(6)                     -3.9724200043852
    S(7)                     -30.48873783275
    S(8)                     -30.118743231673
    Si                       -2.0158378126801
  -gammas
USE mix none
USE reaction none
USE reaction_temperature none
USE reaction_pressure none
