SOLUTION_RAW                 5 Solution after simulation 3.
  -temp                      26.2752
  -pressure                  252.963
  -potential                 0
  -total_h                   2414784.5281429
  -total_o                   1207405.7978227
  -cb                        -4.0331735607496e-10
  -density                   1.0000231485518
  -totals
    C(-4)                    1.1604970693309e-21
    C(2)                     2.5335301477264e-16
    C(4)                     5.5557322862739
    Ca                       0.03714294174596
    Cl(-1)                   0.0029609982507556
    Fe(2)                    0.018122787279388
    Fe(3)                    1.8632866062841e-12
    H(0)                     9.113277407136e-10
    K                        4.3260602734076
    Mg                       0.0073481668275378
    Na                       0.07858049396408
    Ntg                      0.12588879484722
    S(-2)                    9.4948157753993e-19
    S(4)                     4.9640167275623e-17
    S(6)                     0.0029649631558079
    Si                       0.074968970369134
  -pH                        6.9902500222445
  -pe                        -1.6880138921999
  -mu                        0.0002115279062519
  -ah2o                      0.99999199889362
  -mass_water                21744.852483979
  -soln_vol                  21744.852483979
  -total_alkalinity          4.5209776349203
  -activities
    C(-2)                    -30
    C(-3)                    -30
    C(-4)                    -30
    C(2)                     -30
    C(4)                     -3.6898583890199
    Ca                       -5.79656029912
    Cl(-1)                   -6.8732641544315
    Cl(1)                    -30.00730766709
    Cl(3)                    -30.00730766709
    Cl(5)                    -30.007324883655
    Cl(7)                    -30.007324883655
    E                        1.6880138921999
    Fe(2)                    -6.109521412708
    Fe(3)                    -30.064328162963
    H(0)                     -29.999977653688
    K                        -3.7086065318146
    Mg                       -6.4999487544489
    Na                       -5.4494712821494
    Ntg                      -5.2373482369913
    O(0)                     -29.999977653688
    S(-2)                    -30.007324883655
    S(2)                     -30.02925675103
    S(3)                     -30.029119984016
    S(4)                     -30.02918820736
    S(5)                     -30.02925675103
    S(6)                     -6.895384667434
    S(7)                     -30.02925675103
    S(8)                     -30.00730766709
    Si                       -5.4629898064799
  -gammas
USE mix none
USE reaction none
USE reaction_temperature none
USE reaction_pressure none
