SOLUTION_RAW                 5 Solution after simulation 3.
  -temp                      24.3748
  -pressure                  252.961
  -potential                 0
  -total_h                   2721811.3677153
  -total_o                   1360916.9592963
  -cb                        -1.6010539248545e-11
  -density                   1.0000177678679
  -totals
    C(2)                     1.3956452488203e-19
    C(4)                     4.5394239457706
    Ca                       0.029153991303464
    Cl(-1)                   0.0023959286756948
    Fe(2)                    0.014646789064963
    Fe(3)                    3.2938480558039e-11
    H(0)                     1.3860012034464e-12
    K                        3.960600247321
    Mg                       0.0048846890682629
    Na                       0.061932831866005
    Ntg                      0.11642355036861
    S(4)                     3.5914560648153e-20
    S(6)                     0.002398604184107
    Si                       0.065320458312619
  -pH                        7.3367492992267
  -pe                        -0.61912804345362
  -mu                        0.00017038136708542
  -ah2o                      0.99999389400533
  -mass_water                24509.602203681
  -soln_vol                  24509.602203681
  -total_alkalinity          4.1127108810655
  -activities
    C(-2)                    -30
    C(-3)                    -30
    C(-4)                    -30
    C(2)                     -30
    C(4)                     -3.7830563045766
    Ca                       -5.9507921149931
    Cl(-1)                   -7.0164430383132
    Cl(1)                    -30.006550092721
    Cl(3)                    -30.006550092721
    Cl(5)                    -30.006563951758
    Cl(7)                    -30.006563951758
    E                        0.61912804345362
    Fe(2)                    -6.2523144785241
    Fe(3)                    -30.057787624171
    H(0)                     -29.999982002341
    K                        -3.7981534447823
    Mg                       -6.7263626399546
    Na                       -5.6040675827877
    Ntg                      -5.3232783853941
    O(0)                     -29.999982002341
    S(-2)                    -30.006563951758
    S(2)                     -30.026221281755
    S(3)                     -30.02611110805
    S(4)                     -30.02616607896
    S(5)                     -30.026221281755
    S(6)                     -7.03621881233
    S(7)                     -30.026221281755
    S(8)                     -30.006550092721
    Si                       -5.5753563120289
  -gammas
USE mix none
USE reaction none
USE reaction_temperature none
USE reaction_pressure none
