SOLUTION_RAW                 5 Solution after simulation 3.
  -temp                      50.9091
  -pressure                  253.053
  -potential                 0
  -total_h                   3882920.5362828
  -total_o                   1958479.8009313
  -cb                        7.7937763620639e-07
  -density                   1.0116706602375
  -totals
    C(-4)                    2.4096739661259e-12
    C(2)                     3.2926552255748e-10
    C(4)                     8083.7583933685
    Ca                       32.053589124924
    Cl(-1)                   18.695421436847
    Fe(2)                    48.196278060197
    Fe(3)                    5.7342421647155e-09
    H(0)                     2.0513500071437e-07
    K                        266.27236175664
    Mg                       347.15124770403
    Na                       18.865968647888
    Ntg                      38.180754618972
    S(-2)                    1.7861639046391e-07
    S(2)                     7.062535921956e-13
    S(4)                     3.2508998394641e-10
    S(6)                     18.865968569136
    Si                       117.39776588687
  -pH                        5.3815494096461
  -pe                        -0.90932431684429
  -mu                        0.044174175923171
  -ah2o                      0.99563343408336
  -mass_water                34955.553973751
  -soln_vol                  34955.553973751
  -total_alkalinity          1083.5132008334
  -activities
    C(-2)                    -39.412310861138
    C(-3)                    -33.998485627541
    C(-4)                    -16.161473479553
    C(2)                     -14.025948825135
    C(4)                     -1.5952224836929
    Ca                       -3.35833110693
    Cl(-1)                   -3.365460741908
    Cl(1)                    -48.263987940522
    Cl(3)                    -86.294392284244
    Cl(5)                    -111.57240969676
    Cl(7)                    -140.98328702894
    E                        0.90932431684429
    Fe(2)                    -3.1769549885308
    Fe(3)                    -16.795457588581
    H(0)                     -11.527762309452
    K                        -2.2100677933809
    Mg                       -2.3034841267738
    Na                       -3.3622548229168
    Ntg                      -2.957254263899
    O(0)                     -61.35701429996
    S(-2)                    -12.662268220957
    S(2)                     -17.346543216457
    S(3)                     -34.476309135235
    S(4)                     -16.147208639378
    S(5)                     -33.148849570834
    S(6)                     -3.9703400640448
    S(7)                     -69.061912980326
    S(8)                     -55.295808567192
    Si                       -2.4738897554777
  -gammas
USE mix none
USE reaction none
USE reaction_temperature none
USE reaction_pressure none
