SOLUTION_RAW                 5 Solution after simulation 3.
  -temp                      24.2185
  -pressure                  252.961
  -potential                 0
  -total_h                   2749085.441171
  -total_o                   1374553.8249122
  -cb                        -5.5935638065829e-13
  -density                   1.0000173803798
  -totals
    C(2)                     1.7661841133373e-22
    C(4)                     4.462866167368
    Ca                       0.028619662247907
    Cl(-1)                   0.0023537635493301
    Fe(2)                    0.014386506285328
    Fe(3)                    8.4664420098791e-10
    H(0)                     1.9702085065301e-15
    K                        3.9310201135732
    Mg                       0.0047199480890202
    Na                       0.060705789857328
    Ntg                      0.11566208203644
    S(4)                     4.7728056333919e-23
    S(6)                     0.0023563529899375
    Si                       0.064556570947746
  -pH                        7.3792613719739
  -pe                        0.76253793334917
  -mu                        0.00016733891713289
  -ah2o                      0.99999402980122
  -mass_water                24755.202809657
  -soln_vol                  24755.202809657
  -total_alkalinity          4.0801116679931
  -activities
    C(-2)                    -30
    C(-3)                    -30
    C(-4)                    -30
    C(2)                     -30
    C(4)                     -3.7909382844494
    Ca                       -5.9629340885613
    Cl(-1)                   -7.0284246776043
    Cl(1)                    -30.006491012019
    Cl(3)                    -30.006491012019
    Cl(5)                    -30.006504623651
    Cl(7)                    -30.006504623651
    E                        -0.76253793334917
    Fe(2)                    -6.2644439663825
    Fe(3)                    -30.057276390264
    H(0)                     -29.999982323644
    K                        -3.8056798292061
    Mg                       -6.7453685037952
    Na                       -5.6170280367784
    Ntg                      -5.3304587490092
    O(0)                     -29.999982323644
    S(-2)                    -30.006504623651
    S(2)                     -30.025984574244
    S(3)                     -30.025876361236
    S(4)                     -30.025930354871
    S(5)                     -30.025984574244
    S(6)                     -7.0480182897991
    S(7)                     -30.025984574244
    S(8)                     -30.006491012019
    Si                       -5.5848986883398
  -gammas
USE mix none
USE reaction none
USE reaction_temperature none
USE reaction_pressure none
