SOLUTION_RAW                 5 Solution after simulation 3.
  -temp                      26.115
  -pressure                  252.964
  -potential                 0
  -total_h                   2438994.7322179
  -total_o                   1219510.6964155
  -cb                        -1.5281184659668e-09
  -density                   1.0000226438424
  -totals
    C(-4)                    1.5367484277487e-21
    C(2)                     2.5683502186647e-16
    C(4)                     5.4637689179935
    Ca                       0.036348945570825
    Cl(-1)                   0.0029094656475598
    Fe(2)                    0.017806776452389
    Fe(3)                    1.7343388531706e-12
    H(0)                     9.8900340941487e-10
    K                        4.2948906173663
    Mg                       0.007103889479235
    Na                       0.077047898110218
    Ntg                      0.12507723366568
    S(-2)                    1.2170838062664e-18
    S(4)                     5.0835404860628e-17
    S(6)                     0.0029133065687935
    Si                       0.07412731372286
  -pH                        7.0120118287479
  -pe                        -1.7270164532331
  -mu                        0.00020775155895373
  -ah2o                      0.99999217719958
  -mass_water                21962.863271238
  -soln_vol                  21962.863271238
  -total_alkalinity          4.4857216612261
  -activities
    C(-2)                    -30
    C(-3)                    -30
    C(-4)                    -30
    C(2)                     -30
    C(4)                     -3.6975638599003
    Ca                       -5.8100178448119
    Cl(-1)                   -6.8851543774153
    Cl(1)                    -30.007241181987
    Cl(3)                    -30.007241181987
    Cl(5)                    -30.007258089919
    Cl(7)                    -30.007258089919
    E                        1.7270164532331
    Fe(2)                    -6.1212873763723
    Fe(3)                    -30.06375527703
    H(0)                     -29.999978053059
    K                        -3.7160123654565
    Mg                       -6.5187079042273
    Na                       -5.4622894840366
    Ntg                      -5.2444899153639
    O(0)                     -29.999978053059
    S(-2)                    -30.007258089919
    S(2)                     -30.028990336986
    S(3)                     -30.028856013351
    S(4)                     -30.028923019259
    S(5)                     -30.028990336986
    S(6)                     -6.9070677603368
    S(7)                     -30.028990336986
    S(8)                     -30.007241181987
    Si                       -5.4722490107607
  -gammas
USE mix none
USE reaction none
USE reaction_temperature none
USE reaction_pressure none
