SOLUTION_RAW                 5 Solution after simulation 3.
  -temp                      18.8965
  -pressure                  252.967
  -potential                 0
  -total_h                   3897044.1550209
  -total_o                   1948528.5197451
  -cb                        -4.1984200881487e-10
  -density                   1.0000079360263
  -totals
    C(4)                     2.4149090744555
    Ca                       0.016212358296024
    Cl(-1)                   0.0012519543574197
    Fe(2)                    0.0075395159699446
    Fe(3)                    1.4288166974671e-09
    H(0)                     3.9876516122448e-17
    K                        2.986369761408
    Mg                       0.0013771668870082
    Na                       0.031433906774393
    Ntg                      0.091592696542381
    S(4)                     2.3022715870731e-25
    S(6)                     0.001252766039767
    Si                       0.037626631272828
  -pH                        9.3261203236758
  -pe                        -0.31692804661718
  -mu                        9.3476201745499e-05
  -ah2o                      0.99999707298093
  -mass_water                35092.468755438
  -soln_vol                  35092.468755438
  -total_alkalinity          3.0643042659001
  -activities
    C(-2)                    -30
    C(-3)                    -30
    C(-4)                    -30
    C(2)                     -30
    C(4)                     -4.203426063634
    Ca                       -6.3589306211458
    Cl(-1)                   -7.4524797591437
    Cl(1)                    -30.004837893939
    Cl(3)                    -30.004837893939
    Cl(5)                    -30.004845485335
    Cl(7)                    -30.004845485335
    E                        0.31692804661718
    Fe(2)                    -6.8356977062905
    Fe(3)                    -30.042899406465
    H(0)                     -29.999990112818
    K                        -4.0749235599345
    Mg                       -7.4274460946806
    Na                       -6.0527015749775
    Ntg                      -5.5833437292007
    O(0)                     -29.999990112818
    S(-2)                    -30.004845485335
    S(2)                     -30.019362826759
    S(3)                     -30.019302379918
    S(4)                     -30.019332556098
    S(5)                     -30.019362826759
    S(6)                     -7.4670132106349
    S(7)                     -30.019362826759
    S(8)                     -30.004837893939
    Si                       -6.0482885979188
  -gammas
USE mix none
USE reaction none
USE reaction_temperature none
USE reaction_pressure none
