SOLUTION_RAW                 5 Solution after simulation 3.
  -temp                      36.0179
  -pressure                  253.079
  -potential                 0
  -total_h                   8478078.9094904
  -total_o                   4247476.9356374
  -cb                        2.536378218565e-09
  -density                   1.0027961468076
  -totals
    C(2)                     3.6084213280539e-15
    C(4)                     3987.8144806052
    Ca                       15.437653410951
    Cl(-1)                   9.3835291848102
    Fe(2)                    45.869696749294
    Fe(3)                    2.2365343127952e-07
    H(0)                     1.2411096470581e-11
    K                        429.73515613266
    Mg                       60.598565642102
    Na                       9.4121732818582
    Ntg                      37.166781960382
    S(-2)                    6.0102355515733e-24
    S(4)                     7.1013992496401e-15
    S(6)                     9.4121732821411
    Si                       48.413797450859
  -pH                        5.5617630974793
  -pe                        1.0444222617818
  -mu                        0.010603919615314
  -ah2o                      0.99896402645114
  -mass_water                76338.353155955
  -soln_vol                  76338.353155955
  -total_alkalinity          654.75128549124
  -activities
    C(-2)                    -30
    C(-3)                    -30
    C(-4)                    -30
    C(2)                     -30
    C(4)                     -2.1135170242137
    Ca                       -3.8756983652413
    Cl(-1)                   -3.9591631289679
    Cl(1)                    -30.046906798972
    Cl(3)                    -30.046906798972
    Cl(5)                    -30.047627035764
    Cl(7)                    -30.047627035764
    E                        -1.0444222617818
    Fe(2)                    -3.39957631626
    Fe(3)                    -30.370183872677
    H(0)                     -29.998876768482
    K                        -2.2981657038029
    Mg                       -3.2761792819833
    Na                       -3.9594627539077
    Ntg                      -3.3115274348606
    O(0)                     -29.998876768482
    S(-2)                    -30.047627035764
    S(2)                     -30.188959517903
    S(3)                     -30.18344907536
    S(4)                     -30.186163625273
    S(5)                     -30.188959517903
    S(6)                     -4.1652561089088
    S(7)                     -30.188959517903
    S(8)                     -30.046906798972
    Si                       -3.1978027544465
  -gammas
USE mix none
USE reaction none
USE reaction_temperature none
USE reaction_pressure none
