SOLUTION_RAW                 5 Solution after simulation 3.
  -temp                      30.3928
  -pressure                  252.957
  -potential                 0
  -total_h                   1039406.5493669
  -total_o                   519734.22872046
  -cb                        -4.9238842170229e-12
  -density                   1.0001104729413
  -totals
    C(-4)                    1.8286058926319e-20
    C(2)                     2.5438496258077e-15
    C(4)                     13.298722971754
    Ca                       0.056591714576633
    Cl(-1)                   0.011861999861431
    Fe(2)                    0.070306756987057
    Fe(3)                    8.5437387423368e-12
    H(0)                     7.0652648355148e-10
    K                        7.1660954249885
    Mg                       0.042444046276094
    Na                       0.36218620595549
    Ntg                      0.23440452562821
    S(-2)                    6.5115130548537e-17
    S(2)                     8.2362266803533e-25
    S(4)                     8.2393791053461e-16
    S(6)                     0.011885251599319
    Si                       0.19669149503016
  -pH                        6.480063132419
  -pe                        -1.2635590800229
  -mu                        0.00086026964863485
  -ah2o                      0.999961032469
  -mass_water                9359.6814818234
  -soln_vol                  9359.6814818233
  -total_alkalinity          7.831334163577
  -activities
    C(-2)                    -30
    C(-3)                    -30
    C(-4)                    -30
    C(2)                     -30
    C(4)                     -3.0920034619146
    Ca                       -5.2759638702597
    Cl(-1)                   -5.9118168237176
    Cl(1)                    -30.014558039866
    Cl(3)                    -30.014558039866
    Cl(5)                    -30.014626290597
    Cl(7)                    -30.014626290597
    E                        1.2635590800229
    Fe(2)                    -5.1820956327778
    Fe(3)                    -30.125465468134
    H(0)                     -29.999909020682
    K                        -3.1306776486427
    Mg                       -5.3998693370495
    Na                       -4.427327107889
    Ntg                      -4.6012090502887
    O(0)                     -29.999909020682
    S(-2)                    -30.014626290597
    S(2)                     -30.058339086053
    S(3)                     -30.057800634781
    S(4)                     -30.058068612989
    S(5)                     -30.058339086053
    S(6)                     -5.9577764035883
    S(7)                     -30.058339086053
    S(8)                     -30.014558039866
    Si                       -4.6776614899724
  -gammas
USE mix none
USE reaction none
USE reaction_temperature none
USE reaction_pressure none
