SOLUTION_RAW                 5 Solution after simulation 3.
  -temp                      4.61192
  -pressure                  252.979
  -potential                 0
  -total_h                   17962018.400099
  -total_o                   8986356.5812148
  -cb                        -8.4686510071208e-07
  -density                   1.001336251628
  -totals
    C(-4)                    7.6499717273992e-17
    C(2)                     3.8504783694978e-17
    C(4)                     1867.3558570231
    Ca                       1.9821288017765
    Cl(-1)                   18.856518302604
    Fe(2)                    0.95327512247224
    Fe(3)                    9.7117458615954e-13
    H(0)                     4.340479867146e-08
    K                        1651.3723592509
    Mg                       0.044750309089079
    Na                       1527.7460341446
    Ntg                      60.823252542618
    S(-2)                    3.0880884602543e-13
    S(2)                     3.5507373018995e-23
    S(4)                     2.8192663553374e-13
    S(6)                     6.0390120159506
    Si                       5.7206617782514
  -pH                        10.685730359212
  -pe                        -6.0164121938869
  -mu                        0.027455570800328
  -ah2o                      0.99945918976256
  -mass_water                161740.5571217
  -soln_vol                  161740.5571217
  -total_alkalinity          3154.1441603745
  -activities
    C(-2)                    -30
    C(-3)                    -30
    C(-4)                    -30
    C(2)                     -30
    C(4)                     -2.501951893423
    Ca                       -5.8001257484633
    Cl(-1)                   -4.0037147436234
    Cl(1)                    -30.066693155627
    Cl(3)                    -30.066693155627
    Cl(5)                    -30.068231559425
    Cl(7)                    -30.068231559425
    E                        6.0164121938869
    Fe(2)                    -5.9509144933689
    Fe(3)                    -30.497817805311
    H(0)                     -29.997050793043
    K                        -2.0608783048798
    Mg                       -7.2578105772599
    Na                       -2.0944080799837
    Ntg                      -3.422003737178
    O(0)                     -29.997050793043
    S(-2)                    -30.068231559425
    S(2)                     -30.269907741875
    S(3)                     -30.258385553585
    S(4)                     -30.264021492202
    S(5)                     -30.269907741875
    S(6)                     -4.7151356307641
    S(7)                     -30.269907741875
    S(8)                     -30.066693155627
    Si                       -5.2066860548201
  -gammas
USE mix none
USE reaction none
USE reaction_temperature none
USE reaction_pressure none
