SOLUTION_RAW                 5 Solution after simulation 3.
  -temp                      16.5225
  -pressure                  252.967
  -potential                 0
  -total_h                   4570709.7752226
  -total_o                   2285359.8922101
  -cb                        -8.2319486600577e-10
  -density                   1.0000055670211
  -totals
    C(2)                     1.3121240497551e-20
    C(4)                     1.8006252123925
    Ca                       0.013637542563967
    Cl(-1)                   0.00093279457499572
    Fe(2)                    0.0055393962699359
    Fe(3)                    5.4780773789091e-13
    H(0)                     8.3519667994066e-11
    K                        2.6154590050874
    Mg                       0.00076552954562536
    Na                       0.025048557579443
    Ntg                      0.082215916850932
    S(4)                     3.1260934174786e-19
    S(6)                     0.00093326691568509
    Si                       0.030409371056928
  -pH                        9.5107581643396
  -pe                        -3.6523617824954
  -mu                        7.0358664514892e-05
  -ah2o                      0.99999783308087
  -mass_water                41158.763924658
  -soln_vol                  41158.763924658
  -total_alkalinity          2.6775931718433
  -activities
    C(-2)                    -30
    C(-3)                    -30
    C(-4)                    -30
    C(2)                     -30
    C(4)                     -4.4144028871218
    Ca                       -6.5000790862446
    Cl(-1)                   -7.6488795426287
    Cl(1)                    -30.004190933842
    Cl(3)                    -30.004190933842
    Cl(5)                    -30.004196641173
    Cl(7)                    -30.004196641173
    E                        3.6523617824954
    Fe(2)                    -7.0696085653043
    Fe(3)                    -30.037234711083
    H(0)                     -29.999992547952
    K                        -4.2011168444277
    Mg                       -7.748911731679
    Na                       -6.2199034127772
    Ntg                      -5.6994993834409
    O(0)                     -29.999992547952
    S(-2)                    -30.004196641173
    S(2)                     -30.016772131706
    S(3)                     -30.016726658707
    S(4)                     -30.016749364348
    S(5)                     -30.016772131706
    S(6)                     -7.6614547692655
    S(7)                     -30.016772131706
    S(8)                     -30.004190933842
    Si                       -6.2382501005076
  -gammas
USE mix none
USE reaction none
USE reaction_temperature none
USE reaction_pressure none
