SOLUTION_RAW                 5 Solution after simulation 3.
  -temp                      23.4413
  -pressure                  252.96
  -potential                 0
  -total_h                   2889627.3986388
  -total_o                   1444823.9832662
  -cb                        -1.7974389338038e-12
  -density                   1.0000155632807
  -totals
    C(-4)                    1.0713778083168e-24
    C(2)                     9.743372374715e-18
    C(4)                     4.0971173756136
    Ca                       0.025973525372976
    Cl(-1)                   0.0021532814047654
    Fe(2)                    0.013147115085226
    Fe(3)                    2.1051503812732e-12
    H(0)                     2.3143129836451e-10
    K                        3.7851634660897
    Mg                       0.0039731525442865
    Na                       0.055129762386659
    Ntg                      0.11191635601675
    S(-2)                    4.5073031929889e-22
    S(4)                     3.9521425357309e-18
    S(6)                     0.0021554771146469
    Si                       0.0605409203628
  -pH                        7.6668063809111
  -pe                        -2.0571637520253
  -mu                        0.00015295556954556
  -ah2o                      0.99999466344896
  -mass_water                26020.770598945
  -soln_vol                  26020.770598945
  -total_alkalinity          3.9200165788512
  -activities
    C(-2)                    -30
    C(-3)                    -30
    C(-4)                    -30
    C(2)                     -30
    C(4)                     -3.8312026873394
    Ca                       -6.025702058255
    Cl(-1)                   -7.0884508014534
    Cl(1)                    -30.006204065561
    Cl(3)                    -30.006204065561
    Cl(5)                    -30.006216507133
    Cl(7)                    -30.006216507133
    E                        2.0571637520253
    Fe(2)                    -6.3265425808597
    Fe(3)                    -30.054790887042
    H(0)                     -29.999983842175
    K                        -3.8434647860037
    Mg                       -6.8407622841669
    Na                       -5.6802313734615
    Ntg                      -5.3664112972498
    O(0)                     -29.999983842175
    S(-2)                    -30.006216507133
    S(2)                     -30.024834972744
    S(3)                     -30.024736034795
    S(4)                     -30.02478540506
    S(5)                     -30.024834972744
    S(6)                     -7.1071612678757
    S(7)                     -30.024834972744
    S(8)                     -30.006204065561
    Si                       -5.6354809251028
  -gammas
USE mix none
USE reaction none
USE reaction_temperature none
USE reaction_pressure none
