SOLUTION_RAW                 5 Solution after simulation 3.
  -temp                      20.996
  -pressure                  252.962
  -potential                 0
  -total_h                   3389409.7809043
  -total_o                   1694712.9158587
  -cb                        -2.1785654877315e-13
  -density                   1.0000108656748
  -totals
    C(2)                     9.0950395266115e-20
    C(4)                     3.1011153056859
    Ca                       0.019563037269341
    Cl(-1)                   0.0016151592519653
    Fe(2)                    0.0098062250405558
    Fe(3)                    1.917686085236e-12
    H(0)                     7.0772141874905e-11
    K                        3.3425172698311
    Mg                       0.0022710994384502
    Na                       0.040809513716321
    Ntg                      0.10062262598643
    S(-2)                    1.3361025180798e-25
    S(4)                     5.9862419900379e-19
    S(6)                     0.0016164509528446
    Si                       0.047915225801416
  -pH                        8.9949794090808
  -pe                        -3.1187743373593
  -mu                        0.00011797099098374
  -ah2o                      0.99999616537345
  -mass_water                30521.267393188
  -soln_vol                  30521.267393188
  -total_alkalinity          3.4417594458886
  -activities
    C(-2)                    -30
    C(-3)                    -30
    C(-4)                    -30
    C(2)                     -30
    C(4)                     -4.0174493471732
    Ca                       -6.2181784932877
    Cl(-1)                   -7.2818497660718
    Cl(1)                    -30.005441650397
    Cl(3)                    -30.005441650397
    Cl(5)                    -30.005451239402
    Cl(7)                    -30.005451239402
    E                        3.1187743373593
    Fe(2)                    -6.6021251081787
    Fe(3)                    -30.048166389359
    H(0)                     -29.999987531929
    K                        -3.965989940118
    Mg                       -7.1514552945879
    Na                       -5.8793499317282
    Ntg                      -5.4818951195181
    O(0)                     -29.999987531929
    S(-2)                    -30.005451239402
    S(2)                     -30.02178090788
    S(3)                     -30.021704598892
    S(4)                     -30.021742686447
    S(5)                     -30.02178090788
    S(6)                     -7.298221728573
    S(7)                     -30.02178090788
    S(8)                     -30.005441650397
    Si                       -5.8453846693661
  -gammas
USE mix none
USE reaction none
USE reaction_temperature none
USE reaction_pressure none
