SOLUTION_RAW                 5 Solution after simulation 3.
  -temp                      26.2963
  -pressure                  253.089
  -potential                 0
  -total_h                   15229207.807905
  -total_o                   7619143.8663746
  -cb                        -1.8579785141526e-06
  -density                   1.0009376578586
  -totals
    C(2)                     3.090748821554e-17
    C(4)                     2076.0530007288
    Ca                       8.1802927912375
    Cl(-1)                   5.0739743997501
    Fe(2)                    32.4735167177
    Fe(3)                    3.6255928479849e-07
    H(0)                     5.0089163459388e-13
    K                        530.04557685451
    Mg                       13.74982711391
    Na                       5.0807211320101
    Ntg                      34.468892570993
    S(4)                     4.244046560878e-17
    S(6)                     5.0807107686457
    Si                       26.592244189416
  -pH                        5.9626627674754
  -pe                        1.3693869760621
  -mu                        0.0051259832908299
  -ah2o                      0.99966073386561
  -mass_water                137131.82980817
  -soln_vol                  137131.82980817
  -total_alkalinity          628.69817751571
  -activities
    C(-2)                    -30
    C(-3)                    -30
    C(-4)                    -30
    C(2)                     -30
    C(4)                     -2.3720007111486
    Ca                       -4.3541876866464
    Cl(-1)                   -4.4660011374993
    Cl(1)                    -30.033335667649
    Cl(3)                    -30.033335667649
    Cl(5)                    -30.033700684642
    Cl(7)                    -30.033700684642
    E                        -1.3693869760621
    Fe(2)                    -3.7541652055926
    Fe(3)                    -30.272366758118
    H(0)                     -29.999458873637
    K                        -2.4469911049506
    Mg                       -4.1245989194377
    Na                       -4.4669293529954
    Ntg                      -3.5991983422317
    O(0)                     -29.999458873637
    S(-2)                    -30.033700684642
    S(2)                     -30.133974761295
    S(3)                     -30.131146933865
    S(4)                     -30.132545790499
    S(5)                     -30.133974761295
    S(6)                     -4.5835302215704
    S(7)                     -30.133974761295
    S(8)                     -30.033335667649
    Si                       -3.7124346984783
  -gammas
USE mix none
USE reaction none
USE reaction_temperature none
USE reaction_pressure none
