SOLUTION_RAW                 5 Solution after simulation 3.
  -temp                      37.7458
  -pressure                  253.077
  -potential                 0
  -total_h                   7684956.6032827
  -total_o                   3851755.5188746
  -cb                        -1.9071720274155e-06
  -density                   1.003350858541
  -totals
    C(2)                     8.9767696158781e-15
    C(4)                     4396.8762936137
    Ca                       17.046024976479
    Cl(-1)                   10.319214793215
    Fe(2)                    46.791745558744
    Fe(3)                    1.8584273610653e-07
    H(0)                     2.4481981908252e-11
    K                        409.1719131718
    Mg                       76.465403219188
    Na                       10.355326164088
    Ntg                      37.44622760181
    S(-2)                    9.8945905982518e-23
    S(4)                     1.789911028295e-14
    S(6)                     10.355326163889
    Si                       53.745740139567
  -pH                        5.5135488384687
  -pe                        0.94099143107929
  -mu                        0.012197586030817
  -ah2o                      0.99875518692416
  -mass_water                69196.236813342
  -soln_vol                  69196.236813342
  -total_alkalinity          669.10372181673
  -activities
    C(-2)                    -30
    C(-3)                    -30
    C(-4)                    -30
    C(2)                     -30
    C(4)                     -2.064538859279
    Ca                       -3.8015342262892
    Cl(-1)                   -3.8786022839112
    Cl(1)                    -30.049995864116
    Cl(3)                    -30.049995864116
    Cl(5)                    -30.050814154343
    Cl(7)                    -30.050814154343
    E                        -0.94099143107929
    Fe(2)                    -3.3594364166927
    Fe(3)                    -30.391556393287
    H(0)                     -29.998706511304
    K                        -2.2801264787757
    Mg                       -3.143612745557
    Na                       -3.8786890937266
    Ntg                      -3.265454645052
    O(0)                     -29.998706511304
    S(-2)                    -30.050814154343
    S(2)                     -30.201521071864
    S(3)                     -30.195278174901
    S(4)                     -30.198350639748
    S(5)                     -30.201521071864
    S(6)                     -4.1118333065935
    S(7)                     -30.201521071864
    S(8)                     -30.049995864116
    Si                       -3.1097661774323
  -gammas
USE mix none
USE reaction none
USE reaction_temperature none
USE reaction_pressure none
