SOLUTION_RAW                 5 Solution after simulation 3.
  -temp                      27.2437
  -pressure                  252.959
  -potential                 0
  -total_h                   2274455.5448182
  -total_o                   1137242.5901583
  -cb                        -2.857877060003e-10
  -density                   1.0000264226332
  -totals
    C(-4)                    5.4257759404715e-22
    C(2)                     2.8668267417292e-16
    C(4)                     6.1377288440398
    Ca                       0.042534493355328
    Cl(-1)                   0.0032886570598433
    Fe(2)                    0.020127770766288
    Fe(3)                    2.5399532242828e-12
    H(0)                     7.0933489049384e-10
    K                        4.5156361638699
    Mg                       0.0089926101500937
    Na                       0.08837919687144
    Ntg                      0.13084925495591
    S(-2)                    5.3487180294732e-19
    S(4)                     5.4093227073809e-17
    S(6)                     0.0032934882988081
    Si                       0.080196397330292
  -pH                        6.8746672775452
  -pe                        -1.5210863423913
  -mu                        0.00023566057087772
  -ah2o                      0.99999084017406
  -mass_water                20481.202056531
  -soln_vol                  20481.202056531
  -total_alkalinity          4.7374494759156
  -activities
    C(-2)                    -30
    C(-3)                    -30
    C(-4)                    -30
    C(2)                     -30
    C(4)                     -3.6437715769043
    Ca                       -5.7133037813683
    Cl(-1)                   -6.8020987549789
    Cl(1)                    -30.00771923833
    Cl(3)                    -30.00771923833
    Cl(5)                    -30.007738426887
    Cl(7)                    -30.007738426887
    E                        1.5210863423913
    Fe(2)                    -6.0393165627241
    Fe(3)                    -30.067869718965
    H(0)                     -29.999975100265
    K                        -3.6643947423529
    Mg                       -6.387827126391
    Na                       -5.3728576200327
    Ntg                      -5.1945606219028
    O(0)                     -29.999975100265
    S(-2)                    -30.007738426887
    S(2)                     -30.030906066469
    S(3)                     -30.030753692901
    S(4)                     -30.030829691472
    S(5)                     -30.030906066469
    S(6)                     -6.8255012074607
    S(7)                     -30.030906066469
    S(8)                     -30.00771923833
    Si                       -5.4076087338497
  -gammas
USE mix none
USE reaction none
USE reaction_temperature none
USE reaction_pressure none
