SOLUTION_RAW                 5 Solution after simulation 3.
  -temp                      29.9985
  -pressure                  252.943
  -potential                 0
  -total_h                   1564715.7135048
  -total_o                   782379.72990145
  -cb                        -1.7229320400935e-11
  -density                   1.0000539316974
  -totals
    C(-4)                    5.2643972663278e-20
    C(2)                     2.0926597258512e-15
    C(4)                     9.2582156180589
    Ca                       0.050802155587121
    Cl(-1)                   0.0062356198464986
    Fe(2)                    0.031660902753638
    Fe(3)                    3.0487460483609e-12
    H(0)                     1.5491893637715e-09
    K                        5.7799655464843
    Mg                       0.019994801087256
    Na                       0.1870650320425
    Ntg                      0.17254766075627
    S(-2)                    1.0221650190982e-16
    S(2)                     4.1010356436508e-25
    S(4)                     4.8995378926482e-16
    S(6)                     0.006247110200276
    Si                       0.12756058106036
  -pH                        6.626866140805
  -pe                        -1.4960133706897
  -mu                        0.00044606719938741
  -ah2o                      0.99998112462551
  -mass_water                14090.053082876
  -soln_vol                  14090.053082876
  -total_alkalinity          6.1532164571561
  -activities
    C(-2)                    -30
    C(-3)                    -30
    C(-4)                    -30
    C(2)                     -30
    C(4)                     -3.3704335690849
    Ca                       -5.4850039345377
    Cl(-1)                   -6.3647069024941
    Cl(1)                    -30.01059283025
    Cl(3)                    -30.01059283025
    Cl(5)                    -30.010628888762
    Cl(7)                    -30.010628888762
    E                        1.4960133706897
    Fe(2)                    -5.6910312275686
    Fe(3)                    -30.092354878264
    H(0)                     -29.999952829954
    K                        -3.3976540176089
    Mg                       -5.8893902060382
    Na                       -4.8877484217011
    Ntg                      -4.9119589466547
    O(0)                     -29.999952829954
    S(-2)                    -30.010628888762
    S(2)                     -30.042426722386
    S(3)                     -30.042141165367
    S(4)                     -30.042283461972
    S(5)                     -30.042426722386
    S(6)                     -6.3973551435425
    S(7)                     -30.042426722386
    S(8)                     -30.01059283025
    Si                       -5.0434509422705
  -gammas
USE mix none
USE reaction none
USE reaction_temperature none
USE reaction_pressure none
