SOLUTION_RAW                 5 Solution after simulation 3.
  -temp                      26.4357
  -pressure                  252.962
  -potential                 0
  -total_h                   2390811.29784
  -total_o                   1195419.3890099
  -cb                        -1.1112549509057e-10
  -density                   1.0000236644719
  -totals
    C(2)                     2.6668587785122e-21
    C(4)                     5.6490774436841
    Ca                       0.037964895598769
    Cl(-1)                   0.0030133592621805
    Fe(2)                    0.018443718221121
    Fe(3)                    6.1220978831507e-10
    H(0)                     8.9778434067484e-15
    K                        4.3573423526215
    Mg                       0.0076003636996787
    Na                       0.080140986779562
    Ntg                      0.12670458676117
    S(4)                     5.1791773835097e-22
    S(6)                     0.0030174581047208
    Si                       0.075819325210888
  -pH                        6.9693012534963
  -pe                        0.83566744636706
  -mu                        0.00021537190734103
  -ah2o                      0.99999181653475
  -mass_water                21528.975620002
  -soln_vol                  21528.975620002
  -total_alkalinity          4.5564530196919
  -activities
    C(-2)                    -30
    C(-3)                    -30
    C(-4)                    -30
    C(2)                     -30
    C(4)                     -3.6821613206644
    Ca                       -5.7829832024115
    Cl(-1)                   -6.8613860773103
    Cl(1)                    -30.007374737629
    Cl(3)                    -30.007374737629
    Cl(5)                    -30.007392268343
    Cl(7)                    -30.007392268343
    E                        -0.83566744636706
    Fe(2)                    -6.0977779375858
    Fe(3)                    -30.064905872105
    H(0)                     -29.999977247108
    K                        -3.7012120282701
    Mg                       -6.4812187379956
    Na                       -5.4366671090405
    Ntg                      -5.2302094919435
    O(0)                     -29.999977247108
    S(-2)                    -30.007392268343
    S(2)                     -30.029525515472
    S(3)                     -30.029386261646
    S(4)                     -30.029455724026
    S(5)                     -30.029525515472
    S(6)                     -6.883714863609
    S(7)                     -30.029525515472
    S(8)                     -30.007374737629
    Si                       -5.4537368550946
  -gammas
USE mix none
USE reaction none
USE reaction_temperature none
USE reaction_pressure none
