SOLUTION_RAW                 5 Solution after simulation 3.
  -temp                      25.4777
  -pressure                  252.963
  -potential                 0
  -total_h                   2538289.4997417
  -total_o                   1269157.2950214
  -cb                        -5.0838803652975e-12
  -density                   1.0000207326176
  -totals
    C(2)                     1.4516441853142e-17
    C(4)                     5.1095580531073
    Ca                       0.033431374264336
    Cl(-1)                   0.0027117107503814
    Fe(2)                    0.016592146547875
    Fe(3)                    5.5630726338955e-12
    H(0)                     7.5088038180893e-11
    K                        4.1714685827352
    Mg                       0.0062029898481676
    Na                       0.071193127021671
    Ntg                      0.12187133089657
    S(-2)                    2.8682997271026e-23
    S(4)                     3.0408891688324e-18
    S(6)                     0.0027150787217877
    Si                       0.070843851478971
  -pH                        7.1087855742666
  -pe                        -1.2618635339868
  -mu                        0.00019330161981473
  -ah2o                      0.99999285151969
  -mass_water                22857.00398695
  -soln_vol                  22857.00398695
  -total_alkalinity          4.3469728628943
  -activities
    C(-2)                    -30
    C(-3)                    -30
    C(-4)                    -30
    C(2)                     -30
    C(4)                     -3.7284753957856
    Ca                       -5.8626734784622
    Cl(-1)                   -6.9327917784107
    Cl(1)                    -30.006981044527
    Cl(3)                    -30.006981044527
    Cl(5)                    -30.006996771401
    Cl(7)                    -30.006996771401
    E                        1.2618635339868
    Fe(2)                    -6.1685593836005
    Fe(3)                    -30.061511633147
    H(0)                     -29.999979580735
    K                        -3.7457432885256
    Mg                       -6.5939318906397
    Na                       -5.5136755881968
    Ntg                      -5.2730984200119
    O(0)                     -29.999979580735
    S(-2)                    -30.006996771401
    S(2)                     -30.027947976368
    S(3)                     -30.027823005019
    S(4)                     -30.027885350716
    S(5)                     -30.027947976368
    S(6)                     -6.9538987259452
    S(7)                     -30.027947976368
    S(8)                     -30.006981044527
    Si                       -5.509374933909
  -gammas
USE mix none
USE reaction none
USE reaction_temperature none
USE reaction_pressure none
