SOLUTION_RAW                 5 Solution after simulation 3.
  -temp                      25.9552
  -pressure                  252.964
  -potential                 0
  -total_h                   2463460.7340633
  -total_o                   1231743.4967504
  -cb                        -2.4045366392444e-12
  -density                   1.0000221499446
  -totals
    C(2)                     4.4545185277668e-22
    C(4)                     5.3731702464036
    Ca                       0.03558206683576
    Cl(-1)                   0.0028587623438229
    Fe(2)                    0.017495621200458
    Fe(3)                    1.2328875799462e-09
    H(0)                     1.8400614911309e-15
    K                        4.2638313756227
    Mg                       0.0068674121459303
    Na                       0.075543666257663
    Ntg                      0.12426893127206
    S(4)                     8.9194457013404e-23
    S(6)                     0.0028624755576882
    Si                       0.073293797689216
  -pH                        7.0346576643194
  -pe                        1.1160459018541
  -mu                        0.00020404023586635
  -ah2o                      0.99999235159431
  -mass_water                22183.177490052
  -soln_vol                  22183.177490052
  -total_alkalinity          4.4506815300207
  -activities
    C(-2)                    -30
    C(-3)                    -30
    C(-4)                    -30
    C(2)                     -30
    C(4)                     -3.7052812714774
    Ca                       -5.82335626817
    Cl(-1)                   -6.8970577377893
    Cl(1)                    -30.007175253838
    Cl(3)                    -30.007175253838
    Cl(5)                    -30.007191858445
    Cl(7)                    -30.007191858445
    E                        -1.1160459018541
    Fe(2)                    -6.1330793349283
    Fe(3)                    -30.063186974609
    H(0)                     -29.9999784455
    K                        -3.7234326993417
    Mg                       -6.5374918327427
    Na                       -5.4751193472533
    Ntg                      -5.2516407866662
    O(0)                     -29.9999784455
    S(-2)                    -30.007191858445
    S(2)                     -30.028726159076
    S(3)                     -30.028594237015
    S(4)                     -30.028660046282
    S(5)                     -30.028726159076
    S(6)                     -6.9187670481489
    S(7)                     -30.028726159076
    S(8)                     -30.007175253838
    Si                       -5.4815204896575
  -gammas
USE mix none
USE reaction none
USE reaction_temperature none
USE reaction_pressure none
