SOLUTION_RAW                 5 Solution after simulation 3.
  -temp                      18.7475
  -pressure                  252.967
  -potential                 0
  -total_h                   3936090.1662963
  -total_o                   1968051.4245305
  -cb                        -9.0402373260912e-10
  -density                   1.0000077608449
  -totals
    C(2)                     8.5998349579795e-25
    C(4)                     2.3716297052495
    Ca                       0.01603328902784
    Cl(-1)                   0.001229273109266
    Fe(2)                    0.007397638027509
    Fe(3)                    1.7894598532917e-10
    H(0)                     2.352780086352e-15
    K                        2.9621088661822
    Mg                       0.001328309602767
    Na                       0.030862538217926
    Ntg                      0.090979026202918
    S(4)                     1.3221243150533e-23
    S(6)                     0.0012300584342489
    Si                       0.03690121368546
  -pH                        9.3415124656805
  -pe                        -1.217145128245
  -mu                        9.187823850336e-05
  -ah2o                      0.99999712812428
  -mass_water                35444.074451222
  -soln_vol                  35444.074451222
  -total_alkalinity          3.0388004888216
  -activities
    C(-2)                    -30
    C(-3)                    -30
    C(-4)                    -30
    C(2)                     -30
    C(4)                     -4.216665379782
    Ca                       -6.3679118628043
    Cl(-1)                   -7.4647073399607
    Cl(1)                    -30.004795930168
    Cl(3)                    -30.004795930168
    Cl(5)                    -30.004803391296
    Cl(7)                    -30.004803391296
    E                        1.217145128245
    Fe(2)                    -6.8511736025249
    Fe(3)                    -30.042532633434
    H(0)                     -29.99999028115
    K                        -4.0827536133613
    Mg                       -7.4472990120999
    Na                       -6.0649548960108
    Ntg                      -5.590593168276
    O(0)                     -29.99999028115
    S(-2)                    -30.004803391296
    S(2)                     -30.019194773425
    S(3)                     -30.019135361468
    S(4)                     -30.019165021411
    S(5)                     -30.019194773425
    S(6)                     -7.4791133488418
    S(7)                     -30.019194773425
    S(8)                     -30.004795930168
    Si                       -6.0632673211505
  -gammas
USE mix none
USE reaction none
USE reaction_temperature none
USE reaction_pressure none
