SOLUTION_RAW                 5 Solution after simulation 3.
  -temp                      29.7835
  -pressure                  252.923
  -potential                 0
  -total_h                   1742605.115176
  -total_o                   871322.7828607
  -cb                        1.633759100228e-12
  -density                   1.0000448959915
  -totals
    C(-4)                    1.6958201910893e-19
    C(2)                     2.5719324486935e-15
    C(4)                     8.5603168454058
    Ca                       0.050576465025993
    Cl(-1)                   0.0052103324803112
    Fe(2)                    0.020414226777667
    Fe(3)                    1.6533290362468e-12
    H(0)                     2.3254273358891e-09
    K                        5.4171828533788
    Mg                       0.015200505222965
    Na                       0.14649528067157
    Ntg                      0.15885962719084
    S(-2)                    2.944183346807e-16
    S(2)                     8.8037500544328e-25
    S(4)                     5.4566084202677e-16
    S(6)                     0.0052195773915728
    Si                       0.11177759963827
  -pH                        6.635935760513
  -pe                        -1.5720849571744
  -mu                        0.000371671778078
  -ah2o                      0.99998429582331
  -mass_water                15691.933246406
  -soln_vol                  15691.933246406
  -total_alkalinity          5.7204110408402
  -activities
    C(-2)                    -30
    C(-3)                    -30
    C(-4)                    -30
    C(2)                     -30
    C(4)                     -3.4479385414416
    Ca                       -5.5301524692274
    Cl(-1)                   -6.4885681141623
    Cl(1)                    -30.009689608686
    Cl(3)                    -30.009689608686
    Cl(5)                    -30.009719771355
    Cl(7)                    -30.009719771355
    E                        1.5720849571744
    Fe(2)                    -5.9248642680106
    Fe(3)                    -30.084704622943
    H(0)                     -29.999960699953
    K                        -3.4716541714228
    Mg                       -6.0517542973263
    Na                       -5.0397406917188
    Ntg                      -4.9946257457724
    O(0)                     -29.999960699953
    S(-2)                    -30.009719771355
    S(2)                     -30.038804577066
    S(3)                     -30.038565504788
    S(4)                     -30.038684671709
    S(5)                     -30.038804577066
    S(6)                     -6.5182717134489
    S(7)                     -30.038804577066
    S(8)                     -30.009689608686
    Si                       -5.1475794183719
  -gammas
USE mix none
USE reaction none
USE reaction_temperature none
USE reaction_pressure none
