SOLUTION_RAW                 5 Solution after simulation 3.
  -temp                      29.8918
  -pressure                  252.958
  -potential                 0
  -total_h                   1352350.9317717
  -total_o                   676200.45554022
  -cb                        -8.0106060673657e-14
  -density                   1.0000701846324
  -totals
    C(-4)                    1.7068343575809e-19
    C(2)                     3.3008364467472e-15
    C(4)                     10.645077249559
    Ca                       0.053144044453051
    Cl(-1)                   0.0078683929468909
    Fe(2)                    0.047294645806831
    Fe(3)                    4.0163036254245e-12
    H(0)                     1.6832793192526e-09
    K                        6.2773945473846
    Mg                       0.027255927811949
    Na                       0.23498239571985
    Ntg                      0.19350839180849
    S(-2)                    4.1630094604484e-16
    S(2)                     2.5407116095528e-24
    S(4)                     8.6224497830105e-16
    S(6)                     0.0078831484779504
    Si                       0.14795076232226
  -pH                        6.5667658777424
  -pe                        -1.4867046530204
  -mu                        0.00056723247881135
  -ah2o                      0.99997536609204
  -mass_water                12177.72413809
  -soln_vol                  12177.72413809
  -total_alkalinity          6.7441314893495
  -activities
    C(-2)                    -30
    C(-3)                    -30
    C(-4)                    -30
    C(2)                     -30
    C(4)                     -3.2685522331447
    Ca                       -5.4071939202578
    Cl(-1)                   -6.2016818297693
    Cl(1)                    -30.011898821141
    Cl(3)                    -30.011898821141
    Cl(5)                    -30.01194436609
    Cl(7)                    -30.01194436609
    E                        1.4867046530204
    Fe(2)                    -5.4583752152093
    Fe(3)                    -30.103343475274
    H(0)                     -29.999940021045
    K                        -3.2997790472364
    Mg                       -5.6964731201604
    Na                       -4.7267271458895
    Ntg                      -4.7988096048567
    O(0)                     -29.999940021045
    S(-2)                    -30.01194436609
    S(2)                     -30.047665720107
    S(3)                     -30.047305488925
    S(4)                     -30.047484921665
    S(5)                     -30.047665720107
    S(6)                     -6.2386668773126
    S(7)                     -30.047665720107
    S(8)                     -30.011898821141
    Si                       -4.9156707365485
  -gammas
USE mix none
USE reaction none
USE reaction_temperature none
USE reaction_pressure none
