SOLUTION_RAW                 5 Solution after simulation 3.
  -temp                      19.0456
  -pressure                  252.966
  -potential                 0
  -total_h                   3858392.1840012
  -total_o                   1929202.6367252
  -cb                        -9.5293467127638e-11
  -density                   1.0000081154008
  -totals
    C(2)                     3.6841401895007e-22
    C(4)                     2.4589477298406
    Ca                       0.016398871423881
    Cl(-1)                   0.0012750567678553
    Fe(2)                    0.0076839896568551
    Fe(3)                    9.9905308803418e-12
    H(0)                     8.8191233527954e-13
    K                        3.0108309775628
    Mg                       0.0014277676745196
    Na                       0.032018013509582
    Ntg                      0.092211763417609
    S(4)                     5.2314380707564e-21
    S(6)                     0.001275895474206
    Si                       0.038351930596332
  -pH                        9.3100104870743
  -pe                        -2.4737785647541
  -mu                        9.5096066831897e-05
  -ah2o                      0.99999701664739
  -mass_water                34744.411345575
  -soln_vol                  34744.411345575
  -total_alkalinity          3.0900434009719
  -activities
    C(-2)                    -30
    C(-3)                    -30
    C(-4)                    -30
    C(2)                     -30
    C(4)                     -4.1901716259597
    Ca                       -6.3497997844547
    Cl(-1)                   -7.4402522405841
    Cl(1)                    -30.004880071381
    Cl(3)                    -30.004880071381
    Cl(5)                    -30.004887794834
    Cl(7)                    -30.004887794834
    E                        2.4737785647541
    Fe(2)                    -6.8200775323027
    Fe(3)                    -30.043267955662
    H(0)                     -29.999989942174
    K                        -4.0670942454218
    Mg                       -7.4076076318506
    Na                       -6.0404199450814
    Ntg                      -5.5760891211111
    O(0)                     -29.999989942174
    S(-2)                    -30.004887794834
    S(2)                     -30.019531737627
    S(3)                     -30.019470241751
    S(4)                     -30.019500941217
    S(5)                     -30.019531737627
    S(6)                     -7.4549139102346
    S(7)                     -30.019531737627
    S(8)                     -30.004880071381
    Si                       -6.0334123061365
  -gammas
USE mix none
USE reaction none
USE reaction_temperature none
USE reaction_pressure none
