SOLUTION_RAW                 5 Solution after simulation 3.
  -temp                      25.7957
  -pressure                  252.963
  -potential                 0
  -total_h                   2488167.5123307
  -total_o                   1244096.6882726
  -cb                        -2.2318986936387e-12
  -density                   1.0000216670295
  -totals
    C(2)                     4.621192058841e-22
    C(4)                     5.2839846449519
    Ca                       0.034841016274276
    Cl(-1)                   0.0028089412801917
    Fe(2)                    0.017189676732469
    Fe(3)                    1.1319375205792e-09
    H(0)                     2.0522796806736e-15
    K                        4.232927667288
    Mg                       0.0066386813628406
    Na                       0.07406704843041
    Ntg                      0.12346591636806
    S(4)                     9.3759156157594e-23
    S(6)                     0.0028125364883465
    Si                       0.07246902942766
  -pH                        7.0582642260682
  -pe                        1.0692647389815
  -mu                        0.0002003962738731
  -ah2o                      0.99999252202139
  -mass_water                22405.659874321
  -soln_vol                  22405.659874321
  -total_alkalinity          4.4158994513349
  -activities
    C(-2)                    -30
    C(-3)                    -30
    C(-4)                    -30
    C(2)                     -30
    C(4)                     -3.7130037826177
    Ca                       -5.8365762471628
    Cl(-1)                   -6.9089611219701
    Cl(1)                    -30.007109936499
    Cl(3)                    -30.007109936499
    Cl(5)                    -30.007126243272
    Cl(7)                    -30.007126243272
    E                        -1.0692647389815
    Fe(2)                    -6.1448845903545
    Fe(3)                    -30.062623724992
    H(0)                     -29.99997883077
    K                        -3.7308599313012
    Mg                       -6.5562855830229
    Na                       -5.487959315841
    Ntg                      -5.2587906152143
    O(0)                     -29.99997883077
    S(-2)                    -30.007126243272
    S(2)                     -30.028464433006
    S(3)                     -30.028334869263
    S(4)                     -30.028399503405
    S(5)                     -30.028464433006
    S(6)                     -6.9304675639965
    S(7)                     -30.028464433006
    S(8)                     -30.007109936499
    Si                       -5.4907974335704
  -gammas
USE mix none
USE reaction none
USE reaction_temperature none
USE reaction_pressure none
