SOLUTION_RAW                 5 Solution after simulation 3.
  -temp                      28.5572
  -pressure                  252.959
  -potential                 0
  -total_h                   1948456.7799434
  -total_o                   974246.14642735
  -cb                        -4.8371272265424e-12
  -density                   1.0000359719031
  -totals
    C(2)                     6.1936762743858e-19
    C(4)                     7.4472968162235
    Ca                       0.048809623977076
    Cl(-1)                   0.0042904606256706
    Fe(2)                    0.026200052510792
    Fe(3)                    1.0285192330975e-10
    H(0)                     8.4300476825996e-13
    K                        5.022350713032
    Mg                       0.013307334579541
    Na                       0.11733694337575
    Ntg                      0.14660561522746
    S(4)                     1.233822470034e-19
    S(6)                     0.0042975849504816
    Si                       0.096476826158302
  -pH                        6.7316371293741
  -pe                        0.064293717119218
  -mu                        0.00030853783572618
  -ah2o                      0.99998747069077
  -mass_water                17545.610667125
  -soln_vol                  17545.610667125
  -total_alkalinity          5.3034360481236
  -activities
    C(-2)                    -30
    C(-3)                    -30
    C(-4)                    -30
    C(2)                     -30
    C(4)                     -3.5285177970228
    Ca                       -5.5907083120186
    Cl(-1)                   -6.6205487674535
    Cl(1)                    -30.008828182671
    Cl(3)                    -30.008828182671
    Cl(5)                    -30.008853250959
    Cl(7)                    -30.008853250959
    E                        -0.064293717119218
    Fe(2)                    -5.8617292868686
    Fe(3)                    -30.077367642339
    H(0)                     -29.999967389462
    K                        -3.5521407200114
    Mg                       -6.1547064010061
    Na                       -5.1837306945536
    Ntg                      -5.0779870296652
    O(0)                     -29.999967389462
    S(-2)                    -30.008853250959
    S(2)                     -30.035350944244
    S(3)                     -30.035152089484
    S(4)                     -30.035251236529
    S(5)                     -30.035350944244
    S(6)                     -6.6474794596417
    S(7)                     -30.035350944244
    S(8)                     -30.008828182671
    Si                       -5.2600532083013
  -gammas
USE mix none
USE reaction none
USE reaction_temperature none
USE reaction_pressure none
