SOLUTION_RAW                 5 Solution after simulation 3.
  -temp                      81.0156
  -pressure                  252.919
  -potential                 0
  -total_h                   811423.01730913
  -total_o                   447999.92263615
  -cb                        6.9777181366248e-08
  -density                   1.1328595166132
  -totals
    C(-4)                    2.0724611874741e-10
    C(2)                     2.0516089521262e-08
    C(4)                     20437.415457642
    Ca                       28.577155062856
    Cl(-1)                   44.332230777794
    Fe(2)                    60.689934204472
    Fe(3)                    2.7754190364552e-08
    H(0)                     6.4598968434007e-07
    K                        70.038431842843
    Mg                       609.07481407231
    Na                       46.910994712932
    Ntg                      40.307841391026
    S(-2)                    9.186618543987e-06
    S(2)                     1.7635986363456e-10
    S(4)                     6.5746200988227e-09
    S(5)                     2.8430805487081e-25
    S(6)                     46.910985522057
    Si                       269.099825407
  -pH                        4.9891842853249
  -pe                        -0.8388542037219
  -mu                        0.28666611802496
  -ah2o                      0.94963901470992
  -mass_water                7294.4047280989
  -soln_vol                  7294.4047280989
  -total_alkalinity          1375.4790313578
  -activities
    C(-2)                    -30
    C(-3)                    -30
    C(-4)                    -30
    C(2)                     -30
    C(4)                     -0.8908964639843
    Ca                       -2.9894067535819
    Cl(-1)                   -2.4157477854974
    Cl(1)                    -30.165376714038
    Cl(3)                    -30.165376714038
    Cl(5)                    -30.175261623804
    Cl(7)                    -30.175261623804
    E                        0.8388542037219
    Fe(2)                    -2.6571507653607
    Fe(3)                    -31.038902819436
    H(0)                     -29.969935559826
    K                        -2.2049360386848
    Mg                       -1.5982173544759
    Na                       -2.3774244794801
    Ntg                      -2.2289337035876
    O(0)                     -29.969935559826
    S(-2)                    -30.175261623804
    S(2)                     -30.70016882004
    S(3)                     -30.632368343953
    S(4)                     -30.664576443073
    S(5)                     -30.70016882004
    S(6)                     -3.7566568822169
    S(7)                     -30.70016882004
    S(8)                     -30.165376714038
    Si                       -1.4331115686703
  -gammas
USE mix none
USE reaction none
USE reaction_temperature none
USE reaction_pressure none
