SOLUTION_RAW                 5 Solution after simulation 3.
  -temp                      28.7233
  -pressure                  252.959
  -potential                 0
  -total_h                   1880708.8357487
  -total_o                   940372.81461515
  -cb                        -1.1543233383038e-11
  -density                   1.0000384517819
  -totals
    C(2)                     2.7669150463778e-21
    C(4)                     7.7295069774171
    Ca                       0.049313219691259
    Cl(-1)                   0.0045568238800011
    Fe(2)                    0.027794673509088
    Fe(3)                    1.721925555772e-09
    H(0)                     3.3907093349711e-15
    K                        5.1412010185866
    Mg                       0.014343406311729
    Na                       0.12581429186093
    Ntg                      0.15066229873948
    S(4)                     5.6419602492552e-22
    S(6)                     0.0045644985914417
    Si                       0.10067641583983
  -pH                        6.7120837415593
  -pe                        1.2756272521768
  -mu                        0.00032774147184689
  -ah2o                      0.99998659633837
  -mass_water                16935.546007626
  -soln_vol                  16935.546007626
  -total_alkalinity          5.4362320901423
  -activities
    C(-2)                    -30
    C(-3)                    -30
    C(-4)                    -30
    C(2)                     -30
    C(4)                     -3.5026608375219
    Ca                       -5.5719294129723
    Cl(-1)                   -6.5792914497437
    Cl(1)                    -30.009094980171
    Cl(3)                    -30.009094980171
    Cl(5)                    -30.00912158483
    Cl(7)                    -30.00912158483
    E                        -1.2756272521768
    Fe(2)                    -5.8217151874316
    Fe(3)                    -30.079643218918
    H(0)                     -29.99996535806
    K                        -3.5268838491654
    Mg                       -6.1078013934092
    Na                       -5.1383426940965
    Ntg                      -5.050761839435
    O(0)                     -29.99996535806
    S(-2)                    -30.00912158483
    S(2)                     -30.036420525754
    S(3)                     -30.036209537285
    S(4)                     -30.036314725176
    S(5)                     -30.036420525754
    S(6)                     -6.6070828870696
    S(7)                     -30.036420525754
    S(8)                     -30.009094980171
    Si                       -5.2261674732876
  -gammas
USE mix none
USE reaction none
USE reaction_temperature none
USE reaction_pressure none
