SOLUTION_RAW                 5 Solution after simulation 3.
  -temp                      8.35977
  -pressure                  252.979
  -potential                 0
  -total_h                   15764446.060061
  -total_o                   7886571.8290403
  -cb                        -7.7245507466017e-06
  -density                   1.0012485613644
  -totals
    C(4)                     1528.0790089324
    Ca                       1.8303431029983
    Cl(-1)                   14.7430535508
    Fe(2)                    0.95324459265124
    Fe(3)                    2.4782312938333e-07
    H(0)                     1.3841210743911e-18
    K                        1449.332775102
    Mg                       0.058417744728126
    Na                       1094.0275612588
    Ntg                      49.684773099626
    S(4)                     7.8057184868103e-24
    S(6)                     4.7465796732876
    Si                       5.6253009202614
  -pH                        10.574526456407
  -pe                        -0.64491392088585
  -mu                        0.0247817760704
  -ah2o                      0.99950232537291
  -mass_water                141952.10351089
  -soln_vol                  141952.10351089
  -total_alkalinity          2524.8081423166
  -activities
    C(-2)                    -30
    C(-3)                    -30
    C(-4)                    -30
    C(2)                     -30
    C(4)                     -2.479384151321
    Ca                       -5.7732970451058
    Cl(-1)                   -4.0512164874119
    Cl(1)                    -30.064299675708
    Cl(3)                    -30.064299675708
    Cl(5)                    -30.06572090593
    Cl(7)                    -30.06572090593
    E                        0.64491392088585
    Fe(2)                    -5.9080908206063
    Fe(3)                    -30.483160764438
    H(0)                     -29.997355101743
    K                        -2.0582374453077
    Mg                       -7.0698344702618
    Na                       -2.1803531565047
    Ntg                      -3.4534403440508
    O(0)                     -29.997355101743
    S(-2)                    -30.06572090593
    S(2)                     -30.260068644238
    S(3)                     -30.249396119476
    S(4)                     -30.254621013386
    S(5)                     -30.260068644238
    S(6)                     -4.7538128329556
    S(7)                     -30.260068644238
    S(8)                     -30.064299675708
    Si                       -5.0841372209546
  -gammas
USE mix none
USE reaction none
USE reaction_temperature none
USE reaction_pressure none
