SOLUTION_RAW                 5 Solution after simulation 3.
  -temp                      11.2444
  -pressure                  252.976
  -potential                 0
  -total_h                   14400938.68807
  -total_o                   7204169.587422
  -cb                        -1.1900320284752e-07
  -density                   1.0011740152193
  -totals
    C(4)                     1303.6963665936
    Ca                       1.7337529273392
    Cl(-1)                   12.192631013466
    Fe(2)                    0.95321918004464
    Fe(3)                    3.7755222451987e-07
    H(0)                     9.5361520162721e-19
    K                        1323.9773894151
    Mg                       0.072237932751148
    Na                       825.16584504949
    Ntg                      43.100983794584
    S(4)                     3.700573491146e-24
    S(6)                     3.0605507513794
    Si                       6.2172445733123
  -pH                        10.517428226766
  -pe                        -0.49565819605357
  -mu                        0.02281989375668
  -ah2o                      0.9995373389979
  -mass_water                129674.38603852
  -soln_vol                  129674.38603852
  -total_alkalinity          2136.3479225252
  -activities
    C(-2)                    -30
    C(-3)                    -30
    C(-4)                    -30
    C(2)                     -30
    C(4)                     -2.486777002082
    Ca                       -5.7547545353981
    Cl(-1)                   -4.0922917024293
    Cl(1)                    -30.062405964797
    Cl(3)                    -30.062405964797
    Cl(5)                    -30.063738418978
    Cl(7)                    -30.063738418978
    E                        0.49565819605357
    Fe(2)                    -5.8979292558973
    Fe(3)                    -30.471403812876
    H(0)                     -29.997574227445
    K                        -2.0561442780435
    Mg                       -6.9271856868669
    Na                       -2.2615877177048
    Ntg                      -3.4760850278742
    O(0)                     -29.997574227445
    S(-2)                    -30.063738418978
    S(2)                     -30.25229504648
    S(3)                     -30.242268613535
    S(4)                     -30.247180560257
    S(5)                     -30.25229504648
    S(6)                     -4.8978372074826
    S(7)                     -30.25229504648
    S(8)                     -30.062405964797
    Si                       -4.969675015057
  -gammas
USE mix none
USE reaction none
USE reaction_temperature none
USE reaction_pressure none
