SOLUTION_RAW                 5 Solution after simulation 3.
  -temp                      16.6704
  -pressure                  252.968
  -potential                 0
  -total_h                   4525372.500649
  -total_o                   2262691.3348762
  -cb                        -8.1141288956962e-10
  -density                   1.000005691162
  -totals
    C(4)                     1.8344804237495
    Ca                       0.013779156751256
    Cl(-1)                   0.0009501958803124
    Fe(2)                    0.0056486668794761
    Fe(3)                    2.3673416286477e-10
    H(0)                     4.7984147348699e-16
    K                        2.6375057109794
    Mg                       0.00079457212409136
    Na                       0.025398639685986
    Ntg                      0.082772993995388
    S(4)                     1.8454420467247e-24
    S(6)                     0.00095068601776108
    Si                       0.030769633993887
  -pH                        9.5021779220235
  -pe                        -1.0240463683732
  -mu                        7.1653053595848e-05
  -ah2o                      0.99999779230102
  -mass_water                40750.506109644
  -soln_vol                  40750.506109644
  -total_alkalinity          2.7004975753074
  -activities
    C(-2)                    -30
    C(-3)                    -30
    C(-4)                    -30
    C(2)                     -30
    C(4)                     -4.4012566534431
    Ca                       -6.4914796506376
    Cl(-1)                   -7.6365621151597
    Cl(1)                    -30.004229723958
    Cl(3)                    -30.004229723958
    Cl(5)                    -30.004235536752
    Cl(7)                    -30.004235536752
    E                        1.0240463683732
    Fe(2)                    -7.055715196459
    Fe(3)                    -30.03757496399
    H(0)                     -29.999992411602
    K                        -4.1931810399425
    Mg                       -7.7285916501932
    Na                       -6.2095859398906
    Ntg                      -5.6922371771984
    O(0)                     -29.999992411602
    S(-2)                    -30.004235536752
    S(2)                     -30.016927451218
    S(3)                     -30.016881139665
    S(4)                     -30.016904263727
    S(5)                     -30.016927451218
    S(6)                     -7.649253869314
    S(7)                     -30.016927451218
    S(8)                     -30.004229723958
    Si                       -6.227443272953
  -gammas
USE mix none
USE reaction none
USE reaction_temperature none
USE reaction_pressure none
