SOLUTION_RAW                 5 Solution after simulation 3.
  -temp                      18.1523
  -pressure                  252.966
  -potential                 0
  -total_h                   4096142.0525905
  -total_o                   2048076.9802024
  -cb                        -2.0895237142111e-08
  -density                   1.0000070999661
  -totals
    C(4)                     2.2054012204975
    Ca                       0.015346495911791
    Cl(-1)                   0.0011423768653562
    Fe(2)                    0.0068537035172925
    Fe(3)                    1.0074580889377e-09
    H(0)                     5.4760600067249e-17
    K                        2.8663777276462
    Mg                       0.0011486406095248
    Na                       0.029005708123247
    Ntg                      0.08855832262052
    S(4)                     2.7615712381713e-25
    S(6)                     0.0011430634319533
    Si                       0.034603090361694
  -pH                        9.3968115040517
  -pe                        -0.45346064502243
  -mu                        8.5693789196934e-05
  -ah2o                      0.99999733743465
  -mass_water                36885.326693551
  -soln_vol                  36885.326693551
  -total_alkalinity          2.9386526340201
  -activities
    C(-2)                    -30
    C(-3)                    -30
    C(-4)                    -30
    C(2)                     -30
    C(4)                     -4.2695397113577
    Ca                       -6.4034939011597
    Cl(-1)                   -7.5136892844166
    Cl(1)                    -30.004630011076
    Cl(3)                    -30.004630011076
    Cl(5)                    -30.004636968086
    Cl(7)                    -30.004636968086
    E                        0.45346064502243
    Fe(2)                    -6.9117969027881
    Fe(3)                    -30.041081573347
    H(0)                     -29.999990932608
    K                        -4.1141642611608
    Mg                       -7.5270454767332
    Na                       -6.1090428347858
    Ntg                      -5.6196156829863
    O(0)                     -29.999990932608
    S(-2)                    -30.004636968086
    S(2)                     -30.018530331038
    S(3)                     -30.018474924529
    S(4)                     -30.018502586312
    S(5)                     -30.018530331038
    S(6)                     -7.5275923464555
    S(7)                     -30.018530331038
    S(8)                     -30.004630011076
    Si                       -6.1166804666208
  -gammas
USE mix none
USE reaction none
USE reaction_temperature none
USE reaction_pressure none
