SOLUTION_RAW                 5 Solution after simulation 3.
  -temp                      3.95073
  -pressure                  252.979
  -potential                 0
  -total_h                   18329172.33326
  -total_o                   9170096.7346668
  -cb                        -1.2191517296145e-05
  -density                   1.0013481737219
  -totals
    C(-4)                    2.0662146747816e-20
    C(2)                     4.529058949397e-18
    C(4)                     1922.7482697493
    Ca                       2.005738715847
    Cl(-1)                   19.541284897473
    Fe(2)                    0.95328355987451
    Fe(3)                    2.5748162530539e-12
    H(0)                     5.3959047980096e-09
    K                        1685.1278889302
    Mg                       0.043159669280508
    Na                       1599.8799872392
    Ntg                      62.899129338826
    S(-2)                    8.1225843532642e-17
    S(4)                     3.4111039583048e-14
    S(6)                     5.966684537952
    Si                       5.7179801127729
  -pH                        10.705521223418
  -pe                        -5.5862386414971
  -mu                        0.02784607583036
  -ah2o                      0.99945316922129
  -mass_water                165046.69044697
  -soln_vol                  165046.69044697
  -total_alkalinity          3259.5375982775
  -activities
    C(-2)                    -30
    C(-3)                    -30
    C(-4)                    -30
    C(2)                     -30
    C(4)                     -2.5073346891444
    Ca                       -5.8032659833234
    Cl(-1)                   -3.9973744003656
    Cl(1)                    -30.067015192073
    Cl(3)                    -30.067015192073
    Cl(5)                    -30.068570019365
    Cl(7)                    -30.068570019365
    E                        5.5862386414971
    Fe(2)                    -5.9569865329884
    Fe(3)                    -30.499758876417
    H(0)                     -29.997005001667
    K                        -2.0612321372197
    Mg                       -7.2838938088324
    Na                       -2.083476705969
    Ntg                      -3.4161775786971
    O(0)                     -29.997005001667
    S(-2)                    -30.068570019365
    S(2)                     -30.271232522
    S(3)                     -30.259591568807
    S(4)                     -30.265284909001
    S(5)                     -30.271232522
    S(6)                     -4.7303944397288
    S(7)                     -30.271232522
    S(8)                     -30.067015192073
    Si                       -5.2283700294055
  -gammas
USE mix none
USE reaction none
USE reaction_temperature none
USE reaction_pressure none
