SOLUTION_RAW                 5 Solution after simulation 3.
  -temp                      30.2262
  -pressure                  252.957
  -potential                 0
  -total_h                   1157818.74729
  -total_o                   578937.81714601
  -cb                        -3.3421425349456e-12
  -density                   1.0000919935065
  -totals
    C(-4)                    1.8466480866945e-25
    C(2)                     1.2801237605235e-16
    C(4)                     12.179542393301
    Ca                       0.055004642949824
    Cl(-1)                   0.010057818134769
    Fe(2)                    0.059953534292912
    Fe(3)                    2.9814237235406e-11
    H(0)                     4.5276489026295e-11
    K                        6.8089739983373
    Mg                       0.035642113737388
    Na                       0.3060859105617
    Ntg                      0.21692688718993
    S(-2)                    5.6466143733821e-22
    S(4)                     3.7941962372923e-17
    S(6)                     0.010077271883226
    Si                       0.17554154025471
  -pH                        6.513686004659
  -pe                        -0.67881347321311
  -mu                        0.00072711487729636
  -ah2o                      0.9999676153841
  -mass_water                10425.975491157
  -soln_vol                  10425.975491157
  -total_alkalinity          7.3860481289912
  -activities
    C(-2)                    -30
    C(-3)                    -30
    C(-4)                    -30
    C(2)                     -30
    C(4)                     -3.1631421552247
    Ca                       -5.330750372073
    Cl(-1)                   -6.0291674426504
    Cl(1)                    -30.013422790699
    Cl(3)                    -30.013422790699
    Cl(5)                    -30.013480781026
    Cl(7)                    -30.013480781026
    E                        0.67881347321311
    Fe(2)                    -5.2937769505439
    Fe(3)                    -30.116063183754
    H(0)                     -29.999923106498
    K                        -3.19857736219
    Mg                       -5.5182967583634
    Na                       -4.5460717346406
    Ntg                      -4.6817306038334
    O(0)                     -29.999923106498
    S(-2)                    -30.013480781026
    S(2)                     -30.053781509939
    S(3)                     -30.053323510113
    S(4)                     -30.053551531333
    S(5)                     -30.053781509939
    S(6)                     -6.0712651188678
    S(7)                     -30.053781509939
    S(8)                     -30.013422790699
    Si                       -4.7739360639828
  -gammas
USE mix none
USE reaction none
USE reaction_temperature none
USE reaction_pressure none
