SOLUTION_RAW                 5 Solution after simulation 3.
  -temp                      5.55429
  -pressure                  252.98
  -potential                 0
  -total_h                   17429455.9429
  -total_o                   8719836.2606333
  -cb                        -7.2221091329538e-09
  -density                   1.0013175890445
  -totals
    C(4)                     1785.9657675374
    Ca                       1.9469989365397
    Cl(-1)                   17.859414037681
    Fe(2)                    0.95327052395804
    Fe(3)                    2.4992670589116e-07
    H(0)                     7.9184042045593e-19
    K                        1602.4095377879
    Mg                       0.047391631381269
    Na                       1422.6036769864
    Ntg                      57.929161456177
    S(4)                     5.3429080214135e-24
    S(6)                     6.1335201400531
    Si                       5.7162629691309
  -pH                        10.657702201389
  -pe                        -0.61527154008673
  -mu                        0.0268604307643
  -ah2o                      0.9994685317642
  -mass_water                156944.97451586
  -soln_vol                  156944.97451586
  -total_alkalinity          3000.7820828974
  -activities
    C(-2)                    -30
    C(-3)                    -30
    C(-4)                    -30
    C(2)                     -30
    C(4)                     -2.4950350199893
    Ca                       -5.7948987352768
    Cl(-1)                   -4.0136681366036
    Cl(1)                    -30.066188262905
    Cl(3)                    -30.066188262905
    Cl(5)                    -30.067701269442
    Cl(7)                    -30.067701269442
    E                        0.61527154008673
    Fe(2)                    -5.9416398683194
    Fe(3)                    -30.494757659873
    H(0)                     -29.997119779235
    K                        -2.0603241544494
    Mg                       -7.2170309110217
    Na                       -2.111802642962
    Ntg                      -3.4301641287916
    O(0)                     -29.997119779235
    S(-2)                    -30.067701269442
    S(2)                     -30.267831152008
    S(3)                     -30.256492786012
    S(4)                     -30.262039852365
    S(5)                     -30.267831152008
    S(6)                     -4.6933765161324
    S(7)                     -30.267831152008
    S(8)                     -30.066188262905
    Si                       -5.1758467661708
  -gammas
USE mix none
USE reaction none
USE reaction_temperature none
USE reaction_pressure none
