SOLUTION_RAW                 5 Solution after simulation 3.
  -temp                      31.0319
  -pressure                  252.942
  -potential                 0
  -total_h                   497847.54098024
  -total_o                   248973.87281162
  -cb                        -9.9688017216049e-09
  -density                   1.000348385275
  -totals
    C(-4)                    2.4863808029827e-15
    C(2)                     9.2011832146885e-14
    C(4)                     22.049815909652
    Ca                       0.079433459690116
    Cl(-1)                   0.03127256182393
    Fe(2)                    0.15655683706002
    Fe(3)                    5.0208593651967e-12
    H(0)                     5.6254760092781e-09
    K                        8.892209394793
    Mg                       0.10880970187803
    Na                       0.77647369475995
    Ntg                      0.37476109300106
    S(-2)                    2.4748083238705e-11
    S(2)                     1.9107551074034e-18
    S(4)                     5.346372991756e-14
    S(6)                     0.031336141690924
    Si                       0.37258799964039
  -pH                        6.2517798774566
  -pe                        -1.6392268832478
  -mu                        0.0023944045554012
  -ah2o                      0.99987534026789
  -mass_water                4482.9748650142
  -soln_vol                  4482.9748650142
  -total_alkalinity          10.264338251577
  -activities
    C(-2)                    -30
    C(-3)                    -30
    C(-4)                    -30
    C(2)                     -30
    C(4)                     -2.6640043949281
    Ca                       -4.8442798576451
    Cl(-1)                   -5.1805132198148
    Cl(1)                    -30.023685479325
    Cl(3)                    -30.023685479325
    Cl(5)                    -30.023867137936
    Cl(7)                    -30.023867137936
    E                        1.6392268832478
    Fe(2)                    -4.5494625928075
    Fe(3)                    -30.198881752766
    H(0)                     -29.999746769991
    K                        -2.726628176438
    Mg                       -4.7051875423731
    Na                       -3.7862649655557
    Ntg                      -4.0775723665186
    O(0)                     -29.999746769991
    S(-2)                    -30.023867137936
    S(2)                     -30.095039895333
    S(3)                     -30.093619178989
    S(4)                     -30.094324193363
    S(5)                     -30.095039895333
    S(6)                     -5.2591695235448
    S(7)                     -30.095039895333
    S(8)                     -30.023685479325
    Si                       -4.0804527120044
  -gammas
USE mix none
USE reaction none
USE reaction_temperature none
USE reaction_pressure none
