SOLUTION_RAW                 5 Solution after simulation 3.
  -temp                      30.8824
  -pressure                  252.942
  -potential                 0
  -total_h                   774196.36816624
  -total_o                   387136.66124736
  -cb                        -2.6265422475857e-10
  -density                   1.0001792272767
  -totals
    C(-4)                    1.797828158079e-16
    C(2)                     3.4335965145624e-14
    C(4)                     16.700354142712
    Ca                       0.063216988678981
    Cl(-1)                   0.018131069285043
    Fe(2)                    0.090936544152216
    Fe(3)                    3.7926815947952e-12
    H(0)                     4.9847335498528e-09
    K                        8.0522037598576
    Mg                       0.062428858034838
    Na                       0.53089451938702
    Ntg                      0.28648651020733
    S(-2)                    9.8154903907336e-13
    S(2)                     2.6859988032121e-20
    S(4)                     1.4146535922926e-14
    S(6)                     0.01816745596102
    Si                       0.26144379910377
  -pH                        6.3821120105718
  -pe                        -1.648882504757
  -mu                        0.0013273554426262
  -ah2o                      0.9999363879143
  -mass_water                6971.4801437262
  -soln_vol                  6971.4801437262
  -total_alkalinity          8.961797080036
  -activities
    C(-2)                    -30
    C(-3)                    -30
    C(-4)                    -30
    C(2)                     -30
    C(4)                     -2.9088921050027
    Ca                       -5.1130217460832
    Cl(-1)                   -5.6030674925627
    Cl(1)                    -30.01792744538
    Cl(3)                    -30.01792744538
    Cl(5)                    -30.018031112698
    Cl(7)                    -30.018031112698
    E                        1.648882504757
    Fe(2)                    -4.9553022196004
    Fe(3)                    -30.153013693379
    H(0)                     -29.999859603262
    K                        -2.9555541341019
    Mg                       -5.1169763135987
    Na                       -4.1369035567439
    Ntg                      -4.3860880820407
    O(0)                     -29.999859603262
    S(-2)                    -30.018031112698
    S(2)                     -30.071874920168
    S(3)                     -30.071059680949
    S(4)                     -30.071464977456
    S(5)                     -30.071874920168
    S(6)                     -5.660739524569
    S(7)                     -30.071874920168
    S(8)                     -30.01792744538
    Si                       -4.4260989172672
  -gammas
USE mix none
USE reaction none
USE reaction_temperature none
USE reaction_pressure none
