SOLUTION_RAW                 5 Solution after simulation 3.
  -temp                      22.0587
  -pressure                  252.961
  -potential                 0
  -total_h                   3160935.8311071
  -total_o                   1580476.8642309
  -cb                        -1.6893105837801e-11
  -density                   1.0000127261359
  -totals
    C(2)                     1.5817207581366e-19
    C(4)                     3.5062175252104
    Ca                       0.021950456283485
    Cl(-1)                   0.0018325846997612
    Fe(2)                    0.01115860084225
    Fe(3)                    3.43916800916e-12
    H(0)                     4.1937580678155e-11
    K                        3.5315786692298
    Mg                       0.002905258897488
    Na                       0.046555325287402
    Ntg                      0.10543449062739
    S(4)                     4.3622484079737e-19
    S(6)                     0.001834214969949
    Si                       0.053287309419082
  -pH                        8.6197088691879
  -pe                        -2.6339896589845
  -mu                        0.00013167001791983
  -ah2o                      0.99999559511114
  -mass_water                28463.879365165
  -soln_vol                  28463.879365165
  -total_alkalinity          3.6446616119443
  -activities
    C(-2)                    -30
    C(-3)                    -30
    C(-4)                    -30
    C(2)                     -30
    C(4)                     -3.9254594255003
    Ca                       -6.1375529610294
    Cl(-1)                   -7.1970058992801
    Cl(1)                    -30.005752427345
    Cl(3)                    -30.005752427345
    Cl(5)                    -30.005763134271
    Cl(7)                    -30.005763134271
    E                        2.6339896589845
    Fe(2)                    -6.4715954192687
    Fe(3)                    -30.050870280136
    H(0)                     -29.999986087816
    K                        -3.9120992982673
    Mg                       -7.0146698222654
    Na                       -5.7921559571493
    Ntg                      -5.4312982189028
    O(0)                     -29.999986087816
    S(-2)                    -30.005763134271
    S(2)                     -30.023025737419
    S(3)                     -30.022940557201
    S(4)                     -30.022983068404
    S(5)                     -30.023025737419
    S(6)                     -7.2143290563906
    S(7)                     -30.023025737419
    S(8)                     -30.005752427345
    Si                       -5.7462038757298
  -gammas
USE mix none
USE reaction none
USE reaction_temperature none
USE reaction_pressure none
