SOLUTION_RAW                 5 Solution after simulation 3.
  -temp                      31.3979
  -pressure                  252.92
  -potential                 0
  -total_h                   4178541.8741913
  -total_o                   2089286.5916224
  -cb                        1.1174043461348e-12
  -density                   1.0000149064549
  -totals
    C(-4)                    5.5661704600672e-15
    C(2)                     1.4216287715545e-14
    C(4)                     6.3456591866917
    Ca                       0.0070069622030406
    Cl(-1)                   0.069826639120198
    Fe(2)                    0.0048343207667971
    Fe(3)                    1.0019212368484e-13
    H(0)                     1.1968714066583e-07
    K                        2.839816204128
    Mg                       0.0039487783541006
    Na                       2.843761087032
    Ntg                      0.072771213787412
    S(-2)                    1.343949258135e-12
    S(2)                     2.2898223463008e-22
    S(4)                     1.2878623806759e-15
    S(6)                     0.0013917240323095
    Si                       0.068183940862381
  -pH                        7.2231623125635
  -pe                        -2.8087527571488
  -mu                        0.00015251968409524
  -ah2o                      0.99999445698071
  -mass_water                37627.300959442
  -soln_vol                  37627.300959442
  -total_alkalinity          5.6425473266221
  -activities
    C(-2)                    -30
    C(-3)                    -30
    C(-4)                    -30
    C(2)                     -30
    C(4)                     -3.8317051042109
    Ca                       -6.7550737352161
    Cl(-1)                   -5.7378005398431
    Cl(1)                    -30.00628610452
    Cl(3)                    -30.00628610452
    Cl(5)                    -30.006298741207
    Cl(7)                    -30.006298741207
    E                        2.8087527571488
    Fe(2)                    -6.9196358787912
    Fe(3)                    -30.055512870483
    H(0)                     -29.999983860134
    K                        -4.1285244188082
    Mg                       -7.0038697593501
    Na                       -4.1279764489327
    Ntg                      -5.7135281963337
    O(0)                     -29.999983860134
    S(-2)                    -30.006298741207
    S(2)                     -30.025163412194
    S(3)                     -30.02506292411
    S(4)                     -30.025113067654
    S(5)                     -30.025163412194
    S(6)                     -7.4573978102697
    S(7)                     -30.025163412194
    S(8)                     -30.00628610452
    Si                       -5.7428658204353
  -gammas
USE mix none
USE reaction none
USE reaction_temperature none
USE reaction_pressure none
