SOLUTION_RAW                 5 Solution after simulation 3.
  -temp                      61.6557
  -pressure                  253.021
  -potential                 0
  -total_h                   1941855.8767092
  -total_o                   996175.43276981
  -cb                        6.4839866809052e-10
  -density                   1.0341320534048
  -totals
    C(-4)                    5.0116640209176e-11
    C(2)                     2.2100032206124e-09
    C(4)                     11963.116062448
    Ca                       23.135313597351
    Cl(-1)                   25.773260559764
    Fe(2)                    53.741017475866
    Fe(3)                    9.2333929499158e-09
    H(0)                     3.9674694087748e-07
    K                        153.55972090282
    Mg                       633.56180366318
    Na                       26.257155880871
    Ntg                      39.016699850879
    S(-2)                    1.5746769589443e-06
    S(2)                     1.0589656428375e-11
    S(4)                     9.2581693522821e-10
    S(6)                     26.257154305975
    Si                       227.51544957282
  -pH                        5.304030840059
  -pe                        -1.0276944044069
  -mu                        0.12910534297686
  -ah2o                      0.98720508845091
  -mass_water                17472.515902339
  -soln_vol                  17472.515902339
  -total_alkalinity          1522.4055770915
  -activities
    C(-2)                    -30
    C(-3)                    -30
    C(-4)                    -30
    C(2)                     -30
    C(4)                     -1.1877754293247
    Ca                       -3.3345732604057
    Cl(-1)                   -2.9764830323086
    Cl(1)                    -30.12742315841
    Cl(3)                    -30.12742315841
    Cl(5)                    -30.13305779525
    Cl(7)                    -30.13305779525
    E                        1.0276944044069
    Fe(2)                    -2.9646932199255
    Fe(3)                    -30.846153130844
    H(0)                     -29.986295574767
    K                        -2.1957647499566
    Mg                       -1.8507347812079
    Na                       -2.9660323601393
    Ntg                      -2.6381943774285
    O(0)                     -29.986295574767
    S(-2)                    -30.13305779525
    S(2)                     -30.526692346059
    S(3)                     -30.486695327912
    S(4)                     -30.50591325293
    S(5)                     -30.526692346059
    S(6)                     -3.9573209683959
    S(7)                     -30.526692346059
    S(8)                     -30.12742315841
    Si                       -1.8853860899416
  -gammas
USE mix none
USE reaction none
USE reaction_temperature none
USE reaction_pressure none
