SOLUTION_RAW                 5 Solution after simulation 3.
  -temp                      64.4344
  -pressure                  252.799
  -potential                 0
  -total_h                   2478462.9191285
  -total_o                   1265874.7504384
  -cb                        4.9136941981942e-07
  -density                   1.0283431643978
  -totals
    C(-4)                    4.9566596601669e-11
    C(2)                     2.7908044982049e-09
    C(4)                     12586.811399475
    Ca                       25.57937788694
    Cl(-1)                   44.398116177036
    Fe(2)                    53.221340299324
    Fe(3)                    1.066628215828e-08
    H(0)                     6.0262361861746e-07
    K                        189.07754738726
    Mg                       698.74702251715
    Na                       45.152723412478
    Ntg                      36.657810157176
    S(-2)                    2.3725499524258e-06
    S(2)                     2.1881003975959e-11
    S(4)                     1.8946890500957e-09
    S(6)                     45.152721058177
    Si                       230.87305614562
  -pH                        5.3274265280396
  -pe                        -1.0619090499867
  -mu                        0.11088278612998
  -ah2o                      0.98939036370429
  -mass_water                22303.418399172
  -soln_vol                  22303.418399172
  -total_alkalinity          1654.6221934287
  -activities
    C(-2)                    -30
    C(-3)                    -30
    C(-4)                    -30
    C(2)                     -30
    C(4)                     -1.2525324074659
    Ca                       -3.3821256569422
    Cl(-1)                   -2.8394078279324
    Cl(1)                    -30.122250780985
    Cl(3)                    -30.122250780985
    Cl(5)                    -30.127355391222
    Cl(7)                    -30.127355391222
    E                        1.0619090499867
    Fe(2)                    -3.0584105507698
    Fe(3)                    -30.820656779434
    H(0)                     -29.98810283483
    K                        -2.2053436385766
    Mg                       -1.9095690490533
    Na                       -2.8289095901252
    Ntg                      -2.7731166351927
    O(0)                     -29.98810283483
    S(-2)                    -30.127355391222
    S(2)                     -30.503654252309
    S(3)                     -30.467207517598
    S(4)                     -30.484753582826
    S(5)                     -30.503654252309
    S(6)                     -3.8033349592306
    S(7)                     -30.503654252309
    S(8)                     -30.122250780985
    Si                       -1.985045220346
  -gammas
USE mix none
USE reaction none
USE reaction_temperature none
USE reaction_pressure none
