SOLUTION_RAW                 5 Solution after simulation 3.
  -temp                      29.691
  -pressure                  252.923
  -potential                 0
  -total_h                   1812020.2361474
  -total_o                   906029.57355538
  -cb                        1.5086334959058e-12
  -density                   1.0000417267944
  -totals
    C(-4)                    4.79597100646e-19
    C(2)                     3.1378362755087e-15
    C(4)                     8.2181525454745
    Ca                       0.050058282436227
    Cl(-1)                   0.0048790221904843
    Fe(2)                    0.019012349371346
    Fe(3)                    1.3312140992584e-12
    H(0)                     3.1690655579998e-09
    K                        5.2836351917671
    Mg                       0.014073210072468
    Na                       0.13594171429093
    Ntg                      0.1540276798085
    S(-2)                    7.7928298526467e-16
    S(2)                     2.0664937542661e-24
    S(4)                     6.4706303053767e-16
    S(6)                     0.0048875991231445
    Si                       0.10701049590966
  -pH                        6.6557378662084
  -pe                        -1.6515599588072
  -mu                        0.0003480223006267
  -ah2o                      0.99998541784713
  -mass_water                16317.01081361
  -soln_vol                  16317.01081361
  -total_alkalinity          5.5712103693811
  -activities
    C(-2)                    -30
    C(-3)                    -30
    C(-4)                    -30
    C(2)                     -30
    C(4)                     -3.4760836626438
    Ca                       -5.5503843663799
    Cl(-1)                   -6.5337536310837
    Cl(1)                    -30.009382606192
    Cl(3)                    -30.009382606192
    Cl(5)                    -30.009410885828
    Cl(7)                    -30.009410885828
    E                        1.6515599588072
    Fe(2)                    -5.9715571098378
    Fe(3)                    -30.082095039416
    H(0)                     -29.999963201816
    K                        -3.4991480997551
    Mg                       -6.1010060208881
    Na                       -5.0888567404738
    Ntg                      -5.0250070256355
    O(0)                     -29.999963201816
    S(-2)                    -30.009410885828
    S(2)                     -30.037573623327
    S(3)                     -30.037349410498
    S(4)                     -30.037461181555
    S(5)                     -30.037573623327
    S(6)                     -6.5624575838418
    S(7)                     -30.037573623327
    S(8)                     -30.009382606192
    Si                       -5.1834829602045
  -gammas
USE mix none
USE reaction none
USE reaction_temperature none
USE reaction_pressure none
