SOLUTION_RAW                 5 Solution after simulation 3.
  -temp                      30.7542
  -pressure                  252.921
  -potential                 0
  -total_h                   1119955.9197937
  -total_o                   560007.70182568
  -cb                        -9.9355246252486e-13
  -density                   1.0000984712803
  -totals
    C(-4)                    8.3753903311054e-17
    C(2)                     2.1111176328625e-14
    C(4)                     12.794194279757
    Ca                       0.055912896399863
    Cl(-1)                   0.010629176915008
    Fe(2)                    0.042716432724245
    Fe(3)                    1.8497611408644e-12
    H(0)                     6.4868604553834e-09
    K                        6.939742061554
    Mg                       0.033962924125928
    Na                       0.32082068508093
    Ntg                      0.22167279188827
    S(-2)                    2.8251450916012e-13
    S(2)                     2.9940512931696e-21
    S(4)                     6.4078449007791e-15
    S(6)                     0.010649838032159
    Si                       0.1820158506355
  -pH                        6.4736890926201
  -pe                        -1.7187520646619
  -mu                        0.00076083802365127
  -ah2o                      0.99996524845712
  -mass_water                10085.023540244
  -soln_vol                  10085.023540244
  -total_alkalinity          7.4938184001585
  -activities
    C(-2)                    -30
    C(-3)                    -30
    C(-4)                    -30
    C(2)                     -30
    C(4)                     -3.142697142297
    Ca                       -5.3104029816511
    Cl(-1)                   -5.9910477191154
    Cl(1)                    -30.01373293476
    Cl(3)                    -30.01373293476
    Cl(5)                    -30.013793602129
    Cl(7)                    -30.013793602129
    E                        1.7187520646619
    Fe(2)                    -5.4277275732142
    Fe(3)                    -30.118641184894
    H(0)                     -29.999919521542
    K                        -3.176191741127
    Mg                       -5.5259880231617
    Na                       -4.5115370996335
    Ntg                      -4.6578884413743
    O(0)                     -29.999919521542
    S(-2)                    -30.013793602129
    S(2)                     -30.055026372839
    S(3)                     -30.054547367575
    S(4)                     -30.054785823816
    S(5)                     -30.055026372839
    S(6)                     -6.0341930727286
    S(7)                     -30.055026372839
    S(8)                     -30.01373293476
    Si                       -4.7437528074292
  -gammas
USE mix none
USE reaction none
USE reaction_temperature none
USE reaction_pressure none
