SOLUTION_RAW                 5 Solution after simulation 3.
  -temp                      9.41253
  -pressure                  252.977
  -potential                 0
  -total_h                   15142440.02329
  -total_o                   7575280.2256216
  -cb                        -1.0602290325679e-06
  -density                   1.0012178212815
  -totals
    C(4)                     1429.6217078436
    Ca                       1.7850501316022
    Cl(-1)                   13.580271665532
    Fe(2)                    0.95323607922167
    Fe(3)                    7.3870949664703e-08
    H(0)                     1.8871248820393e-17
    K                        1392.1475492113
    Mg                       0.063773227311168
    Na                       971.47799918147
    Ntg                      46.824382462808
    S(4)                     9.2012644953304e-23
    S(6)                     3.9781986358765
    Si                       5.6056332365624
  -pH                        10.544974544694
  -pe                        -1.1801077585333
  -mu                        0.023908493060908
  -ah2o                      0.99951709362278
  -mass_water                136351.18622149
  -soln_vol                  136351.18622149
  -total_alkalinity          2347.6929994659
  -activities
    C(-2)                    -30
    C(-3)                    -30
    C(-4)                    -30
    C(2)                     -30
    C(4)                     -2.4767773026708
    Ca                       -5.7631070745279
    Cl(-1)                   -4.0684632490921
    Cl(1)                    -30.063454518368
    Cl(3)                    -30.063454518368
    Cl(5)                    -30.064836032329
    Cl(7)                    -30.064836032329
    E                        1.1801077585333
    Fe(2)                    -5.8949899139586
    Fe(3)                    -30.477910919951
    H(0)                     -29.997452261863
    K                        -2.0573033154925
    Mg                       -7.0079521228318
    Na                       -2.2136036791185
    Ntg                      -3.4617960127927
    O(0)                     -29.997452261863
    S(-2)                    -30.064836032329
    S(2)                     -30.256597758995
    S(3)                     -30.246214097127
    S(4)                     -30.251299104289
    S(5)                     -30.256597758995
    S(6)                     -4.8097615949517
    S(7)                     -30.256597758995
    S(8)                     -30.063454518368
    Si                       -5.0484588784411
  -gammas
USE mix none
USE reaction none
USE reaction_temperature none
USE reaction_pressure none
