SOLUTION_RAW                 5 Solution after simulation 3.
  -temp                      56.7273
  -pressure                  252.881
  -potential                 0
  -total_h                   286018.40915651
  -total_o                   241407.49960369
  -cb                        -2.3701424822775e-08
  -density                   1.8637823319724
  -totals
    C(-4)                    2.0509141211584e-11
    C(2)                     5.2047291073262e-09
    C(4)                     48324.958585065
    Ca                       27.637045125857
    Cl(-1)                   64.429074396017
    Fe(2)                    75.97877868226
    Fe(3)                    1.2491501026788e-08
    H(0)                     1.5124160151657e-08
    K                        25.673418649365
    Mg                       796.53172770685
    Na                       64.915812941526
    Ntg                      53.321036430302
    S(-2)                    2.1761899610021e-06
    S(2)                     1.9412728485735e-10
    S(4)                     1.0259926724285e-09
    S(6)                     64.915810820594
    Si                       320.20140142706
  -pH                        4.726620727717
  -pe                        -0.24395854788181
  -mu                        1.0188347075099
  -ah2o                      0.66969769609097
  -mass_water                2560.29886678
  -soln_vol                  2560.29886678
  -total_alkalinity          1696.6236386176
  -activities
    C(-2)                    -30
    C(-3)                    -30
    C(-4)                    -30
    C(2)                     -30
    C(4)                     -0.37113243969721
    Ca                       -2.6565024142489
    Cl(-1)                   -1.85800352869
    Cl(1)                    -30.189088695035
    Cl(3)                    -30.189088695035
    Cl(5)                    -30.207141422331
    Cl(7)                    -30.207141422331
    E                        0.24395854788181
    Fe(2)                    -2.2105012701586
    Fe(3)                    -31.178728358468
    H(0)                     -29.907422210321
    K                        -2.2289065360249
    Mg                       -1.0900604601427
    Na                       -1.8734255385457
    Ntg                      -1.5795086107951
    O(0)                     -29.907422210321
    S(-2)                    -30.207141422331
    S(2)                     -30.889429419022
    S(3)                     -30.772203305395
    S(4)                     -30.826890870625
    S(5)                     -30.889429419022
    S(6)                     -3.3664331748806
    S(7)                     -30.889429419022
    S(8)                     -30.189088695035
    Si                       -0.90287656176808
  -gammas
USE mix none
USE reaction none
USE reaction_temperature none
USE reaction_pressure none
