SOLUTION_RAW                 5 Solution after simulation 3.
  -temp                      53.8738
  -pressure                  252.845
  -potential                 0
  -total_h                   2466503.3133889
  -total_o                   1256736.7564938
  -cb                        1.672506613204e-07
  -density                   1.0250363818949
  -totals
    C(-4)                    4.4626448540393e-11
    C(2)                     1.1150933374523e-09
    C(4)                     11138.165700746
    Ca                       23.135418450435
    Cl(-1)                   41.165661391737
    Fe(2)                    9.5707315933946
    Fe(3)                    1.0265776354851e-09
    H(0)                     2.9961202528692e-07
    K                        187.9572653973
    Mg                       627.68124391246
    Na                       41.487101091177
    Ntg                      38.278127157689
    S(-2)                    3.3158704569508e-06
    S(2)                     3.1565538427307e-11
    S(4)                     1.0575012166742e-09
    S(6)                     41.487097780004
    Si                       164.89018507059
  -pH                        5.3240752944461
  -pe                        -1.0069069831874
  -mu                        0.096117553640247
  -ah2o                      0.99059327997276
  -mass_water                22197.778016805
  -soln_vol                  22197.778016805
  -total_alkalinity          1426.0792972809
  -activities
    C(-2)                    -30
    C(-3)                    -30
    C(-4)                    -30
    C(2)                     -30
    C(4)                     -1.3070840079723
    Ca                       -3.3979470826781
    Cl(-1)                   -2.8600536345248
    Cl(1)                    -30.114340215792
    Cl(3)                    -30.114340215792
    Cl(5)                    -30.118839452181
    Cl(7)                    -30.118839452181
    E                        1.0069069831874
    Fe(2)                    -3.7750850140725
    Fe(3)                    -30.776727058372
    H(0)                     -29.989826224375
    K                        -2.1967416803907
    Mg                       -1.9317269303499
    Na                       -2.8566645614161
    Ntg                      -2.7537470678638
    O(0)                     -29.989826224375
    S(-2)                    -30.118839452181
    S(2)                     -30.469849389228
    S(3)                     -30.43753604547
    S(4)                     -30.453122585479
    S(5)                     -30.469849389228
    S(6)                     -3.7220365491874
    S(7)                     -30.469849389228
    S(8)                     -30.114340215792
    Si                       -2.1291491951267
  -gammas
USE mix none
USE reaction none
USE reaction_temperature none
USE reaction_pressure none
