SOLUTION_RAW                 5 Solution after simulation 3.
  -temp                      22.8243
  -pressure                  252.96
  -potential                 0
  -total_h                   3007207.3651149
  -total_o                   1503613.3513253
  -cb                        -2.2634349169243e-10
  -density                   1.0000142411022
  -totals
    C(2)                     1.1558567701647e-22
    C(4)                     3.82421059691
    Ca                       0.024034165705982
    Cl(-1)                   0.0020046678758819
    Fe(2)                    0.01222654399603
    Fe(3)                    3.2085343564279e-10
    H(0)                     7.5139929591753e-15
    K                        3.6710204237531
    Mg                       0.0034587715521502
    Na                       0.051145746164273
    Ntg                      0.10899421974802
    S(4)                     9.7592988206447e-23
    S(6)                     0.0020065887866645
    Si                       0.057263323262752
  -pH                        8.068021801708
  -pe                        -0.21182715964782
  -mu                        0.00014261857723041
  -ah2o                      0.99999511412227
  -mass_water                27079.56776769
  -soln_vol                  27079.56776769
  -total_alkalinity          3.7955872875237
  -activities
    C(-2)                    -30
    C(-3)                    -30
    C(-4)                    -30
    C(2)                     -30
    C(4)                     -3.8669476479691
    Ca                       -6.0762188375674
    Cl(-1)                   -7.1366139907726
    Cl(1)                    -30.005989221623
    Cl(3)                    -30.005989221623
    Cl(5)                    -30.00600082156
    Cl(7)                    -30.00600082156
    E                        0.21182715964782
    Fe(2)                    -6.3820530116865
    Fe(3)                    -30.05292717905
    H(0)                     -29.999984933029
    K                        -3.8738676379265
    Mg                       -6.9176215951899
    Na                       -5.7299087462055
    Ntg                      -5.3952239994253
    O(0)                     -29.999984933029
    S(-2)                    -30.00600082156
    S(2)                     -30.023974294477
    S(3)                     -30.023882030551
    S(4)                     -30.023928073596
    S(5)                     -30.023974294477
    S(6)                     -7.1546649083871
    S(7)                     -30.023974294477
    S(8)                     -30.005989221623
    Si                       -5.6801919309428
  -gammas
USE mix none
USE reaction none
USE reaction_temperature none
USE reaction_pressure none
