SOLUTION_RAW                 5 Solution after simulation 3.
  -temp                      19.3441
  -pressure                  252.966
  -potential                 0
  -total_h                   3782237.0504921
  -total_o                   1891125.2795876
  -cb                        5.294317068083e-12
  -density                   1.000008486751
  -totals
    C(2)                     6.7280904413747e-21
    C(4)                     2.5491985333633
    Ca                       0.016794722914571
    Cl(-1)                   0.0013224972270795
    Fe(2)                    0.0079804990256063
    Fe(3)                    2.7147763937654e-12
    H(0)                     1.3990932902376e-11
    K                        3.060211963319
    Mg                       0.0015343658163057
    Na                       0.033223400328806
    Ntg                      0.09346189467528
    S(4)                     8.7612749660664e-20
    S(6)                     0.0013233952870816
    Si                       0.039804147115284
  -pH                        9.2754199251042
  -pe                        -3.0406095028645
  -mu                        9.8397265490558e-05
  -ah2o                      0.99999690041861
  -mass_water                34058.641410519
  -soln_vol                  34058.641410519
  -total_alkalinity          3.142085251357
  -activities
    C(-2)                    -30
    C(-3)                    -30
    C(-4)                    -30
    C(2)                     -30
    C(4)                     -4.1636436756693
    Ca                       -6.3310937498969
    Cl(-1)                   -7.4158148201392
    Cl(1)                    -30.004964941046
    Cl(3)                    -30.004964941046
    Cl(5)                    -30.004972933642
    Cl(7)                    -30.004972933642
    E                        3.0406095028645
    Fe(2)                    -6.7884080284542
    Fe(3)                    -30.044009275181
    H(0)                     -29.999989594401
    K                        -4.0514568908213
    Mg                       -7.3679922432985
    Na                       -6.0157999164289
    Ntg                      -5.5615828994942
    O(0)                     -29.999989594401
    S(-2)                    -30.004972933642
    S(2)                     -30.019871626534
    S(3)                     -30.019807992838
    S(4)                     -30.019839758672
    S(5)                     -30.019871626534
    S(6)                     -7.4307337949408
    S(7)                     -30.019871626534
    S(8)                     -30.004964941046
    Si                       -6.0039185158217
  -gammas
USE mix none
USE reaction none
USE reaction_temperature none
USE reaction_pressure none
