SOLUTION_RAW                 5 Solution after simulation 3.
  -temp                      19.4935
  -pressure                  252.966
  -potential                 0
  -total_h                   3744735.3411138
  -total_o                   1872374.5320499
  -cb                        -1.9656301326193e-11
  -density                   1.0000086788778
  -totals
    C(4)                     2.595426438191
    Ca                       0.017004010423606
    Cl(-1)                   0.0013468399488397
    Fe(2)                    0.008132617317049
    Fe(3)                    1.2805508694621e-09
    H(0)                     6.8128124632529e-17
    K                        3.0851168048768
    Mg                       0.0015904630183351
    Na                       0.033845784527053
    Ntg                      0.094092829990127
    S(4)                     4.3834271435064e-25
    S(6)                     0.0013477673188464
    Si                       0.040530944444427
  -pH                        9.256799308995
  -pe                        -0.36633286489278
  -mu                        0.00010007761040876
  -ah2o                      0.99999684048458
  -mass_water                33720.941970062
  -soln_vol                  33720.941970062
  -total_alkalinity          3.1683743976355
  -activities
    C(-2)                    -30
    C(-3)                    -30
    C(-4)                    -30
    C(2)                     -30
    C(4)                     -4.1503721728616
    Ca                       -6.3215308193698
    Cl(-1)                   -7.4036089425108
    Cl(1)                    -30.005007600638
    Cl(3)                    -30.005007600638
    Cl(5)                    -30.00501573024
    Cl(7)                    -30.00501573024
    E                        0.36633286489278
    Fe(2)                    -6.7723474560643
    Fe(3)                    -30.04438175859
    H(0)                     -29.999989417375
    K                        -4.043652103705
    Mg                       -7.348221404559
    Na                       -6.003455704808
    Ntg                      -5.5543331592427
    O(0)                     -29.999989417375
    S(-2)                    -30.00501573024
    S(2)                     -30.020042473938
    S(3)                     -30.019977752086
    S(4)                     -30.020010060687
    S(5)                     -30.020042473938
    S(6)                     -7.4186579282663
    S(7)                     -30.020042473938
    S(8)                     -30.005007600638
    Si                       -5.989290599986
  -gammas
USE mix none
USE reaction none
USE reaction_temperature none
USE reaction_pressure none
