SOLUTION_RAW                 5 Solution after simulation 3.
  -temp                      17.7069
  -pressure                  252.967
  -potential                 0
  -total_h                   4220465.8277814
  -total_o                   2110238.5931908
  -cb                        -1.4058647716895e-08
  -density                   1.0000066433037
  -totals
    C(4)                     2.0877103295285
    Ca                       0.014844881131973
    Cl(-1)                   0.0010810955629112
    Fe(2)                    0.0064697979580119
    Fe(3)                    5.3400238354695e-10
    H(0)                     1.560281349276e-16
    K                        2.7961214895558
    Mg                       0.0010291354498393
    Na                       0.027907099938294
    Ntg                      0.086782358404851
    S(4)                     7.2545982422326e-25
    S(6)                     0.0010817146138877
    Si                       0.033408391640449
  -pH                        9.4326968968086
  -pe                        -0.71488698401835
  -mu                        8.1270388902118e-05
  -ah2o                      0.99999748344323
  -mass_water                38004.850553876
  -soln_vol                  38004.850553876
  -total_alkalinity          2.8654717083757
  -activities
    C(-2)                    -30
    C(-3)                    -30
    C(-4)                    -30
    C(2)                     -30
    C(4)                     -4.3091121809238
    Ca                       -6.4303124316751
    Cl(-1)                   -7.5504968593083
    Cl(1)                    -30.004507669669
    Cl(3)                    -30.004507669669
    Cl(5)                    -30.00451426616
    Cl(7)                    -30.00451426616
    E                        0.71488698401835
    Fe(2)                    -6.9560251745165
    Fe(3)                    -30.040010715096
    H(0)                     -29.999991398548
    K                        -4.1378039668562
    Mg                       -7.5872158452846
    Na                       -6.1386717289315
    Ntg                      -5.6413994536829
    O(0)                     -29.999991398548
    S(-2)                    -30.00451426616
    S(2)                     -30.018040418778
    S(3)                     -30.01798787735
    S(4)                     -30.01801410976
    S(5)                     -30.018040418778
    S(6)                     -7.5640300241435
    S(7)                     -30.018040418778
    S(8)                     -30.004507669669
    Si                       -6.150443355166
  -gammas
USE mix none
USE reaction none
USE reaction_temperature none
USE reaction_pressure none
