SOLUTION_RAW                 5 Solution after simulation 3.
  -temp                      23.2867
  -pressure                  252.96
  -potential                 0
  -total_h                   2918586.1526452
  -total_o                   1459303.2030534
  -cb                        -2.4173090092117e-10
  -density                   1.0000152225181
  -totals
    C(2)                     2.6230145733564e-18
    C(4)                     4.0272712377733
    Ca                       0.025463720525087
    Cl(-1)                   0.0021151615105534
    Fe(2)                    0.012911169487721
    Fe(3)                    3.5393345375178e-12
    H(0)                     7.6600368234994e-11
    K                        3.7564042067277
    Mg                       0.0038380595308716
    Na                       0.054106378359641
    Ntg                      0.11117924261643
    S(-2)                    4.3138905984554e-24
    S(4)                     1.2180794554676e-18
    S(6)                     0.0021172833627387
    Si                       0.059712886770828
  -pH                        7.7480428421241
  -pe                        -1.8977380893218
  -mu                        0.00015025557833342
  -ah2o                      0.999994781155
  -mass_water                26281.541595437
  -soln_vol                  26281.541595437
  -total_alkalinity          3.888586756184
  -activities
    C(-2)                    -30
    C(-3)                    -30
    C(-4)                    -30
    C(2)                     -30
    C(4)                     -3.8396062316733
    Ca                       -6.0384706742131
    Cl(-1)                   -7.1004828733736
    Cl(1)                    -30.006148695766
    Cl(3)                    -30.006148695766
    Cl(5)                    -30.006160917597
    Cl(7)                    -30.006160917597
    E                        1.8977380893218
    Fe(2)                    -6.3395525767278
    Fe(3)                    -30.054310797327
    H(0)                     -29.999984127145
    K                        -3.8510519714037
    Mg                       -6.8599234394965
    Na                       -5.6926428841311
    Ntg                      -5.3736120992936
    O(0)                     -29.999984127145
    S(-2)                    -30.006160917597
    S(2)                     -30.024613153246
    S(3)                     -30.024515957617
    S(4)                     -30.024564459311
    S(5)                     -30.024613153246
    S(6)                     -7.1190236340153
    S(7)                     -30.024613153246
    S(8)                     -30.006148695766
    Si                       -5.646231324956
  -gammas
USE mix none
USE reaction none
USE reaction_temperature none
USE reaction_pressure none
