SOLUTION_RAW                 5 Solution after simulation 3.
  -temp                      21.9062
  -pressure                  252.962
  -potential                 0
  -total_h                   3192635.8866898
  -total_o                   1596326.7541905
  -cb                        1.9620507475671e-12
  -density                   1.0000124416353
  -totals
    C(-4)                    1.0184572629985e-23
    C(2)                     2.2870815679793e-18
    C(4)                     3.4455473244348
    Ca                       0.021573919366931
    Cl(-1)                   0.0017998765666853
    Fe(2)                    0.010955352269536
    Fe(3)                    7.7991072514772e-13
    H(0)                     7.4220109560539e-10
    K                        3.5041103885176
    Mg                       0.0028052048968708
    Na                       0.045687283912558
    Ntg                      0.10473412159589
    S(-2)                    3.4339528238135e-21
    S(4)                     7.4750347769983e-18
    S(6)                     0.0018014522157744
    Si                       0.052506589783959
  -pH                        8.6945148947918
  -pe                        -3.3321703152724
  -mu                        0.00012964084971796
  -ah2o                      0.99999568263831
  -mass_water                28749.33564239
  -soln_vol                  28749.33564239
  -total_alkalinity          3.6150638444974
  -activities
    C(-2)                    -30
    C(-3)                    -30
    C(-4)                    -30
    C(2)                     -30
    C(4)                     -3.9383659033122
    Ca                       -6.1494918894881
    Cl(-1)                   -7.2091155885487
    Cl(1)                    -30.005707437497
    Cl(3)                    -30.005707437497
    Cl(5)                    -30.005717978814
    Cl(7)                    -30.005717978814
    E                        3.3321703152724
    Fe(2)                    -6.490677758875
    Fe(3)                    -30.050479152601
    H(0)                     -29.999986301772
    K                        -3.9197787993457
    Mg                       -7.0341761943022
    Na                       -5.8046169722187
    Ntg                      -5.4385266544724
    O(0)                     -29.999986301772
    S(-2)                    -30.005717978814
    S(2)                     -30.022845522477
    S(3)                     -30.022761656201
    S(4)                     -30.022803512246
    S(5)                     -30.022845522477
    S(6)                     -7.2263011079723
    S(7)                     -30.022845522477
    S(8)                     -30.005707437497
    Si                       -5.760230347474
  -gammas
USE mix none
USE reaction none
USE reaction_temperature none
USE reaction_pressure none
