SOLUTION_RAW                 5 Solution after simulation 3.
  -temp                      22.6707
  -pressure                  252.96
  -potential                 0
  -total_h                   3037341.4787907
  -total_o                   1518680.2598916
  -cb                        5.0365094039773e-14
  -density                   1.0000139262063
  -totals
    C(2)                     1.7188367791717e-18
    C(4)                     3.7586008612764
    Ca                       0.02358890083722
    Cl(-1)                   0.0019690654394104
    Fe(2)                    0.012005763922123
    Fe(3)                    2.1572891112662e-12
    H(0)                     1.5329850841836e-10
    K                        3.6428376168696
    Mg                       0.0033405710349828
    Na                       0.05019371800518
    Ntg                      0.10827375042807
    S(-2)                    2.1522656858794e-23
    S(4)                     1.880281993749e-18
    S(6)                     0.0019709242722392
    Si                       0.05645768482404
  -pH                        8.1949078749526
  -pe                        -2.4929725407751
  -mu                        0.00014026369945643
  -ah2o                      0.99999521751381
  -mass_water                27350.922834683
  -soln_vol                  27350.922834683
  -total_alkalinity          3.7649908924816
  -activities
    C(-2)                    -30
    C(-3)                    -30
    C(-4)                    -30
    C(2)                     -30
    C(4)                     -3.877331308573
    Ca                       -6.0886557615355
    Cl(-1)                   -7.1486760048859
    Cl(1)                    -30.00593913361
    Cl(3)                    -30.00593913361
    Cl(5)                    -30.005950541622
    Cl(7)                    -30.005950541622
    E                        2.4929725407751
    Fe(2)                    -6.3982093120021
    Fe(3)                    -30.052492336152
    H(0)                     -29.999985181466
    K                        -3.8814944025327
    Mg                       -6.936944011923
    Na                       -5.7423474600733
    Ntg                      -5.4024347775735
    O(0)                     -29.999985181466
    S(-2)                    -30.005950541622
    S(2)                     -30.023773645677
    S(3)                     -30.023682903975
    S(4)                     -30.023728188093
    S(5)                     -30.023773645677
    S(6)                     -7.166572962038
    S(7)                     -30.023773645677
    S(8)                     -30.00593913361
    Si                       -5.6924630845035
  -gammas
USE mix none
USE reaction none
USE reaction_temperature none
USE reaction_pressure none
