SOLUTION_RAW                 5 Solution after simulation 3.
  -temp                      29.5991
  -pressure                  252.923
  -potential                 0
  -total_h                   1935985.9262262
  -total_o                   968011.10526428
  -cb                        1.3076727201078e-12
  -density                   1.0000367564795
  -totals
    C(-4)                    5.0494627350235e-19
    C(2)                     2.8452242573004e-15
    C(4)                     7.6317936358721
    Ca                       0.049035525314436
    Cl(-1)                   0.0043627225764349
    Fe(2)                    0.016808237351457
    Fe(3)                    1.1416065883913e-12
    H(0)                     3.524363674429e-09
    K                        5.0597184230577
    Mg                       0.012376931673391
    Na                       0.12024759719816
    Ntg                      0.14598374755984
    S(-2)                    7.2606374851554e-16
    S(2)                     1.5598731815439e-24
    S(4)                     5.6155947545909e-16
    S(6)                     0.0043703213342657
    Si                       0.09971530315223
  -pH                        6.6962525581724
  -pe                        -1.7017138965885
  -mu                        0.00031111491130973
  -ah2o                      0.9999871777082
  -mass_water                17433.311691429
  -soln_vol                  17433.311691429
  -total_alkalinity          5.3233040436892
  -activities
    C(-2)                    -30
    C(-3)                    -30
    C(-4)                    -30
    C(2)                     -30
    C(4)                     -3.5241213363294
    Ca                       -5.5861238581899
    Cl(-1)                   -6.6105608210451
    Cl(1)                    -30.008881964362
    Cl(3)                    -30.008881964362
    Cl(5)                    -30.008907301549
    Cl(7)                    -30.008907301549
    E                        1.7017138965885
    Fe(2)                    -6.0519264637731
    Fe(3)                    -30.077829574961
    H(0)                     -29.999967105195
    K                        -3.5461871589843
    Mg                       -6.1836031729759
    Na                       -5.1703527041327
    Ntg                      -5.0770442752548
    O(0)                     -29.999967105195
    S(-2)                    -30.008907301549
    S(2)                     -30.035566467986
    S(3)                     -30.03536548798
    S(4)                     -30.035465693356
    S(5)                     -30.035566467986
    S(6)                     -6.6376357845136
    S(7)                     -30.035566467986
    S(8)                     -30.008881964362
    Si                       -5.2429118268194
  -gammas
USE mix none
USE reaction none
USE reaction_temperature none
USE reaction_pressure none
