SOLUTION_RAW                 5 Solution after simulation 3.
  -temp                      47.991
  -pressure                  252.909
  -potential                 0
  -total_h                   283007.65926218
  -total_o                   234209.27387914
  -cb                        -7.0129537732555e-09
  -density                   1.8185721534199
  -totals
    C(-4)                    3.3590630278894e-12
    C(2)                     1.5390986541085e-09
    C(4)                     45695.021692446
    Ca                       33.256408996929
    Cl(-1)                   53.212373926678
    Fe(2)                    74.676555005473
    Fe(3)                    8.8098432672102e-09
    H(0)                     5.6552698678178e-09
    K                        25.430430768191
    Mg                       579.48188171983
    Na                       53.449678673932
    Ntg                      55.148846955653
    S(-2)                    7.7301388810536e-07
    S(2)                     7.1229264928321e-11
    S(4)                     5.2082476511757e-10
    S(6)                     53.449677915886
    Si                       227.4015597104
  -pH                        4.6517645682769
  -pe                        -0.032473469270523
  -mu                        0.79018089518778
  -ah2o                      0.68641312779052
  -mass_water                2536.8100897746
  -soln_vol                  2536.8100897746
  -total_alkalinity          1293.5980711428
  -activities
    C(-2)                    -30
    C(-3)                    -30
    C(-4)                    -30
    C(2)                     -30
    C(4)                     -0.47951301125359
    Ca                       -2.5438693990021
    Cl(-1)                   -1.9194597367107
    Cl(1)                    -30.18381515438
    Cl(3)                    -30.18381515438
    Cl(5)                    -30.199628803012
    Cl(7)                    -30.199628803012
    E                        0.032473469270523
    Fe(2)                    -2.1838263695185
    Fe(3)                    -31.134091502554
    H(0)                     -29.925634380675
    K                        -2.2190609216479
    Mg                       -1.2076396444743
    Na                       -1.9418423481348
    Ntg                      -1.5837334301405
    O(0)                     -29.925634380675
    S(-2)                    -30.199628803012
    S(2)                     -30.836812959379
    S(3)                     -30.732942622897
    S(4)                     -30.78158333948
    S(5)                     -30.836812959379
    S(6)                     -3.2555310336864
    S(7)                     -30.836812959379
    S(8)                     -30.18381515438
    Si                       -1.0475005457898
  -gammas
USE mix none
USE reaction none
USE reaction_temperature none
USE reaction_pressure none
