SOLUTION_RAW                 5 Solution after simulation 3.
  -temp                      64.7403
  -pressure                  252.845
  -potential                 0
  -total_h                   288633.50840184
  -total_o                   246172.53952878
  -cb                        -2.057269909983e-10
  -density                   1.8856295951441
  -totals
    C(-4)                    3.9477366911418e-11
    C(2)                     1.1517562547869e-08
    C(4)                     50025.463742657
    Ca                       30.329536298745
    Cl(-1)                   75.849930947567
    Fe(2)                    77.804262172348
    Fe(3)                    1.8578653410654e-08
    H(0)                     3.0264335288244e-08
    K                        25.915408696163
    Mg                       792.5847847112
    Na                       76.776231525736
    Ntg                      52.557694992061
    S(-2)                    4.1312096316999e-06
    S(2)                     4.0894677854319e-10
    S(4)                     2.2645950956592e-09
    S(5)                     2.1879651830664e-25
    S(6)                     76.77622739183
    Si                       330.19486982446
  -pH                        4.7110745880029
  -pe                        -0.30040989117686
  -mu                        1.0007067652526
  -ah2o                      0.66133256564378
  -mass_water                2584.0456369316
  -soln_vol                  2584.0456369316
  -total_alkalinity          1674.7264208691
  -activities
    C(-2)                    -30
    C(-3)                    -30
    C(-4)                    -30
    C(2)                     -30
    C(4)                     -0.38381847982934
    Ca                       -2.6295569550861
    Cl(-1)                   -1.7952108342971
    Cl(1)                    -30.191977675876
    Cl(3)                    -30.191977675876
    Cl(5)                    -30.210193837974
    Cl(7)                    -30.210193837974
    E                        0.30040989117686
    Fe(2)                    -2.2133621749252
    Fe(3)                    -31.19377105919
    H(0)                     -29.909643197073
    K                        -2.2322586071444
    Mg                       -1.1111014622499
    Na                       -1.7948214349223
    Ntg                      -1.5915931927181
    O(0)                     -29.909643197073
    S(-2)                    -30.210193837974
    S(2)                     -30.900186274754
    S(3)                     -30.78185082682
    S(4)                     -30.837063315905
    S(5)                     -30.900186274754
    S(6)                     -3.3649191593275
    S(7)                     -30.900186274754
    S(8)                     -30.191977675876
    Si                       -0.8935408597647
  -gammas
USE mix none
USE reaction none
USE reaction_temperature none
USE reaction_pressure none
