SOLUTION_RAW                 5 Solution after simulation 3.
  -temp                      31.1774
  -pressure                  252.942
  -potential                 0
  -total_h                   99315.22969922
  -total_o                   49740.930833812
  -cb                        7.5738623706023e-10
  -density                   1.0024743417564
  -totals
    C(-4)                    3.5821374583067e-14
    C(2)                     3.6699190741126e-13
    C(4)                     38.56969006698
    Ca                       0.16898547748635
    Cl(-1)                   0.099073647997117
    Fe(2)                    0.51455199281175
    Fe(3)                    1.3623314153961e-11
    H(0)                     1.7441022972342e-09
    K                        5.8148200253082
    Mg                       0.35840148205034
    Na                       0.93515930656346
    Ntg                      0.67737124982123
    S(-2)                    3.035410177252e-09
    S(2)                     3.9345091686315e-15
    S(4)                     6.2905930440976e-13
    S(6)                     0.099277512513384
    Si                       0.75568987703993
  -pH                        5.7401213988157
  -pe                        -1.2223125519903
  -mu                        0.011112355161499
  -ah2o                      0.99908794832891
  -mass_water                894.24681976782
  -soln_vol                  894.24681976782
  -total_alkalinity          8.5362285627997
  -activities
    C(-2)                    -30
    C(-3)                    -30
    C(-4)                    -30
    C(2)                     -30
    C(4)                     -2.0680556853599
    Ca                       -3.9067701163925
    Cl(-1)                   -4.0048244640203
    Cl(1)                    -30.047439546788
    Cl(3)                    -30.047439546788
    Cl(5)                    -30.048181922276
    Cl(7)                    -30.048181922276
    E                        1.2223125519903
    Fe(2)                    -3.4202571591983
    Fe(3)                    -30.373562347281
    H(0)                     -29.998826521339
    K                        -2.2361039086863
    Mg                       -3.5734289693625
    Na                       -3.0322465518866
    Ntg                      -3.1195194092039
    O(0)                     -29.998826521339
    S(-2)                    -30.048181922276
    S(2)                     -30.191141481749
    S(3)                     -30.185466341818
    S(4)                     -30.188261256615
    S(5)                     -30.191141481749
    S(6)                     -4.1876081810027
    S(7)                     -30.191141481749
    S(8)                     -30.047439546788
    Si                       -3.0731524997529
  -gammas
USE mix none
USE reaction none
USE reaction_temperature none
USE reaction_pressure none
