SOLUTION_RAW                 5 Solution after simulation 3.
  -temp                      33.3433
  -pressure                  252.892
  -potential                 0
  -total_h                   2456920.7515509
  -total_o                   1244335.3936741
  -cb                        8.8839868794821e-09
  -density                   1.0168428206131
  -totals
    C(-4)                    8.3142315268002e-14
    C(2)                     3.3281534026404e-11
    C(4)                     7668.7166435134
    Ca                       48.909194577957
    Cl(-1)                   30.623283694664
    Fe(2)                    62.92357657178
    Fe(3)                    3.5712086226938e-09
    H(0)                     1.580021755524e-08
    K                        186.95334914414
    Mg                       112.76447590428
    Na                       30.672164842572
    Ntg                      45.208756364435
    S(-2)                    6.5814733271841e-08
    S(2)                     8.4305800994452e-13
    S(4)                     1.5717510197868e-10
    S(6)                     30.672164778385
    Si                       63.734877751853
  -pH                        5.1524847678078
  -pe                        -0.39615329720432
  -mu                        0.039837533761674
  -ah2o                      0.99364382059111
  -mass_water                22119.146264811
  -soln_vol                  22119.146264811
  -total_alkalinity          574.85239483767
  -activities
    C(-2)                    -30
    C(-3)                    -30
    C(-4)                    -30
    C(2)                     -30
    C(4)                     -1.6660531742949
    Ca                       -2.9659205031893
    Cl(-1)                   -2.9452764076552
    Cl(1)                    -30.080439907958
    Cl(3)                    -30.080439907958
    Cl(5)                    -30.082638149156
    Cl(7)                    -30.082638149156
    E                        0.39615329720432
    Fe(2)                    -2.8419254125515
    Fe(3)                    -30.584409312622
    H(0)                     -29.995810966807
    K                        -2.1595686820046
    Mg                       -2.5952323661994
    Na                       -2.9479868634811
    Ntg                      -2.6855620467588
    O(0)                     -29.995810966807
    S(-2)                    -30.082638149156
    S(2)                     -30.326739418842
    S(3)                     -30.310461059235
    S(4)                     -30.318393387689
    S(5)                     -30.326739418842
    S(6)                     -3.3642536376761
    S(7)                     -30.326739418842
    S(8)                     -30.080439907958
    Si                       -2.5404027608951
  -gammas
USE mix none
USE reaction none
USE reaction_temperature none
USE reaction_pressure none
