SOLUTION_RAW                 5 Solution after simulation 3.
  -temp                      30.7333
  -pressure                  252.942
  -potential                 0
  -total_h                   953599.7271191
  -total_o                   476833.12148698
  -cb                        -2.0243764997652e-11
  -density                   1.000128061425
  -totals
    C(-4)                    4.2314761865843e-17
    C(2)                     1.9940659713401e-14
    C(4)                     14.346090210788
    Ca                       0.05828921507142
    Cl(-1)                   0.013510316654184
    Fe(2)                    0.068136087789697
    Fe(3)                    3.2727089389075e-12
    H(0)                     4.4734191304329e-09
    K                        7.4499054317789
    Mg                       0.046181349140774
    Na                       0.40963168812283
    Ntg                      0.24873494384911
    S(-2)                    1.7353968933111e-13
    S(2)                     2.7884940183006e-21
    S(4)                     6.931187252877e-15
    S(6)                     0.013537049744759
    Si                       0.21475790738507
  -pH                        6.4423356837549
  -pe                        -1.6418427599731
  -mu                        0.00097756715332074
  -ah2o                      0.99995471995074
  -mass_water                8586.9966301783
  -soln_vol                  8586.9966301783
  -total_alkalinity          8.1641660077854
  -activities
    C(-2)                    -30
    C(-3)                    -30
    C(-4)                    -30
    C(2)                     -30
    C(4)                     -3.0374342555132
    Ca                       -5.2293250189819
    Cl(-1)                   -5.8188404896048
    Cl(1)                    -30.015488301364
    Cl(3)                    -30.015488301364
    Cl(5)                    -30.015565564368
    Cl(7)                    -30.015565564368
    E                        1.6418427599731
    Fe(2)                    -5.1618553668344
    Fe(3)                    -30.133126097335
    H(0)                     -29.9998966018
    K                        -3.0773390393508
    Mg                       -5.329296940315
    Na                       -4.337430663264
    Ntg                      -4.5380067337759
    O(0)                     -29.9998966018
    S(-2)                    -30.015565564368
    S(2)                     -30.06207479134
    S(3)                     -30.061465777666
    S(4)                     -30.06176878437
    S(5)                     -30.06207479134
    S(6)                     -5.8679919692486
    S(7)                     -30.06207479134
    S(8)                     -30.015488301364
    Si                       -4.6020650222153
  -gammas
USE mix none
USE reaction none
USE reaction_temperature none
USE reaction_pressure none
