SOLUTION_RAW                 5 Solution after simulation 3.
  -temp                      66.8503
  -pressure                  252.786
  -potential                 0
  -total_h                   2481348.6289762
  -total_o                   1267878.9636249
  -cb                        5.725243532595e-07
  -density                   1.0288507267462
  -totals
    C(-4)                    5.9335025622996e-11
    C(2)                     3.5546876574397e-09
    C(4)                     12869.508814918
    Ca                       26.175972569257
    Cl(-1)                   44.978195525143
    Fe(2)                    53.359440670949
    Fe(3)                    1.1983260029136e-08
    H(0)                     7.3297815414353e-07
    K                        189.35641578379
    Mg                       688.18773552616
    Na                       45.89103334925
    Ntg                      36.42493578844
    S(-2)                    2.8474573068398e-06
    S(2)                     2.6200701838357e-11
    S(4)                     2.3702889110466e-09
    S(6)                     45.891030548787
    Si                       232.5503303792
  -pH                        5.3120591900014
  -pe                        -1.0662685867113
  -mu                        0.1093430776419
  -ah2o                      0.98919286424663
  -mass_water                22329.590004954
  -soln_vol                  22329.590004954
  -total_alkalinity          1633.9334894777
  -activities
    C(-2)                    -30
    C(-3)                    -30
    C(-4)                    -30
    C(2)                     -30
    C(4)                     -1.2586168989561
    Ca                       -3.3731635493539
    Cl(-1)                   -2.8343929981149
    Cl(1)                    -30.122370918378
    Cl(3)                    -30.122370918378
    Cl(5)                    -30.12745752157
    Cl(7)                    -30.12745752157
    E                        1.0662685867113
    Fe(2)                    -3.0583407052428
    Fe(3)                    -30.822041259964
    H(0)                     -29.988205019418
    K                        -2.2052950884589
    Mg                       -1.9182776481342
    Na                       -2.8218144171677
    Ntg                      -2.7765476464269
    O(0)                     -29.988205019418
    S(-2)                    -30.12745752157
    S(2)                     -30.503974944333
    S(3)                     -30.467640954606
    S(4)                     -30.485135275418
    S(5)                     -30.503974944333
    S(6)                     -3.8125161001272
    S(7)                     -30.503974944333
    S(8)                     -30.122370918378
    Si                       -1.9824120952095
  -gammas
USE mix none
USE reaction none
USE reaction_temperature none
USE reaction_pressure none
