SOLUTION_RAW                 5 Solution after simulation 3.
  -temp                      18.4497
  -pressure                  252.966
  -potential                 0
  -total_h                   4015305.5516913
  -total_o                   2007658.9196799
  -cb                        -4.3849444830366e-09
  -density                   1.0000074220408
  -totals
    C(-4)                    6.3136075594405e-25
    C(2)                     1.8676994986439e-19
    C(4)                     2.2870479272917
    Ca                       0.015696021708685
    Cl(-1)                   0.0011850509710069
    Fe(2)                    0.0071208975249694
    Fe(3)                    3.3372379089487e-13
    H(0)                     5.8035654947013e-10
    K                        2.9139022655827
    Mg                       0.0012354815749177
    Na                       0.029756617325074
    Ntg                      0.089759824713743
    S(-2)                    2.1771696460205e-22
    S(4)                     3.0894675436876e-18
    S(6)                     0.0011857856330969
    Si                       0.035445886691308
  -pH                        9.3703405642085
  -pe                        -3.9408182393833
  -mu                        8.8741175399718e-05
  -ah2o                      0.99999723517026
  -mass_water                36157.401594461
  -soln_vol                  36157.401594461
  -total_alkalinity          2.988207066673
  -activities
    C(-2)                    -30
    C(-3)                    -30
    C(-4)                    -30
    C(2)                     -30
    C(4)                     -4.2431374019058
    Ca                       -6.3854369715059
    Cl(-1)                   -7.4891882538107
    Cl(1)                    -30.004712485416
    Cl(3)                    -30.004712485416
    Cl(5)                    -30.004719690826
    Cl(7)                    -30.004719690826
    E                        3.9408182393833
    Fe(2)                    -6.8817386056583
    Fe(3)                    -30.041803037677
    H(0)                     -29.999990611608
    K                        -4.0984492574153
    Mg                       -7.4870798960305
    Na                       -6.089370868857
    Ntg                      -5.6051063429814
    O(0)                     -29.999990611608
    S(-2)                    -30.004719690826
    S(2)                     -30.018860605617
    S(3)                     -30.018803225347
    S(4)                     -30.018831871781
    S(5)                     -30.018860605617
    S(6)                     -7.503341136208
    S(7)                     -30.018860605617
    S(8)                     -30.004712485416
    Si                       -6.093604083058
  -gammas
USE mix none
USE reaction none
USE reaction_temperature none
USE reaction_pressure none
