SOLUTION_RAW                 5 Solution after simulation 3.
  -temp                      28.8896
  -pressure                  252.959
  -potential                 0
  -total_h                   1811492.5594487
  -total_o                   905765.36944865
  -cb                        -4.1222669375229e-11
  -density                   1.0000412481875
  -totals
    C(2)                     6.5548879182261e-21
    C(4)                     8.0351077573172
    Ca                       0.049814234116742
    Cl(-1)                   0.0048557646405639
    Fe(2)                    0.029578646050269
    Fe(3)                    1.2565861613532e-09
    H(0)                     7.2077879771845e-15
    K                        5.2682143031047
    Mg                       0.0155081346467
    Na                       0.13545979925756
    Ntg                      0.15507564649031
    S(4)                     1.3714022811963e-21
    S(6)                     0.00486407982453
    Si                       0.10530316828285
  -pH                        6.6924629713902
  -pe                        1.1250460384903
  -mu                        0.00034929437153969
  -ah2o                      0.99998560970263
  -mass_water                16312.259075675
  -soln_vol                  16312.259075675
  -total_alkalinity          5.5788922089979
  -activities
    C(-2)                    -30
    C(-3)                    -30
    C(-4)                    -30
    C(2)                     -30
    C(4)                     -3.4754034224353
    Ca                       -5.5523922895999
    Cl(-1)                   -6.535704663356
    Cl(1)                    -30.009384753163
    Cl(3)                    -30.009384753163
    Cl(5)                    -30.009413078732
    Cl(7)                    -30.009413078732
    E                        -1.1250460384903
    Fe(2)                    -5.7795180992328
    Fe(3)                    -30.082110712671
    H(0)                     -29.999963078069
    K                        -3.5002932307694
    Mg                       -6.0587216495338
    Na                       -5.0902777744811
    Ntg                      -5.0219355806109
    O(0)                     -29.999963078069
    S(-2)                    -30.009413078732
    S(2)                     -30.037582301929
    S(3)                     -30.037357727723
    S(4)                     -30.037469678463
    S(5)                     -30.037582301929
    S(6)                     -6.564432154041
    S(7)                     -30.037582301929
    S(8)                     -30.009384753163
    Si                       -5.1903573954022
  -gammas
USE mix none
USE reaction none
USE reaction_temperature none
USE reaction_pressure none
