SOLUTION_RAW                 5 Solution after simulation 3.
  -temp                      7.82874
  -pressure                  252.979
  -potential                 0
  -total_h                   16080760.733836
  -total_o                   8044875.4767285
  -cb                        -1.668207923089e-05
  -density                   1.0012632217581
  -totals
    C(-4)                    7.5300514524627e-18
    C(2)                     3.2072831187364e-17
    C(4)                     1577.7775315038
    Ca                       1.8530590614162
    Cl(-1)                   15.338230584049
    Fe(2)                    0.95325284410706
    Fe(3)                    1.6576947529522e-12
    H(0)                     2.7991719641286e-08
    K                        1478.4137725737
    Mg                       0.055949275793785
    Na                       1156.8810484411
    Ntg                      51.179874781449
    S(-2)                    2.8560132693287e-14
    S(2)                     3.6814577580117e-24
    S(4)                     1.6838503797523e-13
    S(6)                     5.1412465052743
    Si                       5.6452216681087
  -pH                        10.590101461438
  -pe                        -5.8148165499904
  -mu                        0.025209686475524
  -ah2o                      0.9994952259592
  -mass_water                144800.40248961
  -soln_vol                  144800.40248961
  -total_alkalinity          2615.3986364649
  -activities
    C(-2)                    -30
    C(-3)                    -30
    C(-4)                    -30
    C(2)                     -30
    C(4)                     -2.4816028397532
    Ca                       -5.7780926925085
    Cl(-1)                   -4.0431105006852
    Cl(1)                    -30.06470339487
    Cl(3)                    -30.06470339487
    Cl(5)                    -30.066143865563
    Cl(7)                    -30.066143865563
    E                        5.8148165499904
    Fe(2)                    -5.9148667344437
    Fe(3)                    -30.485656948808
    H(0)                     -29.997307209389
    K                        -2.0586842504356
    Mg                       -7.1001530039558
    Na                       -2.1651295553242
    Ntg                      -3.4491495813957
    O(0)                     -29.997307209389
    S(-2)                    -30.066143865563
    S(2)                     -30.261727291027
    S(3)                     -30.250914979117
    S(4)                     -30.256207542423
    S(5)                     -30.261727291027
    S(6)                     -4.7293120394459
    S(7)                     -30.261727291027
    S(8)                     -30.06470339487
    Si                       -5.1016749854674
  -gammas
USE mix none
USE reaction none
USE reaction_temperature none
USE reaction_pressure none
