SOLUTION_RAW                 5 Solution after simulation 3.
  -temp                      50.9658
  -pressure                  252.854
  -potential                 0
  -total_h                   2463389.3298279
  -total_o                   1254074.3212106
  -cb                        1.2025619966494e-07
  -density                   1.0239006666095
  -totals
    C(-4)                    3.3341238135139e-12
    C(2)                     4.5064627034195e-10
    C(4)                     10651.153797844
    Ca                       32.616005412193
    Cl(-1)                   40.024419108788
    Fe(2)                    53.071242813562
    Fe(3)                    6.522118171436e-09
    H(0)                     1.2973923750264e-07
    K                        187.67558956244
    Mg                       504.9870888025
    Na                       40.272516883958
    Ntg                      38.914579996398
    S(-2)                    3.4645601549682e-07
    S(2)                     3.6404117612344e-12
    S(4)                     5.4940700248169e-10
    S(6)                     40.272516542223
    Si                       135.94748735778
  -pH                        5.3039006877404
  -pe                        -0.83275578783507
  -mu                        0.087207482287367
  -ah2o                      0.99103112399499
  -mass_water                22170.97185441
  -soln_vol                  22170.97185441
  -total_alkalinity          1288.7273281948
  -activities
    C(-2)                    -30
    C(-3)                    -30
    C(-4)                    -30
    C(2)                     -30
    C(4)                     -1.346309951905
    Ca                       -3.2353773084644
    Cl(-1)                   -2.8663205765609
    Cl(1)                    -30.110139267492
    Cl(3)                    -30.110139267492
    Cl(5)                    -30.114306433467
    Cl(7)                    -30.114306433467
    E                        0.83275578783507
    Fe(2)                    -3.016738403119
    Fe(3)                    -30.753887791548
    H(0)                     -29.990784308612
    K                        -2.1920818788798
    Mg                       -2.0168460080925
    Na                       -2.8644338984573
    Ntg                      -2.7469516349177
    O(0)                     -29.990784308612
    S(-2)                    -30.114306433467
    S(2)                     -30.451827049181
    S(3)                     -30.421786992146
    S(4)                     -30.436294946549
    S(5)                     -30.451827049181
    S(6)                     -3.651464622949
    S(7)                     -30.451827049181
    S(8)                     -30.110139267492
    Si                       -2.2124435810637
  -gammas
USE mix none
USE reaction none
USE reaction_temperature none
USE reaction_pressure none
