SOLUTION_RAW                 5 Solution after simulation 3.
  -temp                      24.6884
  -pressure                  252.963
  -potential                 0
  -total_h                   2668083.7507319
  -total_o                   1334053.5006343
  -cb                        1.8431902618771e-10
  -density                   1.0000185688362
  -totals
    C(2)                     6.1208853056771e-21
    C(4)                     4.6961561056429
    Ca                       0.03027688190509
    Cl(-1)                   0.0024824023151568
    Fe(2)                    0.015180228715891
    Fe(3)                    1.8607030017991e-10
    H(0)                     4.9214186640392e-14
    K                        4.0201828833512
    Mg                       0.0052309371884705
    Na                       0.064456468316233
    Ntg                      0.11795957313925
    S(4)                     1.4550412969161e-21
    S(6)                     0.0024852566500405
    Si                       0.066866910899094
  -pH                        7.2609142949234
  -pe                        0.18044833429225
  -mu                        0.00017663602240915
  -ah2o                      0.99999361289877
  -mass_water                24025.789778726
  -soln_vol                  24025.789778726
  -total_alkalinity          4.1785625316728
  -activities
    C(-2)                    -30
    C(-3)                    -30
    C(-4)                    -30
    C(2)                     -30
    C(4)                     -3.7673743546382
    Ca                       -5.9261753559053
    Cl(-1)                   -6.9925071252826
    Cl(1)                    -30.006669902982
    Cl(3)                    -30.006669902982
    Cl(5)                    -30.006684270537
    Cl(7)                    -30.006684270537
    E                        -0.18044833429225
    Fe(2)                    -6.2282098304193
    Fe(3)                    -30.058823818672
    H(0)                     -29.999981341703
    K                        -3.7831309040798
    Mg                       -6.6884181593611
    Na                       -5.5781863203926
    Ntg                      -5.3089268168553
    O(0)                     -29.999981341703
    S(-2)                    -30.006684270537
    S(2)                     -30.026701314372
    S(3)                     -30.026587111143
    S(4)                     -30.026644090415
    S(5)                     -30.026701314372
    S(6)                     -7.0126529792496
    S(7)                     -30.026701314372
    S(8)                     -30.006669902982
    Si                       -5.5563744511455
  -gammas
USE mix none
USE reaction none
USE reaction_temperature none
USE reaction_pressure none
