SOLUTION_RAW                 5 Solution after simulation 3.
  -temp                      25.6366
  -pressure                  252.963
  -potential                 0
  -total_h                   2513106.5846067
  -total_o                   1256566.0295605
  -cb                        -2.2964269374981e-12
  -density                   1.0000211947253
  -totals
    C(2)                     1.9831380002117e-21
    C(4)                     5.1961113966245
    Ca                       0.034124632213979
    Cl(-1)                   0.002759940485254
    Fe(2)                    0.016888641876012
    Fe(3)                    5.1032576586871e-10
    H(0)                     9.4923106557777e-15
    K                        4.2021589963013
    Mg                       0.0064173537981259
    Na                       0.072616891108236
    Ntg                      0.12266683354141
    S(4)                     4.0843332891243e-22
    S(6)                     0.0027634209229841
    Si                       0.071652754203844
  -pH                        7.0829531048021
  -pe                        0.71253780218787
  -mu                        0.00019681825864447
  -ah2o                      0.9999926886173
  -mass_water                22630.234041014
  -soln_vol                  22630.234041014
  -total_alkalinity          4.3813503613672
  -activities
    C(-2)                    -30
    C(-3)                    -30
    C(-4)                    -30
    C(2)                     -30
    C(4)                     -3.7207324448357
    Ca                       -5.8496787039625
    Cl(-1)                   -6.9208699949625
    Cl(1)                    -30.007045222665
    Cl(3)                    -30.007045222665
    Cl(5)                    -30.007061236985
    Cl(7)                    -30.007061236985
    E                        -0.71253780218787
    Fe(2)                    -6.1567078957846
    Fe(3)                    -30.062065471087
    H(0)                     -29.99997920902
    K                        -3.7382942922863
    Mg                       -6.5750936333749
    Na                       -5.500811599365
    Ntg                      -5.2659422088448
    O(0)                     -29.99997920902
    S(-2)                    -30.007061236985
    S(2)                     -30.028205129376
    S(3)                     -30.028077881552
    S(4)                     -30.028141361661
    S(5)                     -30.028205129376
    S(6)                     -6.9421756819832
    S(7)                     -30.028205129376
    S(8)                     -30.007045222665
    Si                       -5.5000794394618
  -gammas
USE mix none
USE reaction none
USE reaction_temperature none
USE reaction_pressure none
