SOLUTION_RAW                 5 Solution after simulation 3.
  -temp                      27.733
  -pressure                  252.96
  -potential                 0
  -total_h                   2207358.7597385
  -total_o                   1103694.8818461
  -cb                        -6.141145751648e-12
  -density                   1.00002822933
  -totals
    C(-4)                    4.3093716895021e-22
    C(2)                     3.1253777513671e-16
    C(4)                     6.4489026155474
    Ca                       0.045689555655603
    Cl(-1)                   0.0034649166739681
    Fe(2)                    0.021203133373986
    Fe(3)                    2.9031811639589e-12
    H(0)                     6.5270133563112e-10
    K                        4.611921823581
    Mg                       0.0099424692911916
    Na                       0.093685548360394
    Ntg                      0.1333833560879
    S(-2)                    4.6394893128004e-19
    S(4)                     5.8508768960278e-17
    S(6)                     0.0034702445490916
    Si                       0.082927225419346
  -pH                        6.8244408246074
  -pe                        -1.4542840762287
  -mu                        0.00024873133624131
  -ah2o                      0.99999019943238
  -mass_water                19877.001206264
  -soln_vol                  19877.001206264
  -total_alkalinity          4.8488722828198
  -activities
    C(-2)                    -30
    C(-3)                    -30
    C(-4)                    -30
    C(2)                     -30
    C(4)                     -3.620815903241
    Ca                       -5.670062352119
    Cl(-1)                   -6.7666365486099
    Cl(1)                    -30.007933378532
    Cl(3)                    -30.007933378532
    Cl(5)                    -30.007953634905
    Cl(7)                    -30.007953634905
    E                        1.4542840762287
    Fe(2)                    -6.0044592149871
    Fe(3)                    -30.069709094349
    H(0)                     -29.999973716368
    K                        -3.6424434994237
    Mg                       -6.3320391889189
    Na                       -5.3347505079939
    Ntg                      -5.1732243503424
    O(0)                     -29.999973716368
    S(-2)                    -30.007953634905
    S(2)                     -30.03176427123
    S(3)                     -30.031603450528
    S(4)                     -30.031683656872
    S(5)                     -30.03176427123
    S(6)                     -6.7907094513989
    S(7)                     -30.03176427123
    S(8)                     -30.007933378532
    Si                       -5.3800235499566
  -gammas
USE mix none
USE reaction none
USE reaction_temperature none
USE reaction_pressure none
