SOLUTION_RAW                 5 Solution after simulation 3.
  -temp                      28.0612
  -pressure                  252.96
  -potential                 0
  -total_h                   2133804.385722
  -total_o                   1066918.3486678
  -cb                        -7.4034242278365e-12
  -density                   1.0000302359272
  -totals
    C(2)                     2.8865498910788e-20
    C(4)                     6.7413983142424
    Ca                       0.047242167741944
    Cl(-1)                   0.003672330852045
    Fe(2)                    0.022472594566359
    Fe(3)                    3.5015351360146e-10
    H(0)                     5.244327298209e-14
    K                        4.7220485044191
    Mg                       0.01088129345386
    Na                       0.098816764305938
    Ntg                      0.13669855166698
    S(4)                     5.4535542750953e-21
    S(6)                     0.0036781510940936
    Si                       0.086391579468806
  -pH                        6.7895872805974
  -pe                        0.62407921920057
  -mu                        0.0002639052126922
  -ah2o                      0.99998949114221
  -mass_water                19214.650319723
  -soln_vol                  19214.650319723
  -total_alkalinity          4.9710287475667
  -activities
    C(-2)                    -30
    C(-3)                    -30
    C(-4)                    -30
    C(2)                     -30
    C(4)                     -3.5954885802456
    Ca                       -5.6417670018573
    Cl(-1)                   -6.7269102392145
    Cl(1)                    -30.008171666556
    Cl(3)                    -30.008171666556
    Cl(5)                    -30.008193151174
    Cl(7)                    -30.008193151174
    E                        -0.62407921920057
    Fe(2)                    -5.9653637290284
    Fe(3)                    -30.071752740916
    H(0)                     -29.999972110645
    K                        -3.6177174231427
    Mg                       -6.279053076328
    Na                       -5.2971197550694
    Ntg                      -5.1478421815827
    O(0)                     -29.999972110645
    S(-2)                    -30.008193151174
    S(2)                     -30.032719320455
    S(3)                     -30.032548786808
    S(4)                     -30.032633830919
    S(5)                     -30.032719320455
    S(6)                     -6.7517380987976
    S(7)                     -30.032719320455
    S(8)                     -30.008171666556
    Si                       -5.347506363914
  -gammas
USE mix none
USE reaction none
USE reaction_temperature none
USE reaction_pressure none
