SOLUTION_RAW                 5 Solution after simulation 3.
  -temp                      17.2623
  -pressure                  252.967
  -potential                 0
  -total_h                   4348545.8777655
  -total_o                   2174278.355721
  -cb                        2.6173247597017e-13
  -density                   1.0000062168188
  -totals
    C(-4)                    1.6017963231941e-25
    C(2)                     9.0193317708784e-20
    C(4)                     1.9756615735556
    Ca                       0.014371637463021
    Cl(-1)                   0.001023003620637
    Fe(2)                    0.0061055518921987
    Fe(3)                    2.8387002505638e-13
    H(0)                     4.4388144484732e-10
    K                        2.7272812087557
    Mg                       0.00092153149862643
    Na                       0.026821666775433
    Ntg                      0.085042215063503
    S(-2)                    5.5781018796128e-23
    S(4)                     1.9027638474156e-18
    S(6)                     0.0010235651951412
    Si                       0.03225287775482
  -pH                        9.4646681132095
  -pe                        -3.9720611716348
  -mu                        7.7029915246128e-05
  -ah2o                      0.99999762097905
  -mass_water                39158.199247139
  -soln_vol                  39158.199247139
  -total_alkalinity          2.7938301832279
  -activities
    C(-2)                    -30
    C(-3)                    -30
    C(-4)                    -30
    C(2)                     -30
    C(4)                     -4.3486247581965
    Ca                       -6.4567422966421
    Cl(-1)                   -7.5873462764105
    Cl(1)                    -30.004387248409
    Cl(3)                    -30.004387248409
    Cl(5)                    -30.004393499327
    Cl(7)                    -30.004393499327
    E                        3.9720611716348
    Fe(2)                    -6.9993054384291
    Fe(3)                    -30.038955907057
    H(0)                     -29.999991845218
    K                        -4.1614926451827
    Mg                       -7.6476260886513
    Na                       -6.1687612111117
    Ntg                      -5.6631804452953
    O(0)                     -29.999991845218
    S(-2)                    -30.004393499327
    S(2)                     -30.017558210725
    S(3)                     -30.017508416067
    S(4)                     -30.017533278048
    S(5)                     -30.017558210725
    S(6)                     -7.6005141148068
    S(7)                     -30.017558210725
    S(8)                     -30.004387248409
    Si                       -6.1837335978704
  -gammas
USE mix none
USE reaction none
USE reaction_temperature none
USE reaction_pressure none
