SOLUTION_RAW                 5 Solution after simulation 3.
  -temp                      7.00829
  -pressure                  252.979
  -potential                 0
  -total_h                   16575270.364507
  -total_o                   8292356.2664669
  -cb                        -1.3923730435295e-07
  -density                   1.0012844086856
  -totals
    C(-4)                    1.0347430804126e-16
    C(2)                     5.6007436504716e-17
    C(4)                     1654.356473067
    Ca                       1.8882862284647
    Cl(-1)                   16.261298704527
    Fe(2)                    0.95325746191618
    Fe(3)                    1.12384733505e-12
    H(0)                     5.2067330018444e-08
    K                        1523.8776769294
    Mg                       0.052508383782331
    Na                       1254.1286567195
    Ntg                      53.570166656945
    S(-2)                    4.2607060594357e-13
    S(2)                     5.7142768862187e-23
    S(4)                     3.4225584621476e-13
    S(6)                     5.7507802300189
    Si                       5.6761787557589
  -pH                        10.614414431107
  -pe                        -5.9761598643919
  -mu                        0.025840087755676
  -ah2o                      0.99948490738396
  -mass_water                149253.29377236
  -soln_vol                  149253.29377236
  -total_alkalinity          2756.0315787719
  -activities
    C(-2)                    -30
    C(-3)                    -30
    C(-4)                    -30
    C(2)                     -30
    C(4)                     -2.4858441339229
    Ca                       -5.7848383871694
    Cl(-1)                   -4.0315383979781
    Cl(1)                    -30.065284383272
    Cl(3)                    -30.065284383272
    Cl(5)                    -30.066752886712
    Cl(7)                    -30.066752886712
    E                        5.9761598643919
    Fe(2)                    -5.9251787069948
    Fe(3)                    -30.489233782111
    H(0)                     -29.997236192078
    K                        -2.0593279580662
    Mg                       -7.1449150276969
    Na                       -2.1438158364812
    Ntg                      -3.4424169178234
    O(0)                     -29.997236192078
    S(-2)                    -30.066752886712
    S(2)                     -30.264114943534
    S(3)                     -30.253099150391
    S(4)                     -30.25849018648
    S(5)                     -30.264114943534
    S(6)                     -4.6960504952564
    S(7)                     -30.264114943534
    S(8)                     -30.065284383272
    Si                       -5.1286515751969
  -gammas
USE mix none
USE reaction none
USE reaction_temperature none
USE reaction_pressure none
