SOLUTION_RAW                 5 Solution after simulation 3.
  -temp                      30.9978
  -pressure                  252.956
  -potential                 0
  -total_h                   1652499.3547264
  -total_o                   826277.39845083
  -cb                        -7.9377242626077e-11
  -density                   1.0000651332239
  -totals
    C(-4)                    2.3480093657306e-14
    C(2)                     5.0707680132778e-14
    C(4)                     11.472827938942
    Ca                       0.024122749455587
    Cl(-1)                   0.053679140853601
    Fe(2)                    0.034586858774259
    Fe(3)                    6.8531111661156e-13
    H(0)                     4.7990900902867e-08
    K                        5.590210741278
    Mg                       0.02183409966543
    Na                       3.2598158185667
    Ntg                      0.16294451599505
    S(-2)                    2.0271817904125e-11
    S(2)                     5.7002288164244e-20
    S(4)                     8.6343796810521e-15
    S(6)                     0.0057791881469066
    Si                       0.13968840933293
  -pH                        6.8714125056649
  -pe                        -2.4640854665529
  -mu                        0.00061156356622524
  -ah2o                      0.99997627525862
  -mass_water                14880.510910466
  -soln_vol                  14880.510910466
  -total_alkalinity          8.9458764585678
  -activities
    C(-2)                    -30
    C(-3)                    -30
    C(-4)                    -30
    C(2)                     -30
    C(4)                     -3.2338212681637
    Ca                       -5.8392025613645
    Cl(-1)                   -5.4553004860822
    Cl(1)                    -30.012365964198
    Cl(3)                    -30.012365964198
    Cl(5)                    -30.012415092086
    Cl(7)                    -30.012415092086
    E                        2.4640854665529
    Fe(2)                    -5.6839348034584
    Fe(3)                    -30.107259879482
    H(0)                     -29.999935301907
    K                        -3.4376555753133
    Mg                       -5.8816435658013
    Na                       -3.6721065060111
    Ntg                      -4.9605169376832
    O(0)                     -29.999935301907
    S(-2)                    -30.012415092086
    S(2)                     -30.049539959438
    S(3)                     -30.049151556036
    S(4)                     -30.049344993843
    S(5)                     -30.049539959438
    S(6)                     -6.4617498498075
    S(7)                     -30.049539959438
    S(8)                     -30.012365964198
    Si                       -5.0279255886675
  -gammas
USE mix none
USE reaction none
USE reaction_temperature none
USE reaction_pressure none
