SOLUTION_RAW                 5 Solution after simulation 3.
  -temp                      29.6261
  -pressure                  252.923
  -potential                 0
  -total_h                   1985067.8858814
  -total_o                   992551.55512317
  -cb                        1.2307013047552e-12
  -density                   1.0000349633366
  -totals
    C(-4)                    1.6395359111784e-20
    C(2)                     1.1522033145418e-15
    C(4)                     7.3924207502983
    Ca                       0.048516064972059
    Cl(-1)                   0.00418228195438
    Fe(2)                    0.01601919394201
    Fe(3)                    1.6592194307771e-12
    H(0)                     1.5627285858338e-09
    K                        4.9758952505917
    Mg                       0.011825184414524
    Na                       0.11551391078812
    Ntg                      0.14291853938281
    S(-2)                    2.2319895463225e-17
    S(4)                     2.2446593239858e-16
    S(6)                     0.0041895670420997
    Si                       0.097399206038267
  -pH                        6.717409060115
  -pe                        -1.5405594792082
  -mu                        0.00029814383112065
  -ah2o                      0.99998781383865
  -mass_water                17875.290658286
  -soln_vol                  17875.290658286
  -total_alkalinity          5.2315686319989
  -activities
    C(-2)                    -30
    C(-3)                    -30
    C(-4)                    -30
    C(2)                     -30
    C(4)                     -3.5423840319329
    Ca                       -5.6009078040644
    Cl(-1)                   -6.6395937650846
    Cl(1)                    -30.008699728529
    Cl(3)                    -30.008699728529
    Cl(5)                    -30.008724032782
    Cl(7)                    -30.008724032782
    E                        1.5405594792082
    Fe(2)                    -6.0830148098802
    Fe(3)                    -30.076273973482
    H(0)                     -29.999968476253
    K                        -3.5641311327804
    Mg                       -6.2135813348773
    Na                       -5.1984789098542
    Ntg                      -5.0971347288282
    O(0)                     -29.999968476253
    S(-2)                    -30.008724032782
    S(2)                     -30.034835916824
    S(3)                     -30.034643096543
    S(4)                     -30.034739239218
    S(5)                     -30.034835916824
    S(6)                     -6.666074794875
    S(7)                     -30.034835916824
    S(8)                     -30.008699728529
    Si                       -5.2640062430211
  -gammas
USE mix none
USE reaction none
USE reaction_temperature none
USE reaction_pressure none
