SOLUTION_RAW                 5 Solution after simulation 3.
  -temp                      22.9782
  -pressure                  252.961
  -potential                 0
  -total_h                   2977385.9027498
  -total_o                   1488702.7705439
  -cb                        -2.6648239431076e-10
  -density                   1.0000145617467
  -totals
    C(2)                     7.4586282496406e-23
    C(4)                     3.8908319049463
    Ca                       0.024494640449864
    Cl(-1)                   0.0020408673414375
    Fe(2)                    0.01245090333817
    Fe(3)                    4.8142603072754e-10
    H(0)                     3.599586510139e-15
    K                        3.6993290454588
    Mg                       0.003581005538495
    Na                       0.052114919197725
    Ntg                      0.10971809343881
    S(4)                     4.9831464239959e-23
    S(6)                     0.0020428518840724
    Si                       0.058074234670861
  -pH                        7.9483444810591
  -pe                        0.067088492613889
  -mu                        0.00014507495030766
  -ah2o                      0.99999500678162
  -mass_water                26811.02812299
  -soln_vol                  26811.02812299
  -total_alkalinity          3.8263704929479
  -activities
    C(-2)                    -30
    C(-3)                    -30
    C(-4)                    -30
    C(2)                     -30
    C(4)                     -3.8573213049572
    Ca                       -6.0637190541282
    Cl(-1)                   -7.1245656131345
    Cl(1)                    -30.006040996106
    Cl(3)                    -30.006040996106
    Cl(5)                    -30.006052796145
    Cl(7)                    -30.006052796145
    E                        -0.067088492613889
    Fe(2)                    -6.3670645379211
    Fe(3)                    -30.053376525475
    H(0)                     -29.999984673853
    K                        -3.866255399222
    Mg                       -6.8983488928893
    Na                       -5.7174812512598
    Ntg                      -5.3880207084028
    O(0)                     -29.999984673853
    S(-2)                    -30.006052796145
    S(2)                     -30.024181701882
    S(3)                     -30.024087850996
    S(4)                     -30.024134685223
    S(5)                     -30.024181701882
    S(6)                     -7.1427757768316
    S(7)                     -30.024181701882
    S(8)                     -30.006040996106
    Si                       -5.6684780990716
  -gammas
USE mix none
USE reaction none
USE reaction_temperature none
USE reaction_pressure none
