SOLUTION_RAW                 5 Solution after simulation 3.
  -temp                      27.5696
  -pressure                  252.96
  -potential                 0
  -total_h                   2229505.5324671
  -total_o                   1114768.0367784
  -cb                        -5.655027661422e-12
  -density                   1.0000276135766
  -totals
    C(-4)                    5.3532376529818e-21
    C(2)                     5.596968487769e-16
    C(4)                     6.3435762158191
    Ca                       0.044600035950838
    Cl(-1)                   0.003405176339492
    Fe(2)                    0.020838875569751
    Fe(3)                    2.0463647864932e-12
    H(0)                     1.2355320199594e-09
    K                        4.5797024357372
    Mg                       0.0096155917852759
    Na                       0.091885483774639
    Ntg                      0.13253396027644
    S(-2)                    5.598342517725e-18
    S(4)                     1.0498726945404e-16
    S(6)                     0.0034103317330757
    Si                       0.082007766529146
  -pH                        6.8407268457958
  -pe                        -1.6086443262367
  -mu                        0.00024429503802606
  -ah2o                      0.99999041790691
  -mass_water                20076.431019053
  -soln_vol                  20076.431019053
  -total_alkalinity          4.8114710863257
  -activities
    C(-2)                    -30
    C(-3)                    -30
    C(-4)                    -30
    C(2)                     -30
    C(4)                     -3.6284640913886
    Ca                       -5.6845974906868
    Cl(-1)                   -6.7784525210876
    Cl(1)                    -30.007861344477
    Cl(3)                    -30.007861344477
    Cl(5)                    -30.007881238456
    Cl(7)                    -30.007881238456
    E                        1.6086443262367
    Fe(2)                    -6.0160656115894
    Fe(3)                    -30.069090602997
    H(0)                     -29.999974186142
    K                        -3.6497510451947
    Mg                       -6.3506155421786
    Na                       -5.3474378317243
    Ntg                      -5.1803349060229
    O(0)                     -29.999974186142
    S(-2)                    -30.007881238456
    S(2)                     -30.031475576857
    S(3)                     -30.031317622653
    S(4)                     -30.031396401154
    S(5)                     -30.031475576857
    S(6)                     -6.8022998446495
    S(7)                     -30.031475576857
    S(8)                     -30.007861344477
    Si                       -5.3892133029489
  -gammas
USE mix none
USE reaction none
USE reaction_temperature none
USE reaction_pressure none
