SOLUTION_RAW                 5 Solution after simulation 3.
  -temp                      23.5962
  -pressure                  252.96
  -potential                 0
  -total_h                   2860965.0575089
  -total_o                   1430492.9721556
  -cb                        -3.4955914031409e-11
  -density                   1.0000159112093
  -totals
    C(2)                     2.4026988875608e-22
    C(4)                     4.1680295101256
    Ca                       0.026500974405656
    Cl(-1)                   0.0021920195589203
    Fe(2)                    0.013386840161192
    Fe(3)                    4.7995021412158e-10
    H(0)                     4.7527992820512e-15
    K                        3.8140401597981
    Mg                       0.0041127700465073
    Na                       0.056171046614507
    Ntg                      0.11265672243939
    S(4)                     8.7159241892726e-23
    S(6)                     0.002194285938864
    Si                       0.061374572582084
  -pH                        7.5956526117962
  -pe                        0.35716301193756
  -mu                        0.0001557175366503
  -ah2o                      0.9999945427342
  -mass_water                25762.668776345
  -soln_vol                  25762.668776345
  -total_alkalinity          3.9516317847175
  -activities
    C(-2)                    -30
    C(-3)                    -30
    C(-4)                    -30
    C(2)                     -30
    C(4)                     -3.8229738369166
    Ca                       -6.012828253451
    Cl(-1)                   -7.0764344970214
    Cl(1)                    -30.006260193656
    Cl(3)                    -30.006260193656
    Cl(5)                    -30.006272859975
    Cl(7)                    -30.006272859975
    E                        -0.35716301193756
    Fe(2)                    -6.3138250074143
    Fe(3)                    -30.055277392201
    H(0)                     -29.999983550637
    K                        -3.835891446761
    Mg                       -6.8216355323988
    Na                       -5.6678332579755
    Ntg                      -5.3592181661871
    O(0)                     -29.999983550637
    S(-2)                    -30.006272859975
    S(2)                     -30.025059833409
    S(3)                     -30.024959113596
    S(4)                     -30.025009372122
    S(5)                     -30.025059833409
    S(6)                     -7.0953181878712
    S(7)                     -30.025059833409
    S(8)                     -30.006260193656
    Si                       -5.6248891498747
  -gammas
USE mix none
USE reaction none
USE reaction_temperature none
USE reaction_pressure none
