SOLUTION_RAW                 5 Solution after simulation 3.
  -temp                      23.2416
  -pressure                  253.091
  -potential                 0
  -total_h                   18425977.432903
  -total_o                   9216601.8686684
  -cb                        -5.7351882176704e-07
  -density                   1.0006517309468
  -totals
    C(2)                     2.9961623997486e-18
    C(4)                     1621.0627184435
    Ca                       6.4483100170548
    Cl(-1)                   4.0670981823931
    Fe(2)                    26.028351858674
    Fe(3)                    5.3483428143018e-07
    H(0)                     8.8900699344508e-14
    K                        548.64161879091
    Mg                       8.0911036593562
    Na                       4.0711717103874
    Ntg                      33.228963227707
    S(4)                     3.529688034349e-18
    S(6)                     4.0710534917989
    Si                       21.961503484782
  -pH                        6.1388687503163
  -pe                        1.5785463594564
  -mu                        0.0040880790176728
  -ah2o                      0.99976663131608
  -mass_water                165918.48494825
  -soln_vol                  165918.48494825
  -total_alkalinity          621.63911751383
  -activities
    C(-2)                    -30
    C(-3)                    -30
    C(-4)                    -30
    C(2)                     -30
    C(4)                     -2.4562819818845
    Ca                       -4.5271715034019
    Cl(-1)                   -4.641224119041
    Cl(1)                    -30.029924155023
    Cl(3)                    -30.029924155023
    Cl(5)                    -30.030218567816
    Cl(7)                    -30.030218567816
    E                        -1.5785463594564
    Fe(2)                    -3.9202956688663
    Fe(3)                    -30.246727526146
    H(0)                     -29.999568356506
    K                        -2.5111878112834
    Mg                       -4.4250457072269
    Na                       -4.6421922522816
    Ntg                      -3.6979691743594
    O(0)                     -29.999568356506
    S(-2)                    -30.030218567816
    S(2)                     -30.120196347147
    S(3)                     -30.117908207436
    S(4)                     -30.119041298358
    S(5)                     -30.120196347147
    S(6)                     -4.7434778709367
    S(7)                     -30.120196347147
    S(8)                     -30.029924155023
    Si                       -3.8783016553235
  -gammas
USE mix none
USE reaction none
USE reaction_temperature none
USE reaction_pressure none
