SOLUTION_RAW                 5 Solution after simulation 3.
  -temp                      14.0873
  -pressure                  252.908
  -potential                 0
  -total_h                   2441342.0797303
  -total_o                   1222990.2281028
  -cb                        -1.5386911833559e-07
  -density                   1.003009052845
  -totals
    C(-4)                    6.7684027156628e-15
    C(2)                     5.4045274575761e-13
    C(4)                     1032.5370129645
    Ca                       11.437696033618
    Cl(-1)                   7.685554834628
    Fe(2)                    49.187630965069
    Fe(3)                    6.5356095415121e-10
    H(0)                     3.3168321652027e-09
    K                        185.52221886312
    Mg                       4.8523795916004
    Na                       7.6886284818444
    Ntg                      58.596515816573
    S(-2)                    1.0362407486995e-09
    S(2)                     3.282367568568e-15
    S(4)                     2.0358764810427e-12
    S(6)                     7.6886285226347
    Si                       36.403986634649
  -pH                        5.9927202403343
  -pe                        -1.0966156334354
  -mu                        0.017991898133321
  -ah2o                      0.99891656105492
  -mass_water                21981.329820594
  -soln_vol                  21981.329820594
  -total_alkalinity          301.10344880016
  -activities
    C(-2)                    -30
    C(-3)                    -30
    C(-4)                    -30
    C(2)                     -30
    C(4)                     -1.9203467053708
    Ca                       -3.503826023206
    Cl(-1)                   -3.5159576809287
    Cl(1)                    -30.056768869434
    Cl(3)                    -30.056768869434
    Cl(5)                    -30.057862444691
    Cl(7)                    -30.057862444691
    E                        1.0966156334354
    Fe(2)                    -2.8635293140897
    Fe(3)                    -30.435206481786
    H(0)                     -29.998093099451
    K                        -2.1332968192329
    Mg                       -3.865985997679
    Na                       -3.5209909645113
    Ntg                      -2.5723829795205
    O(0)                     -29.998093099451
    S(-2)                    -30.057862444691
    S(2)                     -30.229203628304
    S(3)                     -30.220927413453
    S(4)                     -30.224989675721
    S(5)                     -30.229203628304
    S(6)                     -3.7183288601253
    S(7)                     -30.229203628304
    S(8)                     -30.056768869434
    Si                       -2.780943604869
  -gammas
USE mix none
USE reaction none
USE reaction_temperature none
USE reaction_pressure none
