SOLUTION_RAW                 5 Solution after simulation 3.
  -temp                      24.8456
  -pressure                  252.962
  -potential                 0
  -total_h                   2641595.0364451
  -total_o                   1320809.3222085
  -cb                        -1.2751294204555e-09
  -density                   1.0000189828679
  -totals
    C(-4)                    2.5776266168779e-22
    C(2)                     9.7472693148174e-17
    C(4)                     4.7763292991126
    Ca                       0.030866589814705
    Cl(-1)                   0.0025267611220956
    Fe(2)                    0.015453680129399
    Fe(3)                    1.5965548405962e-12
    H(0)                     7.1140537607946e-10
    K                        4.0501841983042
    Mg                       0.0054128372057201
    Na                       0.065754064602183
    Ntg                      0.11873389488535
    S(-2)                    1.5459554041206e-19
    S(4)                     2.243635802756e-17
    S(6)                     0.0025297142240614
    Si                       0.067649686299135
  -pH                        7.2267878403612
  -pe                        -1.8659850321508
  -mu                        0.00017985148306201
  -ah2o                      0.99999346741586
  -mass_water                23787.261250166
  -soln_vol                  23787.261250166
  -total_alkalinity          4.2118182889125
  -activities
    C(-2)                    -30
    C(-3)                    -30
    C(-4)                    -30
    C(2)                     -30
    C(4)                     -3.7595608229792
    Ca                       -5.913697268329
    Cl(-1)                   -6.9805432268624
    Cl(1)                    -30.006730662458
    Cl(3)                    -30.006730662458
    Cl(5)                    -30.006745291383
    Cl(7)                    -30.006745291383
    E                        1.8659850321508
    Fe(2)                    -6.2162107798675
    Fe(3)                    -30.059349027951
    H(0)                     -29.999981002021
    K                        -3.775630002447
    Mg                       -6.6694718994397
    Na                       -5.5652593235412
    Ntg                      -5.3017517427996
    O(0)                     -29.999981002021
    S(-2)                    -30.006745291383
    S(2)                     -30.026944759565
    S(3)                     -30.026828485491
    S(4)                     -30.026886496852
    S(5)                     -30.026944759565
    S(6)                     -7.0008761008545
    S(7)                     -30.026944759565
    S(8)                     -30.006730662458
    Si                       -5.5469227661357
  -gammas
USE mix none
USE reaction none
USE reaction_temperature none
USE reaction_pressure none
