SOLUTION_RAW                 5 Solution after simulation 3.
  -temp                      74.8959
  -pressure                  252.959
  -potential                 0
  -total_h                   1009284.9385251
  -total_o                   541000.95072243
  -cb                        1.5909519035517e-08
  -density                   1.0924293920945
  -totals
    C(-4)                    1.324746552005e-10
    C(2)                     1.0430080831263e-08
    C(4)                     17488.760315707
    Ca                       26.640752156154
    Cl(-1)                   38.674907143188
    Fe(2)                    58.937495530729
    Fe(3)                    2.0239439250152e-08
    H(0)                     5.2719158614681e-07
    K                        85.778552098189
    Mg                       615.69545642082
    Na                       40.271060995884
    Ntg                      39.754191248671
    S(-2)                    5.5138106991476e-06
    S(2)                     8.2385680853581e-11
    S(4)                     3.7314855938661e-09
    S(6)                     40.271055478363
    Si                       257.5933174019
  -pH                        5.0682532230254
  -pe                        -0.87893156574211
  -mu                        0.23476699011474
  -ah2o                      0.96505602087252
  -mass_water                9075.8259562066
  -soln_vol                  9075.8259562066
  -total_alkalinity          1409.3800032063
  -activities
    C(-2)                    -30
    C(-3)                    -30
    C(-4)                    -30
    C(2)                     -30
    C(4)                     -0.96510107960811
    Ca                       -3.0814741303596
    Cl(-1)                   -2.5547710618748
    Cl(1)                    -30.155409552944
    Cl(3)                    -30.155409552944
    Cl(5)                    -30.164034019766
    Cl(7)                    -30.164034019766
    E                        0.87893156574211
    Fe(2)                    -2.7317375003387
    Fe(3)                    -30.988687842349
    H(0)                     -29.975279825012
    K                        -2.1989419132061
    Mg                       -1.6586334106429
    Na                       -2.5277026949018
    Ntg                      -2.3350265372915
    O(0)                     -29.975279825012
    S(-2)                    -30.164034019766
    S(2)                     -30.653063610103
    S(3)                     -30.593377283581
    S(4)                     -30.62181501745
    S(5)                     -30.653063610103
    S(6)                     -3.7940177030379
    S(7)                     -30.653063610103
    S(8)                     -30.155409552944
    Si                       -1.5469875194426
  -gammas
USE mix none
USE reaction none
USE reaction_temperature none
USE reaction_pressure none
