SOLUTION_RAW                 5 Solution after simulation 3.
  -temp                      30.1032
  -pressure                  252.943
  -potential                 0
  -total_h                   1453132.7375788
  -total_o                   726589.92005714
  -cb                        -3.4267727544446e-14
  -density                   1.0000619015579
  -totals
    C(-4)                    7.7077767280845e-20
    C(2)                     2.576936788105e-15
    C(4)                     10.011936907861
    Ca                       0.052115068175863
    Cl(-1)                   0.007029760556359
    Fe(2)                    0.035779829983644
    Fe(3)                    3.368449616371e-12
    H(0)                     1.5410820743489e-09
    K                        6.037006104669
    Mg                       0.022890976829064
    Na                       0.20986382738113
    Ntg                      0.18276082078079
    S(-2)                    1.7063644324198e-16
    S(2)                     8.5601414091798e-25
    S(4)                     6.3566238398279e-16
    S(6)                     0.0070428650266165
    Si                       0.13777969014762
  -pH                        6.5860980558151
  -pe                        -1.4691087335057
  -mu                        0.00050367370288626
  -ah2o                      0.99997829312293
  -mass_water                13085.256892243
  -soln_vol                  13085.256892243
  -total_alkalinity          6.4473261914211
  -activities
    C(-2)                    -30
    C(-3)                    -30
    C(-4)                    -30
    C(2)                     -30
    C(4)                     -3.3186507844931
    Ca                       -5.4443165177481
    Cl(-1)                   -6.281171176271
    Cl(1)                    -30.011238006738
    Cl(3)                    -30.011238006738
    Cl(5)                    -30.011278602836
    Cl(7)                    -30.011278602836
    E                        1.4691087335057
    Fe(2)                    -5.6082353101649
    Fe(3)                    -30.097794647026
    H(0)                     -29.999946736461
    K                        -3.3472818745474
    Mg                       -5.8009725568922
    Na                       -4.806347162284
    Ntg                      -4.8548487860317
    O(0)                     -29.999946736461
    S(-2)                    -30.011278602836
    S(2)                     -30.0450145957
    S(3)                     -30.044693302377
    S(4)                     -30.044853373942
    S(5)                     -30.0450145957
    S(6)                     -6.3159535709147
    S(7)                     -30.0450145957
    S(8)                     -30.011238006738
    Si                       -4.9778302071728
  -gammas
USE mix none
USE reaction none
USE reaction_temperature none
USE reaction_pressure none
