SOLUTION_RAW                 5 Solution after simulation 3.
  -temp                      48.9105
  -pressure                  253.058
  -potential                 0
  -total_h                   4276620.9448209
  -total_o                   2153991.1933661
  -cb                        -2.1487562911204e-06
  -density                   1.0097807744074
  -totals
    C(-4)                    1.2072381208482e-12
    C(2)                     2.2276733150269e-10
    C(4)                     7458.4873482099
    Ca                       29.446274461884
    Cl(-1)                   17.284745971291
    Fe(2)                    48.001227825115
    Fe(3)                    5.4013964632986e-09
    H(0)                     1.6918566424087e-07
    K                        285.19341827706
    Mg                       282.6969542155
    Na                       17.422143347659
    Ntg                      38.134677768676
    S(-2)                    1.1350933880298e-07
    S(2)                     4.1686491361156e-13
    S(4)                     2.6613676108504e-10
    S(6)                     17.422143264188
    Si                       104.33498318528
  -pH                        5.3774782426893
  -pe                        -0.86132096041689
  -mu                        0.035474335803181
  -ah2o                      0.9963398754053
  -mass_water                38501.800823157
  -soln_vol                  38501.800823157
  -total_alkalinity          970.77544428367
  -activities
    C(-2)                    -30
    C(-3)                    -30
    C(-4)                    -30
    C(2)                     -30
    C(4)                     -1.6776143752987
    Ca                       -3.4126442209237
    Cl(-1)                   -3.4329697488363
    Cl(1)                    -30.079101963644
    Cl(3)                    -30.079101963644
    Cl(5)                    -30.081173987621
    Cl(7)                    -30.081173987621
    E                        0.86132096041689
    Fe(2)                    -3.1960142573392
    Fe(3)                    -30.578713284257
    H(0)                     -29.996209440909
    K                        -2.2141348506967
    Mg                       -2.4141170458757
    Na                       -3.4305294352143
    Ntg                      -3.0006135283875
    O(0)                     -29.996209440909
    S(-2)                    -30.081173987621
    S(2)                     -30.320974768063
    S(3)                     -30.305585107764
    S(4)                     -30.313091850273
    S(5)                     -30.320974768063
    S(6)                     -3.9649811458074
    S(7)                     -30.320974768063
    S(8)                     -30.079101963644
    Si                       -2.5670817641902
  -gammas
USE mix none
USE reaction none
USE reaction_temperature none
USE reaction_pressure none
