SOLUTION_RAW                 5 Solution after simulation 3.
  -temp                      23.7513
  -pressure                  252.959
  -potential                 0
  -total_h                   2832565.0356003
  -total_o                   1416293.1230851
  -cb                        -5.2256115233573e-11
  -density                   1.0000162669654
  -totals
    C(-4)                    2.9182358814727e-25
    C(2)                     9.2253479393425e-18
    C(4)                     4.2400878232089
    Ca                       0.027046764324838
    Cl(-1)                   0.0022314548406291
    Fe(2)                    0.013630728625438
    Fe(3)                    2.7455101836436e-12
    H(0)                     1.5490720086059e-10
    K                        3.8430872754397
    Mg                       0.0042571279895439
    Na                       0.057231286190435
    Ntg                      0.1134021404873
    S(-2)                    1.3322505231502e-22
    S(4)                     3.0492495095945e-18
    S(6)                     0.0022337988786149
    Si                       0.062214886699409
  -pH                        7.5326934220592
  -pe                        -1.837002397599
  -mu                        0.00015854168657475
  -ah2o                      0.99999441892276
  -mass_water                25506.929114822
  -soln_vol                  25506.929114822
  -total_alkalinity          3.9834887509669
  -activities
    C(-2)                    -30
    C(-3)                    -30
    C(-4)                    -30
    C(2)                     -30
    C(4)                     -3.8148544427864
    Ca                       -5.9998398243427
    Cl(-1)                   -7.064415532473
    Cl(1)                    -30.006317063235
    Cl(3)                    -30.006317063235
    Cl(5)                    -30.00632995932
    Cl(7)                    -30.00632995932
    E                        1.837002397599
    Fe(2)                    -6.3012960917242
    Fe(3)                    -30.055770160697
    H(0)                     -29.999983252505
    K                        -3.8283211248725
    Mg                       -6.8025290644109
    Na                       -5.655437926265
    Ntg                      -5.3520210690447
    O(0)                     -29.999983252505
    S(-2)                    -30.00632995932
    S(2)                     -30.025287668009
    S(3)                     -30.02518512669
    S(4)                     -30.025236293214
    S(5)                     -30.025287668009
    S(6)                     -7.0834739248439
    S(7)                     -30.025287668009
    S(8)                     -30.006317063235
    Si                       -5.6144053940958
  -gammas
USE mix none
USE reaction none
USE reaction_temperature none
USE reaction_pressure none
