SOLUTION_RAW                 5 Solution after simulation 3.
  -temp                      20.845
  -pressure                  252.962
  -potential                 0
  -total_h                   3423372.2161154
  -total_o                   1711694.0091869
  -cb                        -6.3899406599344e-14
  -density                   1.0000106235694
  -totals
    C(2)                     4.9969318464043e-23
    C(4)                     3.046833924958
    Ca                       0.019265705190932
    Cl(-1)                   0.0015861893042796
    Fe(2)                    0.0096257506598823
    Fe(3)                    7.4025992523811e-11
    H(0)                     4.3469142073501e-14
    K                        3.3161112774798
    Mg                       0.0021921506041202
    Na                       0.040049760613083
    Ntg                      0.099951974553396
    S(4)                     3.5760954383781e-22
    S(6)                     0.0015874390448848
    Si                       0.047164012403343
  -pH                        9.0300792387264
  -pe                        -1.5474393060156
  -mu                        0.00011609537900868
  -ah2o                      0.99999623963306
  -mass_water                30827.096111073
  -soln_vol                  30827.096111073
  -total_alkalinity          3.4135671836828
  -activities
    C(-2)                    -30
    C(-3)                    -30
    C(-4)                    -30
    C(2)                     -30
    C(4)                     -4.0307332291451
    Ca                       -6.2291377167808
    Cl(-1)                   -7.2939959028637
    Cl(1)                    -30.005397746941
    Cl(3)                    -30.005397746941
    Cl(5)                    -30.005407182924
    Cl(7)                    -30.005407182924
    E                        1.5474393060156
    Fe(2)                    -6.6200117632509
    Fe(3)                    -30.047784016019
    H(0)                     -29.999987729602
    K                        -3.9737203419386
    Mg                       -7.1710542419872
    Na                       -5.8917960267344
    Ntg                      -5.4891296288709
    O(0)                     -29.999987729602
    S(-2)                    -30.005407182924
    S(2)                     -30.021605059024
    S(3)                     -30.021529964643
    S(4)                     -30.021567446481
    S(5)                     -30.021605059024
    S(6)                     -7.3102337194351
    S(7)                     -30.021605059024
    S(8)                     -30.005397746941
    Si                       -5.8596527049199
  -gammas
USE mix none
USE reaction none
USE reaction_temperature none
USE reaction_pressure none
