SOLUTION_RAW                 5 Solution after simulation 3.
  -temp                      17.8553
  -pressure                  252.966
  -potential                 0
  -total_h                   4178626.6207617
  -total_o                   2089319.0798749
  -cb                        2.309632519959e-13
  -density                   1.0000067920822
  -totals
    C(2)                     3.6842387870956e-20
    C(4)                     2.1263132561286
    Ca                       0.015008816712809
    Cl(-1)                   0.0011011672053319
    Fe(2)                    0.0065955801626581
    Fe(3)                    5.7407731342517e-13
    H(0)                     1.4532913060701e-10
    K                        2.8193994506594
    Mg                       0.0010675948293077
    Na                       0.028272324084067
    Ntg                      0.087370890419907
    S(-2)                    7.3442187850039e-25
    S(4)                     6.9426445949318e-19
    S(6)                     0.0011018081667437
    Si                       0.033802409403142
  -pH                        9.421203502843
  -pe                        -3.688576609862
  -mu                        8.2724726429362e-05
  -ah2o                      0.9999974357377
  -mass_water                37628.092451437
  -soln_vol                  37628.092451437
  -total_alkalinity          2.8897109746145
  -activities
    C(-2)                    -30
    C(-3)                    -30
    C(-4)                    -30
    C(2)                     -30
    C(4)                     -4.2959273239222
    Ca                       -6.4214189765088
    Cl(-1)                   -7.5382216889916
    Cl(1)                    -30.004548249493
    Cl(3)                    -30.004548249493
    Cl(5)                    -30.004554964512
    Cl(7)                    -30.004554964512
    E                        3.688576609862
    Fe(2)                    -6.9413917839645
    Fe(3)                    -30.040365997405
    H(0)                     -29.999991245355
    K                        -4.1299173867566
    Mg                       -7.5671319435989
    Na                       -6.1287396310753
    Ntg                      -5.6341371681895
    O(0)                     -29.999991245355
    S(-2)                    -30.004554964512
    S(2)                     -30.018202917679
    S(3)                     -30.018149434242
    S(4)                     -30.018176136624
    S(5)                     -30.018202917679
    S(6)                     -7.5518774541424
    S(7)                     -30.018202917679
    S(8)                     -30.004548249493
    Si                       -6.1392417660286
  -gammas
USE mix none
USE reaction none
USE reaction_temperature none
USE reaction_pressure none
