SOLUTION_RAW                 5 Solution after simulation 3.
  -temp                      18.8939
  -pressure                  252.905
  -potential                 0
  -total_h                   2447680.1384532
  -total_o                   1233614.1347735
  -cb                        -3.8567721816207e-07
  -density                   1.0106014239883
  -totals
    C(-4)                    8.0399054476363e-14
    C(2)                     6.0670102829244e-12
    C(4)                     4706.229473264
    Ca                       29.605663949177
    Cl(-1)                   19.389120556561
    Fe(2)                    66.574483595136
    Fe(3)                    1.2025488309582e-09
    H(0)                     5.8167824760712e-09
    K                        186.09648899281
    Mg                       23.060359076493
    Na                       19.400136818504
    Ntg                      54.445080622221
    S(-2)                    8.889463292236e-08
    S(2)                     7.5895367079122e-13
    S(4)                     3.7432688402478e-11
    S(6)                     19.400136729597
    Si                       45.55596548794
  -pH                        5.2854262806085
  -pe                        -0.46063418907352
  -mu                        0.025984156999556
  -ah2o                      0.99601433444937
  -mass_water                22037.63865423
  -soln_vol                  22037.63865423
  -total_alkalinity          385.78824542398
  -activities
    C(-2)                    -30
    C(-3)                    -30
    C(-4)                    -30
    C(2)                     -30
    C(4)                     -1.8235681016581
    Ca                       -3.132740030022
    Cl(-1)                   -3.1260330606404
    Cl(1)                    -30.066435430506
    Cl(3)                    -30.066435430506
    Cl(5)                    -30.067940513391
    Cl(7)                    -30.067940513391
    E                        0.46063418907352
    Fe(2)                    -2.7672243321854
    Fe(3)                    -30.49748849481
    H(0)                     -29.997258578193
    K                        -2.1443296704831
    Mg                       -3.2324040040587
    Na                       -3.1307340902601
    Ntg                      -2.6046079968208
    O(0)                     -29.997258578193
    S(-2)                    -30.067940513391
    S(2)                     -30.268869203982
    S(3)                     -30.257583704001
    S(4)                     -30.263105968298
    S(5)                     -30.268869203982
    S(6)                     -3.3895102089411
    S(7)                     -30.268869203982
    S(8)                     -30.066435430506
    Si                       -2.6846291053597
  -gammas
USE mix none
USE reaction none
USE reaction_temperature none
USE reaction_pressure none
