SOLUTION_RAW                 5 Solution after simulation 3.
  -temp                      21.2987
  -pressure                  252.962
  -potential                 0
  -total_h                   3322510.1743099
  -total_o                   1661263.3666646
  -cb                        -2.6009142756189e-14
  -density                   1.0000113669453
  -totals
    C(2)                     2.8477403806899e-23
    C(4)                     3.2122894568371
    Ca                       0.020188795063928
    Cl(-1)                   0.0016746206820511
    Fe(2)                    0.010176384526761
    Fe(3)                    1.3407148288294e-10
    H(0)                     1.7335327022885e-14
    K                        3.3957839365266
    Mg                       0.0024372746696064
    Na                       0.042374031235445
    Ntg                      0.10197665000133
    S(4)                     1.5511132705415e-22
    S(6)                     0.0016759995140753
    Si                       0.049429295000133
  -pH                        8.9149513304723
  -pe                        -1.2344628179945
  -mu                        0.00012177918168276
  -ah2o                      0.99999601182152
  -mass_water                29918.842326392
  -soln_vol                  29918.842326392
  -total_alkalinity          3.4987362567065
  -activities
    C(-2)                    -30
    C(-3)                    -30
    C(-4)                    -30
    C(2)                     -30
    C(4)                     -3.9909312224049
    Ca                       -6.1958417978625
    Cl(-1)                   -7.2575796882199
    Cl(1)                    -30.005529750239
    Cl(3)                    -30.005529750239
    Cl(5)                    -30.005539649972
    Cl(7)                    -30.005539649972
    E                        1.2344628179945
    Fe(2)                    -6.5657425838158
    Fe(3)                    -30.048933392396
    H(0)                     -29.999987130548
    K                        -3.9505545047213
    Mg                       -7.1123007636481
    Na                       -5.854445081143
    Ntg                      -5.4674318660847
    O(0)                     -29.999987130548
    S(-2)                    -30.005539649972
    S(2)                     -30.022133784999
    S(3)                     -30.022055009848
    S(4)                     -30.022094327223
    S(5)                     -30.022133784999
    S(6)                     -7.2742213400695
    S(7)                     -30.022133784999
    S(8)                     -30.005529750239
    Si                       -5.8168982363445
  -gammas
USE mix none
USE reaction none
USE reaction_temperature none
USE reaction_pressure none
