SOLUTION_RAW                 5 Solution after simulation 3.
  -temp                      5.85626
  -pressure                  252.979
  -potential                 0
  -total_h                   17254371.472822
  -total_o                   8632215.1806288
  -cb                        -3.5902655071141e-08
  -density                   1.0013111640007
  -totals
    C(-4)                    6.2370205749415e-19
    C(2)                     1.3545365395145e-17
    C(4)                     1759.0666509883
    Ca                       1.9351656889208
    Cl(-1)                   17.532505771034
    Fe(2)                    0.95327051395712
    Fe(3)                    1.9505170826374e-12
    H(0)                     1.3800701406792e-08
    K                        1586.3125956014
    Mg                       0.04834089170061
    Na                       1388.1662752599
    Ntg                      57.010427200533
    S(-2)                    2.6527235871913e-15
    S(2)                     3.4500132040423e-25
    S(4)                     9.4228756429039e-14
    S(6)                     6.1593068488487
    Si                       5.7115177614052
  -pH                        10.648749141807
  -pe                        -5.7258785775517
  -mu                        0.026659432373592
  -ah2o                      0.99947172809429
  -mass_water                155368.38962297
  -soln_vol                  155368.38962297
  -total_alkalinity          2950.5013056177
  -activities
    C(-2)                    -30
    C(-3)                    -30
    C(-4)                    -30
    C(2)                     -30
    C(4)                     -2.4930086972615
    Ca                       -5.7930119361348
    Cl(-1)                   -4.0171101762222
    Cl(1)                    -30.066013999708
    Cl(3)                    -30.066013999708
    Cl(5)                    -30.067518333389
    Cl(7)                    -30.067518333389
    E                        5.7258785775517
    Fe(2)                    -5.9384410922051
    Fe(3)                    -30.493697040021
    H(0)                     -29.997142884551
    K                        -2.0601330381873
    Mg                       -7.2029845195097
    Na                       -2.1178863662584
    Ntg                      -3.432742425759
    O(0)                     -29.997142884551
    S(-2)                    -30.067518333389
    S(2)                     -30.267114544732
    S(3)                     -30.255838996467
    S(4)                     -30.261355685088
    S(5)                     -30.267114544732
    S(6)                     -4.6864982444925
    S(7)                     -30.267114544732
    S(8)                     -30.066013999708
    Si                       -5.1659999531918
  -gammas
USE mix none
USE reaction none
USE reaction_temperature none
USE reaction_pressure none
