SOLUTION_RAW                 5 Solution after simulation 3.
  -temp                      27.4065
  -pressure                  252.96
  -potential                 0
  -total_h                   2251864.1137849
  -total_o                   1125947.0993876
  -cb                        -5.2226313551618e-12
  -density                   1.000027011541
  -totals
    C(-4)                    1.1803772755868e-21
    C(2)                     3.6557272181949e-16
    C(4)                     6.2398637824769
    Ca                       0.043549017896337
    Cl(-1)                   0.0033464357742208
    Fe(2)                    0.020480492427645
    Fe(3)                    2.3871456495358e-12
    H(0)                     8.539051479179e-10
    K                        4.5476098221811
    Mg                       0.0092991123294253
    Na                       0.090116876319403
    Ntg                      0.13168935236629
    S(-2)                    1.1986968291715e-18
    S(4)                     6.8752934272551e-17
    S(6)                     0.0033514232736129
    Si                       0.081097296654579
  -pH                        6.8574593456124
  -pe                        -1.5446577169618
  -mu                        0.00023993949160534
  -ah2o                      0.99999063141736
  -mass_water                20277.768144687
  -soln_vol                  20277.768144687
  -total_alkalinity          4.7743346614935
  -activities
    C(-2)                    -30
    C(-3)                    -30
    C(-4)                    -30
    C(2)                     -30
    C(4)                     -3.6361143809197
    Ca                       -5.6990084301869
    Cl(-1)                   -6.7902710993824
    Cl(1)                    -30.007789980532
    Cl(3)                    -30.007789980532
    Cl(5)                    -30.007809518682
    Cl(7)                    -30.007809518682
    E                        1.5446577169618
    Fe(2)                    -6.0276826072215
    Fe(3)                    -30.068477614097
    H(0)                     -29.999974647295
    K                        -3.6570666587615
    Mg                       -6.3692087242612
    Na                       -5.3601389277215
    Ntg                      -5.1874454972295
    O(0)                     -29.999974647295
    S(-2)                    -30.007809518682
    S(2)                     -30.031189573266
    S(3)                     -30.031034433909
    S(4)                     -30.031111810249
    S(5)                     -30.031189573266
    S(6)                     -6.8138953124714
    S(7)                     -30.031189573266
    S(8)                     -30.007789980532
    Si                       -5.3984083014725
  -gammas
USE mix none
USE reaction none
USE reaction_temperature none
USE reaction_pressure none
