SOLUTION_RAW                 5 Solution after simulation 3.
  -temp                      26.9195
  -pressure                  252.961
  -potential                 0
  -total_h                   2320309.5594099
  -total_o                   1160169.1570636
  -cb                        -6.3151133627981e-12
  -density                   1.0000252825582
  -totals
    C(-4)                    7.047971273626e-25
    C(2)                     4.9232997301083e-17
    C(4)                     5.9378210714816
    Ca                       0.040609360839524
    Cl(-1)                   0.0031757894892859
    Fe(2)                    0.01943796252573
    Fe(3)                    5.4311157010277e-12
    H(0)                     1.371996169142e-10
    K                        4.4519428098779
    Mg                       0.0084085171204872
    Na                       0.084994425530953
    Ntg                      0.12917781459249
    S(-2)                    6.5396541618927e-22
    S(4)                     9.3718118462622e-18
    S(6)                     0.0031803125004486
    Si                       0.078419493948857
  -pH                        6.9106862910265
  -pe                        -1.1993445158731
  -mu                        0.00022732531982636
  -ah2o                      0.99999124402892
  -mass_water                20894.113536126
  -soln_vol                  20894.113536126
  -total_alkalinity          4.6643125019019
  -activities
    C(-2)                    -30
    C(-3)                    -30
    C(-4)                    -30
    C(2)                     -30
    C(4)                     -3.6591109558114
    Ca                       -5.7415407184187
    Cl(-1)                   -6.8257929267072
    Cl(1)                    -30.007579573787
    Cl(3)                    -30.007579573787
    Cl(5)                    -30.007598081305
    Cl(7)                    -30.007598081305
    E                        1.1993445158731
    Fe(2)                    -6.0626522589938
    Fe(3)                    -30.066668845929
    H(0)                     -29.999975982445
    K                        -3.6790915561212
    Mg                       -6.4251237226697
    Na                       -5.3983422772094
    Ntg                      -5.2088132847968
    O(0)                     -29.999975982445
    S(-2)                    -30.007598081305
    S(2)                     -30.030346360885
    S(3)                     -30.030199376118
    S(4)                     -30.030272690142
    S(5)                     -30.030346360885
    S(6)                     -6.8487596091017
    S(7)                     -30.030346360885
    S(8)                     -30.007579573787
    Si                       -5.4260383740905
  -gammas
USE mix none
USE reaction none
USE reaction_temperature none
USE reaction_pressure none
