SOLUTION_RAW                 5 Solution after simulation 3.
  -temp                      24.7593
  -pressure                  253.09
  -potential                 0
  -total_h                   16751320.39141
  -total_o                   8379716.603341
  -cb                        -2.3193129905508e-07
  -density                   1.0007818957433
  -totals
    C(2)                     3.5526729748385e-18
    C(4)                     1838.576113293
    Ca                       7.2961824191715
    Cl(-1)                   4.5483552077676
    Fe(2)                    29.109201726832
    Fe(3)                    7.2865954199302e-07
    H(0)                     7.7221352896052e-14
    K                        540.4438284735
    Mg                       10.574985119398
    Na                       4.5536037682956
    Ntg                      33.872150343028
    S(4)                     4.5183251114651e-18
    S(6)                     4.5535614229169
    Si                       24.194908185207
  -pH                        6.0469697834104
  -pe                        1.6959850328304
  -mu                        0.0045756031388558
  -ah2o                      0.99971850260717
  -mass_water                150838.33235462
  -soln_vol                  150838.33235462
  -total_alkalinity          625.30269367959
  -activities
    C(-2)                    -30
    C(-3)                    -30
    C(-4)                    -30
    C(2)                     -30
    C(4)                     -2.4139737671224
    Ca                       -4.4384538686791
    Cl(-1)                   -4.5530026263734
    Cl(1)                    -30.031568991543
    Cl(3)                    -30.031568991543
    Cl(5)                    -30.031896604112
    Cl(7)                    -30.031896604112
    E                        -1.6959850328304
    Fe(2)                    -3.8364645231303
    Fe(3)                    -30.259140303754
    H(0)                     -29.999516967977
    K                        -2.4780686430996
    Mg                       -4.2734609431397
    Na                       -4.5539589604553
    Ntg                      -3.6482113936386
    O(0)                     -29.999516967977
    S(-2)                    -30.031896604112
    S(2)                     -30.126838289384
    S(3)                     -30.12429606865
    S(4)                     -30.125554330809
    S(5)                     -30.126838289384
    S(6)                     -4.6624130488905
    S(7)                     -30.126838289384
    S(8)                     -30.031568991543
    Si                       -3.7948467495669
  -gammas
USE mix none
USE reaction none
USE reaction_temperature none
USE reaction_pressure none
