SOLUTION_RAW                 5 Solution after simulation 3.
  -temp                      30.5877
  -pressure                  252.943
  -potential                 0
  -total_h                   1089232.8814715
  -total_o                   544646.51052491
  -cb                        -1.7785738160025e-12
  -density                   1.0001025434858
  -totals
    C(-4)                    1.5108371830766e-18
    C(2)                     7.6152053215699e-15
    C(4)                     12.9185117839
    Ca                       0.055971176540802
    Cl(-1)                   0.011075291406737
    Fe(2)                    0.056087543656996
    Fe(3)                    3.9639196707868e-12
    H(0)                     2.2839608443034e-09
    K                        7.0223863204069
    Mg                       0.037532911666824
    Na                       0.33768092983419
    Ntg                      0.22634972908521
    S(-2)                    5.1433671220014e-15
    S(2)                     5.800384994748e-23
    S(4)                     2.3714102145456e-15
    S(6)                     0.011096898279601
    Si                       0.18769363050379
  -pH                        6.4823152974849
  -pe                        -1.5084391341499
  -mu                        0.00079766791439811
  -ah2o                      0.99996383170712
  -mass_water                9808.364466066
  -soln_vol                  9808.364466066
  -total_alkalinity          7.6259814260102
  -activities
    C(-2)                    -30
    C(-3)                    -30
    C(-4)                    -30
    C(2)                     -30
    C(4)                     -3.1233526199431
    Ca                       -5.2990862253932
    Cl(-1)                   -5.961430028694
    Cl(1)                    -30.014044302207
    Cl(3)                    -30.014044302207
    Cl(5)                    -30.014107780625
    Cl(7)                    -30.014107780625
    E                        1.5084391341499
    Fe(2)                    -5.2985856563414
    Fe(3)                    -30.121220136005
    H(0)                     -29.999915632896
    K                        -3.159287283284
    Mg                       -5.4716751292504
    Na                       -4.4775426666713
    Ntg                      -4.6367368494701
    O(0)                     -29.999915632896
    S(-2)                    -30.014107780625
    S(2)                     -30.056276391692
    S(3)                     -30.055775342421
    S(4)                     -30.056024747474
    S(5)                     -30.056276391692
    S(6)                     -6.0056333610957
    S(7)                     -30.056276391692
    S(8)                     -30.014044302207
    Si                       -4.7183349884471
  -gammas
USE mix none
USE reaction none
USE reaction_temperature none
USE reaction_pressure none
