SOLUTION_RAW                 5 Solution after simulation 3.
  -temp                      18.844
  -pressure                  253.092
  -potential                 0
  -total_h                   24522594.557884
  -total_o                   12263793.300731
  -cb                        -1.6629538635016e-07
  -density                   1.0003757294576
  -totals
    C(2)                     1.0751377548795e-21
    C(4)                     1076.3620783165
    Ca                       4.4008975489921
    Cl(-1)                   2.8660985303994
    Fe(2)                    18.285707129998
    Fe(3)                    7.8637969548506e-06
    H(0)                     9.6263526514342e-17
    K                        558.74844853262
    Mg                       3.5231428100189
    Na                       2.8679676252064
    Ntg                      31.016879675274
    S(4)                     1.0465531786919e-21
    S(6)                     2.8619861163531
    Si                       14.563377885253
  -pH                        6.486002029377
  -pe                        2.7305304295398
  -mu                        0.0029123399576137
  -ah2o                      0.9998679291902
  -mass_water                220818.05999312
  -soln_vol                  220818.05999312
  -total_alkalinity          605.44584840283
  -activities
    C(-2)                    -30
    C(-3)                    -30
    C(-4)                    -30
    C(2)                     -30
    C(4)                     -2.58749354084
    Ca                       -4.8000273677697
    Cl(-1)                   -4.9126684398977
    Cl(1)                    -30.025439651208
    Cl(3)                    -30.025439651208
    Cl(5)                    -30.025652603811
    Cl(7)                    -30.025652603811
    E                        -2.7305304295398
    Fe(2)                    -4.180986622004
    Fe(3)                    -30.21233492412
    H(0)                     -29.999692034721
    K                        -2.6227218009315
    Mg                       -4.8937763400307
    Na                       -4.9135998020918
    Ntg                      -3.8521452507741
    O(0)                     -29.999692034721
    S(-2)                    -30.025652603811
    S(2)                     -30.102109074493
    S(3)                     -30.100447001968
    S(4)                     -30.101271227025
    S(5)                     -30.102109074493
    S(6)                     -4.9979703014019
    S(7)                     -30.102109074493
    S(8)                     -30.025439651208
    Si                       -4.1809027719982
  -gammas
USE mix none
USE reaction none
USE reaction_temperature none
USE reaction_pressure none
