SOLUTION_RAW                 5 Solution after simulation 3.
  -temp                      30.7223
  -pressure                  252.957
  -potential                 0
  -total_h                   695961.34040966
  -total_o                   348021.61578389
  -cb                        -8.5320235598818e-10
  -density                   1.000210786753
  -totals
    C(-4)                    1.1356573958066e-16
    C(2)                     3.2187728399426e-14
    C(4)                     17.800947506151
    Ca                       0.066128933640176
    Cl(-1)                   0.020862001630769
    Fe(2)                    0.12179142259228
    Fe(3)                    5.3784623643322e-12
    H(0)                     3.8626960729328e-09
    K                        8.3067874757745
    Mg                       0.075754414359001
    Na                       0.59752985590162
    Ntg                      0.30720204603332
    S(-2)                    6.9998272657715e-13
    S(2)                     2.4661278995026e-20
    S(4)                     1.4419685162174e-14
    S(6)                     0.020904122848527
    Si                       0.28778462302424
  -pH                        6.3634290815135
  -pe                        -1.5995952474314
  -mu                        0.0015506999942499
  -ah2o                      0.99992511133538
  -mass_water                6266.9778789563
  -soln_vol                  6266.9778789563
  -total_alkalinity          9.3689966263898
  -activities
    C(-2)                    -30
    C(-3)                    -30
    C(-4)                    -30
    C(2)                     -30
    C(4)                     -2.8447134939312
    Ca                       -5.0524832914865
    Cl(-1)                   -5.49727504454
    Cl(1)                    -30.019294567881
    Cl(3)                    -30.019294567881
    Cl(5)                    -30.01941479258
    Cl(7)                    -30.01941479258
    E                        1.5995952474314
    Fe(2)                    -4.787372285763
    Fe(3)                    -30.164037098087
    H(0)                     -29.999835998597
    K                        -2.8971715568186
    Mg                       -4.9917603006226
    Na                       -4.0407572467645
    Ntg                      -4.3094789878739
    O(0)                     -29.999835998597
    S(-2)                    -30.01941479258
    S(2)                     -30.077371137281
    S(3)                     -30.076426931162
    S(4)                     -30.07689613828
    S(5)                     -30.077371137281
    S(6)                     -5.5598200049675
    S(7)                     -30.077371137281
    S(8)                     -30.019294567881
    Si                       -4.338136224747
  -gammas
USE mix none
USE reaction none
USE reaction_temperature none
USE reaction_pressure none
