SOLUTION_RAW                 5 Solution after simulation 3.
  -temp                      27.8528
  -pressure                  253.087
  -potential                 0
  -total_h                   13845505.938556
  -total_o                   6927819.513936
  -cb                        -9.6965422358153e-09
  -density                   1.0011240853539
  -totals
    C(2)                     6.4540080217503e-17
    C(4)                     2334.570095165
    Ca                       9.1341121443012
    Cl(-1)                   5.6464135961843
    Fe(2)                    36.137205232522
    Fe(3)                    3.6485482316025e-07
    H(0)                     7.9114747858658e-13
    K                        517.613397653
    Mg                       17.785965348258
    Na                       5.6550556553805
    Ntg                      35.017799554772
    S(4)                     9.5432242425908e-17
    S(6)                     5.6550505857093
    Si                       29.285506363361
  -pH                        5.8849705087596
  -pe                        1.3430584815506
  -mu                        0.0057540940666491
  -ah2o                      0.99959142242659
  -mass_water                124671.69894498
  -soln_vol                  124671.69894498
  -total_alkalinity          632.42650436549
  -activities
    C(-2)                    -30
    C(-3)                    -30
    C(-4)                    -30
    C(2)                     -30
    C(4)                     -2.3299447306095
    Ca                       -4.2721796241785
    Cl(-1)                   -4.3802141018694
    Cl(1)                    -30.035229021565
    Cl(3)                    -30.035229021565
    Cl(5)                    -30.035636338192
    Cl(7)                    -30.035636338192
    E                        -1.3430584815506
    Fe(2)                    -3.6733920399214
    Fe(3)                    -30.286412215566
    H(0)                     -29.999392474404
    K                        -2.4179264018753
    Mg                       -3.9784508454433
    Na                       -4.3810970790576
    Ntg                      -3.5509036159458
    O(0)                     -29.999392474404
    S(-2)                    -30.035636338192
    S(2)                     -30.141627779495
    S(3)                     -30.138477776298
    S(4)                     -30.140035095739
    S(5)                     -30.141627779495
    S(6)                     -4.5070499897644
    S(7)                     -30.141627779495
    S(8)                     -30.035229021565
    Si                       -3.6291606610365
  -gammas
USE mix none
USE reaction none
USE reaction_temperature none
USE reaction_pressure none
