SOLUTION_RAW                 5 Solution after simulation 3.
  -temp                      9.68918
  -pressure                  252.978
  -potential                 0
  -total_h                   14992244.70988
  -total_o                   7500111.8112958
  -cb                        -6.2498338060379e-07
  -density                   1.0012097656699
  -totals
    C(4)                     1405.3390957959
    Ca                       1.7741846258544
    Cl(-1)                   13.298117893877
    Fe(2)                    0.95323236465492
    Fe(3)                    3.6945193506397e-07
    H(0)                     7.9167621508413e-19
    K                        1378.33914147
    Mg                       0.065211645773557
    Na                       941.6950078606
    Ntg                      46.131406035456
    S(4)                     3.7064713084891e-24
    S(6)                     3.7912466488324
    Si                       5.6218896297177
  -pH                        10.538053901547
  -pe                        -0.48375821604611
  -mu                        0.023687380769876
  -ah2o                      0.99952092488836
  -mass_water                134998.74367374
  -soln_vol                  134998.74367374
  -total_alkalinity          2304.738796406
  -activities
    C(-2)                    -30
    C(-3)                    -30
    C(-4)                    -30
    C(2)                     -30
    C(4)                     -2.476758017942
    Ca                       -5.760591620072
    Cl(-1)                   -4.0730084439075
    Cl(1)                    -30.063237251492
    Cl(3)                    -30.063237251492
    Cl(5)                    -30.064608651856
    Cl(7)                    -30.064608651856
    E                        0.48375821604611
    Fe(2)                    -5.8923792435818
    Fe(3)                    -30.476557622264
    H(0)                     -29.997476807146
    K                        -2.0570633642728
    Mg                       -6.992374316501
    Na                       -2.2225737588529
    Ntg                      -3.4639642971655
    O(0)                     -29.997476807146
    S(-2)                    -30.064608651856
    S(2)                     -30.255705816274
    S(3)                     -30.245395774595
    S(4)                     -30.250445119735
    S(5)                     -30.255705816274
    S(6)                     -4.8254993864048
    S(7)                     -30.255705816274
    S(8)                     -30.063237251492
    Si                       -5.0384462406487
  -gammas
USE mix none
USE reaction none
USE reaction_temperature none
USE reaction_pressure none
