SOLUTION_RAW                 5 Solution after simulation 3.
  -temp                      5.24633
  -pressure                  252.979
  -potential                 0
  -total_h                   17603010.176742
  -total_o                   8806691.8564546
  -cb                        -2.4442217139153e-08
  -density                   1.0013239142217
  -totals
    C(4)                     1812.7065928812
    Ca                       1.9585085139311
    Cl(-1)                   18.186192238152
    Fe(2)                    0.95327229471291
    Fe(3)                    6.0074223029901e-07
    H(0)                     1.2888042816421e-19
    K                        1618.3657008641
    Mg                       0.046475416572412
    Na                       1457.1203352441
    Ntg                      58.861336578258
    S(4)                     8.5893014969902e-25
    S(6)                     6.1033168315657
    Si                       5.7183842428019
  -pH                        10.666837241121
  -pe                        -0.23136033711001
  -mu                        0.027060092217214
  -ah2o                      0.99946537596693
  -mass_water                158507.78230223
  -soln_vol                  158507.78230223
  -total_alkalinity          3051.0097232825
  -activities
    C(-2)                    -30
    C(-3)                    -30
    C(-4)                    -30
    C(2)                     -30
    C(4)                     -2.4971916962257
    Ca                       -5.7967034809685
    Cl(-1)                   -4.0102898094037
    Cl(1)                    -30.066359503081
    Cl(3)                    -30.066359503081
    Cl(5)                    -30.067881077645
    Cl(7)                    -30.067881077645
    E                        0.23136033711001
    Fe(2)                    -5.9447108597467
    Fe(3)                    -30.495797721934
    H(0)                     -29.9970967342
    K                        -2.0605120473569
    Mg                       -7.2308032649228
    Na                       -2.1058648328571
    Ntg                      -3.4275144610339
    O(0)                     -29.9970967342
    S(-2)                    -30.067881077645
    S(2)                     -30.268535391654
    S(3)                     -30.257134989396
    S(4)                     -30.262712051925
    S(5)                     -30.268535391654
    S(6)                     -4.7004831064371
    S(7)                     -30.268535391654
    S(8)                     -30.066359503081
    Si                       -5.1859066426155
  -gammas
USE mix none
USE reaction none
USE reaction_temperature none
USE reaction_pressure none
