SOLUTION_RAW                 5 Solution after simulation 3.
  -temp                      31.2175
  -pressure                  252.921
  -potential                 0
  -total_h                   526067.49418746
  -total_o                   263082.8152855
  -cb                        -5.6455248115261e-09
  -density                   1.0003233311109
  -totals
    C(-4)                    8.8924700704047e-15
    C(2)                     1.2652889132601e-13
    C(4)                     21.601539994902
    Ca                       0.077495544144556
    Cl(-1)                   0.029385887316538
    Fe(2)                    0.11804723630306
    Fe(3)                    3.261359947737e-12
    H(0)                     8.3360095988575e-09
    K                        8.8371083144638
    Mg                       0.096809310912031
    Na                       0.73773241542709
    Ntg                      0.36298211233369
    S(-2)                    8.4879745611218e-11
    S(2)                     5.8443132021182e-18
    S(4)                     7.0751923036565e-14
    S(6)                     0.029445558290599
    Si                       0.35584780707831
  -pH                        6.2531226817626
  -pe                        -1.7121030153239
  -mu                        0.0022126716828663
  -ah2o                      0.99988427552789
  -mass_water                4737.0944573221
  -soln_vol                  4737.0944573221
  -total_alkalinity          10.071267914361
  -activities
    C(-2)                    -30
    C(-3)                    -30
    C(-4)                    -30
    C(2)                     -30
    C(4)                     -2.6953282656387
    Ca                       -4.875684580043
    Cl(-1)                   -5.2305999523122
    Cl(1)                    -30.02283445236
    Cl(3)                    -30.02283445236
    Cl(5)                    -30.02300314162
    Cl(7)                    -30.02300314162
    E                        1.7121030153239
    Fe(2)                    -4.6928013192677
    Fe(3)                    -30.192199378378
    H(0)                     -29.999765961007
    K                        -2.7523941331557
    Mg                       -4.7767733813515
    Na                       -3.8315067934264
    Ntg                      -4.115405553805
    O(0)                     -29.999765961007
    S(-2)                    -30.02300314162
    S(2)                     -30.091613269805
    S(3)                     -30.090292901153
    S(4)                     -30.090948298354
    S(5)                     -30.091613269805
    S(6)                     -5.3060825232176
    S(7)                     -30.091613269805
    S(8)                     -30.02283445236
    Si                       -4.1243637889462
  -gammas
USE mix none
USE reaction none
USE reaction_temperature none
USE reaction_pressure none
