SOLUTION_RAW                 5 Solution after simulation 3.
  -temp                      16.2165
  -pressure                  253.094
  -potential                 0
  -total_h                   29670450.125304
  -total_o                   14837128.874039
  -cb                        -1.2727563181159e-07
  -density                   1.0002586531935
  -totals
    C(2)                     2.8825489403658e-22
    C(4)                     789.88734330363
    Ca                       3.4597155277955
    Cl(-1)                   2.2926143874374
    Fe(2)                    13.425476556277
    Fe(3)                    5.2363715837719e-06
    H(0)                     7.5281903285307e-17
    K                        552.92069839597
    Mg                       2.0444941654523
    Na                       2.2937535917981
    Ntg                      29.248575236252
    S(4)                     2.7878569281896e-22
    S(6)                     2.1637733622684
    Si                       11.077383843485
  -pH                        6.8571135348164
  -pe                        2.426662239921
  -mu                        0.0022991286794376
  -ah2o                      0.99991035841948
  -mass_water                267174.15802427
  -soln_vol                  267174.15802427
  -total_alkalinity          586.45366873849
  -activities
    C(-2)                    -30
    C(-3)                    -30
    C(-4)                    -30
    C(2)                     -30
    C(4)                     -2.6815383923817
    Ca                       -4.9769009251321
    Cl(-1)                   -5.0895469972121
    Cl(1)                    -30.022702860309
    Cl(3)                    -30.022702860309
    Cl(5)                    -30.022872543417
    Cl(7)                    -30.022872543417
    E                        -2.426662239921
    Fe(2)                    -4.387767720158
    Fe(3)                    -30.190940967319
    H(0)                     -29.999756481513
    K                        -2.707198297461
    Mg                       -5.2028794276188
    Na                       -5.0904002586958
    Ntg                      -3.9604598210816
    O(0)                     -29.999756481513
    S(-2)                    -30.022872543417
    S(2)                     -30.091085506592
    S(3)                     -30.089757694933
    S(4)                     -30.090416731062
    S(5)                     -30.091085506592
    S(6)                     -5.189254171364
    S(7)                     -30.091085506592
    S(8)                     -30.022702860309
    Si                       -4.3826347281348
  -gammas
USE mix none
USE reaction none
USE reaction_temperature none
USE reaction_pressure none
