SOLUTION_RAW                 5 Solution after simulation 3.
  -temp                      7.28541
  -pressure                  252.979
  -potential                 0
  -total_h                   16409641.928948
  -total_o                   8209466.3745811
  -cb                        -4.0714134286191e-09
  -density                   1.0012774505766
  -totals
    C(4)                     1628.7409005971
    Ca                       1.8765842298794
    Cl(-1)                   15.951350644447
    Fe(2)                    0.95325818920637
    Fe(3)                    2.4773249140167e-07
    H(0)                     1.130248291816e-18
    K                        1508.6501973251
    Mg                       0.053622416095921
    Na                       1221.4493283415
    Ntg                      52.758679708551
    S(4)                     7.220231253987e-24
    S(6)                     5.5458308734744
    Si                       5.6666301720871
  -pH                        10.606182617682
  -pe                        -0.6354258463788
  -mu                        0.025631480400467
  -ah2o                      0.9994883038309
  -mass_water                147761.86435801
  -soln_vol                  147761.86435801
  -total_alkalinity          2708.8234431973
  -activities
    C(-2)                    -30
    C(-3)                    -30
    C(-4)                    -30
    C(2)                     -30
    C(4)                     -2.4843138871791
    Ca                       -5.7826593295963
    Cl(-1)                   -4.0353202947883
    Cl(1)                    -30.065093975342
    Cl(3)                    -30.065093975342
    Cl(5)                    -30.066553245181
    Cl(7)                    -30.066553245181
    E                        0.6354258463788
    Fe(2)                    -5.9217837518937
    Fe(3)                    -30.488063638592
    H(0)                     -29.997259759132
    K                        -2.0591169017475
    Mg                       -7.1301396274819
    Na                       -2.150729400737
    Ntg                      -3.4447052953113
    O(0)                     -29.997259759132
    S(-2)                    -30.066553245181
    S(2)                     -30.263332344863
    S(3)                     -30.25238355127
    S(4)                     -30.257742167572
    S(5)                     -30.263332344863
    S(6)                     -4.7067142391051
    S(7)                     -30.263332344863
    S(8)                     -30.065093975342
    Si                       -5.1195541249335
  -gammas
USE mix none
USE reaction none
USE reaction_temperature none
USE reaction_pressure none
