SOLUTION_RAW                 5 Solution after simulation 3.
  -temp                      4.28487
  -pressure                  252.979
  -potential                 0
  -total_h                   18145400.085062
  -total_o                   9078128.9473259
  -cb                        -3.5828209785649e-06
  -density                   1.0013422649435
  -totals
    C(-4)                    3.5149409941367e-19
    C(2)                     9.6093137695178e-18
    C(4)                     1895.048410562
    Ca                       1.9940245920932
    Cl(-1)                   19.197998855745
    Fe(2)                    0.95327938455987
    Fe(3)                    1.8551154097034e-12
    H(0)                     1.1131193968367e-08
    K                        1668.2321260714
    Mg                       0.043939400323821
    Na                       1563.6942161733
    Ntg                      61.848981079122
    S(-2)                    1.4002181129626e-15
    S(2)                     1.5582854008676e-25
    S(4)                     7.1339057816473e-14
    S(6)                     6.0040688723445
    Si                       5.7201751562419
  -pH                        10.695505283635
  -pe                        -5.7320269532649
  -mu                        0.02765142273087
  -ah2o                      0.99945615877387
  -mass_water                163391.86406581
  -soln_vol                  163391.86406581
  -total_alkalinity          3206.7026959811
  -activities
    C(-2)                    -30
    C(-3)                    -30
    C(-4)                    -30
    C(2)                     -30
    C(4)                     -2.5045611447003
    Ca                       -5.8017328885931
    Cl(-1)                   -4.0005150708842
    Cl(1)                    -30.06685560776
    Cl(3)                    -30.06685560776
    Cl(5)                    -30.068402273381
    Cl(7)                    -30.068402273381
    E                        5.7320269532649
    Fe(2)                    -5.9539865022007
    Fe(3)                    -30.49879810305
    H(0)                     -29.99702788381
    K                        -2.0610567661471
    Mg                       -7.2709824475061
    Na                       -2.0888790986938
    Ntg                      -3.4191327358921
    O(0)                     -29.99702788381
    S(-2)                    -30.068402273381
    S(2)                     -30.270576006198
    S(3)                     -30.258994062681
    S(4)                     -30.264658884011
    S(5)                     -30.270576006198
    S(6)                     -4.7226920994978
    S(7)                     -30.270576006198
    S(8)                     -30.06685560776
    Si                       -5.2174114930404
  -gammas
USE mix none
USE reaction none
USE reaction_temperature none
USE reaction_pressure none
