SOLUTION_RAW                 5 Solution after simulation 3.
  -temp                      29.9367
  -pressure                  252.923
  -potential                 0
  -total_h                   2021815.1742752
  -total_o                   1010924.5588428
  -cb                        1.1142527872599e-12
  -density                   1.0000333938299
  -totals
    C(-4)                    5.42639987215e-20
    C(2)                     1.4625574587133e-15
    C(4)                     7.088284221582
    Ca                       0.047309174490465
    Cl(-1)                   0.0040652655223098
    Fe(2)                    0.015374688908996
    Fe(3)                    1.381338461421e-12
    H(0)                     2.2638316828486e-09
    K                        4.9145704254939
    Mg                       0.011606170796626
    Na                       0.11734172103908
    Ntg                      0.14019352512265
    S(-2)                    6.8065855431882e-17
    S(2)                     1.2333477933811e-25
    S(4)                     2.8724369823113e-16
    S(6)                     0.004071419563341
    Si                       0.097354490931765
  -pH                        6.7619525551607
  -pe                        -1.6584369962958
  -mu                        0.00028910112744289
  -ah2o                      0.99998837968776
  -mass_water                18206.196893035
  -soln_vol                  18206.196893035
  -total_alkalinity          5.1682841102764
  -activities
    C(-2)                    -30
    C(-3)                    -30
    C(-4)                    -30
    C(2)                     -30
    C(4)                     -3.5555766149449
    Ca                       -5.61933141409
    Cl(-1)                   -6.6597580300988
    Cl(1)                    -30.008575029162
    Cl(3)                    -30.008575029162
    Cl(5)                    -30.008598629091
    Cl(7)                    -30.008598629091
    E                        1.6584369962958
    Fe(2)                    -6.1084536500686
    Fe(3)                    -30.075209335047
    H(0)                     -29.999969428517
    K                        -3.5773567745887
    Mg                       -6.2291901352995
    Na                       -5.1994965395633
    Ntg                      -5.1134623689549
    O(0)                     -29.999969428517
    S(-2)                    -30.008598629091
    S(2)                     -30.034336018616
    S(3)                     -30.034148763107
    S(4)                     -30.034242134948
    S(5)                     -30.034336018616
    S(6)                     -6.6859304196946
    S(7)                     -30.034336018616
    S(8)                     -30.008575029162
    Si                       -5.2722085601999
  -gammas
USE mix none
USE reaction none
USE reaction_temperature none
USE reaction_pressure none
