SOLUTION_RAW                 5 Solution after simulation 3.
  -temp                      6.72721
  -pressure                  252.98
  -potential                 0
  -total_h                   16742920.314444
  -total_o                   8376257.5830047
  -cb                        -4.0086179353693e-07
  -density                   1.0012912584595
  -totals
    C(4)                     1680.1685925393
    Ca                       1.9000515958093
    Cl(-1)                   16.574730049813
    Fe(2)                    0.95326227684797
    Fe(3)                    1.1806794381728e-07
    H(0)                     4.4674675782378e-18
    K                        1539.2909957241
    Mg                       0.051429915952131
    Na                       1287.1635891963
    Ntg                      54.401326336872
    S(4)                     3.0189906151825e-23
    S(6)                     5.9579162662328
    Si                       5.6850885394048
  -pH                        10.622802557889
  -pe                        -0.95214229749112
  -mu                        0.026047262916681
  -ah2o                      0.99948155487223
  -mass_water                150762.92799819
  -soln_vol                  150762.92799819
  -total_alkalinity          2803.7735104343
  -activities
    C(-2)                    -30
    C(-3)                    -30
    C(-4)                    -30
    C(2)                     -30
    C(4)                     -2.4875095446642
    Ca                       -5.7869573215582
    Cl(-1)                   -4.027828645269
    Cl(1)                    -30.06547166109
    Cl(3)                    -30.06547166109
    Cl(5)                    -30.066949291843
    Cl(7)                    -30.066949291843
    E                        0.95214229749112
    Fe(2)                    -5.9285709210561
    Fe(3)                    -30.490382621821
    H(0)                     -29.997212716697
    K                        -2.0595356515715
    Mg                       -7.1595454192569
    Na                       -2.1370826867863
    Ntg                      -3.4400803489048
    O(0)                     -29.997212716697
    S(-2)                    -30.066949291843
    S(2)                     -30.264884762359
    S(3)                     -30.253802764604
    S(4)                     -30.259225831936
    S(5)                     -30.264884762359
    S(6)                     -4.6857761151415
    S(7)                     -30.264884762359
    S(8)                     -30.06547166109
    Si                       -5.1378972717328
  -gammas
USE mix none
USE reaction none
USE reaction_temperature none
USE reaction_pressure none
