SOLUTION_RAW                 5 Solution after simulation 3.
  -temp                      73.6572
  -pressure                  252.742
  -potential                 0
  -total_h                   2489995.0580782
  -total_o                   1273872.3803877
  -cb                        1.1119920699798e-06
  -density                   1.0303600423559
  -totals
    C(-4)                    9.9895666044695e-11
    C(2)                     6.9672383884218e-09
    C(4)                     13708.109410555
    Ca                       27.952205591752
    Cl(-1)                   46.39100886396
    Fe(2)                    53.770433915725
    Fe(3)                    1.6408057807369e-08
    H(0)                     1.2665079790298e-06
    K                        190.1882413009
    Mg                       660.8337091239
    Na                       47.936349861268
    Ntg                      36.005794221121
    S(-2)                    4.7637020769945e-06
    S(2)                     4.3056424439902e-11
    S(4)                     4.3637477377058e-09
    S(6)                     47.936345100889
    Si                       238.2001917254
  -pH                        5.2739766798249
  -pe                        -1.0834198451854
  -mu                        0.10533369169528
  -ah2o                      0.98860670622939
  -mass_water                22407.926634309
  -soln_vol                  22407.926634309
  -total_alkalinity          1580.9735882548
  -activities
    C(-2)                    -35.158190167058
    C(-3)                    -31.228710517654
    C(-4)                    -14.350848827191
    C(2)                     -12.507339453486
    C(4)                     -1.2748144911601
    Ca                       -3.347845829875
    Cl(-1)                   -2.8229103813196
    Cl(1)                    -45.098403530166
    Cl(3)                    -80.656719189997
    Cl(5)                    -104.29230977233
    Cl(7)                    -131.93803047444
    E                        1.0834198451854
    Fe(2)                    -3.0582511468424
    Fe(3)                    -16.639677493397
    H(0)                     -10.537269101452
    K                        -2.2052060209632
    Mg                       -1.9421046315839
    Na                       -2.8030820988117
    Ntg                      -2.7834959096324
    O(0)                     -57.379148524876
    S(-2)                    -10.996597295576
    S(2)                     -15.522508781178
    S(3)                     -31.763058663603
    S(4)                     -15.155412956469
    S(5)                     -30.648800518976
    S(6)                     -3.8417662393396
    S(7)                     -64.441101532835
    S(8)                     -51.518524679331
    Si                       -1.9735118693712
  -gammas
USE mix none
USE reaction none
USE reaction_temperature none
USE reaction_pressure none
