SOLUTION_RAW                 5 Solution after simulation 3.
  -temp                      19.9426
  -pressure                  252.965
  -potential                 0
  -total_h                   3634428.498229
  -total_o                   1817221.4418006
  -cb                        -5.1256416645773e-11
  -density                   1.0000092826039
  -totals
    C(2)                     1.2588208430368e-19
    C(4)                     2.7386812707066
    Ca                       0.017679940516962
    Cl(-1)                   0.0014224805851748
    Fe(2)                    0.0086049450282432
    Fe(3)                    8.6149893455509e-13
    H(0)                     1.9229310763975e-10
    K                        3.160745157045
    Mg                       0.001770983846846
    Na                       0.035790094804217
    Ntg                      0.096008957970208
    S(-2)                    4.3076022353533e-24
    S(4)                     1.3421917174166e-18
    S(6)                     0.0014235037804131
    Si                       0.042720423902285
  -pH                        9.1946475683221
  -pe                        -3.5313070667995
  -mu                        0.0001052395604338
  -ah2o                      0.99999665292311
  -mass_water                32727.638940307
  -soln_vol                  32727.638940307
  -total_alkalinity          3.2483775025394
  -activities
    C(-2)                    -30
    C(-3)                    -30
    C(-4)                    -30
    C(2)                     -30
    C(4)                     -4.1105219609968
    Ca                       -6.2919906093165
    Cl(-1)                   -7.3670233841923
    Cl(1)                    -30.005136485045
    Cl(3)                    -30.005136485045
    Cl(5)                    -30.00514503557
    Cl(7)                    -30.00514503557
    E                        3.5313070667995
    Fe(2)                    -6.7231970962471
    Fe(3)                    -30.045506550175
    H(0)                     -29.999988873528
    K                        -4.0202789513571
    Mg                       -7.2889749589872
    Na                       -5.9663452391427
    Ntg                      -5.5325923951948
    O(0)                     -29.999988873528
    S(-2)                    -30.00514503557
    S(2)                     -30.020558654626
    S(3)                     -30.020490590061
    S(4)                     -30.020524565926
    S(5)                     -30.020558654626
    S(6)                     -7.3824649093819
    S(7)                     -30.020558654626
    S(8)                     -30.005136485045
    Si                       -5.9457506482877
  -gammas
USE mix none
USE reaction none
USE reaction_temperature none
USE reaction_pressure none
