SOLUTION_RAW                 5 Solution after simulation 3.
  -temp                      30.8822
  -pressure                  252.957
  -potential                 0
  -total_h                   370524.23673395
  -total_o                   185319.6034157
  -cb                        -5.1124070213349e-08
  -density                   1.0005230266076
  -totals
    C(-4)                    1.2207016332421e-16
    C(2)                     5.0532596472427e-14
    C(4)                     25.508641608353
    Ca                       0.093758105806596
    Cl(-1)                   0.042362646041515
    Fe(2)                    0.24803867202371
    Fe(3)                    1.1818881921927e-11
    H(0)                     1.8423131004436e-09
    K                        9.0034164448085
    Mg                       0.15641809419171
    Na                       0.90692857815398
    Ntg                      0.43748417833149
    S(-2)                    1.763506861075e-12
    S(2)                     2.5260471979406e-19
    S(4)                     3.6280183015514e-14
    S(6)                     0.042449463696838
    Si                       0.45410552129256
  -pH                        6.172435389756
  -pe                        -1.3832008458854
  -mu                        0.0034298975610941
  -ah2o                      0.99981202834565
  -mass_water                3336.4366066428
  -soln_vol                  3336.4366066428
  -total_alkalinity          10.779513244707
  -activities
    C(-2)                    -30
    C(-3)                    -30
    C(-4)                    -30
    C(2)                     -30
    C(4)                     -2.5187978924984
    Ca                       -4.6604267798106
    Cl(-1)                   -4.9248852563563
    Cl(1)                    -30.027980933139
    Cl(3)                    -30.027980933139
    Cl(5)                    -30.028235314366
    Cl(7)                    -30.028235314366
    E                        1.3832008458854
    Fe(2)                    -4.2374847295411
    Fe(3)                    -30.232143800687
    H(0)                     -29.999637350143
    K                        -2.5974044590038
    Mg                       -4.4349235888659
    Na                       -3.5952712704157
    Ntg                      -3.8819775364462
    O(0)                     -29.999637350143
    S(-2)                    -30.028235314366
    S(2)                     -30.112350452037
    S(3)                     -30.110369165922
    S(4)                     -30.111351007584
    S(5)                     -30.112350452037
    S(6)                     -5.0200857109104
    S(7)                     -30.112350452037
    S(8)                     -30.027980933139
    Si                       -3.8662229277766
  -gammas
USE mix none
USE reaction none
USE reaction_temperature none
USE reaction_pressure none
