SOLUTION_RAW                 5 Solution after simulation 3.
  -temp                      20.5435
  -pressure                  252.962
  -potential                 0
  -total_h                   3492326.5341811
  -total_o                   1746170.9250778
  -cb                        8.5118314306631e-12
  -density                   1.0000101557927
  -totals
    C(2)                     1.4816210665184e-24
    C(4)                     2.9408230172097
    Ca                       0.018700396985897
    Cl(-1)                   0.0015297219881698
    Fe(2)                    0.0092738888407641
    Fe(3)                    3.5557522626431e-10
    H(0)                     1.5826342606459e-15
    K                        3.263735642339
    Mg                       0.0020420462489152
    Na                       0.038573705620514
    Ntg                      0.098622050927601
    S(4)                     1.2321636127514e-23
    S(6)                     0.0015308910270642
    Si                       0.045671192258312
  -pH                        9.0925892694774
  -pe                        -0.88935680534275
  -mu                        0.00011240043949972
  -ah2o                      0.99999638337482
  -mass_water                31448.023591212
  -soln_vol                  31448.023591212
  -total_alkalinity          3.3577505084155
  -activities
    C(-2)                    -30
    C(-3)                    -30
    C(-4)                    -30
    C(2)                     -30
    C(4)                     -4.0573240597708
    Ca                       -6.2506421442549
    Cl(-1)                   -7.3183109525392
    Cl(1)                    -30.005310226349
    Cl(3)                    -30.005310226349
    Cl(5)                    -30.005319360912
    Cl(7)                    -30.005319360912
    E                        0.88935680534275
    Fe(2)                    -6.6551743301439
    Fe(3)                    -30.047021470805
    H(0)                     -29.999988118986
    K                        -3.9892070690521
    Mg                       -7.2103052323581
    Na                       -5.9166748021321
    Ntg                      -5.5036080867567
    O(0)                     -29.999988118986
    S(-2)                    -30.005319360912
    S(2)                     -30.021254514169
    S(3)                     -30.021181812521
    S(4)                     -30.021218101082
    S(5)                     -30.021254514169
    S(6)                     -7.3342817969618
    S(7)                     -30.021254514169
    S(8)                     -30.005310226349
    Si                       -5.8882492974243
  -gammas
USE mix none
USE reaction none
USE reaction_temperature none
USE reaction_pressure none
