SOLUTION_RAW                 5 Solution after simulation 3.
  -temp                      16.8183
  -pressure                  252.967
  -potential                 0
  -total_h                   4480529.8675521
  -total_o                   2240270.0995465
  -cb                        -2.1925423286401e-08
  -density                   1.0000058181365
  -totals
    C(4)                     1.8689158635552
    Ca                       0.01392338585085
    Cl(-1)                   0.00096791660173445
    Fe(2)                    0.0057599051947284
    Fe(3)                    8.1966325202267e-10
    H(0)                     4.2961498740043e-17
    K                        2.6597298584784
    Mg                       0.00082466036244567
    Na                       0.025751470521715
    Ntg                      0.08333478319465
    S(4)                     1.6977150568196e-25
    S(6)                     0.00096842275125085
    Si                       0.031134393069455
  -pH                        9.4932945545232
  -pe                        -0.49176249782742
  -mu                        7.2967192917646e-05
  -ah2o                      0.99999775072195
  -mass_water                40346.702487539
  -soln_vol                  40346.702487539
  -total_alkalinity          2.7235924924571
  -activities
    C(-2)                    -30
    C(-3)                    -30
    C(-4)                    -30
    C(2)                     -30
    C(4)                     -4.3881067180923
    Ca                       -6.4828482117565
    Cl(-1)                   -7.6242516199517
    Cl(1)                    -30.004268751321
    Cl(3)                    -30.004268751321
    Cl(5)                    -30.004274671191
    Cl(7)                    -30.004274671191
    E                        0.49176249782742
    Fe(2)                    -7.0417434591636
    Fe(3)                    -30.037917218855
    H(0)                     -29.999992273172
    K                        -4.1852512029841
    Mg                       -7.7083055333443
    Na                       -6.1993092365254
    Ntg                      -5.6849744392666
    O(0)                     -29.999992273172
    S(-2)                    -30.004274671191
    S(2)                     -30.017083722242
    S(3)                     -30.017036559363
    S(4)                     -30.017060108212
    S(5)                     -30.017083722242
    S(6)                     -7.6370617184747
    S(7)                     -30.017083722242
    S(8)                     -30.004268751321
    Si                       -6.2165882638894
  -gammas
USE mix none
USE reaction none
USE reaction_temperature none
USE reaction_pressure none
