SOLUTION_RAW                 5 Solution after simulation 3.
  -temp                      29.8956
  -pressure                  252.922
  -potential                 0
  -total_h                   1669633.9637825
  -total_o                   834838.0587394
  -cb                        1.7435167892765e-12
  -density                   1.0000485987822
  -totals
    C(-4)                    5.8512972863034e-20
    C(2)                     2.1018115164518e-15
    C(4)                     8.9384388608348
    Ca                       0.051106764180122
    Cl(-1)                   0.0055967499859868
    Fe(2)                    0.022042214601998
    Fe(3)                    2.0746228836175e-12
    H(0)                     1.6913970343556e-09
    K                        5.5643309217407
    Mg                       0.016533828247356
    Na                       0.1589841588083
    Ntg                      0.16425904389166
    S(-2)                    1.0894453365371e-16
    S(2)                     3.7074688525791e-25
    S(4)                     4.6055758895809e-16
    S(6)                     0.0056067983874715
    Si                       0.11730403593863
  -pH                        6.6161026676193
  -pe                        -1.4912723172808
  -mu                        0.00039925441301154
  -ah2o                      0.99998298432788
  -mass_water                15034.83383475
  -soln_vol                  15034.83383475
  -total_alkalinity          5.8858703478474
  -activities
    C(-2)                    -30
    C(-3)                    -30
    C(-4)                    -30
    C(2)                     -30
    C(4)                     -3.4173151379982
    Ca                       -5.5084005505842
    Cl(-1)                   -6.4392704330583
    Cl(1)                    -30.010035230974
    Cl(3)                    -30.010035230974
    Cl(5)                    -30.01006758598
    Cl(7)                    -30.01006758598
    E                        1.4912723172808
    Fe(2)                    -5.8742849225745
    Fe(3)                    -30.087636912939
    H(0)                     -29.999957781691
    K                        -3.4417870535027
    Mg                       -5.997984890732
    Na                       -4.9859921498922
    Ntg                      -4.9615294166058
    O(0)                     -29.999957781691
    S(-2)                    -30.01006758598
    S(2)                     -30.04019050129
    S(3)                     -30.039934136828
    S(4)                     -30.0400619091
    S(5)                     -30.04019050129
    S(6)                     -6.4701015746396
    S(7)                     -30.04019050129
    S(8)                     -30.010035230974
    Si                       -5.1080330504477
  -gammas
USE mix none
USE reaction none
USE reaction_temperature none
USE reaction_pressure none
