SOLUTION_RAW                 5 Solution after simulation 3.
  -temp                      29.0561
  -pressure                  252.959
  -potential                 0
  -total_h                   1740883.1538385
  -total_o                   870461.41784405
  -cb                        -1.4603186715423e-11
  -density                   1.0000444136312
  -totals
    C(-4)                    4.5448040845236e-20
    C(2)                     1.639232139432e-15
    C(4)                     8.3666251069992
    Ca                       0.050315866198
    Cl(-1)                   0.0051922438894466
    Fe(2)                    0.031580180663242
    Fe(3)                    2.833702430531e-12
    H(0)                     1.6114152632494e-09
    K                        5.4038293761389
    Mg                       0.016821811645024
    Na                       0.14642795072161
    Ntg                      0.15988018129413
    S(-2)                    7.4888711833404e-17
    S(2)                     2.1634516929112e-25
    S(4)                     3.5275454510476e-16
    S(6)                     0.0052012702078994
    Si                       0.110410195968
  -pH                        6.6727044991151
  -pe                        -1.5368342475575
  -mu                        0.00037356316701027
  -ah2o                      0.99998449201936
  -mass_water                15676.427058775
  -soln_vol                  15676.427058775
  -total_alkalinity          5.7320982595853
  -activities
    C(-2)                    -30
    C(-3)                    -30
    C(-4)                    -30
    C(2)                     -30
    C(4)                     -3.4466754293528
    Ca                       -5.5320110460407
    Cl(-1)                   -6.4896597804038
    Cl(1)                    -30.009699941144
    Cl(3)                    -30.009699941144
    Cl(5)                    -30.009730200331
    Cl(7)                    -30.009730200331
    E                        1.5368342475575
    Fe(2)                    -5.7350188046688
    Fe(3)                    -30.084789853067
    H(0)                     -29.999960510683
    K                        -3.4723071924196
    Mg                       -6.0073501904334
    Na                       -5.0395245600848
    Ntg                      -4.9914150976925
    O(0)                     -29.999960510683
    S(-2)                    -30.009730200331
    S(2)                     -30.038846076497
    S(3)                     -30.038606243925
    S(4)                     -30.038725789035
    S(5)                     -30.038846076497
    S(6)                     -6.519410154659
    S(7)                     -30.038846076497
    S(8)                     -30.009699941144
    Si                       -5.1525116975911
  -gammas
USE mix none
USE reaction none
USE reaction_temperature none
USE reaction_pressure none
