SOLUTION_RAW                 5 Solution after simulation 3.
  -temp                      30.0321
  -pressure                  252.943
  -potential                 0
  -total_h                   1515623.9668306
  -total_o                   757834.5978918
  -cb                        -2.0736560038537e-11
  -density                   1.0000572868846
  -totals
    C(-4)                    1.3472727276178e-25
    C(2)                     8.8148535029623e-17
    C(4)                     9.5926339353247
    Ca                       0.051461232785339
    Cl(-1)                   0.0065655584757169
    Fe(2)                    0.033391040443939
    Fe(3)                    1.6250062746564e-11
    H(0)                     5.9200916076579e-11
    K                        5.8906461047216
    Mg                       0.021196709647942
    Na                       0.19585300996651
    Ntg                      0.17692084892932
    S(-2)                    2.7774916861439e-22
    S(4)                     2.1079269562461e-17
    S(6)                     0.0065777065752815
    Si                       0.13172987545444
  -pH                        6.6069788520825
  -pe                        -0.77381940727378
  -mu                        0.00047008278893394
  -ah2o                      0.99997993196981
  -mass_water                13647.985680246
  -soln_vol                  13647.985680246
  -total_alkalinity          6.2788761088532
  -activities
    C(-2)                    -30
    C(-3)                    -30
    C(-4)                    -30
    C(2)                     -30
    C(4)                     -3.3480716934373
    Ca                       -5.4666327773637
    Cl(-1)                   -6.3287488875452
    Cl(1)                    -30.010866608643
    Cl(3)                    -30.010866608643
    Cl(5)                    -30.010904560263
    Cl(7)                    -30.010904560263
    E                        0.77381940727378
    Fe(2)                    -5.6551145425939
    Fe(3)                    -30.094665681379
    H(0)                     -29.9999502899
    K                        -3.3758499699284
    Mg                       -5.8512391497391
    Na                       -4.8542526238504
    Ntg                      -4.8872425352715
    O(0)                     -29.9999502899
    S(-2)                    -30.010904560263
    S(2)                     -30.043524822478
    S(3)                     -30.043224352068
    S(4)                     -30.043374067141
    S(5)                     -30.043524822478
    S(6)                     -6.3623023182195
    S(7)                     -30.043524822478
    S(8)                     -30.010866608643
    Si                       -5.0156281131541
  -gammas
USE mix none
USE reaction none
USE reaction_temperature none
USE reaction_pressure none
