SOLUTION_RAW                 5 Solution after simulation 3.
  -temp                      71.4526
  -pressure                  252.758
  -potential                 0
  -total_h                   2487128.46789
  -total_o                   1271884.2474501
  -cb                        7.2422361441227e-07
  -density                   1.0298586769359
  -totals
    C(-4)                    8.4761845393602e-11
    C(2)                     5.6200116203537e-09
    C(4)                     13429.94644335
    Ca                       27.360685798933
    Cl(-1)                   45.964796730151
    Fe(2)                    53.633713406516
    Fe(3)                    1.4840190631469e-08
    H(0)                     1.0635083981458e-06
    K                        189.91120203765
    Mg                       669.31153513171
    Na                       47.2701401788
    Ntg                      36.104622251488
    S(-2)                    4.0585237174199e-06
    S(2)                     3.6955464545473e-11
    S(4)                     3.5983165854672e-09
    S(6)                     47.270136504572
    Si                       236.19801451949
  -pH                        5.2854699514022
  -pe                        -1.077439786969
  -mu                        0.10657944403245
  -ah2o                      0.98880122959842
  -mass_water                22381.966505824
  -soln_vol                  22381.966505824
  -total_alkalinity          1597.2881404349
  -activities
    C(-2)                    -35.384385132046
    C(-3)                    -31.341561605698
    C(-4)                    -14.421691649455
    C(2)                     -12.60015948078
    C(4)                     -1.2697239222112
    Ca                       -3.3560617186155
    Cl(-1)                   -2.8262582843025
    Cl(1)                    -45.356157859785
    Cl(3)                    -81.156237854069
    Cl(5)                    -104.95796164643
    Cl(7)                    -132.7808370074
    E                        1.077439786969
    Fe(2)                    -3.0582638675178
    Fe(3)                    -16.652007719073
    H(0)                     -10.61256162155
    K                        -2.2052296570956
    Mg                       -1.9345042703675
    Na                       -2.8090419910583
    Ntg                      -2.7816774915864
    O(0)                     -57.775354532466
    S(-2)                    -11.066418350522
    S(2)                     -15.587951531198
    S(3)                     -31.927948539386
    S(4)                     -15.207792525707
    S(5)                     -30.807792261717
    S(6)                     -3.8318320066784
    S(7)                     -64.841794463855
    S(8)                     -51.86165037146
    Si                       -1.9766729345235
  -gammas
USE mix none
USE reaction none
USE reaction_temperature none
USE reaction_pressure none
