SOLUTION_RAW                 5 Solution after simulation 3.
  -temp                      30.2012
  -pressure                  252.943
  -potential                 0
  -total_h                   1379750.3868549
  -total_o                   689899.88700316
  -cb                        -6.5215194355872e-14
  -density                   1.0000679696204
  -totals
    C(-4)                    1.0662466356034e-19
    C(2)                     2.9953488588428e-15
    C(4)                     10.521486291433
    Ca                       0.052807918912317
    Cl(-1)                   0.0076431341091377
    Fe(2)                    0.038903429376741
    Fe(3)                    3.5784002125108e-12
    H(0)                     1.5667550302133e-09
    K                        6.2169802275151
    Mg                       0.025131072058614
    Na                       0.22921994745148
    Ntg                      0.1901093349231
    S(-2)                    2.5633051339998e-16
    S(2)                     1.4952586781101e-24
    S(4)                     7.6918667505226e-16
    S(6)                     0.0076575072419076
    Si                       0.14575483158258
  -pH                        6.5639870869403
  -pe                        -1.4608432486611
  -mu                        0.00054801222125346
  -ah2o                      0.99997613788598
  -mass_water                12424.454274457
  -soln_vol                  12424.454274457
  -total_alkalinity          6.6569268670726
  -activities
    C(-2)                    -30
    C(-3)                    -30
    C(-4)                    -30
    C(2)                     -30
    C(4)                     -3.2827175038993
    Ca                       -5.4179178743273
    Cl(-1)                   -6.222814247846
    Cl(1)                    -30.011708964492
    Cl(3)                    -30.011708964492
    Cl(5)                    -30.011753042153
    Cl(7)                    -30.011753042153
    E                        1.4608432486611
    Fe(2)                    -5.5511831626265
    Fe(3)                    -30.101752706718
    H(0)                     -29.999942045682
    K                        -3.3124972764099
    Mg                       -5.7397134522445
    Na                       -4.7460203496315
    Ntg                      -4.8152190783522
    O(0)                     -29.999942045682
    S(-2)                    -30.011753042153
    S(2)                     -30.046903947547
    S(3)                     -30.046555256517
    S(4)                     -30.046728951875
    S(5)                     -30.046903947547
    S(6)                     -6.2591608792455
    S(7)                     -30.046903947547
    S(8)                     -30.011708964492
    Si                       -4.9308769342183
  -gammas
USE mix none
USE reaction none
USE reaction_temperature none
USE reaction_pressure none
