SOLUTION_RAW                 5 Solution after simulation 3.
  -temp                      57.1373
  -pressure                  253.036
  -potential                 0
  -total_h                   2725562.2993095
  -total_o                   1384367.1903651
  -cb                        -6.759158033276e-08
  -density                   1.0209658386623
  -totals
    C(-4)                    1.6485592615184e-11
    C(2)                     1.0340016049239e-09
    C(4)                     10216.303460286
    Ca                       22.03820055864
    Cl(-1)                   22.880257096922
    Fe(2)                    50.603903604622
    Fe(3)                    7.3296514408501e-09
    H(0)                     3.3133789610599e-07
    K                        203.29191909652
    Mg                       567.05315227599
    Na                       23.198470163324
    Ntg                      38.531696951691
    S(-2)                    6.1640861266291e-07
    S(2)                     3.0987409062542e-12
    S(4)                     5.64175708758e-10
    S(6)                     23.198469679842
    Si                       171.16903340474
  -pH                        5.3734811737587
  -pe                        -1.0247951943471
  -mu                        0.085727400685752
  -ah2o                      0.99215428834363
  -mass_water                24530.484002598
  -soln_vol                  24530.484002598
  -total_alkalinity          1436.6037057555
  -activities
    C(-2)                    -30
    C(-3)                    -30
    C(-4)                    -30
    C(2)                     -30
    C(4)                     -1.3434312257779
    Ca                       -3.4480498979627
    Cl(-1)                   -3.1538189951474
    Cl(1)                    -30.110667454503
    Cl(3)                    -30.110667454503
    Cl(5)                    -30.114836079881
    Cl(7)                    -30.114836079881
    E                        1.0247951943471
    Fe(2)                    -3.0832679267143
    Fe(3)                    -30.758062711564
    H(0)                     -29.990852301665
    K                        -2.2013462932138
    Mg                       -2.0020924911802
    Na                       -3.1471162578625
    Ntg                      -2.7953152411976
    O(0)                     -29.990852301665
    S(-2)                    -30.114836079881
    S(2)                     -30.453875499625
    S(3)                     -30.423812787994
    S(4)                     -30.438333632763
    S(5)                     -30.453875499625
    S(6)                     -3.9913068125133
    S(7)                     -30.453875499625
    S(8)                     -30.110667454503
    Si                       -2.1563223597548
  -gammas
USE mix none
USE reaction none
USE reaction_temperature none
USE reaction_pressure none
