SOLUTION_RAW                 5 Solution after simulation 3.
  -temp                      55.0127
  -pressure                  253.042
  -potential                 0
  -total_h                   3123197.4154256
  -total_o                   1581562.9987686
  -cb                        2.3131633852813e-07
  -density                   1.0169694007478
  -totals
    C(-4)                    7.9842267367796e-12
    C(2)                     6.8790661152969e-10
    C(4)                     9453.6085460238
    Ca                       26.357168189622
    Cl(-1)                   21.500505885009
    Fe(2)                    49.41874905282
    Fe(3)                    6.7587269963895e-09
    H(0)                     2.8155826540321e-07
    K                        226.24662557002
    Mg                       502.56619005147
    Na                       21.759636425306
    Ntg                      38.354904519651
    S(-2)                    3.570834480773e-07
    S(2)                     1.624337297702e-12
    S(4)                     4.4760383318712e-10
    S(6)                     21.759636157013
    Si                       150.1000381069
  -pH                        5.3877860863743
  -pe                        -0.99353969663995
  -mu                        0.069251262139737
  -ah2o                      0.99365244978253
  -mass_water                28112.019733114
  -soln_vol                  28112.019733114
  -total_alkalinity          1339.6706981587
  -activities
    C(-2)                    -30
    C(-3)                    -30
    C(-4)                    -30
    C(2)                     -30
    C(4)                     -1.4246705579666
    Ca                       -3.4023802558768
    Cl(-1)                   -3.2297019244945
    Cl(1)                    -30.102444505709
    Cl(3)                    -30.102444505709
    Cl(5)                    -30.105986657332
    Cl(7)                    -30.105986657332
    E                        0.99353969663995
    Fe(2)                    -3.1255323447498
    Fe(3)                    -30.713263883034
    H(0)                     -29.992600675597
    K                        -2.2045171775776
    Mg                       -2.0918842411823
    Na                       -3.2243994163125
    Ntg                      -2.8581460168339
    O(0)                     -29.992600675597
    S(-2)                    -30.105986657332
    S(2)                     -30.418794748245
    S(3)                     -30.393051721188
    S(4)                     -30.405518088744
    S(5)                     -30.418794748245
    S(6)                     -3.9915096206223
    S(7)                     -30.418794748245
    S(8)                     -30.102444505709
    Si                       -2.2725508311171
  -gammas
USE mix none
USE reaction none
USE reaction_temperature none
USE reaction_pressure none
