SOLUTION_RAW                 5 Solution after simulation 3.
  -temp                      24.0472
  -pressure                  252.901
  -potential                 0
  -total_h                   2450741.5401364
  -total_o                   1237583.0324962
  -cb                        2.6296547162019e-09
  -density                   1.0130842408057
  -totals
    C(-4)                    3.9862941527806e-14
    C(2)                     9.8572708232321e-12
    C(4)                     5899.9823579115
    Ca                       37.0863001189
    Cl(-1)                   23.821320757706
    Fe(2)                    68.452071812885
    Fe(3)                    2.0749313271034e-09
    H(0)                     6.9100435983106e-09
    K                        186.38312652962
    Mg                       42.286825895733
    Na                       23.840419540044
    Ntg                      50.575786046624
    S(-2)                    4.6821617545364e-08
    S(2)                     5.0027481050823e-13
    S(4)                     6.1177862959279e-11
    S(6)                     23.840419493808
    Si                       49.875071711644
  -pH                        5.1988394635555
  -pe                        -0.3578412464068
  -mu                        0.029911107988768
  -ah2o                      0.99506817946825
  -mass_water                22064.768248908
  -soln_vol                  22064.768248908
  -total_alkalinity          434.3717819787
  -activities
    C(-2)                    -30
    C(-3)                    -30
    C(-4)                    -30
    C(2)                     -30
    C(4)                     -1.7769276742512
    Ca                       -3.0520603792321
    Cl(-1)                   -3.0420722280344
    Cl(1)                    -30.070744971356
    Cl(3)                    -30.070744971356
    Cl(5)                    -30.07245095992
    Cl(7)                    -30.07245095992
    E                        0.3578412464068
    Fe(2)                    -2.7707529026226
    Fe(3)                    -30.524699471104
    H(0)                     -29.996852709938
    K                        -2.1490999770908
    Mg                       -2.9876309731806
    Na                       -3.0460774120031
    Ntg                      -2.6367656182374
    O(0)                     -29.996852709938
    S(-2)                    -30.07245095992
    S(2)                     -30.286646635081
    S(3)                     -30.273904860813
    S(4)                     -30.280131561476
    S(5)                     -30.286646635081
    S(6)                     -3.3464379547603
    S(7)                     -30.286646635081
    S(8)                     -30.070744971356
    Si                       -2.645825051903
  -gammas
USE mix none
USE reaction none
USE reaction_temperature none
USE reaction_pressure none
