SOLUTION_RAW                 5 Solution after simulation 3.
  -temp                      23.1323
  -pressure                  252.961
  -potential                 0
  -total_h                   2947852.1251098
  -total_o                   1473936.0343622
  -cb                        -5.9875523462927e-10
  -density                   1.000014888705
  -totals
    C(2)                     3.3076895166851e-18
    C(4)                     3.9585122348301
    Ca                       0.024970929165299
    Cl(-1)                   0.0020776863143889
    Fe(2)                    0.012679071350176
    Fe(3)                    2.7079609946151e-12
    H(0)                     1.2218973332977e-10
    K                        3.7277866177224
    Mg                       0.0037073609251847
    Na                       0.053101421704088
    Ntg                      0.1104461665744
    S(-2)                    2.1675511381432e-23
    S(4)                     1.8108620871769e-18
    S(6)                     0.0020797410093189
    Si                       0.058890532729869
  -pH                        7.8413841857885
  -pe                        -2.091912131605
  -mu                        0.00014762444364837
  -ah2o                      0.99999489570286
  -mass_water                26545.079072507
  -soln_vol                  26545.079072507
  -total_alkalinity          3.8573655945763
  -activities
    C(-2)                    -30
    C(-3)                    -30
    C(-4)                    -30
    C(2)                     -30
    C(4)                     -3.8482699859262
    Ca                       -6.0511421204243
    Cl(-1)                   -7.1125246813812
    Cl(1)                    -30.006094243537
    Cl(3)                    -30.006094243537
    Cl(5)                    -30.006106251181
    Cl(7)                    -30.006106251181
    E                        2.091912131605
    Fe(2)                    -6.3529921399348
    Fe(3)                    -30.053838510383
    H(0)                     -29.999984404821
    K                        -3.8586515428097
    Mg                       -6.8791226355563
    Na                       -5.7050624673984
    Ntg                      -5.3808186141715
    O(0)                     -29.999984404821
    S(-2)                    -30.006106251181
    S(2)                     -30.024395012798
    S(3)                     -30.024299515577
    S(4)                     -30.024347170568
    S(5)                     -30.024395012798
    S(6)                     -7.1308977180754
    S(7)                     -30.024395012798
    S(8)                     -30.006094243537
    Si                       -5.6572020620209
  -gammas
USE mix none
USE reaction none
USE reaction_temperature none
USE reaction_pressure none
