SOLUTION_RAW                 5 Solution after simulation 3.
  -temp                      31.2007
  -pressure                  252.942
  -potential                 0
  -total_h                   2088731.9763007
  -total_o                   1044390.0178722
  -cb                        -1.1688938011956e-11
  -density                   1.0000449376967
  -totals
    C(-4)                    1.5107094472356e-13
    C(2)                     6.804234068791e-14
    C(4)                     9.9052005815883
    Ca                       0.01809155812628
    Cl(-1)                   0.055894851883074
    Fe(2)                    0.020270730326961
    Fe(3)                    3.1257871897181e-13
    H(0)                     1.0449601853082e-07
    K                        4.8065522355535
    Mg                       0.014193437686299
    Na                       3.0954611573142
    Ntg                      0.13416240067442
    S(-2)                    9.627525008636e-11
    S(2)                     1.3977016337285e-19
    S(4)                     9.5170812939741e-15
    S(6)                     0.0040166929863196
    Si                       0.11582784032604
  -pH                        6.9304167108221
  -pe                        -2.6391199977481
  -mu                        0.00042893675048105
  -ah2o                      0.99998357478706
  -mass_water                18808.751070183
  -soln_vol                  18808.751070183
  -total_alkalinity          7.943196607303
  -activities
    C(-2)                    -30
    C(-3)                    -30
    C(-4)                    -30
    C(2)                     -30
    C(4)                     -3.3852893884506
    Ca                       -6.0582546269469
    Cl(-1)                   -5.5374925419755
    Cl(1)                    -30.010417356525
    Cl(3)                    -30.010417356525
    Cl(5)                    -30.01045216551
    Cl(7)                    -30.01045216551
    E                        2.6391199977481
    Fe(2)                    -6.0103825999503
    Fe(3)                    -30.090876677528
    H(0)                     -29.999954616147
    K                        -3.6030142455813
    Mg                       -6.1630180813071
    Na                       -3.7942749886961
    Ntg                      -5.1466862441716
    O(0)                     -29.999954616147
    S(-2)                    -30.01045216551
    S(2)                     -30.041722823652
    S(3)                     -30.041447110893
    S(4)                     -30.041584510467
    S(5)                     -30.041722823652
    S(6)                     -6.713195728947
    S(7)                     -30.041722823652
    S(8)                     -30.010417356525
    Si                       -5.2110832622295
  -gammas
USE mix none
USE reaction none
USE reaction_temperature none
USE reaction_pressure none
