SOLUTION_RAW                 5 Solution after simulation 3.
  -temp                      29.4302
  -pressure                  253.086
  -potential                 0
  -total_h                   12571646.264332
  -total_o                   6291462.5663859
  -cb                        -2.6640781314313e-07
  -density                   1.0013485521908
  -totals
    C(2)                     5.0493766061318e-17
    C(4)                     2615.9229442613
    Ca                       10.175258086307
    Cl(-1)                   6.2706930088116
    Fe(2)                    39.487086282379
    Fe(3)                    5.8614221157228e-07
    H(0)                     4.7273499750731e-13
    K                        503.14701603932
    Mg                       22.902831179232
    Na                       6.2817157995539
    Ntg                      35.533267977303
    S(4)                     8.0182007933987e-17
    S(6)                     6.2817108732908
    Si                       32.299501460839
  -pH                        5.8118901353856
  -pe                        1.5230684390224
  -mu                        0.0064693541304161
  -ah2o                      0.99950771390968
  -mass_water                113200.68996728
  -soln_vol                  113200.68996728
  -total_alkalinity          635.72496903187
  -activities
    C(-2)                    -30
    C(-3)                    -30
    C(-4)                    -30
    C(2)                     -30
    C(4)                     -2.2877748566248
    Ca                       -4.1911070013236
    Cl(-1)                   -4.2949000215035
    Cl(1)                    -30.037245706508
    Cl(3)                    -30.037245706508
    Cl(5)                    -30.037700650012
    Cl(7)                    -30.037700650012
    E                        -1.5230684390224
    Fe(2)                    -3.6004262283528
    Fe(3)                    -30.301226003121
    H(0)                     -29.999316738376
    K                        -2.3904536345548
    Mg                       -3.8341904428549
    Na                       -4.295719500486
    Ntg                      -3.5025669873294
    O(0)                     -29.999316738376
    S(-2)                    -30.037700650012
    S(2)                     -30.149785435117
    S(3)                     -30.146273654892
    S(4)                     -30.148008754642
    S(5)                     -30.149785435117
    S(6)                     -4.4325353248278
    S(7)                     -30.149785435117
    S(8)                     -30.037245706508
    Si                       -3.5446940110738
  -gammas
USE mix none
USE reaction none
USE reaction_temperature none
USE reaction_pressure none
