SOLUTION_RAW                 5 Solution after simulation 3.
  -temp                      10.7219
  -pressure                  252.977
  -potential                 0
  -total_h                   14545544.249703
  -total_o                   7276546.5462482
  -cb                        -2.4606274706684e-07
  -density                   1.0011838201642
  -totals
    C(-4)                    1.4408100269018e-19
    C(2)                     1.6007406563897e-17
    C(4)                     1330.4085102112
    Ca                       1.7428711580744
    Cl(-1)                   12.464002883718
    Fe(2)                    0.95322203717675
    Fe(3)                    3.2527342940796e-12
    H(0)                     1.1992990665989e-08
    K                        1337.2715781177
    Mg                       0.070063898764332
    Na                       853.80107076144
    Ntg                      43.940926933612
    S(-2)                    3.9346712156748e-16
    S(4)                     4.901102307719e-14
    S(6)                     3.2402628786392
    Si                       5.9065537948729
  -pH                        10.520614402196
  -pe                        -5.5520265610332
  -mu                        0.023029485650092
  -ah2o                      0.99953298523725
  -mass_water                130976.44764442
  -soln_vol                  130976.44764442
  -total_alkalinity          2177.6604346722
  -activities
    C(-2)                    -30
    C(-3)                    -30
    C(-4)                    -30
    C(2)                     -30
    C(4)                     -2.4814613923743
    Ca                       -5.7548619590856
    Cl(-1)                   -4.0872862277521
    Cl(1)                    -30.062597536209
    Cl(3)                    -30.062597536209
    Cl(5)                    -30.063939121046
    Cl(7)                    -30.063939121046
    E                        5.5520265610332
    Fe(2)                    -5.8917367412339
    Fe(3)                    -30.472580649729
    H(0)                     -29.997550303488
    K                        -2.0563565402916
    Mg                       -6.9446756666867
    Na                       -2.2513202389155
    Ntg                      -3.4720210445908
    O(0)                     -29.997550303488
    S(-2)                    -30.063939121046
    S(2)                     -30.253080665656
    S(3)                     -30.242987752261
    S(4)                     -30.247931904624
    S(5)                     -30.253080665656
    S(6)                     -4.8781148357514
    S(7)                     -30.253080665656
    S(8)                     -30.062597536209
    Si                       -4.9952528654397
  -gammas
USE mix none
USE reaction none
USE reaction_temperature none
USE reaction_pressure none
