SOLUTION_RAW                 5 Solution after simulation 3.
  -temp                      21.602
  -pressure                  252.961
  -potential                 0
  -total_h                   3256909.4921492
  -total_o                   1628463.2873592
  -cb                        6.4460672043187e-12
  -density                   1.0000118920472
  -totals
    C(2)                     4.248988265961e-24
    C(4)                     3.3270810442102
    Ca                       0.020858075884687
    Cl(-1)                   0.0017361766364012
    Fe(2)                    0.010559380451013
    Fe(3)                    4.3888828275674e-10
    H(0)                     1.9440840894325e-15
    K                        3.4496543000474
    Mg                       0.0026150421780038
    Na                       0.04399925776376
    Ntg                      0.10334751257461
    S(4)                     1.8428874267194e-23
    S(6)                     0.0017376513564117
    Si                       0.050959208458475
  -pH                        8.8174496034722
  -pe                        -0.66303178312455
  -mu                        0.0001256669361578
  -ah2o                      0.99999585109386
  -mass_water                29328.113905388
  -soln_vol                  29328.113905388
  -total_alkalinity          3.5565070759218
  -activities
    C(-2)                    -30
    C(-3)                    -30
    C(-4)                    -30
    C(2)                     -30
    C(4)                     -3.9645207216991
    Ca                       -6.1729436695916
    Cl(-1)                   -7.2333308534551
    Cl(1)                    -30.005618303941
    Cl(3)                    -30.005618303941
    Cl(5)                    -30.005628520932
    Cl(7)                    -30.005628520932
    E                        0.66303178312455
    Fe(2)                    -6.5285412760705
    Fe(3)                    -30.049703950164
    H(0)                     -29.99998672073
    K                        -3.9351475289677
    Mg                       -7.0732067735308
    Na                       -5.829530729035
    Ntg                      -5.4529715394054
    O(0)                     -29.99998672073
    S(-2)                    -30.005628520932
    S(2)                     -30.022488488251
    S(3)                     -30.022407195419
    S(4)                     -30.022447768253
    S(5)                     -30.022488488251
    S(6)                     -7.250243203848
    S(7)                     -30.022488488251
    S(8)                     -30.005618303941
    Si                       -5.7884884040109
  -gammas
USE mix none
USE reaction none
USE reaction_temperature none
USE reaction_pressure none
