SOLUTION_RAW                 5 Solution after simulation 3.
  -temp                      14.3888
  -pressure                  252.975
  -potential                 0
  -total_h                   453.30888564132
  -total_o                   226.81275649608
  -cb                        -7.2715646438209e-12
  -density                   1.0013957641358
  -totals
    C(2)                     6.6934997973786e-22
    C(4)                     0.065110224870351
    Ca                       0.00051387787761467
    Cl(-1)                   0.00034475318235848
    Fe(2)                    0.0022047625975295
    Fe(3)                    4.2890737889008e-12
    H(0)                     3.0517901728656e-17
    K                        0.041676410907693
    Mg                       0.00022633228352096
    Na                       0.00034489432084246
    Ntg                      0.0037504669383921
    S(4)                     1.1065891732082e-21
    S(6)                     0.00034489432084287
    Si                       0.0016376469617213
  -pH                        6.793805231838
  -pe                        0.25824623613011
  -mu                        0.012533168947836
  -ah2o                      0.99951632146485
  -mass_water                4.0815793408112
  -soln_vol                  4.0815793408112
  -total_alkalinity          0.046876708933382
  -activities
    C(-2)                    -30
    C(-3)                    -30
    C(-4)                    -30
    C(2)                     -30
    C(4)                     -1.9889484373487
    Ca                       -4.0875381771927
    Cl(-1)                   -4.1238834128157
    Cl(1)                    -30.048712947494
    Cl(3)                    -30.048712947494
    Cl(5)                    -30.049512029713
    Cl(7)                    -30.049512029713
    E                        -0.25824623613011
    Fe(2)                    -3.4522689621435
    Fe(3)                    -30.38135628625
    H(0)                     -29.99867154752
    K                        -2.0414454536718
    Mg                       -4.4336844303705
    Na                       -4.1287869812043
    Ntg                      -3.0354895847999
    O(0)                     -29.99867154752
    S(-2)                    -30.049512029713
    S(2)                     -30.196335894238
    S(3)                     -30.190240200118
    S(4)                     -30.193240110136
    S(5)                     -30.196335894238
    S(6)                     -4.295447283605
    S(7)                     -30.196335894238
    S(8)                     -30.048712947494
    Si                       -3.3968474550579
  -gammas
USE mix none
USE reaction none
USE reaction_temperature none
USE reaction_pressure none
