SOLUTION_RAW                 5 Solution after simulation 3.
  -temp                      9.98576
  -pressure                  252.978
  -potential                 0
  -total_h                   14841613.395414
  -total_o                   7424724.9311708
  -cb                        -3.7659395157874e-07
  -density                   1.0012014815147
  -totals
    C(-4)                    2.212178387641e-18
    C(2)                     2.9850393816593e-17
    C(4)                     1380.7650540154
    Ca                       1.7633532474149
    Cl(-1)                   13.017086917949
    Fe(2)                    0.95323129706876
    Fe(3)                    2.2376852097276e-12
    H(0)                     2.2674568881597e-08
    K                        1364.4906436897
    Mg                       0.066707776380524
    Na                       912.08845702508
    Ntg                      45.42714716981
    S(-2)                    6.4755575951208e-15
    S(2)                     7.0043401945892e-25
    S(4)                     1.0171937800912e-13
    S(6)                     3.6056817740714
    Si                       5.6610056862507
  -pH                        10.531521960275
  -pe                        -5.7047369341613
  -mu                        0.023466259320416
  -ah2o                      0.99952483285353
  -mass_water                133642.38040536
  -soln_vol                  133642.38040536
  -total_alkalinity          2261.917235267
  -activities
    C(-2)                    -30
    C(-3)                    -30
    C(-4)                    -30
    C(2)                     -30
    C(4)                     -2.477280856464
    Ca                       -5.7582284451845
    Cl(-1)                   -4.0776553057041
    Cl(1)                    -30.063019887783
    Cl(3)                    -30.063019887783
    Cl(5)                    -30.064381186485
    Cl(7)                    -30.064381186485
    E                        5.7047369341613
    Fe(2)                    -5.890466277983
    Fe(3)                    -30.475203618305
    H(0)                     -29.997501385069
    K                        -2.0568233353305
    Mg                       -6.9766910322836
    Na                       -2.2318364010779
    Ntg                      -3.4662821127235
    O(0)                     -29.997501385069
    S(-2)                    -30.064381186485
    S(2)                     -30.254813634406
    S(3)                     -30.244577146502
    S(4)                     -30.249590858469
    S(5)                     -30.254813634406
    S(6)                     -4.8420722989784
    S(7)                     -30.254813634406
    S(8)                     -30.063019887783
    Si                       -5.0271309743088
  -gammas
USE mix none
USE reaction none
USE reaction_temperature none
USE reaction_pressure none
