SOLUTION_RAW                 5 Solution after simulation 3.
  -temp                      34.324
  -pressure                  253.081
  -potential                 0
  -total_h                   9353759.6442909
  -total_o                   4684536.8127433
  -cb                        5.5341591043145e-07
  -density                   1.0023321901087
  -totals
    C(2)                     2.0247309515787e-16
    C(4)                     3606.3705935876
    Ca                       13.951432833581
    Cl(-1)                   8.5123089280792
    Fe(2)                    44.664305607574
    Fe(3)                    7.1462844655352e-07
    H(0)                     8.8394398476956e-13
    K                        449.67738687882
    Mg                       47.820122352582
    Na                       8.5349620951052
    Ntg                      36.838305115914
    S(4)                     3.8547694628016e-16
    S(6)                     8.5349577098247
    Si                       43.679327945524
  -pH                        5.6160590997109
  -pe                        1.5682145794159
  -mu                        0.0092932039020776
  -ah2o                      0.99913858466737
  -mass_water                84223.854014243
  -soln_vol                  84223.854014243
  -total_alkalinity          645.50184637488
  -activities
    C(-2)                    -73.520878806841
    C(-3)                    -71.166607758283
    C(-4)                    -37.86938666097
    C(2)                     -20.620277624706
    C(4)                     -2.1596174454004
    Ca                       -3.9519223539104
    Cl(-1)                   -4.0411676818778
    Cl(1)                    -46.156472218038
    Cl(3)                    -81.260938707204
    Cl(5)                    -102.93057641444
    Cl(7)                    -128.83705755767
    E                        -1.5682145794159
    Fe(2)                    -3.4437839223356
    Fe(3)                    -14.772632300063
    H(0)                     -17.280266764698
    K                        -2.3181888680927
    Mg                       -3.4116207362452
    Na                       -4.0416431282684
    Ntg                      -3.3582061494652
    O(0)                     -54.697286302225
    S(-2)                    -34.101030653405
    S(2)                     -39.190571134818
    S(3)                     -52.054661560255
    S(4)                     -22.069095362984
    S(5)                     -45.646815343797
    S(6)                     -4.2249505062933
    S(7)                     -68.442445012254
    S(8)                     -53.700468411816
    Si                       -3.2851901865547
  -gammas
USE mix none
USE reaction none
USE reaction_temperature none
USE reaction_pressure none
