SOLUTION_RAW                 5 Solution after simulation 3.
  -temp                      30.6004
  -pressure                  252.921
  -potential                 0
  -total_h                   1235123.2429784
  -total_o                   617589.11690266
  -cb                        -3.2089955692705e-13
  -density                   1.0000832520176
  -totals
    C(-4)                    3.7600386164742e-17
    C(2)                     1.5567401206685e-14
    C(4)                     11.791600006102
    Ca                       0.054583773459131
    Cl(-1)                   0.0091294011722684
    Fe(2)                    0.03664019660108
    Fe(3)                    1.7078899723567e-12
    H(0)                     5.9660805922604e-09
    K                        6.6084126662704
    Mg                       0.02882636981161
    Na                       0.27388469305667
    Ntg                      0.20636302674264
    S(-2)                    1.1032040203961e-13
    S(2)                     8.9403415430279e-22
    S(4)                     4.3538137369766e-15
    S(6)                     0.0091469094786053
    Si                       0.16406921281841
  -pH                        6.5041597862213
  -pe                        -1.7113520614041
  -mu                        0.00065238675177588
  -ah2o                      0.99997067366514
  -mass_water                11122.097358798
  -soln_vol                  11122.097358798
  -total_alkalinity          7.0949748189433
  -activities
    C(-2)                    -30
    C(-3)                    -30
    C(-4)                    -30
    C(2)                     -30
    C(4)                     -3.2079685787342
    Ca                       -5.3595197176882
    Cl(-1)                   -6.0986106354129
    Cl(1)                    -30.012748157632
    Cl(3)                    -30.012748157632
    Cl(5)                    -30.01280041285
    Cl(7)                    -30.01280041285
    E                        1.7113520614041
    Fe(2)                    -5.5330908206965
    Fe(3)                    -30.110449264674
    H(0)                     -29.999930996696
    K                        -3.2389452655019
    Mg                       -5.6359881522793
    Na                       -4.6217040559935
    Ntg                      -4.7314895646593
    O(0)                     -29.999930996696
    S(-2)                    -30.01280041285
    S(2)                     -30.051073750968
    S(3)                     -30.050660776868
    S(4)                     -30.050866426164
    S(5)                     -30.051073750968
    S(6)                     -6.138431137793
    S(7)                     -30.051073750968
    S(8)                     -30.012748157632
    Si                       -4.8313566380798
  -gammas
USE mix none
USE reaction none
USE reaction_temperature none
USE reaction_pressure none
