SOLUTION_RAW                 5 Solution after simulation 3.
  -temp                      27.0814
  -pressure                  252.96
  -potential                 0
  -total_h                   2297269.9136227
  -total_o                   1148649.5527688
  -cb                        1.7985442996027e-11
  -density                   1.000025846239
  -totals
    C(2)                     5.821553965098e-20
    C(4)                     6.0370149063205
    Ca                       0.041554934398409
    Cl(-1)                   0.0032317484292525
    Fe(2)                    0.019780065775216
    Fe(3)                    1.6783870418862e-10
    H(0)                     1.527684253874e-13
    K                        4.4837205473475
    Mg                       0.0086958233529171
    Na                       0.086671295907832
    Ntg                      0.13001106163584
    S(4)                     1.102855313823e-20
    S(6)                     0.0032364194957928
    Si                       0.079303769893825
  -pH                        6.892398451897
  -pe                        0.29509560419552
  -mu                        0.00023145496865487
  -ah2o                      0.99999104439978
  -mass_water                20686.643499126
  -soln_vol                  20686.643499126
  -total_alkalinity          4.7007489030374
  -activities
    C(-2)                    -30
    C(-3)                    -30
    C(-4)                    -30
    C(2)                     -30
    C(4)                     -3.6514394872436
    Ca                       -5.7274823800218
    Cl(-1)                   -6.8139434461921
    Cl(1)                    -30.007649083779
    Cl(3)                    -30.007649083779
    Cl(5)                    -30.007667928724
    Cl(7)                    -30.007667928724
    E                        -0.29509560419552
    Fe(2)                    -6.0509776755927
    Fe(3)                    -30.067266631315
    H(0)                     -29.999975545407
    K                        -3.6717388771857
    Mg                       -6.4064664026466
    Na                       -5.3855949040814
    Ntg                      -5.2016865800157
    O(0)                     -29.999975545407
    S(-2)                    -30.007667928724
    S(2)                     -30.030624919697
    S(3)                     -30.030475264872
    S(4)                     -30.030549909064
    S(5)                     -30.030624919697
    S(6)                     -6.8371273743557
    S(7)                     -30.030624919697
    S(8)                     -30.007649083779
    Si                       -5.4168189575898
  -gammas
USE mix none
USE reaction none
USE reaction_temperature none
USE reaction_pressure none
