SOLUTION_RAW                 5 Solution after simulation 3.
  -temp                      18.5986
  -pressure                  252.966
  -potential                 0
  -total_h                   3975513.7666178
  -total_o                   1987763.1252081
  -cb                        -1.9797146287755e-09
  -density                   1.0000075895193
  -totals
    C(-4)                    3.584436892935e-25
    C(2)                     1.7081262260614e-19
    C(4)                     2.3290023408129
    Ca                       0.015861193189403
    Cl(-1)                   0.0012069691368848
    Fe(2)                    0.0072580893947176
    Fe(3)                    3.7413104018307e-13
    H(0)                     4.9840127789347e-10
    K                        2.9379495636507
    Mg                       0.0012810964522069
    Na                       0.030303272004394
    Ntg                      0.090368053326393
    S(-2)                    1.2343661594088e-22
    S(4)                     2.7259497514469e-18
    S(6)                     0.0012077287902968
    Si                       0.036173977835866
  -pH                        9.3562412281302
  -pe                        -3.894265919071
  -mu                        9.0299688932609e-05
  -ah2o                      0.99999718218583
  -mass_water                35799.08029245
  -soln_vol                  35799.08029245
  -total_alkalinity          3.0134311689904
  -activities
    C(-2)                    -30
    C(-3)                    -30
    C(-4)                    -30
    C(2)                     -30
    C(4)                     -4.229905102221
    Ca                       -6.3767488362952
    Cl(-1)                   -7.4769456917915
    Cl(1)                    -30.004754120821
    Cl(3)                    -30.004754120821
    Cl(5)                    -30.004761453271
    Cl(7)                    -30.004761453271
    E                        3.894265919071
    Fe(2)                    -6.8665221036722
    Fe(3)                    -30.042167119994
    H(0)                     -29.999990447435
    K                        -4.0905964523146
    Mg                       -7.4671780346311
    Na                       -6.0771823026298
    Ntg                      -5.5978479124612
    O(0)                     -29.999990447435
    S(-2)                    -30.004761453271
    S(2)                     -30.019027340329
    S(3)                     -30.018968950692
    S(4)                     -30.018998100655
    S(5)                     -30.019027340329
    S(6)                     -7.4912248250956
    S(7)                     -30.019027340329
    S(8)                     -30.004754120821
    Si                       -6.0783746235633
  -gammas
USE mix none
USE reaction none
USE reaction_temperature none
USE reaction_pressure none
