SOLUTION_RAW                 5 Solution after simulation 3.
  -temp                      37.4217
  -pressure                  252.885
  -potential                 0
  -total_h                   2460005.1146791
  -total_o                   1247380.8745146
  -cb                        -4.642864013249e-07
  -density                   1.0184183950976
  -totals
    C(-4)                    3.0506466945975e-14
    C(2)                     3.922108110145e-11
    C(4)                     8377.5470417888
    Ca                       53.621057687685
    Cl(-1)                   33.224857711832
    Fe(2)                    59.41654797299
    Fe(3)                    5.1545100258489e-09
    H(0)                     1.6275716478437e-08
    K                        187.23754378018
    Mg                       167.49273083176
    Na                       33.297460939041
    Ntg                      43.38227249111
    S(-2)                    1.6595627166025e-08
    S(2)                     2.1329075387778e-13
    S(4)                     1.4479792660862e-10
    S(6)                     33.297461105807
    Si                       74.572649158414
  -pH                        5.1700361200988
  -pe                        -0.37929850265911
  -mu                        0.046969018626615
  -ah2o                      0.99305410742838
  -mass_water                22145.958236521
  -soln_vol                  22145.958236521
  -total_alkalinity          681.77589824978
  -activities
    C(-2)                    -30
    C(-3)                    -30
    C(-4)                    -30
    C(2)                     -30
    C(4)                     -1.5983410933385
    Ca                       -2.9448384302132
    Cl(-1)                   -2.9172556995946
    Cl(1)                    -30.086254527213
    Cl(3)                    -30.086254527213
    Cl(5)                    -30.088783088154
    Cl(7)                    -30.088783088154
    E                        0.37929850265911
    Fe(2)                    -2.887207289148
    Fe(3)                    -30.619046412587
    H(0)                     -29.995056949588
    K                        -2.1658210250624
    Mg                       -2.4395605153259
    Na                       -2.919334474475
    Ntg                      -2.7032852768155
    O(0)                     -29.995056949588
    S(-2)                    -30.088783088154
    S(2)                     -30.350935322558
    S(3)                     -30.332308366218
    S(4)                     -30.341369392911
    S(5)                     -30.350935322558
    S(6)                     -3.4081257939882
    S(7)                     -30.350935322558
    S(8)                     -30.086254527213
    Si                       -2.4727288032312
  -gammas
USE mix none
USE reaction none
USE reaction_temperature none
USE reaction_pressure none
