SOLUTION_RAW                 5 Solution after simulation 3.
  -temp                      16.9663
  -pressure                  252.966
  -potential                 0
  -total_h                   4436060.2471725
  -total_o                   2218035.3718511
  -cb                        1.6519988502162e-13
  -density                   1.0000059481539
  -totals
    C(-4)                    2.5671789346715e-24
    C(2)                     1.6509828947298e-19
    C(4)                     1.9039375189596
    Ca                       0.014070363678046
    Cl(-1)                   0.00098596801417617
    Fe(2)                    0.0058732014596037
    Fe(3)                    1.8529196574907e-13
    H(0)                     9.0267678595589e-10
    K                        2.6821274327564
    Mg                       0.000855838745782
    Na                       0.026106415135408
    Ntg                      0.083900980097814
    S(-2)                    8.9602719066266e-22
    S(4)                     3.66529787371e-18
    S(6)                     0.00098649294220059
    Si                       0.031503467960069
  -pH                        9.4840985895962
  -pe                        -4.1444046138192
  -mu                        7.4303039151016e-05
  -ah2o                      0.99999770827171
  -mass_water                39946.257803463
  -soln_vol                  39946.257803463
  -total_alkalinity          2.7468737017601
  -activities
    C(-2)                    -30
    C(-3)                    -30
    C(-4)                    -30
    C(2)                     -30
    C(4)                     -4.3749429090952
    Ca                       -6.4741709897463
    Cl(-1)                   -7.6119343406867
    Cl(1)                    -30.004308066381
    Cl(3)                    -30.004308066381
    Cl(5)                    -30.004314095097
    Cl(7)                    -30.004314095097
    E                        4.1444046138192
    Fe(2)                    -7.0276776384675
    Fe(3)                    -30.038261916516
    H(0)                     -29.999992132456
    K                        -4.177316913743
    Mg                       -7.6880375962347
    Na                       -6.1890722281575
    Ntg                      -5.677701636093
    O(0)                     -29.999992132456
    S(-2)                    -30.004314095097
    S(2)                     -30.017241146823
    S(3)                     -30.01719311859
    S(4)                     -30.017217099218
    S(5)                     -30.017241146823
    S(6)                     -7.6248627060756
    S(7)                     -30.017241146823
    S(8)                     -30.004308066381
    Si                       -6.205677547357
  -gammas
USE mix none
USE reaction none
USE reaction_temperature none
USE reaction_pressure none
