SOLUTION_RAW                 5 Solution after simulation 3.
  -temp                      22.2113
  -pressure                  252.96
  -potential                 0
  -total_h                   3129576.3115326
  -total_o                   1564797.2442718
  -cb                        -2.7093214290987e-09
  -density                   1.0000130168386
  -totals
    C(-4)                    4.9555526775119e-24
    C(2)                     2.6648845505045e-18
    C(4)                     3.5678358320513
    Ca                       0.022339653277314
    Cl(-1)                   0.0018658365183944
    Fe(2)                    0.011365131705848
    Fe(3)                    9.8436186712949e-13
    H(0)                     5.6234024110568e-10
    K                        3.5591712624119
    Mg                       0.0030086610360096
    Na                       0.047440095496135
    Ntg                      0.10613812146547
    S(-2)                    1.6839503520751e-21
    S(4)                     6.0544147960228e-18
    S(6)                     0.0018675184693164
    Si                       0.054072553801986
  -pH                        8.5333059063544
  -pe                        -3.1118668222507
  -mu                        0.00013373168903128
  -ah2o                      0.99999550523843
  -mass_water                28181.489577977
  -soln_vol                  28181.489577977
  -total_alkalinity          3.6744373791996
  -activities
    C(-2)                    -30
    C(-3)                    -30
    C(-4)                    -30
    C(2)                     -30
    C(4)                     -3.9127659871646
    Ca                       -6.1254916335762
    Cl(-1)                   -7.1849119605148
    Cl(1)                    -30.005797782629
    Cl(3)                    -30.005797782629
    Cl(5)                    -30.005808657809
    Cl(7)                    -30.005808657809
    E                        3.1118668222507
    Fe(2)                    -6.4525671707092
    Fe(3)                    -30.051264480348
    H(0)                     -29.999985870415
    K                        -3.9044348505047
    Mg                       -6.9951964086888
    Na                       -5.779696731289
    Ntg                      -5.4240791747447
    O(0)                     -29.999985870415
    S(-2)                    -30.005808657809
    S(2)                     -30.02320741834
    S(3)                     -30.023120903285
    S(4)                     -30.023164080051
    S(5)                     -30.02320741834
    S(6)                     -7.2023750559148
    S(7)                     -30.02320741834
    S(8)                     -30.005797782629
    Si                       -5.732315539955
  -gammas
USE mix none
USE reaction none
USE reaction_temperature none
USE reaction_pressure none
