SOLUTION_RAW                 5 Solution after simulation 3.
  -temp                      30.4488
  -pressure                  252.921
  -potential                 0
  -total_h                   1336138.9970046
  -total_o                   668095.2458539
  -cb                        -3.3630737084067e-13
  -density                   1.00007257602
  -totals
    C(-4)                    1.60499950115e-18
    C(2)                     6.4636431439548e-15
    C(4)                     11.013203815454
    Ca                       0.053640158327035
    Cl(-1)                   0.008058383502486
    Fe(2)                    0.032263553314487
    Fe(3)                    2.1778169549377e-12
    H(0)                     2.9756363649792e-09
    K                        6.3375751172615
    Mg                       0.025121017295784
    Na                       0.2394328407118
    Ntg                      0.19465409601432
    S(-2)                    4.2007265303365e-15
    S(2)                     2.732073811556e-23
    S(4)                     1.6934938643183e-15
    S(6)                     0.0080736108755193
    Si                       0.15061182024837
  -pH                        6.5301547659285
  -pe                        -1.5707583924068
  -mu                        0.00057536374721653
  -ah2o                      0.99997447307351
  -mass_water                12031.737003891
  -soln_vol                  12031.737003891
  -total_alkalinity          6.7748518105969
  -activities
    C(-2)                    -30
    C(-3)                    -30
    C(-4)                    -30
    C(2)                     -30
    C(4)                     -3.2614041675648
    Ca                       -5.3982881165632
    Cl(-1)                   -6.1861785196853
    Cl(1)                    -30.011993882434
    Cl(3)                    -30.011993882434
    Cl(5)                    -30.012040123568
    Cl(7)                    -30.012040123568
    E                        1.5707583924068
    Fe(2)                    -5.6195783954532
    Fe(3)                    -30.104142957822
    H(0)                     -29.999939146824
    K                        -3.2904940935024
    Mg                       -5.7270205038057
    Na                       -4.7134378086035
    Ntg                      -4.7910072471325
    O(0)                     -29.999939146824
    S(-2)                    -30.012040123568
    S(2)                     -30.048047051886
    S(3)                     -30.047681344265
    S(4)                     -30.047863499874
    S(5)                     -30.048047051886
    S(6)                     -6.2234755981901
    S(7)                     -30.048047051886
    S(8)                     -30.011993882434
    Si                       -4.9026770159737
  -gammas
USE mix none
USE reaction none
USE reaction_temperature none
USE reaction_pressure none
