SOLUTION_RAW                 5 Solution after simulation 3.
  -temp                      30.3007
  -pressure                  252.922
  -potential                 0
  -total_h                   1427828.714987
  -total_o                   713938.66981015
  -cb                        -4.3198083998774e-14
  -density                   1.0000645275981
  -totals
    C(-4)                    7.1796683012233e-18
    C(2)                     8.6631988484845e-15
    C(4)                     10.375117182307
    Ca                       0.052889558833663
    Cl(-1)                   0.0072406711667152
    Fe(2)                    0.028895337710341
    Fe(3)                    1.5817718411368e-12
    H(0)                     4.6785256086364e-09
    K                        6.1072571545676
    Mg                       0.022272395837696
    Na                       0.21277717204928
    Ntg                      0.1851780183755
    S(-2)                    1.7029904716861e-14
    S(2)                     9.1688271731899e-23
    S(4)                     2.1494361103637e-15
    S(6)                     0.0072541649612876
    Si                       0.13993283467641
  -pH                        6.5535212605949
  -pe                        -1.6794798694007
  -mu                        0.00051674845245611
  -ah2o                      0.99997733359892
  -mass_water                12857.396162116
  -soln_vol                  12857.396162116
  -total_alkalinity          6.5063999102926
  -activities
    C(-2)                    -30
    C(-3)                    -30
    C(-4)                    -30
    C(2)                     -30
    C(4)                     -3.3071763240306
    Ca                       -5.4308426538113
    Cl(-1)                   -6.2608506528557
    Cl(1)                    -30.01138276698
    Cl(3)                    -30.01138276698
    Cl(5)                    -30.011424407791
    Cl(7)                    -30.011424407791
    E                        1.6794798694007
    Fe(2)                    -5.693938258699
    Fe(3)                    -30.099013189349
    H(0)                     -29.999945349279
    K                        -3.3347749993841
    Mg                       -5.8057907781915
    Na                       -4.7928812536452
    Ntg                      -4.8415119184274
    O(0)                     -29.999945349279
    S(-2)                    -30.011424407791
    S(2)                     -30.045595285369
    S(3)                     -30.045265768442
    S(4)                     -30.045429929674
    S(5)                     -30.045595285369
    S(6)                     -6.2961168938934
    S(7)                     -30.045595285369
    S(8)                     -30.01138276698
    Si                       -4.9634512070032
  -gammas
USE mix none
USE reaction none
USE reaction_temperature none
USE reaction_pressure none
