SOLUTION_RAW                 5 Solution after simulation 3.
  -temp                      30.5585
  -pressure                  252.957
  -potential                 0
  -total_h                   893888.87585353
  -total_o                   446979.03939275
  -cb                        -5.05576552845e-11
  -density                   1.0001417460725
  -totals
    C(-4)                    8.1661141272694e-18
    C(2)                     1.3500342129071e-14
    C(4)                     14.932197116112
    Ca                       0.05943490341643
    Cl(-1)                   0.014809036292845
    Fe(2)                    0.087151526291438
    Fe(3)                    5.1101688760301e-12
    H(0)                     2.7093272207555e-09
    K                        7.6370432736495
    Mg                       0.053415822196956
    Na                       0.44761514368139
    Ntg                      0.26042017142047
    S(-2)                    3.582445903655e-14
    S(2)                     6.7408602244532e-22
    S(4)                     4.9481412348688e-15
    S(6)                     0.014838517213312
    Si                       0.22881463232535
  -pH                        6.4354984047714
  -pe                        -1.5419395244771
  -mu                        0.0010811677179283
  -ah2o                      0.99994986486611
  -mass_water                8049.3039033317
  -soln_vol                  8049.3039033317
  -total_alkalinity          8.4401768504767
  -activities
    C(-2)                    -30
    C(-3)                    -30
    C(-4)                    -30
    C(2)                     -30
    C(4)                     -2.9956850194008
    Ca                       -5.195737630629
    Cl(-1)                   -5.7516739711456
    Cl(1)                    -30.016247353111
    Cl(3)                    -30.016247353111
    Cl(5)                    -30.016332440938
    Cl(7)                    -30.016332440938
    E                        1.5419395244771
    Fe(2)                    -5.029786053062
    Fe(3)                    -30.139342779774
    H(0)                     -29.999885655188
    K                        -3.0392571828929
    Mg                       -5.2408529801677
    Na                       -4.2716461977295
    Ntg                      -4.4899755873792
    O(0)                     -29.999885655188
    S(-2)                    -30.016332440938
    S(2)                     -30.065123838394
    S(3)                     -30.064453636414
    S(4)                     -30.064787005389
    S(5)                     -30.065123838394
    S(6)                     -5.8034588233136
    S(7)                     -30.065123838394
    S(8)                     -30.016247353111
    Si                       -4.5464440881527
  -gammas
USE mix none
USE reaction none
USE reaction_temperature none
USE reaction_pressure none
