SOLUTION_RAW                 5 Solution after simulation 3.
  -temp                      28.8946
  -pressure                  252.897
  -potential                 0
  -total_h                   2453826.8586471
  -total_o                   1241100.6464929
  -cb                        -7.7316286706264e-09
  -density                   1.0151015211975
  -totals
    C(-4)                    1.3875354552629e-23
    C(2)                     7.4281155660662e-14
    C(4)                     6859.4760653393
    Ca                       43.452589885737
    Cl(-1)                   27.523679316372
    Fe(2)                    66.40799999781
    Fe(3)                    4.4891273312726e-08
    H(0)                     4.1737234156331e-11
    K                        186.66849760211
    Mg                       71.528003949273
    Na                       27.55496943867
    Ntg                      47.547687925971
    S(-2)                    1.4377737791932e-17
    S(2)                     1.7435693326792e-22
    S(4)                     4.1992269392585e-13
    S(6)                     27.5549694398
    Si                       55.430821322232
  -pH                        5.1589404670939
  -pe                        0.84133441408397
  -mu                        0.034308345956632
  -ah2o                      0.99430143218732
  -mass_water                22092.010743223
  -soln_vol                  22092.010743223
  -total_alkalinity          494.36703656307
  -activities
    C(-2)                    -30
    C(-3)                    -30
    C(-4)                    -30
    C(2)                     -30
    C(4)                     -1.725860712783
    Ca                       -2.9998918055049
    Cl(-1)                   -2.9851093584306
    Cl(1)                    -30.075303688633
    Cl(3)                    -30.075303688633
    Cl(5)                    -30.077232549537
    Cl(7)                    -30.077232549537
    E                        -0.84133441408397
    Fe(2)                    -2.8002918704872
    Fe(3)                    -30.553082660978
    H(0)                     -29.996393299587
    K                        -2.1540487883622
    Mg                       -2.7765308614904
    Na                       -2.9884463400295
    Ntg                      -2.6636750075518
    O(0)                     -29.996393299587
    S(-2)                    -30.077232549537
    S(2)                     -30.305466749234
    S(3)                     -30.291118090819
    S(4)                     -30.298120683874
    S(5)                     -30.305466749234
    S(6)                     -3.3411809094307
    S(7)                     -30.305466749234
    S(8)                     -30.075303688633
    Si                       -2.6004939443423
  -gammas
USE mix none
USE reaction none
USE reaction_temperature none
USE reaction_pressure none
