SOLUTION_RAW                 5 Solution after simulation 3.
  -temp                      30.318
  -pressure                  252.943
  -potential                 0
  -total_h                   1296022.358106
  -total_o                   648037.26328603
  -cb                        3.619039096181e-11
  -density                   1.000075957446
  -totals
    C(-4)                    6.8581176056174e-18
    C(2)                     9.1702303504741e-15
    C(4)                     11.141049431065
    Ca                       0.053596779081383
    Cl(-1)                   0.0084479123664399
    Fe(2)                    0.042968296395023
    Fe(3)                    2.395690854026e-12
    H(0)                     4.1111178341157e-09
    K                        6.4335842747432
    Mg                       0.028063094668657
    Na                       0.25499420303712
    Ntg                      0.19926218057923
    S(-2)                    1.8138464310417e-14
    S(2)                     1.2651013303593e-22
    S(4)                     2.4758367751805e-15
    S(6)                     0.0084639959725552
    Si                       0.15602436683208
  -pH                        6.5401234972186
  -pe                        -1.6588683413791
  -mu                        0.00060624667936855
  -ah2o                      0.99997329894101
  -mass_water                11670.489447496
  -soln_vol                  11670.489447496
  -total_alkalinity          6.9124589137251
  -activities
    C(-2)                    -30
    C(-3)                    -30
    C(-4)                    -30
    C(2)                     -30
    C(4)                     -3.2397570261269
    Ca                       -5.3865914013701
    Cl(-1)                   -6.1527474075765
    Cl(1)                    -30.012297808288
    Cl(3)                    -30.012297808288
    Cl(5)                    -30.012346441835
    Cl(7)                    -30.012346441835
    E                        1.6588683413791
    Fe(2)                    -5.4830929599752
    Fe(3)                    -30.106686279106
    H(0)                     -29.999935884572
    K                        -3.2710338639141
    Mg                       -5.6668376055165
    Na                       -4.6731717158898
    Ntg                      -4.767603566984
    O(0)                     -29.999935884572
    S(-2)                    -30.012346441835
    S(2)                     -30.049266575258
    S(3)                     -30.048882059461
    S(4)                     -30.049073564538
    S(5)                     -30.049266575258
    S(6)                     -6.1910574501646
    S(7)                     -30.049266575258
    S(8)                     -30.012297808288
    Si                       -4.8741084502202
  -gammas
USE mix none
USE reaction none
USE reaction_temperature none
USE reaction_pressure none
