SOLUTION_RAW                 5 Solution after simulation 3.
  -temp                      41.1786
  -pressure                  252.879
  -potential                 0
  -total_h                   2463132.6474176
  -total_o                   1250327.8580559
  -cb                        3.4929989567445e-08
  -density                   1.0198964756856
  -totals
    C(-4)                    4.6175440515774e-13
    C(2)                     1.1161762828459e-10
    C(4)                     9017.6134714502
    Ca                       57.7227784938
    Cl(-1)                   35.415242204458
    Fe(2)                    56.619889013834
    Fe(3)                    4.5739259968286e-09
    H(0)                     4.1450493788939e-08
    K                        187.52158388085
    Mg                       236.83881411301
    Na                       35.518728160991
    Ntg                      41.934862663854
    S(-2)                    1.6128949469532e-07
    S(2)                     2.0091211779669e-12
    S(4)                     3.084222177933e-10
    S(6)                     35.518728040072
    Si                       87.378602327269
  -pH                        5.2037517854903
  -pe                        -0.57886098512866
  -mu                        0.056026614857993
  -ah2o                      0.99250649322301
  -mass_water                22172.886902104
  -soln_vol                  22172.886902104
  -total_alkalinity          818.95057696755
  -activities
    C(-2)                    -30
    C(-3)                    -30
    C(-4)                    -30
    C(2)                     -30
    C(4)                     -1.5257178019097
    Ca                       -2.9333234462154
    Cl(-1)                   -2.8977657126961
    Cl(1)                    -30.092686085879
    Cl(3)                    -30.092686085879
    Cl(5)                    -30.095611753902
    Cl(7)                    -30.095611753902
    E                        0.57886098512866
    Fe(2)                    -2.9304285599333
    Fe(3)                    -30.656420590052
    H(0)                     -29.994098082978
    K                        -2.1728009722208
    Mg                       -2.3054043239397
    Na                       -2.8991433744491
    Ntg                      -2.7176443552528
    O(0)                     -29.994098082978
    S(-2)                    -30.095611753902
    S(2)                     -30.377853160868
    S(3)                     -30.356426276354
    S(4)                     -30.366829096287
    S(5)                     -30.377853160868
    S(6)                     -3.466032579958
    S(7)                     -30.377853160868
    S(8)                     -30.092686085879
    Si                       -2.4044342847704
  -gammas
USE mix none
USE reaction none
USE reaction_temperature none
USE reaction_pressure none
