SOLUTION_RAW                 5 Solution after simulation 3.
  -temp                      19.1948
  -pressure                  252.967
  -potential                 0
  -total_h                   3820155.8559439
  -total_o                   1910084.5766974
  -cb                        -9.1844645170452e-11
  -density                   1.0000082988438
  -totals
    C(4)                     2.5036961521277
    Ca                       0.01659292784965
    Cl(-1)                   0.0012985581754144
    Fe(2)                    0.0078309152091912
    Fe(3)                    7.4074602136693e-10
    H(0)                     1.7356945546214e-16
    K                        3.0354353385598
    Mg                       0.0014801342844924
    Na                       0.032614437613355
    Ntg                      0.092834494647933
    S(4)                     1.0578436770141e-24
    S(6)                     0.001299424627436
    Si                       0.039077641524582
  -pH                        9.2931301987908
  -pe                        -0.60452613866275
  -mu                        9.6735332042e-05
  -ah2o                      0.99999695917075
  -mass_water                34400.096752079
  -soln_vol                  34400.096752079
  -total_alkalinity          3.1159603242621
  -activities
    C(-2)                    -30
    C(-3)                    -30
    C(-4)                    -30
    C(2)                     -30
    C(4)                     -4.1769161669028
    Ca                       -6.3405242458611
    Cl(-1)                   -7.4280376760205
    Cl(1)                    -30.004922394469
    Cl(3)                    -30.004922394469
    Cl(5)                    -30.004930251568
    Cl(7)                    -30.004930251568
    E                        0.60452613866275
    Fe(2)                    -6.8043222882529
    Fe(3)                    -30.043637685667
    H(0)                     -29.999989769484
    K                        -4.0592769357142
    Mg                       -7.3877970845448
    Na                       -6.0281226675922
    Ntg                      -5.5688406128782
    O(0)                     -29.999989769484
    S(-2)                    -30.004930251568
    S(2)                     -30.019701233629
    S(3)                     -30.019638676163
    S(4)                     -30.019669905167
    S(5)                     -30.019701233629
    S(6)                     -7.4428281105863
    S(7)                     -30.019701233629
    S(8)                     -30.004922394469
    Si                       -6.0186291270034
  -gammas
USE mix none
USE reaction none
USE reaction_temperature none
USE reaction_pressure none
