SOLUTION_RAW                 5 Solution after simulation 3.
  -temp                      14.5194
  -pressure                  253.093
  -potential                 0
  -total_h                   35406736.52942
  -total_o                   17704810.602504
  -cb                        -6.4260212884193e-07
  -density                   1.0001824975923
  -totals
    C(2)                     1.1599349192709e-24
    C(4)                     559.443969654
    Ca                       5.2359714659225
    Cl(-1)                   3.5082540440806
    Fe(2)                    13.650074355613
    Fe(3)                    6.4703490216231e-06
    H(0)                     3.4650134464736e-17
    K                        538.83073256309
    Mg                       2.3968297137233
    Na                       3.5097163903233
    Ntg                      27.18398293404
    S(4)                     6.428881358952e-23
    S(6)                     3.5097163903085
    Si                       11.110860993676
  -pH                        8.8075440420588
  -pe                        0.66523760815787
  -mu                        0.0019473815157126
  -ah2o                      0.99993767449673
  -mass_water                318829.21340327
  -soln_vol                  318829.21340327
  -total_alkalinity          574.37852031219
  -activities
    C(-2)                    -30
    C(-3)                    -30
    C(-4)                    -30
    C(2)                     -30
    C(4)                     -2.790030084292
    Ca                       -4.89020894724
    Cl(-1)                   -4.9797419432469
    Cl(1)                    -30.020951832416
    Cl(3)                    -30.020951832416
    Cl(5)                    -30.021096402237
    Cl(7)                    -30.021096402237
    E                        -0.66523760815787
    Fe(2)                    -4.4830822834206
    Fe(3)                    -30.177085208374
    H(0)                     -29.999793458079
    K                        -2.7933788712425
    Mg                       -5.2162650042717
    Na                       -4.9804504977621
    Ntg                      -4.0690502806719
    O(0)                     -29.999793458079
    S(-2)                    -30.021096402237
    S(2)                     -30.084038037062
    S(3)                     -30.082904850038
    S(4)                     -30.083467601126
    S(5)                     -30.084038037062
    S(6)                     -5.0480102633007
    S(7)                     -30.084038037062
    S(8)                     -30.020951832416
    Si                       -4.4804461614428
  -gammas
USE mix none
USE reaction none
USE reaction_temperature none
USE reaction_pressure none
