SOLUTION_RAW                 5 Solution after simulation 3.
  -temp                      31.0309
  -pressure                  252.956
  -potential                 0
  -total_h                   479485.38355846
  -total_o                   239794.92378067
  -cb                        -6.2782615217749e-10
  -density                   1.0003808229016
  -totals
    C(-4)                    2.7732096444897e-14
    C(2)                     1.6345900909538e-13
    C(4)                     22.718286769907
    Ca                       0.067675230836018
    Cl(-1)                   0.04128484562255
    Fe(2)                    0.19002786945161
    Fe(3)                    4.4890983245345e-12
    H(0)                     9.9931192189297e-09
    K                        8.9208421050819
    Mg                       0.11997890946506
    Na                       1.817523719448
    Ntg                      0.38211760913494
    S(-2)                    2.9159179857751e-10
    S(2)                     3.0030559553694e-17
    S(4)                     1.1413120638479e-13
    S(6)                     0.04137007656081
    Si                       0.47254759962208
  -pH                        6.3107651578475
  -pe                        -1.83117359866
  -mu                        0.0027580451704393
  -ah2o                      0.99986310717137
  -mass_water                4317.6155330142
  -soln_vol                  4317.6155330142
  -total_alkalinity          11.369704845923
  -activities
    C(-2)                    -30
    C(-3)                    -30
    C(-4)                    -30
    C(2)                     -30
    C(4)                     -2.6050435012644
    Ca                       -4.9037942679494
    Cl(-1)                   -5.0452516085138
    Cl(1)                    -30.025299757285
    Cl(3)                    -30.025299757285
    Cl(5)                    -30.025507266071
    Cl(7)                    -30.025507266071
    E                        1.83117359866
    Fe(2)                    -4.4551512783438
    Fe(3)                    -30.211476452661
    H(0)                     -29.99970833091
    K                        -2.7105832416322
    Mg                       -4.652408972062
    Na                       -3.402364501534
    Ntg                      -4.0527711112042
    O(0)                     -29.99970833091
    S(-2)                    -30.025507266071
    S(2)                     -30.101542260735
    S(3)                     -30.099921882026
    S(4)                     -30.10072556241
    S(5)                     -30.101542260735
    S(6)                     -5.1289830098135
    S(7)                     -30.101542260735
    S(8)                     -30.025299757285
    Si                       -3.9609321420705
  -gammas
USE mix none
USE reaction none
USE reaction_temperature none
USE reaction_pressure none
