SOLUTION_RAW                 5 Solution after simulation 3.
  -temp                      19.6431
  -pressure                  252.965
  -potential                 0
  -total_h                   3707589.1023963
  -total_o                   1853801.5214717
  -cb                        -8.7922728993217e-12
  -density                   1.0000088755457
  -totals
    C(-4)                    1.3743220602132e-24
    C(2)                     3.5692775142219e-19
    C(4)                     2.6424172864053
    Ca                       0.017221295256818
    Cl(-1)                   0.0013716186405391
    Fe(2)                    0.0082873774581016
    Fe(3)                    4.3526912810594e-13
    H(0)                     6.3933660561201e-10
    K                        3.1101817656822
    Mg                       0.0016485474946345
    Na                       0.034480641354057
    Ntg                      0.094727721909312
    S(-2)                    4.6859799140855e-22
    S(4)                     4.226651416944e-18
    S(6)                     0.0013725792602577
    Si                       0.041259337911232
  -pH                        9.2371922663385
  -pe                        -3.8335309124231
  -mu                        0.00010177880155108
  -ah2o                      0.99999677925993
  -mass_water                33386.443499579
  -soln_vol                  33386.443499579
  -total_alkalinity          3.1948600703035
  -activities
    C(-2)                    -30
    C(-3)                    -30
    C(-4)                    -30
    C(2)                     -30
    C(4)                     -4.1370913573089
    Ca                       -6.3118213508168
    Cl(-1)                   -7.3914051527427
    Cl(1)                    -30.005050430876
    Cl(3)                    -30.005050430876
    Cl(5)                    -30.005058699191
    Cl(7)                    -30.005058699191
    E                        3.8335309124231
    Fe(2)                    -6.7561272400139
    Fe(3)                    -30.044755638172
    H(0)                     -29.999989238148
    K                        -4.0358515167094
    Mg                       -7.328461584763
    Na                       -5.991099529853
    Ntg                      -5.547082887137
    O(0)                     -29.999989238148
    S(-2)                    -30.005058699191
    S(2)                     -30.020214006668
    S(3)                     -30.020148183172
    S(4)                     -30.020181041257
    S(5)                     -30.020214006668
    S(6)                     -7.406583787604
    S(7)                     -30.020214006668
    S(8)                     -30.005050430876
    Si                       -5.9747204145348
  -gammas
USE mix none
USE reaction none
USE reaction_temperature none
USE reaction_pressure none
