SOLUTION_RAW                 5 Solution after simulation 3.
  -temp                      27.1953
  -pressure                  252.946
  -potential                 0
  -total_h                   276916.32706331
  -total_o                   210252.51653379
  -cb                        -1.1681322575896e-11
  -density                   1.6416592618958
  -totals
    C(-4)                    1.6627377013823e-15
    C(2)                     2.8897938969001e-11
    C(4)                     35633.434603608
    Ca                       49.959632103544
    Cl(-1)                   31.368658806242
    Fe(2)                    84.051295484513
    Fe(3)                    5.8005791275964e-09
    H(0)                     2.2754953007889e-10
    K                        24.941010097632
    Mg                       100.56619551767
    Na                       31.406497573851
    Ntg                      64.966565888743
    S(-2)                    6.7531875235014e-09
    S(2)                     7.1966459818168e-13
    S(4)                     7.0736376134766e-11
    S(6)                     31.406497567035
    Si                       93.098877368059
  -pH                        4.3822326603374
  -pe                        0.74532963978966
  -mu                        0.29070679810891
  -ah2o                      0.7533324069685
  -mass_water                2489.7173104732
  -soln_vol                  2489.7173104732
  -total_alkalinity          431.32009994829
  -activities
    C(-2)                    -30
    C(-3)                    -30
    C(-4)                    -30
    C(2)                     -30
    C(4)                     -0.9145559571546
    Ca                       -2.2491815215215
    Cl(-1)                   -2.0764894297795
    Cl(1)                    -30.149980432218
    Cl(3)                    -30.149980432218
    Cl(5)                    -30.158845138764
    Cl(7)                    -30.158845138764
    E                        -0.74532963978966
    Fe(2)                    -1.997211207422
    Fe(3)                    -30.947600704171
    H(0)                     -29.970359726089
    K                        -2.172887511437
    Mg                       -1.8996100878653
    Na                       -2.0981004499086
    Ntg                      -1.5543894483546
    O(0)                     -29.970359726089
    S(-2)                    -30.158845138764
    S(2)                     -30.635831830311
    S(3)                     -30.574917077387
    S(4)                     -30.603871805329
    S(5)                     -30.635831830311
    S(6)                     -2.8441627689471
    S(7)                     -30.635831830311
    S(8)                     -30.149980432218
    Si                       -1.4272073159796
  -gammas
USE mix none
USE reaction none
USE reaction_temperature none
USE reaction_pressure none
