SOLUTION_RAW                 5 Solution after simulation 3.
  -temp                      21.4502
  -pressure                  252.962
  -potential                 0
  -total_h                   3289548.4222406
  -total_o                   1644782.6205264
  -cb                        -7.6216376959648e-14
  -density                   1.0000116264283
  -totals
    C(2)                     9.7476654573205e-20
    C(4)                     3.2692197675768
    Ca                       0.020517789694006
    Cl(-1)                   0.0017051261384875
    Fe(2)                    0.010366225366637
    Fe(3)                    2.5686361293504e-12
    H(0)                     5.1749308615803e-11
    K                        3.4226349222992
    Mg                       0.0025246376592482
    Na                       0.043178759642553
    Ntg                      0.10265983816626
    S(4)                     4.7647869815192e-19
    S(6)                     0.0017065542438959
    Si                       0.050191967310653
  -pH                        8.8687911889203
  -pe                        -2.9263796606556
  -mu                        0.00012371246305109
  -ah2o                      0.99999593239902
  -mass_water                29622.024630893
  -soln_vol                  29622.024630893
  -total_alkalinity          3.5275127527579
  -activities
    C(-2)                    -30
    C(-3)                    -30
    C(-4)                    -30
    C(2)                     -30
    C(4)                     -3.9777073314986
    Ca                       -6.1844634058072
    Cl(-1)                   -7.2454541443023
    Cl(1)                    -30.005573956588
    Cl(3)                    -30.005573956588
    Cl(5)                    -30.005584014079
    Cl(7)                    -30.005584014079
    E                        2.9263796606556
    Fe(2)                    -6.5472405059338
    Fe(3)                    -30.049318107435
    H(0)                     -29.999986926763
    K                        -3.942848458739
    Mg                       -7.0927503863381
    Na                       -5.8419905025104
    Ntg                      -5.4602017921753
    O(0)                     -29.999986926763
    S(-2)                    -30.005584014079
    S(2)                     -30.022310853193
    S(3)                     -30.022230826066
    S(4)                     -30.022270767754
    S(5)                     -30.022310853193
    S(6)                     -7.2622303458543
    S(7)                     -30.022310853193
    S(8)                     -30.005573956588
    Si                       -5.8026829955094
  -gammas
USE mix none
USE reaction none
USE reaction_temperature none
USE reaction_pressure none
