SOLUTION_RAW                 5 Solution after simulation 3.
  -temp                      38.2753
  -pressure                  252.931
  -potential                 0
  -total_h                   279936.20218508
  -total_o                   224440.3826946
  -cb                        1.1604939231802e-10
  -density                   1.7497202179886
  -totals
    C(-4)                    2.5978278202318e-13
    C(2)                     3.2212732227174e-10
    C(4)                     41813.165934927
    Ca                       68.703976001326
    Cl(-1)                   42.193957082257
    Fe(2)                    75.411738357788
    Fe(3)                    6.2353274665977e-09
    H(0)                     1.6487997649095e-09
    K                        25.186405845404
    Mg                       280.17353896864
    Na                       42.296838298381
    Ntg                      58.619811577304
    S(-2)                    2.3397906079891e-07
    S(2)                     2.4380015397941e-11
    S(4)                     2.8130736537313e-10
    S(6)                     42.29683806432
    Si                       141.06266099384
  -pH                        4.5171850832279
  -pe                        0.28468606578633
  -mu                        0.49935254766977
  -ah2o                      0.71222092729892
  -mass_water                2513.6893328502
  -soln_vol                  2513.6893328502
  -total_alkalinity          789.27411759393
  -activities
    C(-2)                    -30
    C(-3)                    -30
    C(-4)                    -30
    C(2)                     -30
    C(4)                     -0.67686225466765
    Ca                       -2.1756930290565
    Cl(-1)                   -1.9858151330232
    Cl(1)                    -30.170558244081
    Cl(3)                    -30.170558244081
    Cl(5)                    -30.182876840305
    Cl(7)                    -30.182876840305
    E                        -0.28468606578633
    Fe(2)                    -2.1202980093655
    Fe(3)                    -31.053707226683
    H(0)                     -29.950894478213
    K                        -2.1992950837713
    Mg                       -1.4945413454312
    Na                       -2.0093415774387
    Ntg                      -1.582331929251
    O(0)                     -29.950894478213
    S(-2)                    -30.182876840305
    S(2)                     -30.745244312858
    S(3)                     -30.662632801896
    S(4)                     -30.701585038551
    S(5)                     -30.745244312858
    S(6)                     -3.0500896341237
    S(7)                     -30.745244312858
    S(8)                     -30.170558244081
    Si                       -1.2509028509117
  -gammas
USE mix none
USE reaction none
USE reaction_temperature none
USE reaction_pressure none
