SOLUTION_RAW                 5 Solution after simulation 3.
  -temp                      17.4104
  -pressure                  252.967
  -potential                 0
  -total_h                   4305418.8860359
  -total_o                   2152714.9460023
  -cb                        -2.2517075591241e-09
  -density                   1.0000063557415
  -totals
    C(2)                     9.2386274693849e-21
    C(4)                     2.0123919601772
    Ca                       0.014526354434291
    Cl(-1)                   0.0010420209964562
    Fe(2)                    0.0062248257506478
    Fe(3)                    9.4472400177238e-13
    H(0)                     4.3081919763706e-11
    K                        2.7500564150672
    Mg                       0.00095614646478728
    Na                       0.027181620197248
    Ntg                      0.08561773870943
    S(4)                     1.8974892449401e-19
    S(6)                     0.001042600412257
    Si                       0.03263361889906
  -pH                        9.4544049592032
  -pe                        -3.4559226204625
  -mu                        7.8422870406351e-05
  -ah2o                      0.99999757604668
  -mass_water                38769.844787167
  -soln_vol                  38769.844787167
  -total_alkalinity          2.8175254689956
  -activities
    C(-2)                    -30
    C(-3)                    -30
    C(-4)                    -30
    C(2)                     -30
    C(4)                     -4.3354606977169
    Ca                       -6.447973472942
    Cl(-1)                   -7.5750584885379
    Cl(1)                    -30.004427160265
    Cl(3)                    -30.004427160265
    Cl(5)                    -30.004433524697
    Cl(7)                    -30.004433524697
    E                        3.4559226204625
    Fe(2)                    -6.9849769643822
    Fe(3)                    -30.039305590991
    H(0)                     -29.99999169849
    K                        -4.1535924545685
    Mg                       -7.6274624718559
    Na                       -6.1586837829363
    Ntg                      -5.6559224667579
    O(0)                     -29.99999169849
    S(-2)                    -30.004433524697
    S(2)                     -30.017718029846
    S(3)                     -30.017667332879
    S(4)                     -30.017692645052
    S(5)                     -30.017718029846
    S(6)                     -7.5883476651828
    S(7)                     -30.017718029846
    S(8)                     -30.004427160265
    Si                       -6.1726885040239
  -gammas
USE mix none
USE reaction none
USE reaction_temperature none
USE reaction_pressure none
