SOLUTION_RAW                 5 Solution after simulation 3.
  -temp                      30.1576
  -pressure                  252.922
  -potential                 0
  -total_h                   1512957.3552838
  -total_o                   756501.76820093
  -cb                        2.0657382054923e-12
  -density                   1.0000581616372
  -totals
    C(-4)                    2.0350782035927e-21
    C(2)                     1.0423062437546e-15
    C(4)                     9.8323833580238
    Ca                       0.052243370977682
    Cl(-1)                   0.0065876607142647
    Fe(2)                    0.026186673366936
    Fe(3)                    3.8971429642113e-12
    H(0)                     6.4977652191305e-10
    K                        5.9058308772306
    Mg                       0.019989858476316
    Na                       0.19137856042848
    Ntg                      0.17720682224599
    S(-2)                    4.4217855017931e-18
    S(4)                     2.4677652555093e-16
    S(6)                     0.0065997675329522
    Si                       0.13113110954523
  -pH                        6.5752632463784
  -pe                        -1.2614270448164
  -mu                        0.00047003373231903
  -ah2o                      0.9999795936704
  -mass_water                13623.973145209
  -soln_vol                  13623.973145209
  -total_alkalinity          6.2742620475226
  -activities
    C(-2)                    -30
    C(-3)                    -30
    C(-4)                    -30
    C(2)                     -30
    C(4)                     -3.347592687531
    Ca                       -5.4593195113762
    Cl(-1)                   -6.3265265029276
    Cl(1)                    -30.010868687428
    Cl(3)                    -30.010868687428
    Cl(5)                    -30.010906646708
    Cl(7)                    -30.010906646708
    E                        1.2614270448164
    Fe(2)                    -5.759861277549
    Fe(3)                    -30.094683749252
    H(0)                     -29.999950292448
    K                        -3.3739692199263
    Mg                       -5.8759390336253
    Na                       -4.8635265857365
    Ntg                      -4.8857763378465
    O(0)                     -29.999950292448
    S(-2)                    -30.010906646708
    S(2)                     -30.043533145678
    S(3)                     -30.043232614652
    S(4)                     -30.043382359923
    S(5)                     -30.043533145678
    S(6)                     -6.3600944846199
    S(7)                     -30.043533145678
    S(8)                     -30.010868687428
    Si                       -5.0168256573718
  -gammas
USE mix none
USE reaction none
USE reaction_temperature none
USE reaction_pressure none
