SOLUTION_RAW                 5 Solution after simulation 3.
  -temp                      28.2261
  -pressure                  252.959
  -potential                 0
  -total_h                   2076845.2082414
  -total_o                   1038439.2337781
  -cb                        -8.8049220692277e-12
  -density                   1.0000318576375
  -totals
    C(2)                     6.5949430761069e-20
    C(4)                     6.9506815821015
    Ca                       0.047778631821148
    Cl(-1)                   0.0038466801194441
    Fe(2)                    0.023529521034529
    Fe(3)                    2.5502400826176e-10
    H(0)                     1.0946059183986e-13
    K                        4.8106536715483
    Mg                       0.011576352761094
    Na                       0.10371778581672
    Ntg                      0.13956065919852
    S(4)                     1.2637686371016e-20
    S(6)                     0.0038528679116371
    Si                       0.089294387576513
  -pH                        6.770508336309
  -pe                        0.47918409526131
  -mu                        0.0002765203239311
  -ah2o                      0.99998892008032
  -mass_water                18701.737742376
  -soln_vol                  18701.737742376
  -total_alkalinity          5.0685880529196
  -activities
    C(-2)                    -30
    C(-3)                    -30
    C(-4)                    -30
    C(2)                     -30
    C(4)                     -3.5754694054546
    Ca                       -5.625864741109
    Cl(-1)                   -6.6952090408029
    Cl(1)                    -30.008362962611
    Cl(3)                    -30.008362962611
    Cl(5)                    -30.008385462351
    Cl(7)                    -30.008385462351
    E                        -0.47918409526131
    Fe(2)                    -5.9343714483972
    Fe(3)                    -30.073391085006
    H(0)                     -29.999970776217
    K                        -3.5980866337541
    Mg                       -6.2411485091004
    Na                       -5.2645442834288
    Ntg                      -5.1270912983657
    O(0)                     -29.999970776217
    S(-2)                    -30.008385462351
    S(2)                     -30.033486076545
    S(3)                     -30.033307517851
    S(4)                     -30.03339655861
    S(5)                     -30.033486076545
    S(6)                     -6.7206479115396
    S(7)                     -30.033486076545
    S(8)                     -30.008362962611
    Si                       -5.3213902430853
  -gammas
USE mix none
USE reaction none
USE reaction_temperature none
USE reaction_pressure none
