SOLUTION_RAW                 5 Solution after simulation 3.
  -temp                      7.55881
  -pressure                  252.979
  -potential                 0
  -total_h                   16245833.413895
  -total_o                   8127487.0872978
  -cb                        -2.396821249917e-06
  -density                   1.0012703902264
  -totals
    C(-4)                    1.4975326291065e-18
    C(2)                     2.0749977626513e-17
    C(4)                     1603.3187685544
    Ca                       1.8649398863154
    Cl(-1)                   15.644681421665
    Fe(2)                    0.95325366517643
    Fe(3)                    1.9884681984816e-12
    H(0)                     1.8484733767977e-08
    K                        1493.5900189248
    Mg                       0.054768813034754
    Na                       1189.1095294006
    Ntg                      51.965299397177
    S(-2)                    5.8419943838607e-15
    S(2)                     7.6401499251697e-25
    S(4)                     1.1464715184931e-13
    S(6)                     5.3429923991573
    Si                       5.6567195808986
  -pH                        10.598074443125
  -pe                        -5.7333703145482
  -mu                        0.025421343274036
  -ah2o                      0.99949174270747
  -mass_water                146286.82418472
  -soln_vol                  146286.82418472
  -total_alkalinity          2662.1148092313
  -activities
    C(-2)                    -30
    C(-3)                    -30
    C(-4)                    -30
    C(2)                     -30
    C(4)                     -2.4828956921762
    Ca                       -5.7804141538969
    Cl(-1)                   -4.0391759837613
    Cl(1)                    -30.06490031648
    Cl(3)                    -30.06490031648
    Cl(5)                    -30.066350241883
    Cl(7)                    -30.066350241883
    E                        5.7333703145482
    Fe(2)                    -5.9183705256291
    Fe(3)                    -30.486871397972
    H(0)                     -29.997283431043
    K                        -2.058902352863
    Mg                       -7.1152473577812
    Na                       -2.1578307113236
    Ntg                      -3.4469496435552
    O(0)                     -29.997283431043
    S(-2)                    -30.066350241883
    S(2)                     -30.262536474992
    S(3)                     -30.251655509601
    S(4)                     -30.256981301136
    S(5)                     -30.262536474992
    S(6)                     -4.717791612839
    S(7)                     -30.262536474992
    S(8)                     -30.06490031648
    Si                       -5.1105545110303
  -gammas
USE mix none
USE reaction none
USE reaction_temperature none
USE reaction_pressure none
