SOLUTION_RAW                 5 Solution after simulation 3.
  -temp                      30.1118
  -pressure                  252.943
  -potential                 0
  -total_h                   1599051.3678306
  -total_o                   799546.78046515
  -cb                        -1.517339726087e-11
  -density                   1.0000513352142
  -totals
    C(-4)                    1.4799354280553e-18
    C(2)                     4.5249554446214e-15
    C(4)                     8.8911764154363
    Ca                       0.049244928561316
    Cl(-1)                   0.0060441113627732
    Fe(2)                    0.030447857686265
    Fe(3)                    1.9240473295106e-12
    H(0)                     3.7675000649093e-09
    K                        5.7043667258074
    Mg                       0.019272637182636
    Na                       0.19020629496617
    Ntg                      0.16932043929908
    S(-2)                    2.6682227493248e-15
    S(2)                     9.8726642418292e-24
    S(4)                     1.0582891289317e-15
    S(6)                     0.0060521446209271
    Si                       0.12640536429183
  -pH                        6.6631416244792
  -pe                        -1.7193959908324
  -mu                        0.00043070839986746
  -ah2o                      0.99998205867955
  -mass_water                14399.242932171
  -soln_vol                  14399.242932171
  -total_alkalinity          6.0743554670464
  -activities
    C(-2)                    -30
    C(-3)                    -30
    C(-4)                    -30
    C(2)                     -30
    C(4)                     -3.3853234603177
    Ca                       -5.5072665516662
    Cl(-1)                   -6.387501948797
    Cl(1)                    -30.010416367941
    Cl(3)                    -30.010416367941
    Cl(5)                    -30.01045122524
    Cl(7)                    -30.01045122524
    E                        1.7193959908324
    Fe(2)                    -5.7168118797537
    Fe(3)                    -30.090864032349
    H(0)                     -29.999954451802
    K                        -3.4126199100182
    Mg                       -5.9141221550315
    Na                       -4.889758406342
    Ntg                      -4.9295872014164
    O(0)                     -29.999954451802
    S(-2)                    -30.01045122524
    S(2)                     -30.041718977305
    S(3)                     -30.041442885912
    S(4)                     -30.041580473503
    S(5)                     -30.041718977305
    S(6)                     -6.4197835291499
    S(7)                     -30.041718977305
    S(8)                     -30.010416367941
    Si                       -5.0568520782743
  -gammas
USE mix none
USE reaction none
USE reaction_temperature none
USE reaction_pressure none
