SOLUTION_RAW                 5 Solution after simulation 3.
  -temp                      18.0037
  -pressure                  252.967
  -potential                 0
  -total_h                   4137190.7130682
  -total_o                   2068601.2175837
  -cb                        3.5857299768294e-11
  -density                   1.0000069442989
  -totals
    C(2)                     4.8564415684025e-21
    C(4)                     2.1655502270491
    Ca                       0.015176055399089
    Cl(-1)                   0.0011215942084999
    Fe(2)                    0.0067235489969592
    Fe(3)                    1.6890845087327e-12
    H(0)                     1.8079803672149e-11
    K                        2.8428306981387
    Mg                       0.0011074126652663
    Na                       0.028638608640613
    Ntg                      0.087963234876287
    S(4)                     8.8741253220296e-20
    S(6)                     0.0011222576624809
    Si                       0.034200753658996
  -pH                        9.4092536389062
  -pe                        -3.2246565486651
  -mu                        8.4199500451891e-05
  -ah2o                      0.99999738706739
  -mass_water                37254.966013858
  -soln_vol                  37254.966013858
  -total_alkalinity          2.9141172313343
  -activities
    C(-2)                    -30
    C(-3)                    -30
    C(-4)                    -30
    C(2)                     -30
    C(4)                     -4.2827352576548
    Ca                       -6.41247847688
    Cl(-1)                   -7.5259522233111
    Cl(1)                    -30.004589039506
    Cl(3)                    -30.004589039506
    Cl(5)                    -30.004595874722
    Cl(7)                    -30.004595874722
    E                        3.2246565486651
    Fe(2)                    -6.9266502296134
    Fe(3)                    -30.040723034032
    H(0)                     -29.999991090009
    K                        -4.1220360039001
    Mg                       -7.5470765508021
    Na                       -6.1188629607217
    Ntg                      -5.6268745592933
    O(0)                     -29.999991090009
    S(-2)                    -30.004595874722
    S(2)                     -30.018366259976
    S(3)                     -30.018311821323
    S(4)                     -30.018339000257
    S(5)                     -30.018366259976
    S(6)                     -7.5397313198262
    S(7)                     -30.018366259976
    S(8)                     -30.004589039506
    Si                       -6.1279869342643
  -gammas
USE mix none
USE reaction none
USE reaction_temperature none
USE reaction_pressure none
