SOLUTION_RAW                 5 Solution after simulation 3.
  -temp                      15.1524
  -pressure                  253.093
  -potential                 0
  -total_h                   32636787.594394
  -total_o                   16320039.684686
  -cb                        -1.7034009758277e-09
  -density                   1.0002140011871
  -totals
    C(2)                     1.1013892540675e-20
    C(4)                     665.39723181652
    Ca                       3.4044161552466
    Cl(-1)                   2.2717387325967
    Fe(2)                    10.80979635894
    Fe(3)                    3.9798335151479e-07
    H(0)                     7.1596403738626e-15
    K                        546.32479437361
    Mg                       1.7378525778856
    Na                       2.2727495290187
    Ntg                      28.212382799125
    S(4)                     1.4320143185763e-20
    S(6)                     1.9725576990964
    Si                       10.030191820092
  -pH                        7.2039057760139
  -pe                        1.1002682868589
  -mu                        0.002037172650979
  -ah2o                      0.99992639528632
  -mass_water                293885.84391513
  -soln_vol                  293885.84391513
  -total_alkalinity          574.28482035567
  -activities
    C(-2)                    -30
    C(-3)                    -30
    C(-4)                    -30
    C(2)                     -30
    C(4)                     -2.7310958544026
    Ca                       -5.0206847490576
    Cl(-1)                   -5.133576026142
    Cl(1)                    -30.021419260209
    Cl(3)                    -30.021419260209
    Cl(5)                    -30.02157031166
    Cl(7)                    -30.02157031166
    E                        -1.1002682868589
    Fe(2)                    -4.5188379261834
    Fe(3)                    -30.180799041121
    H(0)                     -29.999784049325
    K                        -2.7524696053185
    Mg                       -5.3102977680173
    Na                       -5.1343714380565
    Ntg                      -4.0175351820036
    O(0)                     -29.999784049325
    S(-2)                    -30.02157031166
    S(2)                     -30.085918943141
    S(3)                     -30.084735475544
    S(4)                     -30.085323109615
    S(5)                     -30.085918943141
    S(6)                     -5.2649703646554
    S(7)                     -30.085918943141
    S(8)                     -30.021419260209
    Si                       -4.467461417087
  -gammas
USE mix none
USE reaction none
USE reaction_temperature none
USE reaction_pressure none
