SOLUTION_RAW                 5 Solution after simulation 3.
  -temp                      26.7579
  -pressure                  252.961
  -potential                 0
  -total_h                   2343554.5637459
  -total_o                   1171791.4437148
  -cb                        -1.1981657853377e-11
  -density                   1.0000247314152
  -totals
    C(-4)                    3.7242606782432e-21
    C(2)                     3.9863805070592e-16
    C(4)                     5.8400987483763
    Ca                       0.039696585080193
    Cl(-1)                   0.0031207593255146
    Fe(2)                    0.019101354251677
    Fe(3)                    1.7948456891465e-12
    H(0)                     1.181333772788e-09
    K                        4.4202790041691
    Mg                       0.0081303459831228
    Na                       0.083346893865142
    Ntg                      0.12834925995759
    S(-2)                    3.3506912644162e-18
    S(4)                     7.6316120046238e-17
    S(6)                     0.0031251373875193
    Si                       0.077544019491488
  -pH                        6.9295702170152
  -pe                        -1.6852308980777
  -mu                        0.00022327104222225
  -ah2o                      0.99999143912728
  -mass_water                21103.432804296
  -soln_vol                  21103.432804296
  -total_alkalinity          4.6281114345774
  -activities
    C(-2)                    -30
    C(-3)                    -30
    C(-4)                    -30
    C(2)                     -30
    C(4)                     -3.6667846089251
    Ca                       -5.7554735130134
    Cl(-1)                   -6.8376438983343
    Cl(1)                    -30.0075107143
    Cl(3)                    -30.0075107143
    Cl(5)                    -30.007528890526
    Cl(7)                    -30.007528890526
    E                        1.6852308980777
    Fe(2)                    -6.0743370695001
    Fe(3)                    -30.066076420098
    H(0)                     -29.999976411445
    K                        -3.6864510677261
    Mg                       -6.4437978715198
    Na                       -5.411101738488
    Ntg                      -5.2159374098096
    O(0)                     -29.999976411445
    S(-2)                    -30.007528890526
    S(2)                     -30.030070413734
    S(3)                     -30.029926050738
    S(4)                     -30.029998058607
    S(5)                     -30.030070413734
    S(6)                     -6.8603958012412
    S(7)                     -30.030070413734
    S(8)                     -30.0075107143
    Si                       -5.4352601653562
  -gammas
USE mix none
USE reaction none
USE reaction_temperature none
USE reaction_pressure none
