SOLUTION_RAW                 5 Solution after simulation 3.
  -temp                      29.5571
  -pressure                  252.958
  -potential                 0
  -total_h                   1517813.6049972
  -total_o                   758929.36142076
  -cb                        -1.4176524017195e-10
  -density                   1.0000570904803
  -totals
    C(-4)                    1.313987484373e-20
    C(2)                     1.4863304648831e-15
    C(4)                     9.5681064966941
    Ca                       0.051889503278675
    Cl(-1)                   0.0065217009254557
    Fe(2)                    0.039427981737129
    Fe(3)                    4.4073637112203e-12
    H(0)                     1.0121177690659e-09
    K                        5.8770022105758
    Mg                       0.022020559277122
    Na                       0.19034706479561
    Ntg                      0.17746164970771
    S(-2)                    2.6905917039727e-17
    S(2)                     1.1743526040169e-25
    S(4)                     3.5444230997399e-16
    S(6)                     0.0065335621581978
    Si                       0.12967832611348
  -pH                        6.6115084393645
  -pe                        -1.3993233838587
  -mu                        0.00046959697265134
  -ah2o                      0.99998000822615
  -mass_water                13667.703193538
  -soln_vol                  13667.703193538
  -total_alkalinity          6.2744365388616
  -activities
    C(-2)                    -30
    C(-3)                    -30
    C(-4)                    -30
    C(2)                     -30
    C(4)                     -3.3489919759533
    Ca                       -5.4635987445658
    Cl(-1)                   -6.3322711287244
    Cl(1)                    -30.01085121236
    Cl(3)                    -30.01085121236
    Cl(5)                    -30.010889082237
    Cl(7)                    -30.010889082237
    E                        1.3993233838587
    Fe(2)                    -5.5834889154451
    Fe(3)                    -30.094533806932
    H(0)                     -29.999950350717
    K                        -3.377468452218
    Mg                       -5.8352457424811
    Na                       -4.8672499211316
    Ntg                      -4.8865440649743
    O(0)                     -29.999950350717
    S(-2)                    -30.010889082237
    S(2)                     -30.043463123467
    S(3)                     -30.043163297943
    S(4)                     -30.04331269207
    S(5)                     -30.043463123467
    S(6)                     -6.3657882133623
    S(7)                     -30.043463123467
    S(8)                     -30.01085121236
    Si                       -5.0230706563448
  -gammas
USE mix none
USE reaction none
USE reaction_temperature none
USE reaction_pressure none
