SOLUTION_RAW                 5 Solution after simulation 3.
  -temp                      32.6626
  -pressure                  253.083
  -potential                 0
  -total_h                   10320160.809652
  -total_o                   5167013.0926623
  -cb                        -2.4960227662518e-08
  -density                   1.001944382592
  -totals
    C(2)                     4.0970119968818e-15
    C(4)                     3251.4443989104
    Ca                       12.581412029225
    Cl(-1)                   7.7036216823285
    Fe(2)                    43.185377085397
    Fe(3)                    1.1918255064279e-07
    H(0)                     2.2865247627824e-11
    K                        468.72323241055
    Mg                       37.573129857891
    Na                       7.7214876507696
    Ntg                      36.459127174934
    S(-2)                    5.1227837603367e-23
    S(4)                     7.4246110131721e-15
    S(6)                     7.7214830690552
    Si                       39.462060456534
  -pH                        5.6759840711285
  -pe                        0.80656051464732
  -mu                        0.0081987299660925
  -ah2o                      0.99928433342475
  -mass_water                92926.249790939
  -soln_vol                  92926.249790939
  -total_alkalinity          639.97797033005
  -activities
    C(-2)                    -30
    C(-3)                    -30
    C(-4)                    -30
    C(2)                     -30
    C(4)                     -2.203553483556
    Ca                       -4.0300201352498
    Cl(-1)                   -4.1245225922314
    Cl(1)                    -30.04164139166
    Cl(3)                    -30.04164139166
    Cl(5)                    -30.042209343566
    Cl(7)                    -30.042209343566
    E                        -0.80656051464732
    Fe(2)                    -3.4919850934927
    Fe(3)                    -30.333007505228
    H(0)                     -29.999133098204
    K                        -2.3402021488307
    Mg                       -3.5498285363657
    Na                       -4.1251409267552
    Ntg                      -3.4055122702473
    O(0)                     -29.999133098204
    S(-2)                    -30.042209343566
    S(2)                     -30.167589088086
    S(3)                     -30.163222682704
    S(4)                     -30.16537712848
    S(5)                     -30.167589088086
    S(6)                     -4.2899716884158
    S(7)                     -30.167589088086
    S(8)                     -30.04164139166
    Si                       -3.3719921802642
  -gammas
USE mix none
USE reaction none
USE reaction_temperature none
USE reaction_pressure none
