SOLUTION_RAW                 5 Solution after simulation 3.
  -temp                      29.2229
  -pressure                  252.958
  -potential                 0
  -total_h                   1668713.0451266
  -total_o                   834377.18202935
  -cb                        -1.6507096037288e-11
  -density                   1.0000480255501
  -totals
    C(-4)                    9.3970703204398e-21
    C(2)                     1.1841148510236e-15
    C(4)                     8.7281328008788
    Ca                       0.050823454040494
    Cl(-1)                   0.0055738911520661
    Fe(2)                    0.033842441894603
    Fe(3)                    3.7772695852337e-12
    H(0)                     1.0361092301882e-09
    K                        5.5492130868836
    Mg                       0.018314217024559
    Na                       0.15896659026039
    Ntg                      0.16514048525538
    S(-2)                    1.6578831972642e-17
    S(4)                     2.6280839814042e-16
    S(6)                     0.005583726267052
    Si                       0.1160831334305
  -pH                        6.6527351063857
  -pe                        -1.428458240655
  -mu                        0.00040110381604924
  -ah2o                      0.99998321568761
  -mass_water                15026.540957762
  -soln_vol                  15026.540957762
  -total_alkalinity          5.8973985593974
  -activities
    C(-2)                    -30
    C(-3)                    -30
    C(-4)                    -30
    C(2)                     -30
    C(4)                     -3.4162764160609
    Ca                       -5.5106165949976
    Cl(-1)                   -6.44081812871
    Cl(1)                    -30.010044755551
    Cl(3)                    -30.010044755551
    Cl(5)                    -30.010077203892
    Cl(7)                    -30.010077203892
    E                        1.428458240655
    Fe(2)                    -5.6879031473603
    Fe(3)                    -30.087715147129
    H(0)                     -29.999957597075
    K                        -3.4427386925906
    Mg                       -5.9533672259698
    Na                       -4.9858132066146
    Ntg                      -4.958965352661
    O(0)                     -29.999957597075
    S(-2)                    -30.010077203892
    S(2)                     -30.040228764491
    S(3)                     -30.039971665241
    S(4)                     -30.040099802944
    S(5)                     -30.040228764491
    S(6)                     -6.4716917978073
    S(7)                     -30.040228764491
    S(8)                     -30.010044755551
    Si                       -5.1123530715199
  -gammas
USE mix none
USE reaction none
USE reaction_temperature none
USE reaction_pressure none
