SOLUTION_RAW                 5 Solution after simulation 3.
  -temp                      21.754
  -pressure                  252.962
  -potential                 0
  -total_h                   3224609.492958
  -total_o                   1612313.4215069
  -cb                        4.2710188684347e-12
  -density                   1.0000121636625
  -totals
    C(-4)                    3.2140055375987e-25
    C(2)                     8.3760265227231e-19
    C(4)                     3.3858268483892
    Ca                       0.021209962264651
    Cl(-1)                   0.0017677434315119
    Fe(2)                    0.010755627717575
    Fe(3)                    1.1235366809305e-12
    H(0)                     3.2560781965461e-10
    K                        3.4767949994082
    Mg                       0.0027085129654377
    Na                       0.044835127326863
    Ntg                      0.10403826171732
    S(-2)                    1.0819484804477e-22
    S(4)                     3.1799102016046e-18
    S(6)                     0.0017692658864884
    Si                       0.05173057678167
  -pH                        8.759845114688
  -pe                        -3.2180031253703
  -mu                        0.00012764162348589
  -ah2o                      0.99999576790381
  -mass_water                29037.255210155
  -soln_vol                  29037.255210155
  -total_alkalinity          3.5856720574227
  -activities
    C(-2)                    -30
    C(-3)                    -30
    C(-4)                    -30
    C(2)                     -30
    C(4)                     -3.9514012347915
    Ca                       -6.1612869680427
    Cl(-1)                   -7.2212217857432
    Cl(1)                    -30.005662767159
    Cl(3)                    -30.005662767159
    Cl(5)                    -30.00567314531
    Cl(7)                    -30.00567314531
    E                        3.2180031253703
    Fe(2)                    -6.5096812979605
    Fe(3)                    -30.05009070107
    H(0)                     -29.999986512552
    K                        -3.9274602392451
    Mg                       -7.0536851197559
    Na                       -5.8170752601388
    Ntg                      -5.4457497101278
    O(0)                     -29.999986512552
    S(-2)                    -30.00567314531
    S(2)                     -30.022666589498
    S(3)                     -30.022584017867
    S(4)                     -30.022625228363
    S(5)                     -30.022666589498
    S(6)                     -7.2382708240307
    S(7)                     -30.022666589498
    S(8)                     -30.005662767159
    Si                       -5.7743338754019
  -gammas
USE mix none
USE reaction none
USE reaction_temperature none
USE reaction_pressure none
