SOLUTION_RAW                 5 Solution after simulation 3.
  -temp                      66.6176
  -pressure                  253
  -potential                 0
  -total_h                   1426648.9712384
  -total_o                   742517.69323914
  -cb                        -4.5904815948461e-08
  -density                   1.0531526231644
  -totals
    C(-4)                    7.7919681862104e-11
    C(2)                     4.1037803302904e-09
    C(4)                     13922.357289743
    Ca                       24.369677794465
    Cl(-1)                   30.118077498448
    Fe(2)                    56.212269438155
    Fe(3)                    1.2582183093991e-08
    H(0)                     4.2316227794703e-07
    K                        117.35272062985
    Mg                       629.55255711939
    Na                       30.888739117935
    Ntg                      39.333502606908
    S(-2)                    2.6916156304438e-06
    S(2)                     2.5670782456457e-11
    S(4)                     1.5823336351794e-09
    S(6)                     30.888736512391
    Si                       243.31532739747
  -pH                        5.2031274027493
  -pe                        -0.96366895206749
  -mu                        0.17207731845549
  -ah2o                      0.98000066850256
  -mass_water                12833.541910661
  -soln_vol                  12833.541910661
  -total_alkalinity          1476.6149179839
  -activities
    C(-2)                    -30
    C(-3)                    -30
    C(-4)                    -30
    C(2)                     -30
    C(4)                     -1.0800360241799
    Ca                       -3.2204574128438
    Cl(-1)                   -2.7922714950292
    Cl(1)                    -30.140312759722
    Cl(3)                    -30.140312759722
    Cl(5)                    -30.147238779806
    Cl(7)                    -30.147238779806
    E                        0.96366895206749
    Fe(2)                    -2.8532290926101
    Fe(3)                    -30.912185870176
    H(0)                     -29.981811495972
    K                        -2.1943128317796
    Mg                       -1.7550444848033
    Na                       -2.7765635551211
    Ntg                      -2.4963761797809
    O(0)                     -29.981811495972
    S(-2)                    -30.147238779806
    S(2)                     -30.584049890447
    S(3)                     -30.535466503725
    S(4)                     -30.558718136737
    S(5)                     -30.584049890447
    S(6)                     -3.8855478843041
    S(7)                     -30.584049890447
    S(8)                     -30.140312759722
    Si                       -1.7222157183698
  -gammas
USE mix none
USE reaction none
USE reaction_temperature none
USE reaction_pressure none
