SOLUTION_RAW                 5 Solution after simulation 3.
  -temp                      20.0926
  -pressure                  252.964
  -potential                 0
  -total_h                   3598349.6778868
  -total_o                   1799182.1454141
  -cb                        6.8828073015309e-11
  -density                   1.0000094934851
  -totals
    C(2)                     8.4208148859656e-20
    C(4)                     2.7880200938632
    Ca                       0.017921977855541
    Cl(-1)                   0.0014486078326573
    Fe(2)                    0.0087679684642963
    Fe(3)                    1.145191627543e-12
    H(0)                     1.1826601002951e-10
    K                        3.1862786845116
    Mg                       0.0018352189918417
    Na                       0.036465182486807
    Ntg                      0.09665651430588
    S(-2)                    6.5614932806516e-25
    S(4)                     8.4827776988565e-19
    S(6)                     0.0014496635409534
    Si                       0.043454360878813
  -pH                        9.1714760558755
  -pe                        -3.403186299803
  -mu                        0.00010700159658632
  -ah2o                      0.99999658765203
  -mass_water                32402.752440869
  -soln_vol                  32402.752440869
  -total_alkalinity          3.2754462626395
  -activities
    C(-2)                    -30
    C(-3)                    -30
    C(-4)                    -30
    C(2)                     -30
    C(4)                     -4.0972208630199
    Ca                       -6.2818568211718
    Cl(-1)                   -7.3548297286307
    Cl(1)                    -30.005179762505
    Cl(3)                    -30.005179762505
    Cl(5)                    -30.005188456726
    Cl(7)                    -30.005188456726
    E                        3.403186299803
    Fe(2)                    -6.7064620549869
    Fe(3)                    -30.045884047805
    H(0)                     -29.999988687872
    K                        -4.0124954714838
    Mg                       -7.269302903658
    Na                       -5.9539415713396
    Ntg                      -5.525340073355
    O(0)                     -29.999988687872
    S(-2)                    -30.005188456726
    S(2)                     -30.020731984283
    S(3)                     -30.020662778707
    S(4)                     -30.020697323657
    S(5)                     -30.020731984283
    S(6)                     -7.3704036616243
    S(7)                     -30.020731984283
    S(8)                     -30.005179762505
    Si                       -5.9313229308525
  -gammas
USE mix none
USE reaction none
USE reaction_temperature none
USE reaction_pressure none
