SOLUTION_RAW                 5 Solution after simulation 3.
  -temp                      14.0958
  -pressure                  252.908
  -potential                 0
  -total_h                   2444593.2121548
  -total_o                   1228890.4427706
  -cb                        -5.7195137515009e-10
  -density                   1.0073516977571
  -totals
    C(-4)                    8.5133651894077e-14
    C(2)                     2.7990080550022e-12
    C(4)                     3143.530882954
    Ca                       21.105858935172
    Cl(-1)                   14.072943225177
    Fe(2)                    55.582896556284
    Fe(3)                    6.4023166373332e-10
    H(0)                     4.462319691609e-09
    K                        185.81025186329
    Mg                       11.45572241312
    Na                       14.079012506202
    Ntg                      58.757681097587
    S(-2)                    6.7210305821315e-08
    S(2)                     3.9830360056814e-13
    S(4)                     1.5469945672613e-11
    S(6)                     14.079012440129
    Si                       41.742625858192
  -pH                        5.4491238826358
  -pe                        -0.61724794269623
  -mu                        0.021507241263219
  -ah2o                      0.99725148040879
  -mass_water                22010.308786912
  -soln_vol                  22010.308786913
  -total_alkalinity          333.94725207439
  -activities
    C(-2)                    -30
    C(-3)                    -30
    C(-4)                    -30
    C(2)                     -30
    C(4)                     -1.8803505597686
    Ca                       -3.2578095175874
    Cl(-1)                   -3.2586828789416
    Cl(1)                    -30.061131692914
    Cl(3)                    -30.061131692914
    Cl(5)                    -30.062405150668
    Cl(7)                    -30.062405150668
    E                        0.61724794269623
    Fe(2)                    -2.8264035444315
    Fe(3)                    -30.463486253903
    H(0)                     -29.997721070416
    K                        -2.138376706582
    Mg                       -3.5134507212164
    Na                       -3.2638907854721
    Ntg                      -2.5714107634727
    O(0)                     -29.997721070416
    S(-2)                    -30.062405150668
    S(2)                     -30.247070809468
    S(3)                     -30.237474646295
    S(4)                     -30.242178035891
    S(5)                     -30.247070809468
    S(6)                     -3.4875618357399
    S(7)                     -30.247070809468
    S(8)                     -30.061131692914
    Si                       -2.7220576373272
  -gammas
USE mix none
USE reaction none
USE reaction_temperature none
USE reaction_pressure none
