SOLUTION_RAW                 5 Solution after simulation 3.
  -temp                      69.1863
  -pressure                  252.773
  -potential                 0
  -total_h                   2484263.2513663
  -total_o                   1269895.0756588
  -cb                        7.2060609923597e-07
  -density                   1.0293555225575
  -totals
    C(-4)                    7.058564735897e-11
    C(2)                     4.4814666061498e-09
    C(4)                     13150.496101081
    Ca                       26.769144276223
    Cl(-1)                   45.496882189658
    Fe(2)                    53.49692139604
    Fe(3)                    1.3382875426891e-08
    H(0)                     8.8439238198291e-07
    K                        189.63469213491
    Mg                       678.40724138132
    Na                       46.592389114345
    Ntg                      36.242716172315
    S(-2)                    3.3872803533349e-06
    S(2)                     3.1031109163299e-11
    S(4)                     2.930158617758e-09
    S(6)                     46.592385860486
    Si                       234.32111661398
  -pH                        5.2981240164641
  -pe                        -1.0711908016243
  -mu                        0.10791198927405
  -ah2o                      0.9889966314016
  -mass_water                22356.007161701
  -soln_vol                  22356.007161701
  -total_alkalinity          1614.8920407327
  -activities
    C(-2)                    -35.628896821444
    C(-3)                    -31.461256173335
    C(-4)                    -14.50069150715
    C(2)                     -12.697977492757
    C(4)                     -1.2643372530399
    Ca                       -3.3644921479531
    Cl(-1)                   -2.8300548270586
    Cl(1)                    -45.62375392825
    Cl(3)                    -81.674221298517
    Cl(5)                    -105.64757599366
    Cl(7)                    -133.65359430031
    E                        1.0711908016243
    Fe(2)                    -3.0582947342896
    Fe(3)                    -16.665058384356
    H(0)                     -10.692078311668
    K                        -2.2052603538154
    Mg                       -1.9265762644509
    Na                       -2.8152460868257
    Ntg                      -2.7793823031733
    O(0)                     -58.185029757906
    S(-2)                    -11.145065677721
    S(2)                     -15.662965650835
    S(3)                     -32.104745785279
    S(4)                     -15.264269263491
    S(5)                     -30.977677037164
    S(6)                     -3.8220521524026
    S(7)                     -65.259446617697
    S(8)                     -52.218307897434
    Si                       -1.9796324164203
  -gammas
USE mix none
USE reaction none
USE reaction_temperature none
USE reaction_pressure none
