SOLUTION_RAW                 5 Solution after simulation 3.
  -temp                      31.3669
  -pressure                  252.92
  -potential                 0
  -total_h                   53159.851463607
  -total_o                   26670.761849883
  -cb                        -3.8639616506408e-10
  -density                   1.0047723956727
  -totals
    C(-4)                    1.9875960783489e-14
    C(2)                     3.7325632633345e-13
    C(4)                     42.787073620372
    Ca                       0.19794479582117
    Cl(-1)                   0.11826233663263
    Fe(2)                    0.50440462522856
    Fe(3)                    1.5034145635689e-11
    H(0)                     7.7689476041862e-10
    K                        3.7914265084967
    Mg                       0.4138023896837
    Na                       0.62906127109079
    Ntg                      0.74667785353935
    S(-2)                    3.9710975496483e-09
    S(2)                     1.1202159609004e-14
    S(4)                     9.268476555348e-13
    S(6)                     0.11850574641651
    Si                       0.8195945399391
  -pH                        5.5138853751205
  -pe                        -0.95454761963772
  -mu                        0.016342336046927
  -ah2o                      0.99822046703968
  -mass_water                478.64241281872
  -soln_vol                  478.64241281872
  -total_alkalinity          6.2975175719883
  -activities
    C(-2)                    -30
    C(-3)                    -30
    C(-4)                    -30
    C(2)                     -30
    C(4)                     -1.9372851723564
    Ca                       -3.5994352657637
    Cl(-1)                   -3.6658410861424
    Cl(1)                    -30.055960482496
    Cl(3)                    -30.055960482496
    Cl(5)                    -30.057001070897
    Cl(7)                    -30.057001070897
    E                        0.95454761963772
    Fe(2)                    -3.1879599521027
    Fe(3)                    -30.431163157358
    H(0)                     -29.99827569338
    K                        -2.1597475098591
    Mg                       -3.2715158138023
    Na                       -2.9428683139126
    Ntg                      -2.8052436751499
    O(0)                     -29.99827569338
    S(-2)                    -30.057001070897
    S(2)                     -30.225877009321
    S(3)                     -30.217987166857
    S(4)                     -30.221862179405
    S(5)                     -30.225877009321
    S(6)                     -3.8976438535745
    S(7)                     -30.225877009321
    S(8)                     -30.055960482496
    Si                       -2.7664358516957
  -gammas
USE mix none
USE reaction none
USE reaction_temperature none
USE reaction_pressure none
