SOLUTION_RAW                 5 Solution after simulation 3.
  -temp                      77.8943
  -pressure                  252.94
  -potential                 0
  -total_h                   904720.38160783
  -total_o                   491547.29762317
  -cb                        1.1700540980542e-08
  -density                   1.110759711179
  -totals
    C(-4)                    1.6362546542617e-10
    C(2)                     1.4533565568923e-08
    C(4)                     18895.622109504
    Ca                       27.554105442916
    Cl(-1)                   41.523392746835
    Fe(2)                    59.808172992908
    Fe(3)                    2.3711756072209e-08
    H(0)                     5.8057494426554e-07
    K                        77.525020778958
    Mg                       612.05594970795
    Na                       43.551977933196
    Ntg                      39.994133865602
    S(-2)                    7.0732012823976e-06
    S(2)                     1.2024999575227e-10
    S(4)                     4.9541270893053e-09
    S(5)                     1.4265780044603e-25
    S(6)                     43.551970844882
    Si                       263.00584593025
  -pH                        5.0276132287805
  -pe                        -0.85710898489676
  -mu                        0.25933707888939
  -ah2o                      0.95806898970682
  -mass_water                8134.395622755
  -soln_vol                  8134.395622755
  -total_alkalinity          1391.2861205651
  -activities
    C(-2)                    -30
    C(-3)                    -30
    C(-4)                    -30
    C(2)                     -30
    C(4)                     -0.92818413019566
    Ca                       -3.0358161823728
    Cl(-1)                   -2.4837822232593
    Cl(1)                    -30.160369565401
    Cl(3)                    -30.160369565401
    Cl(5)                    -30.169605641978
    Cl(7)                    -30.169605641978
    E                        0.85710898489676
    Fe(2)                    -2.6941988475685
    Fe(3)                    -31.013684484792
    H(0)                     -29.972740553652
    K                        -2.2016761657792
    Mg                       -1.6284347763907
    Na                       -2.4515583941246
    Ntg                      -2.282395287038
    O(0)                     -29.972740553652
    S(-2)                    -30.169605641978
    S(2)                     -30.676320861925
    S(3)                     -30.612684651522
    S(4)                     -30.642959751611
    S(5)                     -30.676320861925
    S(6)                     -3.7731762520048
    S(7)                     -30.676320861925
    S(8)                     -30.160369565401
    Si                       -1.4903953444625
  -gammas
USE mix none
USE reaction none
USE reaction_temperature none
USE reaction_pressure none
