SOLUTION_RAW                 5 Solution after simulation 3.
  -temp                      9.14586
  -pressure                  252.978
  -potential                 0
  -total_h                   15296760.505267
  -total_o                   7652512.2117344
  -cb                        -1.7958620484038e-06
  -density                   1.0012257033678
  -totals
    C(4)                     1454.1691960406
    Ca                       1.7963194801136
    Cl(-1)                   13.86758086358
    Fe(2)                    0.95323779330156
    Fe(3)                    2.0887984322878e-07
    H(0)                     2.2507558770531e-18
    K                        1406.3352695268
    Mg                       0.062379347520029
    Na                       1001.7296581547
    Ntg                      47.528328461451
    S(4)                     1.1407697765985e-23
    S(6)                     4.1677043997015
    Si                       5.6034921065669
  -pH                        10.552141248115
  -pe                        -0.72619860001433
  -mu                        0.024128817396029
  -ah2o                      0.99951332475058
  -mass_water                137740.77763793
  -soln_vol                  137740.77763793
  -total_alkalinity          2391.4858132652
  -activities
    C(-2)                    -30
    C(-3)                    -30
    C(-4)                    -30
    C(2)                     -30
    C(4)                     -2.4771382144047
    Ca                       -5.7656940237183
    Cl(-1)                   -4.0640166263886
    Cl(1)                    -30.063670074401
    Cl(3)                    -30.063670074401
    Cl(5)                    -30.065061653982
    Cl(7)                    -30.065061653982
    E                        0.72619860001433
    Fe(2)                    -5.8980812562038
    Fe(3)                    -30.479252507661
    H(0)                     -29.9974277999
    K                        -2.0575414249669
    Mg                       -7.0235547576599
    Na                       -2.2049103983701
    Ntg                      -3.4596971080709
    O(0)                     -29.9974277999
    S(-2)                    -30.065061653982
    S(2)                     -30.257482818022
    S(3)                     -30.247025908828
    S(4)                     -30.252146393539
    S(5)                     -30.257482818022
    S(6)                     -4.7947864533227
    S(7)                     -30.257482818022
    S(8)                     -30.063670074401
    Si                       -5.0577484120006
  -gammas
USE mix none
USE reaction none
USE reaction_temperature none
USE reaction_pressure none
