SOLUTION_RAW                 5 Solution after simulation 3.
  -temp                      41.3111
  -pressure                  253.072
  -potential                 0
  -total_h                   6315883.1543719
  -total_o                   3169089.2937648
  -cb                        -7.5838119784066e-08
  -density                   1.0048059582803
  -totals
    C(-4)                    2.9652632553732e-14
    C(2)                     3.6359806032641e-11
    C(4)                     5302.3986048946
    Ca                       20.653016970145
    Cl(-1)                   12.391124315683
    Fe(2)                    47.824968991343
    Fe(3)                    4.9162004647865e-09
    H(0)                     6.3416839911822e-08
    K                        367.15419954004
    Mg                       120.27558005461
    Na                       12.448101860617
    Ntg                      37.871743923016
    S(-2)                    4.5002051595798e-09
    S(2)                     1.076501121198e-14
    S(4)                     6.9028191641906e-11
    S(6)                     12.448101881456
    Si                       66.607954685982
  -pH                        5.437406081052
  -pe                        -0.696953675405
  -mu                        0.016626967966944
  -ah2o                      0.99820731350276
  -mass_water                56867.410790358
  -soln_vol                  56867.410790358
  -total_alkalinity          719.82210543488
  -activities
    C(-2)                    -30
    C(-3)                    -30
    C(-4)                    -30
    C(2)                     -30
    C(4)                     -1.9550430035597
    Ca                       -3.6601337447838
    Cl(-1)                   -3.7221276199279
    Cl(1)                    -30.057411882817
    Cl(3)                    -30.057411882817
    Cl(5)                    -30.058492330222
    Cl(7)                    -30.058492330222
    E                        0.696953675405
    Fe(2)                    -3.2912783432889
    Fe(3)                    -30.441603745348
    H(0)                     -29.99823225085
    K                        -2.2499890140585
    Mg                       -2.8873295379427
    Na                       -3.7216520334109
    Ntg                      -3.1748854541693
    O(0)                     -29.99823225085
    S(-2)                    -30.058492330222
    S(2)                     -30.23175773732
    S(3)                     -30.223570780281
    S(4)                     -30.227590883409
    S(5)                     -30.23175773732
    S(6)                     -4.0274646156218
    S(7)                     -30.23175773732
    S(8)                     -30.057411882817
    Si                       -2.9313638886729
  -gammas
USE mix none
USE reaction none
USE reaction_temperature none
USE reaction_pressure none
