SOLUTION_RAW                 5 Solution after simulation 3.
  -temp                      59.3262
  -pressure                  252.824
  -potential                 0
  -total_h                   2472572.5720466
  -total_o                   1261611.3027976
  -cb                        3.150985357081e-07
  -density                   1.0270347369184
  -totals
    C(-4)                    2.3218095025858e-11
    C(2)                     1.5152234351073e-09
    C(4)                     11972.838948923
    Ca                       24.366541557593
    Cl(-1)                   43.000501318038
    Fe(2)                    52.941765190356
    Fe(3)                    8.6438998911587e-09
    H(0)                     3.6069803554181e-07
    K                        188.51921129063
    Mg                       671.84283966259
    Na                       43.503081004501
    Ntg                      37.314670973735
    S(-2)                    1.288502877922e-06
    S(2)                     1.2216327758165e-11
    S(4)                     1.1710241881835e-09
    S(6)                     43.503079722551
    Si                       202.58380352814
  -pH                        5.3369849735107
  -pe                        -1.0083064386796
  -mu                        0.10758116528023
  -ah2o                      0.98987934736514
  -mass_water                22250.864260368
  -soln_vol                  22250.864260368
  -total_alkalinity          1600.3179240443
  -activities
    C(-2)                    -30
    C(-3)                    -30
    C(-4)                    -30
    C(2)                     -30
    C(4)                     -1.2634604517373
    Ca                       -3.3939120386276
    Cl(-1)                   -2.8490570378878
    Cl(1)                    -30.119718725142
    Cl(3)                    -30.119718725142
    Cl(5)                    -30.124650400835
    Cl(7)                    -30.124650400835
    E                        1.0083064386796
    Fe(2)                    -3.0511142201183
    Fe(3)                    -30.806028778443
    H(0)                     -29.988552391485
    K                        -2.2027368923463
    Mg                       -1.9178128899954
    Na                       -2.8424013153068
    Ntg                      -2.7647091513011
    O(0)                     -29.988552391485
    S(-2)                    -30.124650400835
    S(2)                     -30.492993668519
    S(3)                     -30.457733009483
    S(4)                     -30.474715873462
    S(5)                     -30.492993668519
    S(6)                     -3.7645706772568
    S(7)                     -30.492993668519
    S(8)                     -30.119718725142
    Si                       -2.0407839538506
  -gammas
USE mix none
USE reaction none
USE reaction_temperature none
USE reaction_pressure none
