SOLUTION_RAW                 5 Solution after simulation 3.
  -temp                      29.6258
  -pressure                  252.923
  -potential                 0
  -total_h                   1877105.9776408
  -total_o                   938571.7495745
  -cb                        1.4123060360083e-12
  -density                   1.0000390212971
  -totals
    C(-4)                    2.3448109567682e-20
    C(2)                     1.392954734931e-15
    C(4)                     7.908640612255
    Ca                       0.049546573562689
    Cl(-1)                   0.0045967992413217
    Fe(2)                    0.017812168209866
    Fe(3)                    1.7944327798944e-12
    H(0)                     1.5628096309095e-09
    K                        5.1638638469018
    Mg                       0.013132565865772
    Na                       0.12717467927451
    Ntg                      0.14972730813098
    S(-2)                    3.5777393206488e-17
    S(4)                     2.8033676337804e-16
    S(6)                     0.0046048266690664
    Si                       0.10297311236058
  -pH                        6.6757657695923
  -pe                        -1.5110754192205
  -mu                        0.00032786295411461
  -ah2o                      0.99998637559781
  -mass_water                16903.102605992
  -soln_vol                  16903.102605992
  -total_alkalinity          5.4382146888739
  -activities
    C(-2)                    -30
    C(-3)                    -30
    C(-4)                    -30
    C(2)                     -30
    C(4)                     -3.5016460088716
    Ca                       -5.5691123664075
    Cl(-1)                   -6.5746829775417
    Cl(1)                    -30.009112509894
    Cl(3)                    -30.009112509894
    Cl(5)                    -30.009139182534
    Cl(7)                    -30.009139182534
    E                        1.5110754192205
    Fe(2)                    -6.014180550398
    Fe(3)                    -30.079795333462
    H(0)                     -29.999965334132
    K                        -3.524158555547
    Mg                       -6.145338669827
    Na                       -5.132854237827
    Ntg                      -5.0526326247514
    O(0)                     -29.999965334132
    S(-2)                    -30.009139182534
    S(2)                     -30.036490730712
    S(3)                     -30.036279204271
    S(4)                     -30.036384660175
    S(5)                     -30.036490730712
    S(6)                     -6.6025084652696
    S(7)                     -30.036490730712
    S(8)                     -30.009112509894
    Si                       -5.2155232086761
  -gammas
USE mix none
USE reaction none
USE reaction_temperature none
USE reaction_pressure none
