SOLUTION_RAW                 5 Solution after simulation 3.
  -temp                      8.09558
  -pressure                  252.979
  -potential                 0
  -total_h                   15922749.256592
  -total_o                   7965796.5768356
  -cb                        -1.1690009275256e-05
  -density                   1.0012559484661
  -totals
    C(4)                     1552.9454438004
    Ca                       1.841761529184
    Cl(-1)                   15.040008089765
    Fe(2)                    0.95325271533977
    Fe(3)                    1.4533479023445e-07
    H(0)                     3.8304188029666e-18
    K                        1463.886576483
    Mg                       0.057167117769863
    Na                       1125.363023911
    Ntg                      50.427696372903
    S(4)                     2.2323352432612e-23
    S(6)                     4.9432083339291
    Si                       5.6355216770813
  -pH                        10.582238335895
  -pe                        -0.87433412208552
  -mu                        0.024996427559992
  -ah2o                      0.99949875284224
  -mass_water                143377.5654527
  -soln_vol                  143377.5654527
  -total_alkalinity          2570.0275501963
  -activities
    C(-2)                    -30
    C(-3)                    -30
    C(-4)                    -30
    C(2)                     -30
    C(4)                     -2.4804197716999
    Ca                       -5.7757275841833
    Cl(-1)                   -4.0471239153168
    Cl(1)                    -30.064503111409
    Cl(3)                    -30.064503111409
    Cl(5)                    -30.065934013532
    Cl(7)                    -30.065934013532
    E                        0.87433412208552
    Fe(2)                    -5.9114914542107
    Fe(3)                    -30.484419639406
    H(0)                     -29.997331106033
    K                        -2.0584625712796
    Mg                       -7.0850638038739
    Na                       -2.1726344600117
    Ntg                      -3.4513124297819
    O(0)                     -29.997331106033
    S(-2)                    -30.065934013532
    S(2)                     -30.260904391533
    S(3)                     -30.250161585132
    S(4)                     -30.255420503681
    S(5)                     -30.260904391533
    S(6)                     -4.7413096357137
    S(7)                     -30.260904391533
    S(8)                     -30.064503111409
    Si                       -5.0928633488531
  -gammas
USE mix none
USE reaction none
USE reaction_temperature none
USE reaction_pressure none
