SOLUTION_RAW                 5 Solution after simulation 3.
  -temp                      17.1143
  -pressure                  252.966
  -potential                 0
  -total_h                   4392076.1886797
  -total_o                   2196043.4262779
  -cb                        -2.9007319554165e-09
  -density                   1.0000060810058
  -totals
    C(2)                     1.8582943574481e-25
    C(4)                     1.9395119518483
    Ca                       0.014219689111077
    Cl(-1)                   0.0010043253405916
    Fe(2)                    0.0059883789315465
    Fe(3)                    1.8579208025636e-10
    H(0)                     9.6435490096193e-16
    K                        2.7046420432692
    Mg                       0.00088811424738122
    Na                       0.026463285097491
    Ntg                      0.08447002573619
    S(4)                     4.0233543080727e-24
    S(6)                     0.0010048671608412
    Si                       0.031876410293462
  -pH                        9.4745628014283
  -pe                        -1.1498311436424
  -mu                        7.5657054450863e-05
  -ah2o                      0.99999766503649
  -mass_water                39550.185551622
  -soln_vol                  39550.185551622
  -total_alkalinity          2.7702836363709
  -activities
    C(-2)                    -30
    C(-3)                    -30
    C(-4)                    -30
    C(2)                     -30
    C(4)                     -4.3617843976721
    Ca                       -6.4654723016978
    Cl(-1)                   -7.5996349069368
    Cl(1)                    -30.004347560601
    Cl(3)                    -30.004347560601
    Cl(5)                    -30.004353699649
    Cl(7)                    -30.004353699649
    E                        1.1498311436424
    Fe(2)                    -7.0135359471966
    Fe(3)                    -30.038608104135
    H(0)                     -29.999991989829
    K                        -4.1693986696069
    Mg                       -7.667813464933
    Na                       -6.1788884777215
    Ntg                      -5.6704383331439
    O(0)                     -29.999991989829
    S(-2)                    -30.004353699649
    S(2)                     -30.017399290385
    S(3)                     -30.017350385037
    S(4)                     -30.017374803303
    S(5)                     -30.017399290385
    S(6)                     -7.6126831913115
    S(7)                     -30.017399290385
    S(8)                     -30.004347560601
    Si                       -6.1947256004439
  -gammas
USE mix none
USE reaction none
USE reaction_temperature none
USE reaction_pressure none
