SOLUTION_RAW                 5 Solution after simulation 3.
  -temp                      22.5174
  -pressure                  252.96
  -potential                 0
  -total_h                   3067774.0813591
  -total_o                   1533896.415075
  -cb                        -1.0333501784289e-09
  -density                   1.0000136171243
  -totals
    C(2)                     6.2128210097484e-22
    C(4)                     3.6940163667791
    Ca                       0.023158426098573
    Cl(-1)                   0.001934071272215
    Fe(2)                    0.01178868721468
    Fe(3)                    9.2950216935695e-11
    H(0)                     7.5753715993716e-14
    K                        3.6148071570594
    Mg                       0.00322622518189
    Na                       0.0492589898288
    Ntg                      0.10755790139515
    S(4)                     8.8414858596985e-22
    S(6)                     0.001935869600978
    Si                       0.055657841680188
  -pH                        8.3194679088513
  -pe                        -0.96388904392317
  -mu                        0.00013800995587453
  -ah2o                      0.99999531688764
  -mass_water                27624.965792621
  -soln_vol                  27624.965792621
  -total_alkalinity          3.7346070145307
  -activities
    C(-2)                    -30
    C(-3)                    -30
    C(-4)                    -30
    C(2)                     -30
    C(4)                     -3.8885189266325
    Ca                       -6.1010235969219
    Cl(-1)                   -7.1607446603284
    Cl(1)                    -30.005890767164
    Cl(3)                    -30.005890767164
    Cl(5)                    -30.005901991401
    Cl(7)                    -30.005901991401
    E                        0.96388904392317
    Fe(2)                    -6.4155390766555
    Fe(3)                    -30.052072314391
    H(0)                     -29.999985419203
    K                        -3.8891301046521
    Mg                       -6.9563198485459
    Na                       -5.7547910486229
    Ntg                      -5.4096456279786
    O(0)                     -29.999985419203
    S(-2)                    -30.005901991401
    S(2)                     -30.02357989581
    S(3)                     -30.0234906118
    S(4)                     -30.023535169147
    S(5)                     -30.02357989581
    S(6)                     -7.1784930427993
    S(7)                     -30.02357989581
    S(8)                     -30.005890767164
    Si                       -5.705308695643
  -gammas
USE mix none
USE reaction none
USE reaction_temperature none
USE reaction_pressure none
