SOLUTION_RAW                 5 Solution after simulation 3.
  -temp                      61.9259
  -pressure                  252.812
  -potential                 0
  -total_h                   2475566.6313592
  -total_o                   1263862.8202275
  -cb                        4.1197398914505e-07
  -density                   1.0278335554016
  -totals
    C(-4)                    4.1476870128623e-11
    C(2)                     2.1702747743329e-09
    C(4)                     12302.481214685
    Ca                       24.984503893468
    Cl(-1)                   43.74428850515
    Fe(2)                    53.083569512874
    Fe(3)                    9.4189467171545e-09
    H(0)                     4.9195988164267e-07
    K                        188.79944548451
    Mg                       710.19359108905
    Na                       44.362779654457
    Ntg                      36.949954475982
    S(-2)                    1.9741635597992e-06
    S(2)                     1.8201954930679e-11
    S(4)                     1.4970698450458e-09
    S(6)                     44.362777689396
    Si                       229.24158430128
  -pH                        5.3443969500497
  -pe                        -1.0586312083995
  -mu                        0.11254941618135
  -ah2o                      0.98958886622084
  -mass_water                22277.134420724
  -soln_vol                  22277.134420724
  -total_alkalinity          1677.2157098402
  -activities
    C(-2)                    -30
    C(-3)                    -30
    C(-4)                    -30
    C(2)                     -30
    C(4)                     -1.2460254176724
    Ca                       -3.3912962584919
    Cl(-1)                   -2.8452421044639
    Cl(1)                    -30.122135686148
    Cl(3)                    -30.122135686148
    Cl(5)                    -30.127260244054
    Cl(7)                    -30.127260244054
    E                        1.0586312083995
    Fe(2)                    -3.0584908904767
    Fe(3)                    -30.819265375443
    H(0)                     -29.987987081727
    K                        -2.2053969251807
    Mg                       -1.9003898466415
    Na                       -2.836701256682
    Ntg                      -2.7689904761256
    O(0)                     -29.987987081727
    S(-2)                    -30.127260244054
    S(2)                     -30.503367503096
    S(3)                     -30.466795483962
    S(4)                     -30.484399121291
    S(5)                     -30.503367503096
    S(6)                     -3.794623429552
    S(7)                     -30.503367503096
    S(8)                     -30.122135686148
    Si                       -1.9876117256865
  -gammas
USE mix none
USE reaction none
USE reaction_temperature none
USE reaction_pressure none
