SOLUTION_RAW                 5 Solution after simulation 3.
  -temp                      44.6601
  -pressure                  252.871
  -potential                 0
  -total_h                   2466268.693687
  -total_o                   1253202.5846174
  -cb                        3.3239231811422e-07
  -density                   1.0213228931454
  -totals
    C(-4)                    8.4057967328296e-13
    C(2)                     1.7997723844007e-10
    C(4)                     9610.2563766772
    Ca                       61.324361333269
    Cl(-1)                   37.265762196186
    Fe(2)                    54.678878550012
    Fe(3)                    5.2273987259246e-09
    H(0)                     6.0841733163584e-08
    K                        187.80456002726
    Mg                       321.66860377095
    Na                       37.408071313593
    Ntg                      40.772315599277
    S(-2)                    1.8202190053465e-07
    S(2)                     2.1501478252664e-12
    S(4)                     3.6375240828971e-10
    S(6)                     37.408071153288
    Si                       101.92776537305
  -pH                        5.2473473866106
  -pe                        -0.67180981590969
  -mu                        0.067200455050391
  -ah2o                      0.9919834344592
  -mass_water                22199.601386003
  -soln_vol                  22199.601386003
  -total_alkalinity          988.47441381865
  -activities
    C(-2)                    -30
    C(-3)                    -30
    C(-4)                    -30
    C(2)                     -30
    C(4)                     -1.4514388489641
    Ca                       -2.9288473941199
    Cl(-1)                   -2.8845429817502
    Cl(1)                    -30.099556460951
    Cl(3)                    -30.099556460951
    Cl(5)                    -30.102943914945
    Cl(7)                    -30.102943914945
    E                        0.67180981590969
    Fe(2)                    -2.9691340799505
    Fe(3)                    -30.695354393805
    H(0)                     -29.992915725303
    K                        -2.1803503431075
    Mg                       -2.1889784977802
    Na                       -2.885099000707
    Ntg                      -2.7292597536424
    O(0)                     -29.992915725303
    S(-2)                    -30.102943914945
    S(2)                     -30.406808580014
    S(3)                     -30.382155181121
    S(4)                     -30.394099471418
    S(5)                     -30.406808580014
    S(6)                     -3.5323314782997
    S(7)                     -30.406808580014
    S(8)                     -30.099556460951
    Si                       -2.3380740648599
  -gammas
USE mix none
USE reaction none
USE reaction_temperature none
USE reaction_pressure none
