SOLUTION_RAW                 5 Solution after simulation 3.
  -temp                      24.5315
  -pressure                  252.962
  -potential                 0
  -total_h                   2694817.9691318
  -total_o                   1347420.4336688
  -cb                        -2.3781089077135e-11
  -density                   1.0000181639401
  -totals
    C(-4)                    1.6831951401695e-23
    C(2)                     4.1989710409935e-17
    C(4)                     4.6171956329575
    Ca                       0.029706164414203
    Cl(-1)                   0.0024387984225042
    Fe(2)                    0.01491134228013
    Fe(3)                    2.0688876227947e-12
    H(0)                     3.7400368569478e-10
    K                        3.9903231469292
    Mg                       0.0050549755481277
    Na                       0.063182853631361
    Ntg                      0.11718924823486
    S(-2)                    9.3649837678659e-21
    S(4)                     1.0356761506285e-17
    S(6)                     0.0024415622063912
    Si                       0.066090430888965
  -pH                        7.2974423255328
  -pe                        -1.7959252210279
  -mu                        0.00017347988749567
  -ah2o                      0.99999375506144
  -mass_water                24266.529045939
  -soln_vol                  24266.529045939
  -total_alkalinity          4.145529042236
  -activities
    C(-2)                    -30
    C(-3)                    -30
    C(-4)                    -30
    C(2)                     -30
    C(4)                     -3.7752041312288
    Ca                       -5.9385406375009
    Cl(-1)                   -7.0044726124707
    Cl(1)                    -30.006609718905
    Cl(3)                    -30.006609718905
    Cl(5)                    -30.006623829877
    Cl(7)                    -30.006623829877
    E                        1.7959252210279
    Fe(2)                    -6.2402401574545
    Fe(3)                    -30.05830339956
    H(0)                     -29.999981675083
    K                        -3.7906379274029
    Mg                       -6.7073788649
    Na                       -5.5911218425859
    Ntg                      -5.3161025453516
    O(0)                     -29.999981675083
    S(-2)                    -30.006623829877
    S(2)                     -30.026460178522
    S(3)                     -30.026348008386
    S(4)                     -30.026403974355
    S(5)                     -30.026460178522
    S(6)                     -7.0244324512732
    S(7)                     -30.026460178522
    S(8)                     -30.006609718905
    Si                       -5.565851299079
  -gammas
USE mix none
USE reaction none
USE reaction_temperature none
USE reaction_pressure none
