SOLUTION_RAW                 5 Solution after simulation 3.
  -temp                      28.3915
  -pressure                  252.959
  -potential                 0
  -total_h                   2014235.9298563
  -total_o                   1007135.1314268
  -cb                        -9.1752595104966e-12
  -density                   1.0000337766939
  -totals
    C(-4)                    4.3918765876144e-21
    C(2)                     7.0212082712075e-16
    C(4)                     7.1873324332672
    Ca                       0.048299300000372
    Cl(-1)                   0.0040538227892291
    Fe(2)                    0.02477859875741
    Fe(3)                    2.7409056365173e-12
    H(0)                     1.0576537685773e-09
    K                        4.9117583438029
    Mg                       0.012386765014649
    Na                       0.10995718148478
    Ntg                      0.14289425423389
    S(-2)                    5.6617160296584e-18
    S(4)                     1.3698275820655e-16
    S(6)                     0.0040604490067847
    Si                       0.092678492467635
  -pH                        6.7511355416482
  -pe                        -1.4989433970882
  -mu                        0.00029147255862919
  -ah2o                      0.99998824420006
  -mass_water                18137.94644263
  -soln_vol                  18137.94644263
  -total_alkalinity          5.1804701320417
  -activities
    C(-2)                    -30
    C(-3)                    -30
    C(-4)                    -30
    C(2)                     -30
    C(4)                     -3.5528966153647
    Ca                       -5.6087312731827
    Cl(-1)                   -6.6593598804705
    Cl(1)                    -30.00858361347
    Cl(3)                    -30.00858361347
    Cl(5)                    -30.008607313916
    Cl(7)                    -30.008607313916
    E                        1.4989433970882
    Fe(2)                    -5.8994471325355
    Fe(3)                    -30.075278507149
    H(0)                     -29.999969194608
    K                        -3.5759830071991
    Mg                       -6.1993182176971
    Na                       -5.2261082913516
    Ntg                      -5.1035442017344
    O(0)                     -29.999969194608
    S(-2)                    -30.008607313916
    S(2)                     -30.034370542251
    S(3)                     -30.034182494173
    S(4)                     -30.034276260385
    S(5)                     -30.034370542251
    S(6)                     -6.6855050527875
    S(7)                     -30.034370542251
    S(8)                     -30.00858361347
    Si                       -5.29192903739
  -gammas
USE mix none
USE reaction none
USE reaction_temperature none
USE reaction_pressure none
