SOLUTION_RAW                 5 Solution after simulation 3.
  -temp                      3.60901
  -pressure                  252.978
  -potential                 0
  -total_h                   18511875.982951
  -total_o                   9261529.9446509
  -cb                        -3.2040234140496e-05
  -density                   1.0013539852487
  -totals
    C(-4)                    5.8889166023747e-18
    C(2)                     1.7786376004123e-17
    C(4)                     1950.3126579551
    Ca                       2.0171417678793
    Cl(-1)                   19.884945411422
    Fe(2)                    0.9532849930462
    Fe(3)                    1.2362198031147e-12
    H(0)                     2.1812384065527e-08
    K                        1701.9253549445
    Mg                       0.042408270230024
    Na                       1636.1759708956
    Ntg                      63.970405401344
    S(-2)                    2.2844091999265e-14
    S(2)                     2.376273354134e-24
    S(4)                     1.3596896605693e-13
    S(6)                     5.9264771801048
    Si                       5.7136933843925
  -pH                        10.715767299362
  -pe                        -5.9013575550027
  -mu                        0.028039511777537
  -ah2o                      0.99945021874201
  -mass_water                166691.89694596
  -soln_vol                  166691.89694596
  -total_alkalinity          3312.389128171
  -activities
    C(-2)                    -55.721955488121
    C(-3)                    -41.509515633964
    C(-4)                    -22.430142716899
    C(2)                     -21.966392927806
    C(4)                     -2.5102569627173
    Ca                       -5.804711585189
    Cl(-1)                   -3.9942876374047
    Cl(1)                    -56.644407251019
    Cl(3)                    -101.92617427974
    Cl(5)                    -132.28906435808
    Cl(7)                    -167.12404218201
    E                        5.9013575550027
    Fe(2)                    -5.9598616501607
    Fe(3)                    -25.204655579383
    H(0)                     -13.175789398567
    K                        -2.0614044165213
    Mg                       -7.2965239513302
    Na                       -2.0781952456952
    Ntg                      -3.4131314346971
    O(0)                     -73.25897501835
    S(-2)                    -18.910293986466
    S(2)                     -29.397188858897
    S(3)                     -49.402972127536
    S(4)                     -18.349010925197
    S(5)                     -48.66579362635
    S(6)                     -4.7382403779704
    S(7)                     -92.613389626497
    S(8)                     -71.224772618543
    Si                       -5.2395453667004
  -gammas
USE mix none
USE reaction none
USE reaction_temperature none
USE reaction_pressure none
