SOLUTION_RAW                 5 Solution after simulation 3.
  -temp                      46.9506
  -pressure                  253.062
  -potential                 0
  -total_h                   4711781.9312252
  -total_o                   2370312.4789144
  -cb                        -4.4833843304559e-08
  -density                   1.0081900926626
  -totals
    C(-4)                    1.1050809788488e-12
    C(2)                     1.7490883807456e-10
    C(4)                     6865.3900736892
    Ca                       27.008916472295
    Cl(-1)                   15.949503107826
    Fe(2)                    47.908599466153
    Fe(3)                    4.7358522972137e-09
    H(0)                     1.6260467031444e-07
    K                        304.79676709166
    Mg                       229.42154669159
    Na                       16.06003521849
    Ntg                      38.069493513388
    S(-2)                    1.2603758129057e-07
    S(2)                     4.2494146690405e-13
    S(4)                     2.4590227236487e-10
    S(6)                     16.060035147859
    Si                       92.880169304778
  -pH                        5.3808756467046
  -pe                        -0.85376890696122
  -mu                        0.02880637860249
  -ah2o                      0.99693577626303
  -mass_water                42421.185391222
  -soln_vol                  42421.185391222
  -total_alkalinity          881.46535421575
  -activities
    C(-2)                    -30
    C(-3)                    -30
    C(-4)                    -30
    C(2)                     -30
    C(4)                     -1.7551096993611
    Ca                       -3.4700575116715
    Cl(-1)                   -3.5024733262916
    Cl(1)                    -30.072631390829
    Cl(3)                    -30.072631390829
    Cl(5)                    -30.07437152763
    Cl(7)                    -30.07437152763
    E                        0.85376890696122
    Fe(2)                    -3.2166508587508
    Fe(3)                    -30.539156164522
    H(0)                     -29.996925052442
    K                        -2.2201975266876
    Mg                       -2.5278425008012
    Na                       -3.5006660567328
    Ntg                      -3.0441250632606
    O(0)                     -29.996925052442
    S(-2)                    -30.07437152763
    S(2)                     -30.294220504033
    S(3)                     -30.281218360777
    S(4)                     -30.287573165665
    S(5)                     -30.294220504033
    S(6)                     -3.9674481941471
    S(7)                     -30.294220504033
    S(8)                     -30.072631390829
    Si                       -2.6596885148804
  -gammas
USE mix none
USE reaction none
USE reaction_temperature none
USE reaction_pressure none
