SOLUTION_RAW                 5 Solution after simulation 3.
  -temp                      10.3198
  -pressure                  252.977
  -potential                 0
  -total_h                   14693636.273714
  -total_o                   7350664.8789024
  -cb                        -2.2366283580766e-07
  -density                   1.0011926867524
  -totals
    C(-4)                    4.4917310090697e-19
    C(2)                     2.0677335367736e-17
    C(4)                     1356.0063865017
    Ca                       1.7562259428249
    Cl(-1)                   12.739820374938
    Fe(2)                    0.44999885399116
    Fe(3)                    1.3131551524199e-12
    H(0)                     1.5505980631135e-08
    K                        1350.8863625708
    Mg                       0.1117894353553
    Na                       882.84539003564
    Ntg                      44.707472802088
    S(-2)                    1.2676114588414e-15
    S(2)                     1.3277516141276e-25
    S(4)                     6.6488438693802e-14
    S(6)                     3.422231457642
    Si                       5.8242989451611
  -pH                        10.524753133539
  -pe                        -5.6140484071553
  -mu                        0.023235472807685
  -ah2o                      0.99952889693462
  -mass_water                132309.92219307
  -soln_vol                  132309.92219307
  -total_alkalinity          2218.7834980042
  -activities
    C(-2)                    -30
    C(-3)                    -30
    C(-4)                    -30
    C(2)                     -30
    C(4)                     -2.4781159808563
    Ca                       -5.7551759803557
    Cl(-1)                   -4.0823996604626
    Cl(1)                    -30.062793148168
    Cl(3)                    -30.062793148168
    Cl(5)                    -30.064143922917
    Cl(7)                    -30.064143922917
    E                        5.6140484071553
    Fe(2)                    -6.2153191813876
    Fe(3)                    -30.473791353027
    H(0)                     -29.997527075927
    K                        -2.0565729920289
    Mg                       -6.7467122624624
    Na                       -2.2414102759992
    Ntg                      -3.468888745747
    O(0)                     -29.997527075927
    S(-2)                    -30.064143922917
    S(2)                     -30.253883141061
    S(3)                     -30.243723302801
    S(4)                     -30.24869987839
    S(5)                     -30.253883141061
    S(6)                     -4.8595312345068
    S(7)                     -30.253883141061
    S(8)                     -30.062793148168
    Si                       -5.0067059118615
  -gammas
USE mix none
USE reaction none
USE reaction_temperature none
USE reaction_pressure none
