SOLUTION_RAW                 5 Solution after simulation 3.
  -temp                      75.8066
  -pressure                  252.726
  -potential                 0
  -total_h                   2492850.0485057
  -total_o                   1275853.4629463
  -cb                        1.3052378093903e-06
  -density                   1.0308601820839
  -totals
    C(-4)                    1.1684696433122e-10
    C(2)                     8.5684896288463e-09
    C(4)                     13985.221132511
    Ca                       28.545174188106
    Cl(-1)                   46.782555313648
    Fe(2)                    53.906905866141
    Fe(3)                    1.8072707946879e-08
    H(0)                     1.4985891247836e-06
    K                        190.46483138219
    Mg                       652.91546148703
    Na                       48.601294154464
    Ntg                      35.941988185994
    S(-2)                    5.5408134327921e-06
    S(2)                     4.9658605029158e-11
    S(4)                     5.2455184524975e-09
    S(6)                     48.601288617335
    Si                       240.34163544862
  -pH                        5.2635387304809
  -pe                        -1.0896752789341
  -mu                        0.10416673085356
  -ah2o                      0.98841284152202
  -mass_water                22433.771912425
  -soln_vol                  22433.771912425
  -total_alkalinity          1565.8160747732
  -activities
    C(-2)                    -34.942383989822
    C(-3)                    -31.115008340335
    C(-4)                    -14.283284221633
    C(2)                     -12.417997863511
    C(4)                     -1.2796337733698
    Ca                       -3.3398136790504
    Cl(-1)                   -2.8199317763464
    Cl(1)                    -44.85046903138
    Cl(3)                    -80.175778726442
    Cl(5)                    -103.65118745227
    Cl(7)                    -131.1261449977
    E                        1.0896752789341
    Fe(2)                    -3.0582570304426
    Fe(3)                    -16.628517791726
    H(0)                     -10.464759255451
    K                        -2.2051896431881
    Mg                       -1.9494071778159
    Na                       -2.7972601344714
    Ntg                      -2.7848835298365
    O(0)                     -56.997066911964
    S(-2)                    -10.930600620153
    S(2)                     -15.461501722198
    S(3)                     -31.605725393917
    S(4)                     -15.105639187912
    S(5)                     -30.497457211931
    S(6)                     -3.851776622538
    S(7)                     -64.056544250276
    S(8)                     -51.18851134692
    Si                       -1.9701269932898
  -gammas
USE mix none
USE reaction none
USE reaction_temperature none
USE reaction_pressure none
