SOLUTION_RAW                 5 Solution after simulation 3.
  -temp                      18.301
  -pressure                  252.965
  -potential                 0
  -total_h                   4055510.795688
  -total_o                   2027761.4459653
  -cb                        -9.7402266209176e-09
  -density                   1.0000072591565
  -totals
    C(4)                     2.2458875014848
    Ca                       0.015520203454016
    Cl(-1)                   0.0011635294040907
    Fe(2)                    0.0069861561855594
    Fe(3)                    6.4126798596926e-10
    H(0)                     1.4571385954771e-16
    K                        2.890063893744
    Mg                       0.0011913244191038
    Na                       0.029373757187601
    Ntg                      0.089157149983533
    S(4)                     7.5499174110121e-25
    S(6)                     0.0011642396940792
    Si                       0.035009431778148
  -pH                        9.3838534223588
  -pe                        -0.65362683760667
  -mu                        8.7207584122749e-05
  -ah2o                      0.99999728681825
  -mass_water                36519.446045172
  -soln_vol                  36519.446045172
  -total_alkalinity          2.9633410206382
  -activities
    C(-2)                    -30
    C(-3)                    -30
    C(-4)                    -30
    C(2)                     -30
    C(4)                     -4.2563420834227
    Ca                       -6.3944684607586
    Cl(-1)                   -7.5014332873378
    Cl(1)                    -30.004671158847
    Cl(3)                    -30.004671158847
    Cl(5)                    -30.004678239248
    Cl(7)                    -30.004678239248
    E                        0.65362683760667
    Fe(2)                    -6.8968272710451
    Fe(3)                    -30.041441567369
    H(0)                     -29.999990773151
    K                        -4.1063021823836
    Mg                       -7.5070425764743
    Na                       -6.0992795220734
    Ntg                      -5.6123592831636
    O(0)                     -29.999990773151
    S(-2)                    -30.004678239248
    S(2)                     -30.018695109445
    S(3)                     -30.018638722455
    S(4)                     -30.018666873376
    S(5)                     -30.018695109445
    S(6)                     -7.5154609455002
    S(7)                     -30.018695109445
    S(8)                     -30.004671158847
    Si                       -6.1053262965571
  -gammas
USE mix none
USE reaction none
USE reaction_temperature none
USE reaction_pressure none
