SOLUTION_RAW                 5 Solution after simulation 3.
  -temp                      6.15216
  -pressure                  252.98
  -potential                 0
  -total_h                   17079589.514064
  -total_o                   8544745.5612724
  -cb                        -2.2474990934995e-07
  -density                   1.0013046421518
  -totals
    C(-4)                    9.5090650114961e-18
    C(2)                     2.7763913514986e-17
    C(4)                     1732.2178043047
    Ca                       1.9232060474307
    Cl(-1)                   17.207539541697
    Fe(2)                    0.95326534161656
    Fe(3)                    1.4192757545134e-12
    H(0)                     2.7626145031916e-08
    K                        1570.2435483176
    Mg                       0.049328895948144
    Na                       1353.957282455
    Ntg                      56.110450976658
    S(-2)                    4.0939758086578e-14
    S(2)                     5.4787704446042e-24
    S(4)                     1.9071690743862e-13
    S(6)                     6.1794114494736
    Si                       5.7039759124647
  -pH                        10.639946558556
  -pe                        -5.8667998197308
  -mu                        0.026456927213577
  -ah2o                      0.99947496464148
  -mass_water                153794.53044006
  -soln_vol                  153794.53044006
  -total_alkalinity          2900.4860691267
  -activities
    C(-2)                    -30
    C(-3)                    -30
    C(-4)                    -30
    C(2)                     -30
    C(4)                     -2.4910875894627
    Ca                       -5.7910392573437
    Cl(-1)                   -4.0206136039162
    Cl(1)                    -30.065836504285
    Cl(3)                    -30.065836504285
    Cl(5)                    -30.06733205175
    Cl(7)                    -30.06733205175
    E                        5.8667998197308
    Fe(2)                    -5.9351395149711
    Fe(3)                    -30.492614501676
    H(0)                     -29.997166070622
    K                        -2.0599384013461
    Mg                       -7.188665139503
    Na                       -2.1241235677426
    Ntg                      -3.4352514384645
    O(0)                     -29.997166070622
    S(-2)                    -30.06733205175
    S(2)                     -30.266384713622
    S(3)                     -30.255172827159
    S(4)                     -30.260658726083
    S(5)                     -30.266384713622
    S(6)                     -4.6799769521321
    S(7)                     -30.266384713622
    S(8)                     -30.065836504285
    Si                       -5.1563960720861
  -gammas
USE mix none
USE reaction none
USE reaction_temperature none
USE reaction_pressure none
