SOLUTION_RAW                 5 Solution after simulation 3.
  -temp                      23.9068
  -pressure                  252.96
  -potential                 0
  -total_h                   2804463.9490129
  -total_o                   1402242.7438897
  -cb                        -6.5063752996419e-13
  -density                   1.0000166302248
  -totals
    C(2)                     2.1339990101179e-22
    C(4)                     4.3132151706758
    Ca                       0.027600671227946
    Cl(-1)                   0.0022715335951849
    Fe(2)                    0.013878534466493
    Fe(3)                    6.3469431363571e-10
    H(0)                     3.0896106729075e-15
    K                        3.8722509095714
    Mg                       0.0044063449027775
    Na                       0.058320872897807
    Ntg                      0.11415123506821
    S(4)                     6.522944140555e-23
    S(6)                     0.0022739573406797
    Si                       0.063047673767401
  -pH                        7.4764304050883
  -pe                        0.56878585910841
  -mu                        0.00016142087618821
  -ah2o                      0.99999429220714
  -mass_water                25253.881337787
  -soln_vol                  25253.881337787
  -total_alkalinity          4.0155234360224
  -activities
    C(-2)                    -30
    C(-3)                    -30
    C(-4)                    -30
    C(2)                     -30
    C(4)                     -3.8068236055831
    Ca                       -5.9869113077323
    Cl(-1)                   -7.05241241314
    Cl(1)                    -30.006374517765
    Cl(3)                    -30.006374517765
    Cl(5)                    -30.006387648066
    Cl(7)                    -30.006387648066
    E                        -0.56878585910841
    Fe(2)                    -6.2889156400593
    Fe(3)                    -30.056267831259
    H(0)                     -29.999982948534
    K                        -3.8207657745339
    Mg                       -6.7834506822811
    Na                       -5.6429763040517
    Ntg                      -5.3448313786636
    O(0)                     -29.999982948534
    S(-2)                    -30.006387648066
    S(2)                     -30.025517849565
    S(3)                     -30.02541345161
    S(4)                     -30.025465543619
    S(5)                     -30.025517849565
    S(6)                     -7.0716474748024
    S(7)                     -30.025517849565
    S(8)                     -30.006374517765
    Si                       -5.6041093496796
  -gammas
USE mix none
USE reaction none
USE reaction_temperature none
USE reaction_pressure none
