SOLUTION_RAW                 5 Solution after simulation 3.
  -temp                      43.1512
  -pressure                  253.069
  -potential                 0
  -total_h                   5704190.5694669
  -total_o                   2864230.6812785
  -cb                        -8.3244671600369e-08
  -density                   1.0057508249084
  -totals
    C(-4)                    2.0366779674219e-13
    C(2)                     7.3487118198602e-11
    C(4)                     5777.2258101992
    Ca                       22.571767721439
    Cl(-1)                   13.475445041844
    Fe(2)                    47.821214612893
    Fe(3)                    4.4274047609738e-09
    H(0)                     1.0330527942192e-07
    K                        344.76927273416
    Mg                       149.35078437233
    Na                       13.546499373628
    Ntg                      37.869416520504
    S(-2)                    2.9543450207201e-08
    S(2)                     8.0583952444423e-14
    S(4)                     1.3028493320851e-10
    S(6)                     13.546499470915
    Si                       74.070748460761
  -pH                        5.4104988720862
  -pe                        -0.7801301652708
  -mu                        0.019746368392475
  -ah2o                      0.99785181804681
  -mass_water                51358.843618733
  -soln_vol                  51358.843618733
  -total_alkalinity          757.23486162485
  -activities
    C(-2)                    -30
    C(-3)                    -30
    C(-4)                    -30
    C(2)                     -30
    C(4)                     -1.8932913518908
    Ca                       -3.5933518176223
    Cl(-1)                   -3.6464614007009
    Cl(1)                    -30.061884397356
    Cl(3)                    -30.061884397356
    Cl(5)                    -30.063141508196
    Cl(7)                    -30.063141508196
    E                        0.7801301652708
    Fe(2)                    -3.2629049580855
    Fe(3)                    -30.470963501527
    H(0)                     -29.997897702204
    K                        -2.2379268361683
    Mg                       -2.7638084217596
    Na                       -3.6456189205374
    Ntg                      -3.1303519861733
    O(0)                     -29.997897702204
    S(-2)                    -30.063141508196
    S(2)                     -30.250052413604
    S(3)                     -30.240565922131
    S(4)                     -30.245217765821
    S(5)                     -30.250052413604
    S(6)                     -3.9980695979518
    S(7)                     -30.250052413604
    S(8)                     -30.061884397356
    Si                       -2.8409951922802
  -gammas
USE mix none
USE reaction none
USE reaction_temperature none
USE reaction_pressure none
