SOLUTION_RAW                 5 Solution after simulation 3.
  -temp                      30.0216
  -pressure                  252.922
  -potential                 0
  -total_h                   1593225.8359024
  -total_o                   796634.94207191
  -cb                        1.8336946544517e-12
  -density                   1.0000529558891
  -totals
    C(-4)                    1.1382945623999e-19
    C(2)                     2.6551366489517e-15
    C(4)                     9.3589190540607
    Ca                       0.051657476892876
    Cl(-1)                   0.0060496435417502
    Fe(2)                    0.023941627858185
    Fe(3)                    2.1124153379981e-12
    H(0)                     1.888773097368e-09
    K                        5.7263103436618
    Mg                       0.01810974749719
    Na                       0.1737535030615
    Ntg                      0.17032033012654
    S(-2)                    2.2829744105912e-16
    S(2)                     8.932108149889e-25
    S(4)                     6.0335197156073e-16
    S(6)                     0.0060606196246998
    Si                       0.1236923839934
  -pH                        6.5959857256535
  -pe                        -1.5040137693824
  -mu                        0.00043159256162643
  -ah2o                      0.99998144011116
  -mass_water                14346.784631887
  -soln_vol                  14346.784631887
  -total_alkalinity          6.069310668429
  -activities
    C(-2)                    -30
    C(-3)                    -30
    C(-4)                    -30
    C(2)                     -30
    C(4)                     -3.3840265659836
    Ca                       -5.4849296269353
    Cl(-1)                   -6.3855280492596
    Cl(1)                    -30.010424936745
    Cl(3)                    -30.010424936745
    Cl(5)                    -30.010459856186
    Cl(7)                    -30.010459856186
    E                        1.5040137693824
    Fe(2)                    -5.8195355780899
    Fe(3)                    -30.090936127888
    H(0)                     -29.999954360042
    K                        -3.4093760865259
    Mg                       -5.9395924821596
    Na                       -4.9274742472892
    Ntg                      -4.9254449294363
    O(0)                     -29.999954360042
    S(-2)                    -30.010459856186
    S(2)                     -30.041753353014
    S(3)                     -30.041476772045
    S(4)                     -30.041614603175
    S(5)                     -30.041753353014
    S(6)                     -6.417636766546
    S(7)                     -30.041753353014
    S(8)                     -30.010424936745
    Si                       -5.0646490165294
  -gammas
USE mix none
USE reaction none
USE reaction_temperature none
USE reaction_pressure none
