SOLUTION_RAW                 5 Solution after simulation 3.
  -temp                      20.275
  -pressure                  253.092
  -potential                 0
  -total_h                   22293903.294319
  -total_o                   11149786.442286
  -cb                        -4.4279465178931e-06
  -density                   1.000451766849
  -totals
    C(2)                     6.9263428064796e-19
    C(4)                     1241.1807170974
    Ca                       5.0058777181084
    Cl(-1)                   3.2277670389312
    Fe(2)                    20.643642277276
    Fe(3)                    4.8424755119106e-07
    H(0)                     4.1287415451539e-14
    K                        557.87248512127
    Mg                       4.6657483913872
    Na                       3.2301923118918
    Ntg                      31.803298928914
    S(4)                     7.0989899607203e-19
    S(6)                     3.2287115728124
    Si                       16.747415556319
  -pH                        6.3542109877801
  -pe                        1.540369570764
  -mu                        0.0032638770192087
  -ah2o                      0.99984015128755
  -mass_water                200748.85791324
  -soln_vol                  200748.85791324
  -total_alkalinity          612.04802893435
  -activities
    C(-2)                    -30
    C(-3)                    -30
    C(-4)                    -30
    C(2)                     -30
    C(4)                     -2.5427922566069
    Ca                       -4.7081842212438
    Cl(-1)                   -4.8211677462365
    Cl(1)                    -30.026870996968
    Cl(3)                    -30.026870996968
    Cl(5)                    -30.027108516649
    Cl(7)                    -30.027108516649
    E                        -1.540369570764
    Fe(2)                    -4.092291093062
    Fe(3)                    -30.223400877621
    H(0)                     -29.999655087302
    K                        -2.5835106535672
    Mg                       -4.7356555345225
    Na                       -4.8221226843939
    Ntg                      -3.7998545241821
    O(0)                     -29.999655087302
    S(-2)                    -30.027108516649
    S(2)                     -30.107878779854
    S(3)                     -30.106027475622
    S(4)                     -30.106945126299
    S(5)                     -30.107878779854
    S(6)                     -4.9112379700129
    S(7)                     -30.107878779854
    S(8)                     -30.026870996968
    Si                       -4.0788067373891
  -gammas
USE mix none
USE reaction none
USE reaction_temperature none
USE reaction_pressure none
