SOLUTION_RAW                 5 Solution after simulation 3.
  -temp                      21.745
  -pressure                  253.092
  -potential                 0
  -total_h                   20267770.035872
  -total_o                   10137091.376534
  -cb                        -4.3605234179012e-07
  -density                   1.000542785461
  -totals
    C(2)                     1.0957427075286e-17
    C(4)                     1422.3262353923
    Ca                       5.6865340695595
    Cl(-1)                   3.6276478388352
    Fe(2)                    23.213159646754
    Fe(3)                    1.8605369224628e-07
    H(0)                     4.5393413120921e-13
    K                        554.48347354856
    Mg                       6.158589502158
    Na                       3.6307949046388
    Ntg                      32.539522558483
    S(4)                     1.1995242110226e-17
    S(6)                     3.6303930263933
    Si                       19.256677153416
  -pH                        6.2402753614721
  -pe                        1.1282960025938
  -mu                        0.0036536371807895
  -ah2o                      0.99980675776082
  -mass_water                182503.68231589
  -soln_vol                  182503.68231589
  -total_alkalinity          617.34240162063
  -activities
    C(-2)                    -30
    C(-3)                    -30
    C(-4)                    -30
    C(2)                     -30
    C(4)                     -2.4991321229142
    Ca                       -4.6171534738983
    Cl(-1)                   -4.7306225923073
    Cl(1)                    -30.028362490529
    Cl(3)                    -30.028362490529
    Cl(5)                    -30.028627036876
    Cl(7)                    -30.028627036876
    E                        -1.1282960025938
    Fe(2)                    -4.0055464384871
    Fe(3)                    -30.23484301131
    H(0)                     -29.999614094235
    K                        -2.5463312573661
    Mg                       -4.5791970411694
    Na                       -4.7315900435537
    Ntg                      -3.7484950913875
    O(0)                     -29.999614094235
    S(-2)                    -30.028627036876
    S(2)                     -30.113894219836
    S(3)                     -30.111835166225
    S(4)                     -30.11285531422
    S(5)                     -30.113894219836
    S(6)                     -4.8264520308464
    S(7)                     -30.113894219836
    S(8)                     -30.028362490529
    Si                       -3.9767726879578
  -gammas
USE mix none
USE reaction none
USE reaction_temperature none
USE reaction_pressure none
