SOLUTION_RAW                 5 Solution after simulation 3.
  -temp                      72.0186
  -pressure                  252.975
  -potential                 0
  -total_h                   1128937.0897786
  -total_o                   598235.77447648
  -cb                        1.0514867199163e-08
  -density                   1.0770305535974
  -totals
    C(-4)                    1.0937807209977e-10
    C(2)                     7.5692203957418e-09
    C(4)                     16199.233161322
    Ca                       25.829613589217
    Cl(-1)                   35.836449724259
    Fe(2)                    58.059949431294
    Fe(3)                    1.7270730466069e-08
    H(0)                     4.8432923056922e-07
    K                        95.052983515398
    Mg                       620.18808874985
    Na                       37.092487694915
    Ntg                      39.572662825997
    S(-2)                    4.3290857652586e-06
    S(2)                     5.6332243794706e-11
    S(4)                     2.808615559259e-09
    S(6)                     37.092483364157
    Si                       252.62683877231
  -pH                        5.1112837884464
  -pe                        -0.90429397802829
  -mu                        0.21227668473136
  -ah2o                      0.97092070708698
  -mass_water                10153.093381568
  -soln_vol                  10153.093381568
  -total_alkalinity          1430.2793582995
  -activities
    C(-2)                    -30
    C(-3)                    -30
    C(-4)                    -30
    C(2)                     -30
    C(4)                     -1.0023827427164
    Ca                       -3.1270768249014
    Cl(-1)                   -2.6293256387405
    Cl(1)                    -30.1504389206
    Cl(3)                    -30.1504389206
    Cl(5)                    -30.158478358718
    Cl(7)                    -30.158478358718
    E                        0.90429397802829
    Fe(2)                    -2.7706107571575
    Fe(3)                    -30.96359127743
    H(0)                     -29.97761550207
    K                        -2.1967593641984
    Mg                       -1.6894708968905
    Na                       -2.6066427120202
    Ntg                      -2.3879754373662
    O(0)                     -29.97761550207
    S(-2)                    -30.158478358718
    S(2)                     -30.630069798087
    S(3)                     -30.574184844302
    S(4)                     -30.600850626885
    S(5)                     -30.630069798087
    S(6)                     -3.8193796474467
    S(7)                     -30.630069798087
    S(8)                     -30.1504389206
    Si                       -1.6041555494251
  -gammas
USE mix none
USE reaction none
USE reaction_temperature none
USE reaction_pressure none
