SOLUTION_RAW                 5 Solution after simulation 3.
  -temp                      31.0317
  -pressure                  253.084
  -potential                 0
  -total_h                   11385985.376027
  -total_o                   5699254.3038643
  -cb                        -2.8442906643278e-06
  -density                   1.0016204269764
  -totals
    C(2)                     1.1996221339154e-16
    C(4)                     2921.9290768796
    Ca                       11.321659946456
    Cl(-1)                   6.9553101108439
    Fe(2)                    41.448347376413
    Fe(3)                    5.1741985722232e-07
    H(0)                     8.6267132952814e-13
    K                        486.59319423619
    Mg                       29.390085677207
    Na                       6.9693570392766
    Ntg                      36.028035617799
    S(4)                     2.0436293690747e-16
    S(6)                     6.9693522732778
    Si                       35.692962203592
  -pH                        5.7411970012861
  -pe                        1.4578828420434
  -mu                        0.0072708312337818
  -ah2o                      0.99940589702801
  -mass_water                102523.92057847
  -soln_vol                  102523.92057847
  -total_alkalinity          636.98872597993
  -activities
    C(-2)                    -30
    C(-3)                    -30
    C(-4)                    -30
    C(2)                     -30
    C(4)                     -2.2459952644901
    Ca                       -4.1098134320245
    Cl(-1)                   -4.2091354717994
    Cl(1)                    -30.039359474265
    Cl(3)                    -30.039359474265
    Cl(5)                    -30.039867172743
    Cl(7)                    -30.039867172743
    E                        -1.4578828420434
    Fe(2)                    -3.5441330012344
    Fe(3)                    -30.316595173456
    H(0)                     -29.999231714959
    K                        -2.3642055130982
    Mg                       -3.6907169406872
    Na                       -4.2098678079006
    Ntg                      -3.4534575389761
    O(0)                     -29.999231714959
    S(-2)                    -30.039867172743
    S(2)                     -30.158342734617
    S(3)                     -30.154431354606
    S(4)                     -30.156362634909
    S(5)                     -30.158342734617
    S(6)                     -4.3594397920447
    S(7)                     -30.158342734617
    S(8)                     -30.039359474265
    Si                       -3.4582793288171
  -gammas
USE mix none
USE reaction none
USE reaction_temperature none
USE reaction_pressure none
