SOLUTION_RAW                 5 Solution after simulation 3.
  -temp                      21.1473
  -pressure                  252.961
  -potential                 0
  -total_h                   3355788.7437757
  -total_o                   1677902.5234318
  -cb                        -1.1378701800235e-13
  -density                   1.0000111134605
  -totals
    C(2)                     2.0720357982827e-24
    C(4)                     3.1562691721898
    Ca                       0.019870668647771
    Cl(-1)                   0.0016446430484449
    Fe(2)                    0.0099897991421004
    Fe(3)                    4.4583952659043e-10
    H(0)                     1.4320334083016e-15
    K                        3.3690865328792
    Mg                       0.0023528029533063
    Na                       0.041584349979158
    Ntg                      0.1012978902862
    S(4)                     1.2456589421227e-23
    S(6)                     0.0016459777577378
    Si                       0.048670614452978
  -pH                        8.9567865194138
  -pe                        -0.73421823624282
  -mu                        0.00011986604696374
  -ah2o                      0.99999608944001
  -mass_water                30218.512921076
  -soln_vol                  30218.512921076
  -total_alkalinity          3.4701608262268
  -activities
    C(-2)                    -30
    C(-3)                    -30
    C(-4)                    -30
    C(2)                     -30
    C(4)                     -4.004179092387
    Ca                       -6.2070789212237
    Cl(-1)                   -7.2697083482797
    Cl(1)                    -30.005485662947
    Cl(3)                    -30.005485662947
    Cl(5)                    -30.005495406573
    Cl(7)                    -30.005495406573
    E                        0.73421823624282
    Fe(2)                    -6.5840346145432
    Fe(3)                    -30.048549614723
    H(0)                     -29.999987332197
    K                        -3.9582662866572
    Mg                       -7.1318660455876
    Na                       -5.8668975519213
    Ntg                      -5.4746607014427
    O(0)                     -29.999987332197
    S(-2)                    -30.005495406573
    S(2)                     -30.021957195732
    S(3)                     -30.021879659522
    S(4)                     -30.021918359071
    S(5)                     -30.021957195732
    S(6)                     -7.2862149629473
    S(7)                     -30.021957195732
    S(8)                     -30.005485662947
    Si                       -5.8311302213855
  -gammas
USE mix none
USE reaction none
USE reaction_temperature none
USE reaction_pressure none
