SOLUTION_RAW                 5 Solution after simulation 3.
  -temp                      31.0298
  -pressure                  252.956
  -potential                 0
  -total_h                   118590.57075953
  -total_o                   59375.076960171
  -cb                        -1.99725189165e-09
  -density                   1.0020335117666
  -totals
    C(-4)                    1.5960093107802e-14
    C(2)                     2.7405325315417e-13
    C(4)                     36.588991640745
    Ca                       0.15740995315509
    Cl(-1)                   0.093977630741019
    Fe(2)                    0.55383894282066
    Fe(3)                    1.5827282196132e-11
    H(0)                     1.7267847095939e-09
    K                        6.427065662253
    Mg                       0.34881668373654
    Na                       1.2061919674364
    Ntg                      0.65229967760872
    S(-2)                    9.7672003178965e-10
    S(2)                     1.0006027709285e-15
    S(4)                     4.136640552919e-13
    S(6)                     0.094172184344538
    Si                       0.75068750211364
  -pH                        5.8319889785288
  -pe                        -1.2749438251881
  -mu                        0.01018269047952
  -ah2o                      0.9992540267235
  -mass_water                1067.8109238841
  -soln_vol                  1067.8109238841
  -total_alkalinity          9.4710667916962
  -activities
    C(-2)                    -30
    C(-3)                    -30
    C(-4)                    -30
    C(2)                     -30
    C(4)                     -2.098242309125
    Ca                       -4.0077207123145
    Cl(-1)                   -4.1028717365309
    Cl(1)                    -30.045658560803
    Cl(3)                    -30.045658560803
    Cl(5)                    -30.046345347314
    Cl(7)                    -30.046345347314
    E                        1.2749438251881
    Fe(2)                    -3.4589131363763
    Fe(3)                    -30.361201615422
    H(0)                     -29.998924586194
    K                        -2.2677266401035
    Mg                       -3.6554436234393
    Na                       -2.9967145572997
    Ntg                      -3.213028926524
    O(0)                     -29.998924586194
    S(-2)                    -30.046345347314
    S(2)                     -30.183901450042
    S(3)                     -30.178642303489
    S(4)                     -30.181233820225
    S(5)                     -30.183901450042
    S(6)                     -4.2750938765577
    S(7)                     -30.183901450042
    S(8)                     -30.045658560803
    Si                       -3.1530827185655
  -gammas
USE mix none
USE reaction none
USE reaction_temperature none
USE reaction_pressure none
