SOLUTION_RAW                 5 Solution after simulation 3.
  -temp                      47.9048
  -pressure                  252.863
  -potential                 0
  -total_h                   2459377.0029909
  -total_o                   1250900.0895402
  -cb                        7.9919018958208e-08
  -density                   1.0226482056867
  -totals
    C(-4)                    1.8873761488242e-12
    C(2)                     2.9642841395988e-10
    C(4)                     10126.192177912
    Ca                       51.390250846399
    Cl(-1)                   38.677254541392
    Fe(2)                    53.566978535184
    Fe(3)                    5.7680310793564e-09
    H(0)                     9.2064844028334e-08
    K                        187.32231943778
    Mg                       408.3233422602
    Na                       38.866909987764
    Ntg                      39.669603881938
    S(-2)                    2.7876874705413e-07
    S(2)                     3.1177261751036e-12
    S(4)                     4.6168988922538e-10
    S(6)                     38.866909713212
    Si                       117.78320174262
  -pH                        5.2771632841803
  -pe                        -0.76101558834575
  -mu                        0.07721570736886
  -ah2o                      0.99149425085147
  -mass_water                22136.212121535
  -soln_vol                  22136.212121535
  -total_alkalinity          1136.3392986662
  -activities
    C(-2)                    -30
    C(-3)                    -30
    C(-4)                    -30
    C(2)                     -30
    C(4)                     -1.3952260273038
    Ca                       -3.0215846285922
    Cl(-1)                   -2.8740831066348
    Cl(1)                    -30.105104091978
    Cl(3)                    -30.105104091978
    Cl(5)                    -30.108889385068
    Cl(7)                    -30.108889385068
    E                        0.76101558834575
    Fe(2)                    -2.9953095369088
    Fe(3)                    -30.726255550457
    H(0)                     -29.991850498823
    K                        -2.1864866580591
    Mg                       -2.0969878408891
    Na                       -2.873526530253
    Ntg                      -2.73892387319
    O(0)                     -29.991850498823
    S(-2)                    -30.108889385068
    S(2)                     -30.430338366398
    S(3)                     -30.402927278181
    S(4)                     -30.416185515841
    S(5)                     -30.430338366398
    S(6)                     -3.5920831125999
    S(7)                     -30.430338366398
    S(8)                     -30.105104091978
    Si                       -2.2740455010401
  -gammas
USE mix none
USE reaction none
USE reaction_temperature none
USE reaction_pressure none
