SOLUTION_RAW                 5 Solution after simulation 3.
  -temp                      29.7244
  -pressure                  252.958
  -potential                 0
  -total_h                   1437525.8345773
  -total_o                   718786.60535531
  -cb                        -7.3272984901784e-14
  -density                   1.0000629555966
  -totals
    C(-4)                    4.4156324410785e-19
    C(2)                     3.8618206036539e-15
    C(4)                     10.068110805533
    Ca                       0.052478655442292
    Cl(-1)                   0.0071280034121787
    Fe(2)                    0.042978929226747
    Fe(3)                    3.1665295324443e-12
    H(0)                     2.2902517956536e-09
    K                        6.0656394832548
    Mg                       0.02438386158562
    Na                       0.21047255604307
    Ntg                      0.18487302961363
    S(-2)                    9.8259791236945e-16
    S(2)                     5.0285073664893e-24
    S(4)                     9.6089903691771e-16
    S(6)                     0.0071411683426035
    Si                       0.13804403168623
  -pH                        6.5897684659392
  -pe                        -1.5650091552076
  -mu                        0.00051350101760993
  -ah2o                      0.99997793012796
  -mass_water                12944.717869067
  -soln_vol                  12944.717869067
  -total_alkalinity          6.494384591713
  -activities
    C(-2)                    -30
    C(-3)                    -30
    C(-4)                    -30
    C(2)                     -30
    C(4)                     -3.3109058005836
    Ca                       -5.4369885423651
    Cl(-1)                   -6.2705533494705
    Cl(1)                    -30.011335454976
    Cl(3)                    -30.011335454976
    Cl(5)                    -30.011376783608
    Cl(7)                    -30.011376783608
    E                        1.5650091552076
    Fe(2)                    -5.5242940494252
    Fe(3)                    -30.098612664611
    H(0)                     -29.999945705732
    K                        -3.3406361914172
    Mg                       -5.7692146751118
    Na                       -4.8005036337732
    Ntg                      -4.8451676810005
    O(0)                     -29.999945705732
    S(-2)                    -30.011376783608
    S(2)                     -30.045405562767
    S(3)                     -30.045078504351
    S(4)                     -30.045241442754
    S(5)                     -30.045405562767
    S(6)                     -6.305668598349
    S(7)                     -30.045405562767
    S(8)                     -30.011335454976
    Si                       -4.9723071996831
  -gammas
USE mix none
USE reaction none
USE reaction_temperature none
USE reaction_pressure none
