SOLUTION_RAW                 5 Solution after simulation 3.
  -temp                      14.4219
  -pressure                  253.052
  -potential                 0
  -total_h                   454.60217968216
  -total_o                   228.52214854295
  -cb                        -4.6623761709025e-13
  -density                   1.0151960438439
  -totals
    C(-4)                    5.9882643815248e-16
    C(2)                     4.1886929240485e-24
    C(4)                     0.090962687609381
    Ca                       0.00018606091585806
    Cl(-1)                   0.00047114538182185
    Fe(2)                    0.00052143002903479
    Fe(3)                    9.7993862870217e-20
    H(0)                     1.3638578151029e-09
    K                        0.041710824178713
    Mg                       1.2408585871347e-05
    Na                       1.0686726679179
    Ntg                      0.0021020558033211
    S(-2)                    2.4068575517588e-09
    S(2)                     1.0425593875801e-21
    S(4)                     2.555430540432e-14
    S(6)                     0.00046486198838534
    Si                       0.24103133545289
  -pH                        13.449522481311
  -pe                        -10.233936858269
  -mu                        0.24027666842173
  -ah2o                      0.99204234630783
  -mass_water                4.0852854104075
  -soln_vol                  4.0852854104075
  -total_alkalinity          1.1104224217999
  -activities
    C(-2)                    -30
    C(-3)                    -30
    C(-4)                    -30
    C(2)                     -30
    C(4)                     -5.2173346722873
    Ca                       -5.4891739944152
    Cl(-1)                   -4.102708340178
    Cl(1)                    -30.140989940866
    Cl(3)                    -30.140989940866
    Cl(5)                    -30.148720360024
    Cl(7)                    -30.148720360024
    E                        10.233936858269
    Fe(2)                    -7.6266009264837
    Fe(3)                    -30.900260693736
    H(0)                     -29.974860828744
    K                        -2.1483545300416
    Mg                       -6.4293926997173
    Na                       -0.82380931094611
    Ntg                      -3.2645504951433
    O(0)                     -29.974860828744
    S(-2)                    -30.148720360024
    S(2)                     -30.592415352594
    S(3)                     -30.538830506284
    S(4)                     -30.564374757302
    S(5)                     -30.592415352594
    S(6)                     -4.5447202654377
    S(7)                     -30.592415352594
    S(8)                     -30.140989940866
    Si                       -5.5766013384488
  -gammas
USE mix none
USE reaction none
USE reaction_temperature none
USE reaction_pressure none
