SOLUTION_RAW                 5 Solution after simulation 3.
  -temp                      25.0032
  -pressure                  252.963
  -potential                 0
  -total_h                   2615383.6136625
  -total_o                   1307703.7921307
  -cb                        -1.4172236622104e-09
  -density                   1.0000194059806
  -totals
    C(2)                     2.5461007643888e-21
    C(4)                     4.8577404727863
    Ca                       0.031475932804167
    Cl(-1)                   0.0025718462412673
    Fe(2)                    0.015731451039861
    Fe(3)                    3.3740959195194e-10
    H(0)                     1.6949750657203e-14
    K                        4.0803126013571
    Mg                       0.0056007820482958
    Na                       0.067076865015374
    Ntg                      0.11951207029548
    S(4)                     5.6973179708934e-22
    S(6)                     0.0025748949844622
    Si                       0.068438408939071
  -pH                        7.1947393203537
  -pe                        0.47699868717775
  -mu                        0.00018312415408825
  -ah2o                      0.99999331863226
  -mass_water                23551.229702519
  -soln_vol                  23551.229702519
  -total_alkalinity          4.2452841637016
  -activities
    C(-2)                    -30
    C(-3)                    -30
    C(-4)                    -30
    C(2)                     -30
    C(4)                     -3.751767659999
    Ca                       -5.9011120959415
    Cl(-1)                   -6.9685934549049
    Cl(1)                    -30.006791957363
    Cl(3)                    -30.006791957363
    Cl(5)                    -30.006806852309
    Cl(7)                    -30.006806852309
    E                        -0.47699868717775
    Fe(2)                    -6.2042525327388
    Fe(3)                    -30.05987867879
    H(0)                     -29.999980656256
    K                        -3.7681423253222
    Mg                       -6.6505522117618
    Na                       -5.5523412025029
    Ntg                      -5.2945835061654
    O(0)                     -29.999980656256
    S(-2)                    -30.006806852309
    S(2)                     -30.027190353864
    S(3)                     -30.027071972276
    S(4)                     -30.027131033972
    S(5)                     -30.027190353864
    S(6)                     -6.9891161986543
    S(7)                     -30.027190353864
    S(8)                     -30.006791957363
    Si                       -5.5375021323641
  -gammas
USE mix none
USE reaction none
USE reaction_temperature none
USE reaction_pressure none
