SOLUTION_RAW                 5 Solution after simulation 3.
  -temp                      6.44193
  -pressure                  252.98
  -potential                 0
  -total_h                   16908769.075101
  -total_o                   8459257.9356669
  -cb                        -2.1345769596337e-10
  -density                   1.0012980143038
  -totals
    C(4)                     1705.8213294375
    Ca                       1.9115216464302
    Cl(-1)                   16.887868574128
    Fe(2)                    0.95326474815454
    Fe(3)                    2.385764168538e-07
    H(0)                     1.0348005118687e-18
    K                        1554.5387324401
    Mg                       0.050379448342437
    Na                       1320.2644790751
    Ntg                      55.240586892384
    S(4)                     7.1830006285807e-24
    S(6)                     6.1659174172152
    Si                       5.6924338788683
  -pH                        10.631303542241
  -pe                        -0.64397901776826
  -mu                        0.026252907965792
  -ah2o                      0.99947824200978
  -mass_water                152256.3447783
  -soln_vol                  152256.3447783
  -total_alkalinity          2851.4138400313
  -activities
    C(-2)                    -30
    C(-3)                    -30
    C(-4)                    -30
    C(2)                     -30
    C(4)                     -2.4892707544713
    Ca                       -5.7889906255924
    Cl(-1)                   -4.0241883981017
    Cl(1)                    -30.065655728526
    Cl(3)                    -30.065655728526
    Cl(5)                    -30.06714237554
    Cl(7)                    -30.06714237554
    E                        0.64397901776826
    Fe(2)                    -5.9318291868828
    Fe(3)                    -30.491509688256
    H(0)                     -29.99718934056
    K                        -2.0597398843263
    Mg                       -7.1739800114464
    Na                       -2.1305207261058
    Ntg                      -3.4376918246634
    O(0)                     -29.99718934056
    S(-2)                    -30.06714237554
    S(2)                     -30.265641465732
    S(3)                     -30.254494092233
    S(4)                     -30.259948785945
    S(5)                     -30.265641465732
    S(6)                     -4.6758636765102
    S(7)                     -30.265641465732
    S(8)                     -30.065655728526
    Si                       -5.1472266132148
  -gammas
USE mix none
USE reaction none
USE reaction_temperature none
USE reaction_pressure none
