SOLUTION_RAW                 5 Solution after simulation 3.
  -temp                      24.0625
  -pressure                  252.961
  -potential                 0
  -total_h                   2776640.1025352
  -total_o                   1388330.9869476
  -cb                        -1.0155584099364e-10
  -density                   1.0000170012129
  -totals
    C(2)                     2.4393661508807e-20
    C(4)                     4.387484127781
    Ca                       0.028102107591675
    Cl(-1)                   0.0023122962491442
    Fe(2)                    0.014130405144926
    Fe(3)                    6.557620817471e-11
    H(0)                     3.0835578374761e-13
    K                        3.9015629034433
    Mg                       0.0045605398596068
    Na                       0.059501532442117
    Ntg                      0.11490427758784
    S(4)                     6.9769287547325e-21
    S(6)                     0.0023148017519539
    Si                       0.063799122676517
  -pH                        7.425548879405
  -pe                        -0.38046413139335
  -mu                        0.00016435150955683
  -ah2o                      0.99999416252501
  -mass_water                25003.330081279
  -soln_vol                  25003.330081279
  -total_alkalinity          4.0477086414919
  -activities
    C(-2)                    -30
    C(-3)                    -30
    C(-4)                    -30
    C(2)                     -30
    C(4)                     -3.7988588140559
    Ca                       -5.9749737192923
    Cl(-1)                   -7.040416312259
    Cl(1)                    -30.006432470947
    Cl(3)                    -30.006432470947
    Cl(5)                    -30.006445839621
    Cl(7)                    -30.006445839621
    E                        0.38046413139335
    Fe(2)                    -6.276640445749
    Fe(3)                    -30.056769651805
    H(0)                     -29.999982639102
    K                        -3.8132188102964
    Mg                       -6.76439989373
    Na                       -5.630001324746
    Ntg                      -5.3376452224606
    O(0)                     -29.999982639102
    S(-2)                    -30.006445839621
    S(2)                     -30.025750032433
    S(3)                     -30.025643745045
    S(4)                     -30.025696778862
    S(5)                     -30.025750032433
    S(6)                     -7.0598296441007
    S(7)                     -30.025750032433
    S(8)                     -30.006432470947
    Si                       -5.5944803846425
  -gammas
USE mix none
USE reaction none
USE reaction_temperature none
USE reaction_pressure none
