SOLUTION_RAW                 5 Solution after simulation 3.
  -temp                      30.3106
  -pressure                  252.943
  -potential                 0
  -total_h                   1564005.9408055
  -total_o                   782024.20335321
  -cb                        -1.4694388067449e-11
  -density                   1.000053001353
  -totals
    C(-4)                    2.1847833505866e-18
    C(2)                     4.9953853923504e-15
    C(4)                     8.9289947847263
    Ca                       0.047977091505286
    Cl(-1)                   0.0063697791240575
    Fe(2)                    0.031496159872533
    Fe(3)                    1.9177310417161e-12
    H(0)                     4.1457570872318e-09
    K                        5.780869681368
    Mg                       0.020156393648945
    Na                       0.21138100817687
    Ntg                      0.17192815297169
    S(-2)                    3.9312196824843e-15
    S(2)                     1.5301609489586e-23
    S(4)                     1.2046615383579e-15
    S(6)                     0.0063014306068546
    Si                       0.13174326211708
  -pH                        6.6783411459017
  -pe                        -1.7581615561482
  -mu                        0.00044744546139623
  -ah2o                      0.99998148221891
  -mass_water                14083.661486944
  -soln_vol                  14083.661486944
  -total_alkalinity          6.1725373392772
  -activities
    C(-2)                    -30
    C(-3)                    -30
    C(-4)                    -30
    C(2)                     -30
    C(4)                     -3.3689616546223
    Ca                       -5.5097554306906
    Cl(-1)                   -6.3552878019412
    Cl(1)                    -30.010615094111
    Cl(3)                    -30.010615094111
    Cl(5)                    -30.010651288505
    Cl(7)                    -30.010651288505
    E                        1.7581615561482
    Fe(2)                    -5.69330525551
    Fe(3)                    -30.092544197962
    H(0)                     -29.999952677902
    K                        -3.397411589059
    Mg                       -5.8857888470769
    Na                       -4.8344997385159
    Ntg                      -4.9133238357654
    O(0)                     -29.999952677902
    S(-2)                    -30.010651288505
    S(2)                     -30.042515982525
    S(3)                     -30.042229354219
    S(4)                     -30.042372183862
    S(5)                     -30.042515982525
    S(6)                     -6.3934809947775
    S(7)                     -30.042515982525
    S(8)                     -30.010615094111
    Si                       -5.0292770455708
  -gammas
USE mix none
USE reaction none
USE reaction_temperature none
USE reaction_pressure none
