SOLUTION_RAW                 5 Solution after simulation 3.
  -temp                      19.7928
  -pressure                  252.965
  -potential                 0
  -total_h                   3670813.6239448
  -total_o                   1835413.89262
  -cb                        2.3745148642479e-11
  -density                   1.0000090767516
  -totals
    C(4)                     2.6901589711441
    Ca                       0.017446505471199
    Cl(-1)                   0.0013968240759587
    Fe(2)                    0.0084447761981427
    Fe(3)                    1.3157337485398e-09
    H(0)                     7.5919305348956e-17
    K                        3.1353850198654
    Mg                       0.0017086388396341
    Na                       0.035128812158658
    Ntg                      0.095366235852064
    S(4)                     5.1570903475671e-25
    S(6)                     0.0013978155751669
    Si                       0.041988876323084
  -pH                        9.2165109148618
  -pe                        -0.35076378579848
  -mu                        0.00010349952915073
  -ah2o                      0.99999671675001
  -mass_water                33055.283680386
  -soln_vol                  33055.283680386
  -total_alkalinity          3.2215212191077
  -activities
    C(-2)                    -30
    C(-3)                    -30
    C(-4)                    -30
    C(2)                     -30
    C(4)                     -4.1238078882463
    Ca                       -6.3019744364281
    Cl(-1)                   -7.379210826801
    Cl(1)                    -30.005093395256
    Cl(3)                    -30.005093395256
    Cl(5)                    -30.005101803885
    Cl(7)                    -30.005101803885
    E                        0.35076378579848
    Fe(2)                    -6.7397464477745
    Fe(3)                    -30.045130594358
    H(0)                     -29.999989056858
    K                        -4.0280603885589
    Mg                       -7.3087268212531
    Na                       -5.9787264069256
    Ntg                      -5.539835897499
    O(0)                     -29.999989056858
    S(-2)                    -30.005101803885
    S(2)                     -30.020386078549
    S(3)                     -30.020319140765
    S(4)                     -30.02035255463
    S(5)                     -30.020386078549
    S(6)                     -7.3945206547832
    S(7)                     -30.020386078549
    S(8)                     -30.005093395256
    Si                       -5.9602106771662
  -gammas
USE mix none
USE reaction none
USE reaction_temperature none
USE reaction_pressure none
