SOLUTION_RAW                 5 Solution after simulation 3.
  -temp                      30.292
  -pressure                  252.922
  -potential                 0
  -total_h                   1977088.290779
  -total_o                   988561.20054387
  -cb                        -3.8666804653975e-10
  -density                   1.0000344712324
  -totals
    C(-4)                    1.1115030048199e-20
    C(2)                     9.8644901807376e-16
    C(4)                     7.1030442483649
    Ca                       0.046273244740863
    Cl(-1)                   0.0042779124041011
    Fe(2)                    0.015909290047619
    Fe(3)                    1.7789136199464e-12
    H(0)                     1.5448600592318e-09
    K                        4.9888406638023
    Mg                       0.012307119209391
    Na                       0.1314582603888
    Ntg                      0.14221391197239
    S(-2)                    1.3795303702494e-17
    S(4)                     2.008861387426e-16
    S(6)                     0.0042445404680868
    Si                       0.10191604229149
  -pH                        6.7843118481879
  -pe                        -1.5990621853471
  -mu                        0.00030064223111408
  -ah2o                      0.99998801161393
  -mass_water                17803.434991659
  -soln_vol                  17803.434991659
  -total_alkalinity          5.2565112392351
  -activities
    C(-2)                    -30
    C(-3)                    -30
    C(-4)                    -30
    C(2)                     -30
    C(4)                     -3.5387268214796
    Ca                       -5.6199135181644
    Cl(-1)                   -6.6280732569944
    Cl(1)                    -30.008746476631
    Cl(3)                    -30.008746476631
    Cl(5)                    -30.00877101985
    Cl(7)                    -30.00877101985
    E                        1.5990621853471
    Fe(2)                    -6.0846511363085
    Fe(3)                    -30.076675077416
    H(0)                     -29.999968203338
    K                        -3.56130066314
    Mg                       -6.1946709742657
    Na                       -5.1406221489197
    Ntg                      -5.0975316558589
    O(0)                     -29.999968203338
    S(-2)                    -30.00877101985
    S(2)                     -30.035023267358
    S(3)                     -30.034828558379
    S(4)                     -30.034925641594
    S(5)                     -30.035023267358
    S(6)                     -6.6588578353221
    S(7)                     -30.035023267358
    S(8)                     -30.008746476631
    Si                       -5.2426292827329
  -gammas
USE mix none
USE reaction none
USE reaction_temperature none
USE reaction_pressure none
