SOLUTION_RAW                 5 Solution after simulation 3.
  -temp                      11.9759
  -pressure                  252.975
  -potential                 0
  -total_h                   14258630.765062
  -total_o                   7132937.7455537
  -cb                        -1.1049719628176e-07
  -density                   1.0011630394736
  -totals
    C(4)                     1274.7487328884
    Ca                       1.7264779302977
    Cl(-1)                   11.92467643003
    Fe(2)                    0.95321604851462
    Fe(3)                    1.4105317053715e-07
    H(0)                     7.4459581685831e-18
    K                        1310.8949907838
    Mg                       0.075498935523103
    Na                       796.86499410416
    Ntg                      42.124349730971
    S(4)                     2.7307602419056e-23
    S(6)                     2.8827965703792
    Si                       6.7721598319905
  -pH                        10.517252575452
  -pe                        -0.93612449768381
  -mu                        0.022623364984474
  -ah2o                      0.99954200792369
  -mass_water                128393.04831719
  -soln_vol                  128393.04831719
  -total_alkalinity          2095.5801013974
  -activities
    C(-2)                    -30
    C(-3)                    -30
    C(-4)                    -30
    C(2)                     -30
    C(4)                     -2.496349575613
    Ca                       -5.7566798467538
    Cl(-1)                   -4.0974468592539
    Cl(1)                    -30.062244124455
    Cl(3)                    -30.062244124455
    Cl(5)                    -30.063568521619
    Cl(7)                    -30.063568521619
    E                        0.93612449768381
    Fe(2)                    -5.9117358248809
    Fe(3)                    -30.470431573922
    H(0)                     -29.997597286309
    K                        -2.0559638823998
    Mg                       -6.905315891922
    Na                       -2.2722457519146
    Ntg                      -3.4817459637591
    O(0)                     -29.997597286309
    S(-2)                    -30.063568521619
    S(2)                     -30.251631832422
    S(3)                     -30.241664004521
    S(4)                     -30.246547570658
    S(5)                     -30.251631832422
    S(6)                     -4.9189218245322
    S(7)                     -30.251631832422
    S(8)                     -30.062244124455
    Si                       -4.9338078288021
  -gammas
USE mix none
USE reaction none
USE reaction_temperature none
USE reaction_pressure none
