SOLUTION_RAW                 5 Solution after simulation 3.
  -temp                      20.6942
  -pressure                  252.962
  -potential                 0
  -total_h                   3457670.8472226
  -total_o                   1728843.2022797
  -cb                        -6.3450231245314e-09
  -density                   1.0000103870072
  -totals
    C(2)                     4.4503173585741e-24
    C(4)                     2.9934088523183
    Ca                       0.018978258437015
    Cl(-1)                   0.0015577167603874
    Fe(2)                    0.0094483572362349
    Fe(3)                    2.2523824746809e-10
    H(0)                     4.3014536867155e-15
    K                        3.2898529770153
    Mg                       0.0021158398015654
    Na                       0.03930437229672
    Ntg                      0.09928508273289
    S(4)                     3.4422996038147e-23
    S(6)                     0.0015589256548155
    Si                       0.046415806314138
  -pH                        9.0625003859028
  -pe                        -1.0769820609615
  -mu                        0.00011423878469433
  -ah2o                      0.99999631227644
  -mass_water                31135.952229745
  -soln_vol                  31135.952229745
  -total_alkalinity          3.3855666987619
  -activities
    C(-2)                    -30
    C(-3)                    -30
    C(-4)                    -30
    C(2)                     -30
    C(4)                     -4.0440250183051
    Ca                       -6.2399580627513
    Cl(-1)                   -7.3061478196585
    Cl(1)                    -30.005353944383
    Cl(3)                    -30.005353944383
    Cl(5)                    -30.005363228906
    Cl(7)                    -30.005363228906
    E                        1.0769820609615
    Fe(2)                    -6.6376914945814
    Fe(3)                    -30.04740242388
    H(0)                     -29.99998792526
    K                        -3.9814583725197
    Mg                       -7.19066749378
    Na                       -5.9042393010407
    Ntg                      -5.4963667263595
    O(0)                     -29.99998792526
    S(-2)                    -30.005363228906
    S(2)                     -30.021429616319
    S(3)                     -30.021355724218
    S(4)                     -30.021392606475
    S(5)                     -30.021429616319
    S(6)                     -7.3222519404784
    S(7)                     -30.021429616319
    S(8)                     -30.005353944383
    Si                       -5.8739419493385
  -gammas
USE mix none
USE reaction none
USE reaction_temperature none
USE reaction_pressure none
