SOLUTION_RAW                 5 Solution after simulation 3.
  -temp                      30.4483
  -pressure                  252.943
  -potential                 0
  -total_h                   1200501.7419691
  -total_o                   600278.68558631
  -cb                        -6.371916883019e-13
  -density                   1.0000868140203
  -totals
    C(-4)                    4.186844470069e-18
    C(2)                     8.8564558973147e-15
    C(4)                     11.912098801201
    Ca                       0.054581687644
    Cl(-1)                   0.0095312868475199
    Fe(2)                    0.048400188266456
    Fe(3)                    2.9353856059441e-12
    H(0)                     3.313333788841e-09
    K                        6.6958526169403
    Mg                       0.031988126473115
    Na                       0.28955352395734
    Ntg                      0.21088454260376
    S(-2)                    1.2397035617834e-14
    S(2)                     1.0712487817743e-22
    S(4)                     2.5452458231944e-15
    S(6)                     0.0095496573066221
    Si                       0.16942388872189
  -pH                        6.5135285850665
  -pe                        -1.6007303808672
  -mu                        0.00068489862328482
  -ah2o                      0.9999694363436
  -mass_water                10810.333022056
  -soln_vol                  10810.333022056
  -total_alkalinity          7.2267155442075
  -activities
    C(-2)                    -30
    C(-3)                    -30
    C(-4)                    -30
    C(2)                     -30
    C(4)                     -3.1879484311116
    Ca                       -5.348357989401
    Cl(-1)                   -6.0678585622828
    Cl(1)                    -30.013046958739
    Cl(3)                    -30.013046958739
    Cl(5)                    -30.013101715448
    Cl(7)                    -30.013101715448
    E                        1.6007303808672
    Fe(2)                    -5.4010196370781
    Fe(3)                    -30.1129385789
    H(0)                     -29.999927563318
    K                        -3.2211929349058
    Mg                       -5.5795733881514
    Na                       -4.5855107801534
    Ntg                      -4.709725835102
    O(0)                     -29.999927563318
    S(-2)                    -30.013101715448
    S(2)                     -30.052272973056
    S(3)                     -30.051840354525
    S(4)                     -30.052055765458
    S(5)                     -30.052272973056
    S(6)                     -6.1086838572281
    S(7)                     -30.052272973056
    S(8)                     -30.013046958739
    Si                       -4.8050649046863
  -gammas
USE mix none
USE reaction none
USE reaction_temperature none
USE reaction_pressure none
