SOLUTION_RAW                 5 Solution after simulation 3.
  -temp                      29.3899
  -pressure                  252.958
  -potential                 0
  -total_h                   1594562.5162619
  -total_o                   797302.81711966
  -cb                        -1.2697129112005e-10
  -density                   1.000052196693
  -totals
    C(2)                     1.564753228982e-20
    C(4)                     9.1257372760396
    Ca                       0.051344105051266
    Cl(-1)                   0.0060117092021802
    Fe(2)                    0.036428066634373
    Fe(3)                    1.1838400351723e-09
    H(0)                     1.2120804241637e-14
    K                        5.7060895878452
    Mg                       0.020027188509727
    Na                       0.17343245393817
    Ntg                      0.170954128885
    S(4)                     3.5930783029904e-21
    S(6)                     0.0060224869281012
    Si                       0.1224460803359
  -pH                        6.6323997189577
  -pe                        1.0496448943095
  -mu                        0.00043272400086304
  -ah2o                      0.9999817405108
  -mass_water                14358.82124212
  -soln_vol                  14358.82124212
  -total_alkalinity          6.0770640804265
  -activities
    C(-2)                    -30
    C(-3)                    -30
    C(-4)                    -30
    C(2)                     -30
    C(4)                     -3.3838762187555
    Ca                       -5.4879428007249
    Cl(-1)                   -6.3886248853826
    Cl(1)                    -30.010425487934
    Cl(3)                    -30.010425487934
    Cl(5)                    -30.010460443129
    Cl(7)                    -30.010460443129
    E                        -1.0496448943095
    Fe(2)                    -5.637647437652
    Fe(3)                    -30.090938288929
    H(0)                     -29.999954251793
    K                        -3.4112772008468
    Mg                       -5.8962515811009
    Na                       -4.9286449554933
    Ntg                      -4.924195922116
    O(0)                     -29.999954251793
    S(-2)                    -30.010460443129
    S(2)                     -30.041755632696
    S(3)                     -30.041478771195
    S(4)                     -30.041616741683
    S(5)                     -30.041755632696
    S(6)                     -6.4207430300998
    S(7)                     -30.041755632696
    S(8)                     -30.010425487934
    Si                       -5.0694266809835
  -gammas
USE mix none
USE reaction none
USE reaction_temperature none
USE reaction_pressure none
