SOLUTION_RAW                 5 Solution after simulation 3.
  -temp                      69.2601
  -pressure                  252.989
  -potential                 0
  -total_h                   1265044.3450767
  -total_o                   663909.51269684
  -cb                        5.5375844354444e-08
  -density                   1.0641586207813
  -totals
    C(-4)                    9.2478304466037e-11
    C(2)                     5.5600319942853e-09
    C(4)                     15014.72918255
    Ca                       25.074754162013
    Cl(-1)                   32.950973201898
    Fe(2)                    57.163895860123
    Fe(3)                    1.472694913509e-08
    H(0)                     4.5036150346038e-07
    K                        105.37996084288
    Mg                       624.75360887639
    Na                       33.936267682698
    Ntg                      39.439623172337
    S(-2)                    3.4365308859471e-06
    S(2)                     3.8525353981558e-11
    S(4)                     2.1123842851105e-09
    S(6)                     33.93626424497
    Si                       247.94906817657
  -pH                        5.1561112222083
  -pe                        -0.93287472792735
  -mu                        0.19166471804767
  -ah2o                      0.97581821659948
  -mass_water                11378.52572909
  -soln_vol                  11378.52572909
  -total_alkalinity          1452.4772445859
  -activities
    C(-2)                    -30
    C(-3)                    -30
    C(-4)                    -30
    C(2)                     -30
    C(4)                     -1.0401390169183
    Ca                       -3.1728929558294
    Cl(-1)                   -2.7081618350305
    Cl(1)                    -30.145458954612
    Cl(3)                    -30.145458954612
    Cl(5)                    -30.152938619388
    Cl(7)                    -30.152938619388
    E                        0.93287472792735
    Fe(2)                    -2.810518831067
    Fe(3)                    -30.938360844591
    H(0)                     -29.979764913104
    K                        -2.1951954072606
    Mg                       -1.7210964675398
    Na                       -2.6892255108122
    Ntg                      -2.4409867672661
    O(0)                     -29.979764913104
    S(-2)                    -30.152938619388
    S(2)                     -30.607313410084
    S(3)                     -30.555088119736
    S(4)                     -30.580044451546
    S(5)                     -30.607313410084
    S(6)                     -3.8499212979168
    S(7)                     -30.607313410084
    S(8)                     -30.145458954612
    Si                       -1.6617610554715
  -gammas
USE mix none
USE reaction none
USE reaction_temperature none
USE reaction_pressure none
