SOLUTION_RAW                 5 Solution after simulation 3.
  -temp                      72.1738
  -pressure                  252.8
  -potential                 0
  -total_h                   291190.9699267
  -total_o                   251316.4929943
  -cb                        1.8609469520925e-10
  -density                   1.9108567537282
  -totals
    C(-4)                    6.8350805042095e-11
    C(2)                     2.3351605996881e-08
    C(4)                     51923.920219046
    Ca                       33.443594244536
    Cl(-1)                   87.466119450777
    Fe(2)                    79.633227606056
    Fe(3)                    2.6451337378923e-08
    H(0)                     5.5576973678983e-08
    K                        26.152063289803
    Mg                       794.67026049703
    Na                       89.136117512129
    Ntg                      52.512612823384
    S(-2)                    6.9240279481486e-06
    S(2)                     7.4376862625379e-10
    S(4)                     4.4584762237514e-09
    S(5)                     8.1439581959586e-25
    S(6)                     89.136110582911
    Si                       342.05058756377
  -pH                        4.7045303295026
  -pe                        -0.35460055769841
  -mu                        0.98996744523261
  -ah2o                      0.65168292715477
  -mass_water                2607.1636419941
  -soln_vol                  2607.1636419941
  -total_alkalinity          1665.0440048972
  -activities
    C(-2)                    -30
    C(-3)                    -30
    C(-4)                    -30
    C(2)                     -30
    C(4)                     -0.39346451261711
    Ca                       -2.601299147847
    Cl(-1)                   -1.7420555748509
    Cl(1)                    -30.195130688842
    Cl(3)                    -30.195130688842
    Cl(5)                    -30.213574270358
    Cl(7)                    -30.213574270358
    E                        0.35460055769841
    Fe(2)                    -2.2173449827877
    Fe(3)                    -31.210293042173
    H(0)                     -29.910836226069
    K                        -2.2359912409406
    Mg                       -1.129606021807
    Na                       -1.7271636404361
    Ntg                      -1.5969079189258
    O(0)                     -29.910836226069
    S(-2)                    -30.213574270358
    S(2)                     -30.912593002509
    S(3)                     -30.79276725974
    S(4)                     -30.848677077752
    S(5)                     -30.912593002509
    S(6)                     -3.3701900716671
    S(7)                     -30.912593002509
    S(8)                     -30.195130688842
    Si                       -0.88209106388035
  -gammas
USE mix none
USE reaction none
USE reaction_temperature none
USE reaction_pressure none
