SOLUTION_RAW                 5 Solution after simulation 3.
  -temp                      13.0714
  -pressure                  252.976
  -potential                 0
  -total_h                   14147131.528625
  -total_o                   7077121.0344532
  -cb                        -1.3223927997075e-07
  -density                   1.0011529954388
  -totals
    C(4)                     1246.0084122988
    Ca                       1.7254146342716
    Cl(-1)                   11.68366845067
    Fe(2)                    0.95319610068659
    Fe(3)                    3.3691328916615e-07
    H(0)                     1.5019709293647e-18
    K                        1300.6448321395
    Mg                       0.076810021350306
    Na                       770.48614572486
    Ntg                      40.99610051018
    S(4)                     5.1718023827041e-24
    S(6)                     2.712431230563
    Si                       11.318473094526
  -pH                        10.514823734177
  -pe                        -0.5761359111881
  -mu                        0.022413007451182
  -ah2o                      0.99954659306746
  -mass_water                127389.11252907
  -soln_vol                  127389.11252907
  -total_alkalinity          2059.5332889344
  -activities
    C(-2)                    -30
    C(-3)                    -30
    C(-4)                    -30
    C(2)                     -30
    C(4)                     -2.5078972056937
    Ca                       -5.7605418529353
    Cl(-1)                   -4.1027350915956
    Cl(1)                    -30.062094012782
    Cl(3)                    -30.062094012782
    Cl(5)                    -30.063410433386
    Cl(7)                    -30.063410433386
    E                        0.5761359111881
    Fe(2)                    -5.9344426856318
    Fe(3)                    -30.469561662164
    H(0)                     -29.997622632505
    K                        -2.0557954003428
    Mg                       -6.8972229544733
    Na                       -2.2836303986195
    Ntg                      -3.4901484620945
    O(0)                     -29.997622632505
    S(-2)                    -30.063410433386
    S(2)                     -30.251017307123
    S(3)                     -30.241107413032
    S(4)                     -30.245962938258
    S(5)                     -30.251017307123
    S(6)                     -4.941450821246
    S(7)                     -30.251017307123
    S(8)                     -30.062094012782
    Si                       -4.7149881305495
  -gammas
USE mix none
USE reaction none
USE reaction_temperature none
USE reaction_pressure none
