SOLUTION_RAW                 5 Solution after simulation 3.
  -temp                      30.856
  -pressure                  252.922
  -potential                 0
  -total_h                   1853352.7024266
  -total_o                   926694.09340031
  -cb                        1.8160351694663e-12
  -density                   1.0000383968087
  -totals
    C(-4)                    9.980160726366e-23
    C(2)                     3.1752090020682e-16
    C(4)                     7.3641400520687
    Ca                       0.041465589173617
    Cl(-1)                   0.006079233703161
    Fe(2)                    0.017690804798428
    Fe(3)                    3.7086187385972e-12
    H(0)                     4.6606667410077e-10
    K                        5.205923098176
    Mg                       0.014208584167857
    Na                       0.19435840451362
    Ntg                      0.14901804305698
    S(-2)                    1.2493883753816e-19
    S(4)                     6.8453030774431e-17
    S(6)                     0.0046815759202587
    Si                       0.11469804546064
  -pH                        6.8065254246063
  -pe                        -1.36935937769
  -mu                        0.00033730376566744
  -ah2o                      0.99998663930691
  -mass_water                16689.205924738
  -soln_vol                  16689.205924738
  -total_alkalinity          5.5315690734276
  -activities
    C(-2)                    -30
    C(-3)                    -30
    C(-4)                    -30
    C(2)                     -30
    C(4)                     -3.4890798085206
    Ca                       -5.6415260555294
    Cl(-1)                   -6.4479100452879
    Cl(1)                    -30.009261449307
    Cl(3)                    -30.009261449307
    Cl(5)                    -30.009288954634
    Cl(7)                    -30.009288954634
    E                        1.36935937769
    Fe(2)                    -6.012611440483
    Fe(3)                    -30.081067661891
    H(0)                     -29.999964316899
    K                        -3.5152554802639
    Mg                       -6.1061943604999
    Na                       -4.9432708623101
    Ntg                      -5.0491630871559
    O(0)                     -29.999964316899
    S(-2)                    -30.009288954634
    S(2)                     -30.037087759653
    S(3)                     -30.036869657317
    S(4)                     -30.036978387012
    S(5)                     -30.037087759653
    S(6)                     -6.5904070439979
    S(7)                     -30.037087759653
    S(8)                     -30.009261449307
    Si                       -5.1632748399186
  -gammas
USE mix none
USE reaction none
USE reaction_temperature none
USE reaction_pressure none
