SOLUTION_RAW                 5 Solution after simulation 3.
  -temp                      29.7286
  -pressure                  252.923
  -potential                 0
  -total_h                   2017658.0088997
  -total_o                   1008846.2051606
  -cb                        1.1571299474156e-12
  -density                   1.0000337542377
  -totals
    C(-4)                    3.414665697244e-20
    C(2)                     1.3327422684221e-15
    C(4)                     7.2025302276157
    Ca                       0.047963609327706
    Cl(-1)                   0.004071082880697
    Fe(2)                    0.015500241405978
    Fe(3)                    1.4639375608908e-12
    H(0)                     1.9534442280863e-09
    K                        4.9215616760905
    Mg                       0.011529722946671
    Na                       0.11386054205351
    Ntg                      0.14080150445936
    S(-2)                    4.4332731131939e-17
    S(4)                     2.5872974973541e-16
    S(6)                     0.0040782051851373
    Si                       0.096373295618803
  -pH                        6.739365936921
  -pe                        -1.6063945576981
  -mu                        0.00029001143303093
  -ah2o                      0.99998824518083
  -mass_water                18168.761985996
  -soln_vol                  18168.761985996
  -total_alkalinity          5.1731818722541
  -activities
    C(-2)                    -30
    C(-3)                    -30
    C(-4)                    -30
    C(2)                     -30
    C(4)                     -3.5542443033322
    Ca                       -5.6125045491039
    Cl(-1)                   -6.6582529372048
    Cl(1)                    -30.00858475195
    Cl(3)                    -30.00858475195
    Cl(5)                    -30.008608412715
    Cl(7)                    -30.008608412715
    E                        1.6063945576981
    Fe(2)                    -6.1039958167811
    Fe(3)                    -30.075291875772
    H(0)                     -29.999969334842
    K                        -3.5758553528396
    Mg                       -6.2312014691913
    Na                       -5.2116926295739
    Ntg                      -5.110689039224
    O(0)                     -29.999969334842
    S(-2)                    -30.008608412715
    S(2)                     -30.03437500833
    S(3)                     -30.034187272327
    S(4)                     -30.034280883391
    S(5)                     -30.03437500833
    S(6)                     -6.6843560917273
    S(7)                     -30.03437500833
    S(8)                     -30.00858475195
    Si                       -5.2756941885277
  -gammas
USE mix none
USE reaction none
USE reaction_temperature none
USE reaction_pressure none
