SOLUTION_RAW                 5 Solution after simulation 3.
  -temp                      16.3747
  -pressure                  252.967
  -potential                 0
  -total_h                   4616477.5342451
  -total_o                   2308243.6929043
  -cb                        -1.1540104297506e-09
  -density                   1.0000054456193
  -totals
    C(4)                     1.7672986362633
    Ca                       0.013498087972131
    Cl(-1)                   0.00091569881146143
    Fe(2)                    0.0054320354098259
    Fe(3)                    4.6504160479804e-10
    H(0)                     1.0805223330302e-16
    K                        2.59354080935
    Mg                       0.00073749403366143
    Na                       0.024700418944369
    Ntg                      0.081661811506494
    S(4)                     3.9359989996095e-25
    S(6)                     0.00091615601070934
    Si                       0.030052800088722
  -pH                        9.5190496818461
  -pe                        -0.71596607880331
  -mu                        6.9083668142347e-05
  -ah2o                      0.99999787308649
  -mass_water                41570.898205487
  -soln_vol                  41570.898205487
  -total_alkalinity          2.6548284539118
  -activities
    C(-2)                    -30
    C(-3)                    -30
    C(-4)                    -30
    C(2)                     -30
    C(4)                     -4.4275497547942
    Ca                       -6.5086531694963
    Cl(-1)                   -7.6612012048268
    Cl(1)                    -30.004152377307
    Cl(3)                    -30.004152377307
    Cl(5)                    -30.00415798076
    Cl(7)                    -30.00415798076
    E                        0.71596607880331
    Fe(2)                    -7.0834235380173
    Fe(3)                    -30.036896429414
    H(0)                     -29.999992682262
    K                        -4.2090599934949
    Mg                       -7.7692617833794
    Na                       -6.2302695729396
    Ntg                      -5.7067634902032
    O(0)                     -29.999992682262
    S(-2)                    -30.00415798076
    S(2)                     -30.016617749001
    S(3)                     -30.016573102004
    S(4)                     -30.016595395479
    S(5)                     -30.016617749001
    S(6)                     -7.6736596534897
    S(7)                     -30.016617749001
    S(8)                     -30.004152377307
    Si                       -6.249014340607
  -gammas
USE mix none
USE reaction none
USE reaction_temperature none
USE reaction_pressure none
