SOLUTION_RAW                 5 Solution after simulation 3.
  -temp                      52.9443
  -pressure                  253.048
  -potential                 0
  -total_h                   3525853.2581339
  -total_o                   1781365.49586
  -cb                        4.83088840042e-08
  -density                   1.0139154739535
  -totals
    C(-4)                    4.4046969494595e-12
    C(2)                     4.7516034682165e-10
    C(4)                     8740.4524570797
    Ca                       34.830662396452
    Cl(-1)                   20.177862906951
    Fe(2)                    48.531305583175
    Fe(3)                    6.1821884396677e-09
    H(0)                     2.4372664232416e-07
    K                        248.06753880169
    Mg                       424.7239727427
    Na                       20.389179162995
    Ntg                      38.214606071047
    S(-2)                    2.4746512636923e-07
    S(2)                     1.0436247774852e-12
    S(4)                     3.7837501789045e-10
    S(6)                     20.38917905024
    Si                       132.28448901262
  -pH                        5.3923876095994
  -pe                        -0.95955459324626
  -mu                        0.055545932193322
  -ah2o                      0.99479641188336
  -mass_water                31738.938349878
  -soln_vol                  31738.938349878
  -total_alkalinity          1223.672378359
  -activities
    C(-2)                    -30
    C(-3)                    -30
    C(-4)                    -30
    C(2)                     -30
    C(4)                     -1.5085261681261
    Ca                       -3.3070739775153
    Cl(-1)                   -3.2999923211833
    Cl(1)                    -30.094326096862
    Cl(3)                    -30.094326096862
    Cl(5)                    -30.097306862288
    Cl(7)                    -30.097306862288
    E                        0.95955459324626
    Fe(2)                    -3.1589909229898
    Fe(3)                    -30.667793673423
    H(0)                     -29.994061376136
    K                        -2.2079333636238
    Mg                       -2.1958730046539
    Na                       -3.2958598965809
    Ntg                      -2.9138084154385
    O(0)                     -29.994061376136
    S(-2)                    -30.097306862288
    S(2)                     -30.384509063234
    S(3)                     -30.36268091274
    S(4)                     -30.373278184443
    S(5)                     -30.384509063234
    S(6)                     -3.9825859376547
    S(7)                     -30.384509063234
    S(8)                     -30.094326096862
    Si                       -2.380120479013
  -gammas
USE mix none
USE reaction none
USE reaction_temperature none
USE reaction_pressure none
