SOLUTION_RAW                 5 Solution after simulation 3.
  -temp                      8.62202
  -pressure                  252.979
  -potential                 0
  -total_h                   15604631.333271
  -total_o                   7806591.0376755
  -cb                        -4.8734727862154e-06
  -density                   1.0012410660149
  -totals
    C(4)                     1503.082003008
    Ca                       1.8186808201584
    Cl(-1)                   14.446157940673
    Fe(2)                    0.95324218822402
    Fe(3)                    3.3059618039451e-08
    H(0)                     8.1648285092819e-17
    K                        1434.6398259597
    Mg                       0.059699881486543
    Na                       1062.7913288111
    Ntg                      48.946515845521
    S(4)                     4.4499442449987e-22
    S(6)                     4.5510126351079
    Si                       5.6149360997898
  -pH                        10.566916958291
  -pe                        -1.5220839628196
  -mu                        0.024565517340533
  -ah2o                      0.99950594280552
  -mass_water                140513.03240506
  -soln_vol                  140513.03240506
  -total_alkalinity          2479.5462222461
  -activities
    C(-2)                    -30
    C(-3)                    -30
    C(-4)                    -30
    C(2)                     -30
    C(4)                     -2.4784654705626
    Ca                       -5.7707943882547
    Cl(-1)                   -4.0553939528423
    Cl(1)                    -30.064092873741
    Cl(3)                    -30.064092873741
    Cl(5)                    -30.065504319512
    Cl(7)                    -30.065504319512
    E                        1.5220839628196
    Fe(2)                    -5.904607972523
    Fe(3)                    -30.481878972245
    H(0)                     -29.997379223429
    K                        -2.0580087560876
    Mg                       -7.054442941023
    Na                       -2.1882981465247
    Ntg                      -3.4555382717332
    O(0)                     -29.997379223429
    S(-2)                    -30.065504319512
    S(2)                     -30.25921917595
    S(3)                     -30.248617776611
    S(4)                     -30.253808233136
    S(5)                     -30.25921917595
    S(6)                     -4.7668617473496
    S(7)                     -30.25921917595
    S(8)                     -30.064092873741
    Si                       -5.0753996372406
  -gammas
USE mix none
USE reaction none
USE reaction_temperature none
USE reaction_pressure none
