SOLUTION_RAW                 5 Solution after simulation 3.
  -temp                      84.2615
  -pressure                  252.894
  -potential                 0
  -total_h                   728529.35110729
  -total_o                   409965.63148867
  -cb                        1.2940768989722e-07
  -density                   1.1594750356493
  -totals
    C(-4)                    2.5882547784803e-10
    C(2)                     2.9059536541253e-08
    C(4)                     22132.761980419
    Ca                       29.754524301833
    Cl(-1)                   47.151627487518
    Fe(2)                    61.593538135221
    Fe(3)                    3.2606739517239e-08
    H(0)                     7.1918968675051e-07
    K                        63.305740244143
    Mg                       607.26922330841
    Na                       50.436702784726
    Ntg                      40.707235924151
    S(-2)                    1.1620716511822e-05
    S(2)                     2.5040184404074e-10
    S(4)                     8.6429569606274e-09
    S(5)                     5.5609252043793e-25
    S(6)                     50.436691159445
    Si                       276.10462892864
  -pH                        4.9534357914319
  -pe                        -0.82243054654127
  -mu                        0.31716070869912
  -ah2o                      0.93948017425764
  -mass_water                6548.0686736107
  -soln_vol                  6548.0686736107
  -total_alkalinity          1362.9520045991
  -activities
    C(-2)                    -30
    C(-3)                    -30
    C(-4)                    -30
    C(2)                     -30
    C(4)                     -0.85312488199978
    Ca                       -2.9419822874677
    Cl(-1)                   -2.350143790621
    Cl(1)                    -30.170422948944
    Cl(3)                    -30.170422948944
    Cl(5)                    -30.180996748565
    Cl(7)                    -30.180996748565
    E                        0.82243054654127
    Fe(2)                    -2.6207601014852
    Fe(3)                    -31.064354328326
    H(0)                     -29.966831612106
    K                        -2.2085733869587
    Mg                       -1.5678616397355
    Na                       -2.3045771192014
    Ntg                      -2.1747255404029
    O(0)                     -29.966831612106
    S(-2)                    -30.180996748565
    S(2)                     -30.724636353996
    S(3)                     -30.652442407328
    S(4)                     -30.686685523316
    S(5)                     -30.724636353996
    S(6)                     -3.7439256834342
    S(7)                     -30.724636353996
    S(8)                     -30.170422948944
    Si                       -1.3750745244178
  -gammas
USE mix none
USE reaction none
USE reaction_temperature none
USE reaction_pressure none
