SOLUTION_RAW                 5 Solution after simulation 3.
  -temp                      45.0309
  -pressure                  253.065
  -potential                 0
  -total_h                   5194773.9109093
  -total_o                   2610626.6825095
  -cb                        1.7426590765979e-06
  -density                   1.0068505442293
  -totals
    C(-4)                    2.7589187691128e-13
    C(2)                     9.9066831401492e-11
    C(4)                     6304.4182252682
    Ca                       24.74890446156
    Cl(-1)                   14.697476231317
    Fe(2)                    47.874400849066
    Fe(3)                    4.8975530201641e-09
    H(0)                     1.1327896507826e-07
    K                        325.05061008094
    Mg                       185.67594145871
    Na                       14.78632055807
    Ntg                      37.977271732853
    S(-2)                    3.6349810491158e-08
    S(2)                     1.1100154477011e-13
    S(4)                     1.5899312879518e-10
    S(6)                     14.786320627338
    Si                       82.83133521893
  -pH                        5.3923839583271
  -pe                        -0.78408725066623
  -mu                        0.023678832021777
  -ah2o                      0.99743854637881
  -mass_water                46771.103318408
  -soln_vol                  46771.103318408
  -total_alkalinity          812.16530495361
  -activities
    C(-2)                    -41.524053026067
    C(-3)                    -35.640387709548
    C(-4)                    -17.229870692144
    C(2)                     -14.67420734012
    C(4)                     -1.8272864862765
    Ca                       -3.5304311216129
    Cl(-1)                   -3.5737995577828
    Cl(1)                    -49.102652553241
    Cl(3)                    -87.71627498548
    Cl(5)                    -113.3438328027
    Cl(7)                    -143.13954857159
    E                        0.78408725066623
    Fe(2)                    -3.2393864658979
    Fe(3)                    -16.795772422579
    H(0)                     -11.91449189769
    K                        -2.2283438665705
    Mg                       -2.6445589487885
    Na                       -3.5725170762626
    Ntg                      -3.0880859696879
    O(0)                     -62.24809429432
    S(-2)                    -13.520650695378
    S(2)                     -18.196916880178
    S(3)                     -35.455101742163
    S(4)                     -16.511071265993
    S(5)                     -33.96747478702
    S(6)                     -3.9784115436571
    S(7)                     -70.142535151939
    S(8)                     -56.189603805958
    Si                       -2.7518103963142
  -gammas
USE mix none
USE reaction none
USE reaction_temperature none
USE reaction_pressure none
