SOLUTION_RAW                 5 Solution after simulation 3.
  -temp                      14.4786
  -pressure                  252.955
  -potential                 0
  -total_h                   274060.48614038
  -total_o                   186091.97278422
  -cb                        -7.158718062783e-12
  -density                   1.4429806968809
  -totals
    C(2)                     4.9273951303825e-17
    C(4)                     24363.959156199
    Ca                       32.230159616779
    Cl(-1)                   20.731556359953
    Fe(2)                    70.914629058663
    Fe(3)                    6.4271306869022e-07
    H(0)                     7.8679270908826e-16
    K                        24.694491397924
    Mg                       27.465850791222
    Na                       20.743379727953
    Ntg                      76.722615203775
    S(4)                     2.4745589101356e-16
    S(6)                     20.743379727952
    Si                       64.308732316787
  -pH                        4.3698613318245
  -pe                        3.3595055306343
  -mu                        0.17530293943488
  -ah2o                      0.82960211218482
  -mass_water                2465.683494471
  -soln_vol                  2465.683494471
  -total_alkalinity          244.44083488607
  -activities
    C(-2)                    -30
    C(-3)                    -30
    C(-4)                    -30
    C(2)                     -30
    C(4)                     -1.1361011904981
    Ca                       -2.3736135964553
    Cl(-1)                   -2.2228939236885
    Cl(1)                    -30.129388029861
    Cl(3)                    -30.129388029861
    Cl(5)                    -30.135700616137
    Cl(7)                    -30.135700616137
    E                        -3.3595055306343
    Fe(2)                    -1.9983630032948
    Fe(3)                    -30.843473713647
    H(0)                     -29.98160185018
    K                        -2.1475816430754
    Mg                       -2.4067890650683
    Na                       -2.2441159848591
    Ntg                      -1.4894836360388
    O(0)                     -29.98160185018
    S(-2)                    -30.135700616137
    S(2)                     -30.538317267376
    S(3)                     -30.493976868724
    S(4)                     -30.515207387164
    S(5)                     -30.538317267376
    S(6)                     -2.7640824147417
    S(7)                     -30.538317267376
    S(8)                     -30.129388029861
    Si                       -1.5836685014519
  -gammas
USE mix none
USE reaction none
USE reaction_temperature none
USE reaction_pressure none
