SOLUTION_RAW                 5 Solution after simulation 3.
  -temp                      14.3875
  -pressure                  252.978
  -potential                 0
  -total_h                   271358.59479916
  -total_o                   138504.74071196
  -cb                        1.1221264273331e-07
  -density                   1.029570861651
  -totals
    C(-4)                    3.3560233898764e-15
    C(2)                     6.5800303250275e-13
    C(4)                     1298.4044318829
    Ca                       15.344294072948
    Cl(-1)                   10.277245678095
    Fe(2)                    65.72592648273
    Fe(3)                    1.1154168595901e-09
    H(0)                     2.7463195533063e-10
    K                        24.448987114407
    Mg                       6.8380237107566
    Na                       10.281526039123
    Ntg                      74.868942364628
    S(-2)                    1.9307588320388e-09
    S(2)                     7.0362868015261e-14
    S(4)                     3.5083359420019e-12
    S(6)                     10.281526052723
    Si                       48.827496267972
  -pH                        5.513760987293
  -pe                        -0.5562011073105
  -mu                        0.12344588939098
  -ah2o                      0.9891203619243
  -mass_water                2441.9388197372
  -soln_vol                  2441.9388197372
  -total_alkalinity          179.70670379175
  -activities
    C(-2)                    -30
    C(-3)                    -30
    C(-4)                    -30
    C(2)                     -30
    C(4)                     -1.251362404405
    Ca                       -2.6413883369883
    Cl(-1)                   -2.5064800808613
    Cl(1)                    -30.116406891982
    Cl(3)                    -30.116406891982
    Cl(5)                    -30.121379170717
    Cl(7)                    -30.121379170717
    E                        0.5562011073105
    Fe(2)                    -1.9847067413229
    Fe(3)                    -30.778227532029
    H(0)                     -29.98700570033
    K                        -2.1300695545471
    Mg                       -2.9594576719577
    Na                       -2.5237140248912
    Ntg                      -1.5010884918989
    O(0)                     -29.98700570033
    S(-2)                    -30.121379170717
    S(2)                     -30.480245235818
    S(3)                     -30.444823698508
    S(4)                     -30.461863378987
    S(5)                     -30.480245235818
    S(6)                     -2.9345291883432
    S(7)                     -30.480245235818
    S(8)                     -30.116406891982
    Si                       -1.6990867280118
  -gammas
USE mix none
USE reaction none
USE reaction_temperature none
USE reaction_pressure none
