SOLUTION_RAW                 5 Solution after simulation 3.
  -temp                      17.4765
  -pressure                  253.093
  -potential                 0
  -total_h                   26974022.594425
  -total_o                   13489198.255312
  -cb                        -4.8371008443127e-07
  -density                   1.0003121120764
  -totals
    C(2)                     3.636349185632e-22
    C(4)                     926.4707916573
    Ca                       3.8731814648166
    Cl(-1)                   2.5456036285007
    Fe(2)                    16.037172789101
    Fe(3)                    8.3312030264042e-06
    H(0)                     5.2314145020876e-17
    K                        557.08527300357
    Mg                       2.6620813274793
    Na                       2.5470454022461
    Ntg                      30.170959669569
    S(4)                     3.4503500808347e-22
    S(6)                     2.5205011892314
    Si                       12.669603663653
  -pH                        6.6459633239428
  -pe                        2.7093776965912
  -mu                        0.002593344811017
  -ah2o                      0.99989105474405
  -mass_water                242892.99956774
  -soln_vol                  242892.99956774
  -total_alkalinity          597.19059237656
  -activities
    C(-2)                    -30
    C(-3)                    -30
    C(-4)                    -30
    C(2)                     -30
    C(4)                     -2.6335177615423
    Ca                       -4.8916141665835
    Cl(-1)                   -5.0041131415956
    Cl(1)                    -30.02405810097
    Cl(3)                    -30.02405810097
    Cl(5)                    -30.024248606373
    Cl(7)                    -30.024248606373
    E                        -2.7093776965912
    Fe(2)                    -4.2741917602256
    Fe(3)                    -30.201573918264
    H(0)                     -29.999725553171
    K                        -2.6639632768848
    Mg                       -5.0518078863278
    Na                       -5.0050113071501
    Ntg                      -3.9055665393658
    O(0)                     -29.999725553171
    S(-2)                    -30.024248606373
    S(2)                     -30.096542953155
    S(3)                     -30.095054126474
    S(4)                     -30.09579276151
    S(5)                     -30.096542953155
    S(6)                     -5.0879266951341
    S(7)                     -30.096542953155
    S(8)                     -30.02405810097
    Si                       -4.2828309123778
  -gammas
USE mix none
USE reaction none
USE reaction_temperature none
USE reaction_pressure none
