SOLUTION_RAW                 5 Solution after simulation 3.
  -temp                      30.8331
  -pressure                  252.891
  -potential                 0
  -total_h                   3367386.2081038
  -total_o                   1683703.0820469
  -cb                        1.8048665860471e-12
  -density                   1.0000124975011
  -totals
    C(-4)                    4.2221420964773e-12
    C(2)                     5.8962692245845e-14
    C(4)                     4.0564143122335
    Ca                       0.024827339084547
    Cl(-1)                   0.0022489153489793
    Fe(2)                    0.0058066496612553
    Fe(3)                    4.9004582562169e-14
    H(0)                     5.159719959863e-07
    K                        3.3824133027689
    Mg                       0.0047046353116882
    Na                       0.056162612132605
    Ntg                      0.089253736276758
    S(-2)                    2.118874997585e-09
    S(2)                     6.134112959941e-19
    S(4)                     9.2485370014408e-15
    S(6)                     0.0016494346823067
    Si                       0.053358118535137
  -pH                        7.1270759792037
  -pe                        -3.0825520509576
  -mu                        0.00011710059988162
  -ah2o                      0.99999569144096
  -mass_water                30322.944516914
  -soln_vol                  30322.944516914
  -total_alkalinity          3.5037053783011
  -activities
    C(-2)                    -30
    C(-3)                    -30
    C(-4)                    -30
    C(2)                     -30
    C(4)                     -3.943842133296
    Ca                       -6.1088417715962
    Cl(-1)                   -7.1353335464811
    Cl(1)                    -30.005513688897
    Cl(3)                    -30.005513688897
    Cl(5)                    -30.00552341391
    Cl(7)                    -30.00552341391
    E                        3.0825520509576
    Fe(2)                    -6.7424749116269
    Fe(3)                    -30.048803438879
    H(0)                     -29.999987611666
    K                        -3.9580780582793
    Mg                       -6.8310506622888
    Na                       -5.7379005027514
    Ntg                      -5.5311332559261
    O(0)                     -29.999987611666
    S(-2)                    -30.00552341391
    S(2)                     -30.022069322896
    S(3)                     -30.021991931937
    S(4)                     -30.022030559465
    S(5)                     -30.022069322896
    S(6)                     -7.2869596872031
    S(7)                     -30.022069322896
    S(8)                     -30.005513688897
    Si                       -5.7553891271802
  -gammas
USE mix none
USE reaction none
USE reaction_temperature none
USE reaction_pressure none
