SOLUTION_RAW                 5 Solution after simulation 3.
  -temp                      25.1611
  -pressure                  252.962
  -potential                 0
  -total_h                   2589399.0213853
  -total_o                   1294711.6798845
  -cb                        -3.0339749549496e-10
  -density                   1.0000198386993
  -totals
    C(-4)                    6.5460346790493e-23
    C(2)                     8.0024503440987e-17
    C(4)                     4.9403788937696
    Ca                       0.032105977351159
    Cl(-1)                   0.002617706548305
    Fe(2)                    0.016013838302116
    Fe(3)                    2.0511750970672e-12
    H(0)                     4.8800137496238e-10
    K                        4.1105719018096
    Mg                       0.0057950342879776
    Na                       0.06842329174839
    Ntg                      0.12029481722244
    S(-2)                    4.2221045652588e-20
    S(4)                     1.7467890780128e-17
    S(6)                     0.0026208589728722
    Si                       0.06923392626315
  -pH                        7.1645398073164
  -pe                        -1.7229727023073
  -mu                        0.00018645844614354
  -ah2o                      0.99999316637146
  -mass_water                23317.2407394
  -soln_vol                  23317.2407394
  -total_alkalinity          4.2789654692519
  -activities
    C(-2)                    -30
    C(-3)                    -30
    C(-4)                    -30
    C(2)                     -30
    C(4)                     -3.7439850815906
    Ca                       -5.8884095440731
    Cl(-1)                   -6.9566441916661
    Cl(1)                    -30.006854468135
    Cl(3)                    -30.006854468135
    Cl(5)                    -30.006869635637
    Cl(7)                    -30.006869635637
    E                        1.7229727023073
    Fe(2)                    -6.1923198445931
    Fe(3)                    -30.060418717647
    H(0)                     -29.999980303941
    K                        -3.7606601488382
    Mg                       -6.6316483441536
    Na                       -5.5394376867546
    Ntg                      -5.2874115941524
    O(0)                     -29.999980303941
    S(-2)                    -30.006869635637
    S(2)                     -30.027440814138
    S(3)                     -30.027320273422
    S(4)                     -30.027380411149
    S(5)                     -30.027440814138
    S(6)                     -6.9773598203566
    S(7)                     -30.027440814138
    S(8)                     -30.006854468135
    Si                       -5.528097795532
  -gammas
USE mix none
USE reaction none
USE reaction_temperature none
USE reaction_pressure none
