SOLUTION_RAW                 5 Solution after simulation 3.
  -temp                      20.3931
  -pressure                  252.963
  -potential                 0
  -total_h                   3527304.3146581
  -total_o                   1763659.6963672
  -cb                        -1.8283161443144e-13
  -density                   1.000009929894
  -totals
    C(4)                     2.8890539722568
    Ca                       0.01843183224478
    Cl(-1)                   0.00150221023703
    Fe(2)                    0.0091023466606641
    Fe(3)                    1.9480526627353e-09
    H(0)                     4.8393231993449e-17
    K                        3.2377586470419
    Mg                       0.0019707436674875
    Na                       0.037856927400017
    Ntg                      0.097962527792055
    S(4)                     3.6658260904521e-25
    S(6)                     0.0015033405211937
    Si                       0.044929277897517
  -pH                        9.120638215727
  -pe                        -0.15950998192526
  -mu                        0.00011058172538234
  -ah2o                      0.99999645293531
  -mass_water                31762.995363409
  -soln_vol                  31762.995363409
  -total_alkalinity          3.3301165302566
  -activities
    C(-2)                    -30
    C(-3)                    -30
    C(-4)                    -30
    C(2)                     -30
    C(4)                     -4.0706250501274
    Ca                       -6.2611860226886
    Cl(-1)                   -7.3304769086376
    Cl(1)                    -30.005266628585
    Cl(3)                    -30.005266628585
    Cl(5)                    -30.005275614801
    Cl(7)                    -30.005275614801
    E                        0.15950998192526
    Fe(2)                    -6.6724612422037
    Fe(3)                    -30.046641468938
    H(0)                     -29.999988310635
    K                        -3.9969617663547
    Mg                       -7.2299518292136
    Na                       -5.9291038406116
    Ntg                      -5.510850410042
    O(0)                     -29.999988310635
    S(-2)                    -30.005275614801
    S(2)                     -30.021079895727
    S(3)                     -30.021008371803
    S(4)                     -30.021044073005
    S(5)                     -30.021079895727
    S(6)                     -7.3463149690117
    S(7)                     -30.021079895727
    S(8)                     -30.005266628585
    Si                       -5.9025807243065
  -gammas
USE mix none
USE reaction none
USE reaction_temperature none
USE reaction_pressure none
