SOLUTION_RAW                 5 Solution after simulation 3.
  -temp                      30.0179
  -pressure                  252.943
  -potential                 0
  -total_h                   1595306.4728431
  -total_o                   797674.58416668
  -cb                        -1.6003013150745e-11
  -density                   1.000051859116
  -totals
    C(-4)                    7.8156914038731e-19
    C(2)                     3.9473332477049e-15
    C(4)                     9.0164646942043
    Ca                       0.050089173213751
    Cl(-1)                   0.0060485276181646
    Fe(2)                    0.030624533070004
    Fe(3)                    2.0929751551435e-12
    H(0)                     3.1482959189993e-09
    K                        5.7127112580981
    Mg                       0.0193121662963
    Na                       0.18437207020835
    Ntg                      0.16984266508408
    S(-2)                    1.448830581222e-15
    S(2)                     5.4523888423277e-24
    S(4)                     9.1600891092479e-16
    S(6)                     0.0060595569670524
    Si                       0.12554688853606
  -pH                        6.6457173810589
  -pe                        -1.6644475921338
  -mu                        0.00043212124786005
  -ah2o                      0.9999818643614
  -mass_water                14365.520482485
  -soln_vol                  14365.520482485
  -total_alkalinity          6.0789674319324
  -activities
    C(-2)                    -30
    C(-3)                    -30
    C(-4)                    -30
    C(2)                     -30
    C(4)                     -3.3839690539672
    Ca                       -5.4989194921338
    Cl(-1)                   -6.3861813449422
    Cl(1)                    -30.010431063931
    Cl(3)                    -30.010431063931
    Cl(5)                    -30.010466024762
    Cl(7)                    -30.010466024762
    E                        1.6644475921338
    Fe(2)                    -5.7132988124986
    Fe(3)                    -30.090987917857
    H(0)                     -29.99995430421
    K                        -3.4109816892204
    Mg                       -5.9122682082529
    Na                       -4.9022856526438
    Ntg                      -4.9272313576343
    O(0)                     -29.99995430421
    S(-2)                    -30.010466024762
    S(2)                     -30.041777927039
    S(3)                     -30.041501019875
    S(4)                     -30.041639013289
    S(5)                     -30.041777927039
    S(6)                     -6.4183008068646
    S(7)                     -30.041777927039
    S(8)                     -30.010431063931
    Si                       -5.0587815818993
  -gammas
USE mix none
USE reaction none
USE reaction_temperature none
USE reaction_pressure none
