SOLUTION_RAW                 5 Solution after simulation 3.
  -temp                      22.3642
  -pressure                  252.961
  -potential                 0
  -total_h                   3098527.1091726
  -total_o                   1549272.7849764
  -cb                        -5.3136271424559e-13
  -density                   1.0000133138557
  -totals
    C(2)                     9.2961084366375e-24
    C(4)                     3.6304258481403
    Ca                       0.022742141052995
    Cl(-1)                   0.0018996540056754
    Fe(2)                    0.011575077624518
    Fe(3)                    6.2831811861244e-10
    H(0)                     1.5145210249743e-15
    K                        3.58691087991
    Mg                       0.003115601394453
    Na                       0.048341080172752
    Ntg                      0.10684564340054
    S(4)                     1.693474424401e-23
    S(6)                     0.0019013933512933
    Si                       0.054862632341854
  -pH                        8.4333870241379
  -pe                        -0.22766576945379
  -mu                        0.00013583902518288
  -ah2o                      0.99999541265191
  -mass_water                27901.894168859
  -soln_vol                  27901.894168859
  -total_alkalinity          3.7044151601473
  -activities
    C(-2)                    -30
    C(-3)                    -30
    C(-4)                    -30
    C(2)                     -30
    C(4)                     -3.900397226526
    Ca                       -6.1133107027798
    Cl(-1)                   -7.1728271691918
    Cl(1)                    -30.00584377527
    Cl(3)                    -30.00584377527
    Cl(5)                    -30.005854822407
    Cl(7)                    -30.005854822407
    E                        0.22766576945379
    Fe(2)                    -6.4337849265541
    Fe(3)                    -30.051664112527
    H(0)                     -29.999985648175
    K                        -3.8967792364575
    Mg                       -6.9757455605817
    Na                       -5.7672434203441
    Ntg                      -5.4168632845797
    O(0)                     -29.999985648175
    S(-2)                    -30.005854822407
    S(2)                     -30.023391654541
    S(3)                     -30.023303775354
    S(4)                     -30.023347632274
    S(5)                     -30.023391654541
    S(6)                     -7.1904313112211
    S(7)                     -30.023391654541
    S(8)                     -30.00584377527
    Si                       -5.7186439503115
  -gammas
USE mix none
USE reaction none
USE reaction_temperature none
USE reaction_pressure none
