SOLUTION_RAW                 5 Solution after simulation 3.
  -temp                      64.0818
  -pressure                  253.011
  -potential                 0
  -total_h                   1626986.2004458
  -total_o                   840669.55855644
  -cb                        9.3134033818387e-10
  -density                   1.0435968645497
  -totals
    C(-4)                    6.6932258245414e-11
    C(2)                     3.0605919269086e-09
    C(4)                     12919.525556543
    Ca                       23.590368344858
    Cl(-1)                   27.438615611154
    Fe(2)                    55.137618636305
    Fe(3)                    1.0718824033695e-08
    H(0)                     4.0594791021182e-07
    K                        131.77901764641
    Mg                       631.44654422997
    Na                       28.040294132756
    Ntg                      39.23044657395
    S(-2)                    2.1636664821447e-06
    S(2)                     1.7359827971342e-11
    S(4)                     1.2018741693183e-09
    S(6)                     28.040291969073
    Si                       238.46074118092
  -pH                        5.2504996881173
  -pe                        -0.99605222728068
  -mu                        0.15225371652579
  -ah2o                      0.98362515962367
  -mass_water                14637.378131064
  -soln_vol                  14637.378131064
  -total_alkalinity          1496.6491746595
  -activities
    C(-2)                    -30
    C(-3)                    -30
    C(-4)                    -30
    C(2)                     -30
    C(4)                     -1.1255857950336
    Ca                       -3.2729729937072
    Cl(-1)                   -2.8821056090421
    Cl(1)                    -30.134657333927
    Cl(3)                    -30.134657333927
    Cl(5)                    -30.141001000771
    Cl(7)                    -30.141001000771
    E                        0.99605222728068
    Fe(2)                    -2.9002542484684
    Fe(3)                    -30.883297125898
    H(0)                     -29.983882601211
    K                        -2.1941057202233
    Mg                       -1.7948007982257
    Na                       -2.8692015916333
    Ntg                      -2.5566146686784
    O(0)                     -29.983882601211
    S(-2)                    -30.141001000771
    S(2)                     -30.558738016479
    S(3)                     -30.514010274231
    S(4)                     -30.535453202845
    S(5)                     -30.558738016479
    S(6)                     -3.924155668575
    S(7)                     -30.558738016479
    S(8)                     -30.134657333927
    Si                       -1.7880862243574
  -gammas
USE mix none
USE reaction none
USE reaction_temperature none
USE reaction_pressure none
