SOLUTION_RAW                 5 Solution after simulation 3.
  -temp                      30.0591
  -pressure                  252.958
  -potential                 0
  -total_h                   1260212.6558772
  -total_o                   630132.86205905
  -cb                        -6.58811546983e-12
  -density                   1.0000794482242
  -totals
    C(-4)                    6.4247139780666e-19
    C(2)                     5.0166567575027e-15
    C(4)                     11.330590815722
    Ca                       0.053945972179627
    Cl(-1)                   0.0088063313493724
    Fe(2)                    0.052734064721165
    Fe(3)                    3.8878975611003e-12
    H(0)                     2.1600591830237e-09
    K                        6.5206461958884
    Mg                       0.030868227214926
    Na                       0.26576126407724
    Ntg                      0.20388933224365
    S(-2)                    1.7385286908271e-15
    S(2)                     1.2960032651266e-23
    S(4)                     1.3873658436533e-15
    S(6)                     0.0088231149236928
    Si                       0.16006031575572
  -pH                        6.5418040518409
  -pe                        -1.529521339193
  -mu                        0.00063552944396669
  -ah2o                      0.99997207653198
  -mass_water                11348.025558334
  -soln_vol                  11348.025558334
  -total_alkalinity          7.0350514270108
  -activities
    C(-2)                    -30
    C(-3)                    -30
    C(-4)                    -30
    C(2)                     -30
    C(4)                     -3.2202408289749
    Ca                       -5.3726857339469
    Cl(-1)                   -6.1228154880395
    Cl(1)                    -30.012574963396
    Cl(3)                    -30.012574963396
    Cl(5)                    -30.012625842422
    Cl(7)                    -30.012625842422
    E                        1.529521339193
    Fe(2)                    -5.3830477414824
    Fe(3)                    -30.109000796405
    H(0)                     -29.999932795499
    K                        -3.2533092872866
    Mg                       -5.614343049597
    Na                       -4.6433345698552
    Ntg                      -4.7454622487928
    O(0)                     -29.999932795499
    S(-2)                    -30.012625842422
    S(2)                     -30.050378795357
    S(3)                     -30.049976634456
    S(4)                     -30.050176909526
    S(5)                     -30.050378795357
    S(6)                     -6.1620584249093
    S(7)                     -30.050378795357
    S(8)                     -30.012574963396
    Si                       -4.8508475919909
  -gammas
USE mix none
USE reaction none
USE reaction_temperature none
USE reaction_pressure none
