SOLUTION_RAW                 5 Solution after simulation 3.
  -temp                      39.5097
  -pressure                  253.074
  -potential                 0
  -total_h                   6966138.0861673
  -total_o                   3493248.5742767
  -cb                        1.775059409681e-06
  -density                   1.0040141001162
  -totals
    C(2)                     1.2932590376463e-14
    C(4)                     4834.7228398632
    Ca                       18.781994238339
    Cl(-1)                   11.320906798697
    Fe(2)                    47.43417411678
    Fe(3)                    2.0149076681874e-07
    H(0)                     2.812859627435e-11
    K                        388.21861189409
    Mg                       96.090009173578
    Na                       11.366334342086
    Ntg                      37.680311468053
    S(-2)                    1.782219527491e-22
    S(4)                     2.5509186353071e-14
    S(6)                     11.366334394349
    Si                       59.774156710374
  -pH                        5.4719046110154
  -pe                        0.94862435698232
  -mu                        0.014165103301986
  -ah2o                      0.9985054336875
  -mass_water                62723.158528708
  -soln_vol                  62723.158528707
  -total_alkalinity          690.1437241326
  -activities
    C(-2)                    -63.79875514589
    C(-3)                    -60.750870688813
    C(-4)                    -31.736486437993
    C(2)                     -18.688203739073
    C(4)                     -2.0119327794607
    Ca                       -3.729600976858
    Cl(-1)                   -3.7995467273494
    Cl(1)                    -46.582704502988
    Cl(3)                    -82.402974513308
    Cl(5)                    -105.00964196282
    Cl(7)                    -131.81914622962
    E                        -0.94862435698232
    Fe(2)                    -3.3233553401036
    Fe(3)                    -15.208795668706
    H(0)                     -15.650267196931
    K                        -2.2640582975261
    Mg                       -3.0139580797852
    Na                       -3.7993769991633
    Ntg                      -3.2198969254722
    O(0)                     -56.391992435941
    S(-2)                    -27.943347282187
    S(2)                     -32.758213896009
    S(3)                     -46.776261700864
    S(4)                     -20.305646681286
    S(5)                     -41.777080698865
    S(6)                     -4.0656078014027
    S(7)                     -68.125209915421
    S(8)                     -53.843380049713
    Si                       -3.0209413511534
  -gammas
USE mix none
USE reaction none
USE reaction_temperature none
USE reaction_pressure none
