SOLUTION_RAW                 5 Solution after simulation 3.
  -temp                      8.88344
  -pressure                  252.979
  -potential                 0
  -total_h                   15450479.575736
  -total_o                   7729443.3607412
  -cb                        -3.0076782380206e-06
  -density                   1.0012334476955
  -totals
    C(4)                     1478.6160534865
    Ca                       1.807513227025
    Cl(-1)                   14.155917744283
    Fe(2)                    0.95324106101719
    Fe(3)                    1.4204458563451e-07
    H(0)                     4.6407927241614e-18
    K                        1420.4675372557
    Mg                       0.061021546251705
    Na                       1032.1443776814
    Ntg                      48.233709485368
    S(4)                     2.4409533806169e-23
    S(6)                     4.358552218566
    Si                       5.6076666340701
  -pH                        10.559456170573
  -pe                        -0.8912923958214
  -mu                        0.024347838600639
  -ah2o                      0.99950960904718
  -mass_water                139124.95590744
  -soln_vol                  139124.95590744
  -total_alkalinity          2435.382447574
  -activities
    C(-2)                    -30
    C(-3)                    -30
    C(-4)                    -30
    C(2)                     -30
    C(4)                     -2.4777118972306
    Ca                       -5.7682610191305
    Cl(-1)                   -4.0596608804639
    Cl(1)                    -30.063882945382
    Cl(3)                    -30.063882945382
    Cl(5)                    -30.065284505147
    Cl(7)                    -30.065284505147
    E                        0.8912923958214
    Fe(2)                    -5.901304382102
    Fe(3)                    -30.480575803496
    H(0)                     -29.997403456384
    K                        -2.0577767049565
    Mg                       -7.0390501708329
    Na                       -2.1964803417225
    Ntg                      -3.4576195925716
    O(0)                     -29.997403456384
    S(-2)                    -30.065284505147
    S(2)                     -30.258356979572
    S(3)                     -30.24782746992
    S(4)                     -30.252983114753
    S(5)                     -30.258356979572
    S(6)                     -4.7805053710831
    S(7)                     -30.258356979572
    S(8)                     -30.063882945382
    Si                       -5.0666465610734
  -gammas
USE mix none
USE reaction none
USE reaction_temperature none
USE reaction_pressure none
