SOLUTION_RAW                 5 Solution after simulation 3.
  -temp                      31.0643
  -pressure                  252.921
  -potential                 0
  -total_h                   800861.87771259
  -total_o                   400468.90621872
  -cb                        -1.528034782039e-10
  -density                   1.000170812996
  -totals
    C(-4)                    8.6340700283032e-16
    C(2)                     5.1429832174978e-14
    C(4)                     16.495862110639
    Ca                       0.062719757072829
    Cl(-1)                   0.01732379911229
    Fe(2)                    0.069507339051286
    Fe(3)                    2.4117443844804e-12
    H(0)                     7.7504049657587e-09
    K                        7.9713437627328
    Mg                       0.056439515018504
    Na                       0.50533175611728
    Ntg                      0.27991540717448
    S(-2)                    4.6348743150779e-12
    S(2)                     1.1774433323187e-19
    S(4)                     2.0619336477778e-14
    S(6)                     0.017358491620716
    Si                       0.25261013684468
  -pH                        6.3764989335125
  -pe                        -1.7299067422264
  -mu                        0.0012567164735249
  -ah2o                      0.99993934424479
  -mass_water                7211.6018266389
  -soln_vol                  7211.6018266389
  -total_alkalinity          8.8019679589368
  -activities
    C(-2)                    -30
    C(-3)                    -30
    C(-4)                    -30
    C(2)                     -30
    C(4)                     -2.9309449123722
    Ca                       -5.1293966338176
    Cl(-1)                   -5.6370872304843
    Cl(1)                    -30.017473095145
    Cl(3)                    -30.017473095145
    Cl(5)                    -30.017571517073
    Cl(7)                    -30.017571517073
    E                        1.7299067422264
    Fe(2)                    -5.0849724351063
    Fe(3)                    -30.149332336918
    H(0)                     -29.99986706149
    K                        -2.9741786035199
    Mg                       -5.1737953340425
    Na                       -4.1725535456946
    Ntg                      -4.410879264742
    O(0)                     -29.99986706149
    S(-2)                    -30.017571517073
    S(2)                     -30.07004878577
    S(3)                     -30.069274456275
    S(4)                     -30.069659470851
    S(5)                     -30.07004878577
    S(6)                     -5.6931568204806
    S(7)                     -30.07004878577
    S(8)                     -30.017473095145
    Si                       -4.4557319935961
  -gammas
USE mix none
USE reaction none
USE reaction_temperature none
USE reaction_pressure none
