SOLUTION_RAW                 5 Solution after simulation 3.
  -temp                      26.5966
  -pressure                  252.962
  -potential                 0
  -total_h                   2367061.6261025
  -total_o                   1183544.7625312
  -cb                        -3.3142879066195e-11
  -density                   1.0000241920972
  -totals
    C(2)                     7.9454151875799e-21
    C(4)                     5.7438828171936
    Ca                       0.038815373752244
    Cl(-1)                   0.0030666137600814
    Fe(2)                    0.018769898172634
    Fe(3)                    3.7777253681139e-10
    H(0)                     2.5075064335831e-14
    K                        4.3887399801789
    Mg                       0.0078610490272173
    Na                       0.081728952585171
    Ntg                      0.1275245220163
    S(4)                     1.531205751771e-21
    S(6)                     0.0030708503038533
    Si                       0.076677162950306
  -pH                        6.9490798695762
  -pe                        0.63233723681619
  -mu                        0.00021928600531596
  -ah2o                      0.99999162994312
  -mass_water                21315.111876645
  -soln_vol                  21315.111876645
  -total_alkalinity          4.5921532607114
  -activities
    C(-2)                    -30
    C(-3)                    -30
    C(-4)                    -30
    C(2)                     -30
    C(4)                     -3.6744698374017
    Ca                       -5.7692903726852
    Cl(-1)                   -6.8495105710265
    Cl(1)                    -30.007442420636
    Cl(3)                    -30.007442420636
    Cl(5)                    -30.007460271214
    Cl(7)                    -30.007460271214
    E                        -0.63233723681619
    Fe(2)                    -6.0860482599871
    Fe(3)                    -30.065488631639
    H(0)                     -29.999976833058
    K                        -3.6938264492609
    Mg                       -6.4624976960306
    Na                       -5.4238796063099
    Ntg                      -5.2230719834741
    O(0)                     -29.999976833058
    S(-2)                    -30.007460271214
    S(2)                     -30.02979673875
    S(3)                     -30.029654953105
    S(4)                     -30.029725676907
    S(5)                     -30.02979673875
    S(6)                     -6.8720498180511
    S(7)                     -30.02979673875
    S(8)                     -30.007442420636
    Si                       -5.4444951952437
  -gammas
USE mix none
USE reaction none
USE reaction_temperature none
USE reaction_pressure none
