SOLUTION_RAW                 5 Solution after simulation 3.
  -temp                      30.663
  -pressure                  252.943
  -potential                 0
  -total_h                   1477691.4020999
  -total_o                   738867.70617306
  -cb                        -4.7035643782611e-10
  -density                   1.0000582821052
  -totals
    C(-4)                    4.0450225498785e-19
    C(2)                     3.3918650144685e-15
    C(4)                     9.2262382465556
    Ca                       0.042476029981656
    Cl(-1)                   0.0086788521653646
    Fe(2)                    0.034431107311138
    Fe(3)                    2.6561706305005e-12
    H(0)                     2.6359951421905e-09
    K                        5.9774632591419
    Mg                       0.022501942479535
    Na                       0.30446329357524
    Ntg                      0.17908404586616
    S(-2)                    7.2877846351335e-16
    S(2)                     3.2026171668763e-24
    S(4)                     8.4872954319968e-16
    S(6)                     0.0068069301790617
    Si                       0.14809644630206
  -pH                        6.6939885571683
  -pe                        -1.684227143799
  -mu                        0.00049532340311848
  -ah2o                      0.99997961779177
  -mass_water                13306.405130168
  -soln_vol                  13306.405130168
  -total_alkalinity          6.4584520002114
  -activities
    C(-2)                    -30
    C(-3)                    -30
    C(-4)                    -30
    C(2)                     -30
    C(4)                     -3.3252265645067
    Ca                       -5.5401337308801
    Cl(-1)                   -6.1968483072688
    Cl(1)                    -30.011159331528
    Cl(3)                    -30.011159331528
    Cl(5)                    -30.011199326599
    Cl(7)                    -30.011199326599
    E                        1.684227143799
    Fe(2)                    -5.6321342745703
    Fe(3)                    -30.097134974004
    H(0)                     -29.999947606391
    K                        -3.3587851011065
    Mg                       -5.8154075605388
    Na                       -4.6519430897093
    Ntg                      -4.8709543122086
    O(0)                     -29.999947606391
    S(-2)                    -30.011199326599
    S(2)                     -30.044698924095
    S(3)                     -30.044382360967
    S(4)                     -30.044540080314
    S(5)                     -30.044698924095
    S(6)                     -6.3376332559086
    S(7)                     -30.044698924095
    S(8)                     -30.011159331528
    Si                       -4.9538206266736
  -gammas
USE mix none
USE reaction none
USE reaction_temperature none
USE reaction_pressure none
