SOLUTION_RAW                 5 Solution after simulation 3.
  -temp                      20.2427
  -pressure                  252.963
  -potential                 0
  -total_h                   3562643.1724444
  -total_o                   1781329.0081281
  -cb                        -9.2669578607985e-13
  -density                   1.0000097091988
  -totals
    C(4)                     2.8381377005571
    Ca                       0.018172515001139
    Cl(-1)                   0.0014751775558988
    Fe(2)                    0.0089337491158902
    Fe(3)                    1.6461486489359e-09
    H(0)                     6.2254718202662e-17
    K                        3.2119454740733
    Mg                       0.0019018196902417
    Na                       0.037154113997737
    Ntg                      0.097307877904028
    S(4)                     4.5887386108047e-25
    S(6)                     0.0014762700409213
    Si                       0.044190688401774
  -pH                        9.1468619549981
  -pe                        -0.23982964625655
  -mu                        0.00010878222964016
  -ah2o                      0.99999652100612
  -mass_water                32081.218591367
  -soln_vol                  32081.218591367
  -total_alkalinity          3.3026880396949
  -activities
    C(-2)                    -30
    C(-3)                    -30
    C(-4)                    -30
    C(2)                     -30
    C(4)                     -4.0839219488997
    Ca                       -6.2715890176839
    Cl(-1)                   -7.3426489194207
    Cl(1)                    -30.005223141889
    Cl(3)                    -30.005223141889
    Cl(5)                    -30.005231981333
    Cl(7)                    -30.005231981333
    E                        0.23982964625655
    Fe(2)                    -6.6895518291381
    Fe(3)                    -30.046262338556
    H(0)                     -29.999988500251
    K                        -4.004723694057
    Mg                       -7.2496190549042
    Na                       -5.941526784725
    Ntg                      -5.5180919766524
    O(0)                     -29.999988500251
    S(-2)                    -30.005231981333
    S(2)                     -30.020905724117
    S(3)                     -30.020835365487
    S(4)                     -30.020870485516
    S(5)                     -30.020905724117
    S(6)                     -7.358354690789
    S(7)                     -30.020905724117
    S(8)                     -30.005223141889
    Si                       -5.9169334247581
  -gammas
USE mix none
USE reaction none
USE reaction_temperature none
USE reaction_pressure none
