SOLUTION_RAW                 5 Solution after simulation 3.
  -temp                      56.6372
  -pressure                  252.835
  -potential                 0
  -total_h                   2469575.082637
  -total_o                   1259268.285338
  -cb                        2.3961157680219e-07
  -density                   1.0261535310373
  -totals
    C(-4)                    1.1958547974259e-11
    C(2)                     1.0214583611523e-09
    C(4)                     11594.139000257
    Ca                       23.713734716612
    Cl(-1)                   42.148723481429
    Fe(2)                    52.793596648438
    Fe(3)                    7.9471383465237e-09
    H(0)                     2.5731472872826e-07
    K                        188.23997031202
    Mg                       637.7296416664
    Na                       42.552941681959
    Ntg                      37.754507187174
    S(-2)                    7.6236922598058e-07
    S(2)                     7.3970205678231e-12
    S(4)                     8.7816481765722e-10
    S(6)                     42.552940925361
    Si                       178.12406865217
  -pH                        5.3343363525406
  -pe                        -0.95784147830166
  -mu                        0.1031729413123
  -ah2o                      0.99020321443229
  -mass_water                22224.486149481
  -soln_vol                  22224.486149481
  -total_alkalinity          1532.0122524913
  -activities
    C(-2)                    -30
    C(-3)                    -30
    C(-4)                    -30
    C(2)                     -30
    C(4)                     -1.2797326629517
    Ca                       -3.39832332553
    Cl(-1)                   -2.8544578831392
    Cl(1)                    -30.117575200268
    Cl(3)                    -30.117575200268
    Cl(5)                    -30.122335987821
    Cl(7)                    -30.122335987821
    E                        0.95784147830166
    Fe(2)                    -3.0446818313954
    Fe(3)                    -30.794270617951
    H(0)                     -29.989055505328
    K                        -2.200390982715
    Mg                       -1.9343009100818
    Na                       -2.8495157577576
    Ntg                      -2.7595456285837
    O(0)                     -29.989055505328
    S(-2)                    -30.122335987821
    S(2)                     -30.483774457566
    S(3)                     -30.449677649002
    S(4)                     -30.466109250578
    S(5)                     -30.483774457566
    S(6)                     -3.7366708149515
    S(7)                     -30.483774457566
    S(8)                     -30.117575200268
    Si                       -2.0961475410838
  -gammas
USE mix none
USE reaction none
USE reaction_temperature none
USE reaction_pressure none
